<?xml version="1.0" encoding="UTF-8"?>
<testsuite xmlns:xsi="http://www.w3.org/2001/XMLSchema-instance" xsi:noNamespaceSchemaLocation="https://maven.apache.org/surefire/maven-surefire-plugin/xsd/surefire-test-report-3.0.xsd" version="3.0" name="com.wellcare.wellcare.MessageControllerTest" time="1.777" tests="9" errors="0" skipped="0" failures="0">
  <properties>
    <property name="java.specification.version" value="21"/>
    <property name="sun.cpu.isalist" value="amd64"/>
    <property name="sun.jnu.encoding" value="Cp1252"/>
    <property name="java.class.path" value="C:\Users\ASUS\OneDrive\Desktop\SOA\project-wellcare\target\test-classes;C:\Users\ASUS\OneDrive\Desktop\SOA\project-wellcare\target\classes;C:\Users\ASUS\.m2\repository\org\springframework\boot\spring-boot-starter-actuator\3.2.3\spring-boot-starter-actuator-3.2.3.jar;C:\Users\ASUS\.m2\repository\org\springframework\boot\spring-boot-starter\3.2.3\spring-boot-starter-3.2.3.jar;C:\Users\ASUS\.m2\repository\org\springframework\boot\spring-boot\3.2.3\spring-boot-3.2.3.jar;C:\Users\ASUS\.m2\repository\org\springframework\boot\spring-boot-autoconfigure\3.2.3\spring-boot-autoconfigure-3.2.3.jar;C:\Users\ASUS\.m2\repository\org\springframework\boot\spring-boot-starter-logging\3.2.3\spring-boot-starter-logging-3.2.3.jar;C:\Users\ASUS\.m2\repository\ch\qos\logback\logback-classic\1.4.14\logback-classic-1.4.14.jar;C:\Users\ASUS\.m2\repository\ch\qos\logback\logback-core\1.4.14\logback-core-1.4.14.jar;C:\Users\ASUS\.m2\repository\org\apache\logging\log4j\log4j-to-slf4j\2.21.1\log4j-to-slf4j-2.21.1.jar;C:\Users\ASUS\.m2\repository\org\apache\logging\log4j\log4j-api\2.21.1\log4j-api-2.21.1.jar;C:\Users\ASUS\.m2\repository\org\slf4j\jul-to-slf4j\2.0.12\jul-to-slf4j-2.0.12.jar;C:\Users\ASUS\.m2\repository\jakarta\annotation\jakarta.annotation-api\2.1.1\jakarta.annotation-api-2.1.1.jar;C:\Users\ASUS\.m2\repository\org\yaml\snakeyaml\2.2\snakeyaml-2.2.jar;C:\Users\ASUS\.m2\repository\org\springframework\boot\spring-boot-actuator-autoconfigure\3.2.3\spring-boot-actuator-autoconfigure-3.2.3.jar;C:\Users\ASUS\.m2\repository\org\springframework\boot\spring-boot-actuator\3.2.3\spring-boot-actuator-3.2.3.jar;C:\Users\ASUS\.m2\repository\io\micrometer\micrometer-observation\1.12.3\micrometer-observation-1.12.3.jar;C:\Users\ASUS\.m2\repository\io\micrometer\micrometer-commons\1.12.3\micrometer-commons-1.12.3.jar;C:\Users\ASUS\.m2\repository\io\micrometer\micrometer-jakarta9\1.12.3\micrometer-jakarta9-1.12.3.jar;C:\Users\ASUS\.m2\repository\io\micrometer\micrometer-core\1.12.3\micrometer-core-1.12.3.jar;C:\Users\ASUS\.m2\repository\org\hdrhistogram\HdrHistogram\2.1.12\HdrHistogram-2.1.12.jar;C:\Users\ASUS\.m2\repository\org\latencyutils\LatencyUtils\2.0.3\LatencyUtils-2.0.3.jar;C:\Users\ASUS\.m2\repository\io\jsonwebtoken\jjwt-api\0.11.2\jjwt-api-0.11.2.jar;C:\Users\ASUS\.m2\repository\org\springframework\boot\spring-boot-starter-validation\3.2.3\spring-boot-starter-validation-3.2.3.jar;C:\Users\ASUS\.m2\repository\org\apache\tomcat\embed\tomcat-embed-el\10.1.19\tomcat-embed-el-10.1.19.jar;C:\Users\ASUS\.m2\repository\org\hibernate\validator\hibernate-validator\8.0.1.Final\hibernate-validator-8.0.1.Final.jar;C:\Users\ASUS\.m2\repository\jakarta\validation\jakarta.validation-api\3.0.2\jakarta.validation-api-3.0.2.jar;C:\Users\ASUS\.m2\repository\org\jboss\logging\jboss-logging\3.5.3.Final\jboss-logging-3.5.3.Final.jar;C:\Users\ASUS\.m2\repository\com\fasterxml\classmate\1.6.0\classmate-1.6.0.jar;C:\Users\ASUS\.m2\repository\org\springframework\security\spring-security-test\6.2.2\spring-security-test-6.2.2.jar;C:\Users\ASUS\.m2\repository\org\springframework\security\spring-security-core\6.2.2\spring-security-core-6.2.2.jar;C:\Users\ASUS\.m2\repository\org\springframework\security\spring-security-crypto\6.2.2\spring-security-crypto-6.2.2.jar;C:\Users\ASUS\.m2\repository\org\springframework\spring-expression\6.1.4\spring-expression-6.1.4.jar;C:\Users\ASUS\.m2\repository\org\springframework\security\spring-security-web\6.2.2\spring-security-web-6.2.2.jar;C:\Users\ASUS\.m2\repository\org\springframework\spring-core\6.1.4\spring-core-6.1.4.jar;C:\Users\ASUS\.m2\repository\org\springframework\spring-jcl\6.1.4\spring-jcl-6.1.4.jar;C:\Users\ASUS\.m2\repository\org\springframework\spring-test\6.1.4\spring-test-6.1.4.jar;C:\Users\ASUS\.m2\repository\com\fasterxml\jackson\datatype\jackson-datatype-jsr310\2.15.4\jackson-datatype-jsr310-2.15.4.jar;C:\Users\ASUS\.m2\repository\com\fasterxml\jackson\core\jackson-annotations\2.15.4\jackson-annotations-2.15.4.jar;C:\Users\ASUS\.m2\repository\com\fasterxml\jackson\core\jackson-core\2.15.4\jackson-core-2.15.4.jar;C:\Users\ASUS\.m2\repository\com\fasterxml\jackson\core\jackson-databind\2.15.4\jackson-databind-2.15.4.jar;C:\Users\ASUS\.m2\repository\io\jsonwebtoken\jjwt-impl\0.11.2\jjwt-impl-0.11.2.jar;C:\Users\ASUS\.m2\repository\io\jsonwebtoken\jjwt-jackson\0.11.2\jjwt-jackson-0.11.2.jar;C:\Users\ASUS\.m2\repository\javax\validation\validation-api\2.0.1.Final\validation-api-2.0.1.Final.jar;C:\Users\ASUS\.m2\repository\org\springframework\boot\spring-boot-starter-security\3.2.3\spring-boot-starter-security-3.2.3.jar;C:\Users\ASUS\.m2\repository\org\springframework\spring-aop\6.1.4\spring-aop-6.1.4.jar;C:\Users\ASUS\.m2\repository\org\springframework\boot\spring-boot-starter-data-jpa\3.2.3\spring-boot-starter-data-jpa-3.2.3.jar;C:\Users\ASUS\.m2\repository\org\springframework\boot\spring-boot-starter-aop\3.2.3\spring-boot-starter-aop-3.2.3.jar;C:\Users\ASUS\.m2\repository\org\aspectj\aspectjweaver\1.9.21\aspectjweaver-1.9.21.jar;C:\Users\ASUS\.m2\repository\org\springframework\boot\spring-boot-starter-jdbc\3.2.3\spring-boot-starter-jdbc-3.2.3.jar;C:\Users\ASUS\.m2\repository\com\zaxxer\HikariCP\5.0.1\HikariCP-5.0.1.jar;C:\Users\ASUS\.m2\repository\org\springframework\spring-jdbc\6.1.4\spring-jdbc-6.1.4.jar;C:\Users\ASUS\.m2\repository\org\hibernate\orm\hibernate-core\6.4.4.Final\hibernate-core-6.4.4.Final.jar;C:\Users\ASUS\.m2\repository\jakarta\persistence\jakarta.persistence-api\3.1.0\jakarta.persistence-api-3.1.0.jar;C:\Users\ASUS\.m2\repository\jakarta\transaction\jakarta.transaction-api\2.0.1\jakarta.transaction-api-2.0.1.jar;C:\Users\ASUS\.m2\repository\org\hibernate\common\hibernate-commons-annotations\6.0.6.Final\hibernate-commons-annotations-6.0.6.Final.jar;C:\Users\ASUS\.m2\repository\io\smallrye\jandex\3.1.2\jandex-3.1.2.jar;C:\Users\ASUS\.m2\repository\net\bytebuddy\byte-buddy\1.14.12\byte-buddy-1.14.12.jar;C:\Users\ASUS\.m2\repository\org\glassfish\jaxb\jaxb-runtime\4.0.4\jaxb-runtime-4.0.4.jar;C:\Users\ASUS\.m2\repository\org\glassfish\jaxb\jaxb-core\4.0.4\jaxb-core-4.0.4.jar;C:\Users\ASUS\.m2\repository\org\eclipse\angus\angus-activation\2.0.1\angus-activation-2.0.1.jar;C:\Users\ASUS\.m2\repository\org\glassfish\jaxb\txw2\4.0.4\txw2-4.0.4.jar;C:\Users\ASUS\.m2\repository\com\sun\istack\istack-commons-runtime\4.1.2\istack-commons-runtime-4.1.2.jar;C:\Users\ASUS\.m2\repository\jakarta\inject\jakarta.inject-api\2.0.1\jakarta.inject-api-2.0.1.jar;C:\Users\ASUS\.m2\repository\org\antlr\antlr4-runtime\4.13.0\antlr4-runtime-4.13.0.jar;C:\Users\ASUS\.m2\repository\org\springframework\data\spring-data-jpa\3.2.3\spring-data-jpa-3.2.3.jar;C:\Users\ASUS\.m2\repository\org\springframework\data\spring-data-commons\3.2.3\spring-data-commons-3.2.3.jar;C:\Users\ASUS\.m2\repository\org\springframework\spring-orm\6.1.4\spring-orm-6.1.4.jar;C:\Users\ASUS\.m2\repository\org\springframework\spring-tx\6.1.4\spring-tx-6.1.4.jar;C:\Users\ASUS\.m2\repository\org\slf4j\slf4j-api\2.0.12\slf4j-api-2.0.12.jar;C:\Users\ASUS\.m2\repository\org\springframework\spring-aspects\6.1.4\spring-aspects-6.1.4.jar;C:\Users\ASUS\.m2\repository\org\springframework\boot\spring-boot-starter-web\3.2.3\spring-boot-starter-web-3.2.3.jar;C:\Users\ASUS\.m2\repository\org\springframework\boot\spring-boot-starter-json\3.2.3\spring-boot-starter-json-3.2.3.jar;C:\Users\ASUS\.m2\repository\com\fasterxml\jackson\datatype\jackson-datatype-jdk8\2.15.4\jackson-datatype-jdk8-2.15.4.jar;C:\Users\ASUS\.m2\repository\com\fasterxml\jackson\module\jackson-module-parameter-names\2.15.4\jackson-module-parameter-names-2.15.4.jar;C:\Users\ASUS\.m2\repository\org\springframework\boot\spring-boot-starter-tomcat\3.2.3\spring-boot-starter-tomcat-3.2.3.jar;C:\Users\ASUS\.m2\repository\org\apache\tomcat\embed\tomcat-embed-core\10.1.19\tomcat-embed-core-10.1.19.jar;C:\Users\ASUS\.m2\repository\org\apache\tomcat\embed\tomcat-embed-websocket\10.1.19\tomcat-embed-websocket-10.1.19.jar;C:\Users\ASUS\.m2\repository\org\springframework\spring-web\6.1.4\spring-web-6.1.4.jar;C:\Users\ASUS\.m2\repository\org\springframework\spring-webmvc\6.1.4\spring-webmvc-6.1.4.jar;C:\Users\ASUS\.m2\repository\com\h2database\h2\2.2.224\h2-2.2.224.jar;C:\Users\ASUS\.m2\repository\org\springframework\boot\spring-boot-starter-hateoas\3.2.3\spring-boot-starter-hateoas-3.2.3.jar;C:\Users\ASUS\.m2\repository\org\springframework\hateoas\spring-hateoas\2.2.0\spring-hateoas-2.2.0.jar;C:\Users\ASUS\.m2\repository\org\springframework\plugin\spring-plugin-core\3.0.0\spring-plugin-core-3.0.0.jar;C:\Users\ASUS\.m2\repository\org\springframework\boot\spring-boot-starter-test\3.2.3\spring-boot-starter-test-3.2.3.jar;C:\Users\ASUS\.m2\repository\org\springframework\boot\spring-boot-test\3.2.3\spring-boot-test-3.2.3.jar;C:\Users\ASUS\.m2\repository\org\springframework\boot\spring-boot-test-autoconfigure\3.2.3\spring-boot-test-autoconfigure-3.2.3.jar;C:\Users\ASUS\.m2\repository\com\jayway\jsonpath\json-path\2.9.0\json-path-2.9.0.jar;C:\Users\ASUS\.m2\repository\jakarta\xml\bind\jakarta.xml.bind-api\4.0.1\jakarta.xml.bind-api-4.0.1.jar;C:\Users\ASUS\.m2\repository\jakarta\activation\jakarta.activation-api\2.1.2\jakarta.activation-api-2.1.2.jar;C:\Users\ASUS\.m2\repository\net\minidev\json-smart\2.5.0\json-smart-2.5.0.jar;C:\Users\ASUS\.m2\repository\net\minidev\accessors-smart\2.5.0\accessors-smart-2.5.0.jar;C:\Users\ASUS\.m2\repository\org\ow2\asm\asm\9.3\asm-9.3.jar;C:\Users\ASUS\.m2\repository\org\assertj\assertj-core\3.24.2\assertj-core-3.24.2.jar;C:\Users\ASUS\.m2\repository\org\awaitility\awaitility\4.2.0\awaitility-4.2.0.jar;C:\Users\ASUS\.m2\repository\org\hamcrest\hamcrest\2.2\hamcrest-2.2.jar;C:\Users\ASUS\.m2\repository\org\junit\jupiter\junit-jupiter\5.10.2\junit-jupiter-5.10.2.jar;C:\Users\ASUS\.m2\repository\org\junit\jupiter\junit-jupiter-api\5.10.2\junit-jupiter-api-5.10.2.jar;C:\Users\ASUS\.m2\repository\org\opentest4j\opentest4j\1.3.0\opentest4j-1.3.0.jar;C:\Users\ASUS\.m2\repository\org\junit\platform\junit-platform-commons\1.10.2\junit-platform-commons-1.10.2.jar;C:\Users\ASUS\.m2\repository\org\apiguardian\apiguardian-api\1.1.2\apiguardian-api-1.1.2.jar;C:\Users\ASUS\.m2\repository\org\junit\jupiter\junit-jupiter-params\5.10.2\junit-jupiter-params-5.10.2.jar;C:\Users\ASUS\.m2\repository\org\junit\jupiter\junit-jupiter-engine\5.10.2\junit-jupiter-engine-5.10.2.jar;C:\Users\ASUS\.m2\repository\org\junit\platform\junit-platform-engine\1.10.2\junit-platform-engine-1.10.2.jar;C:\Users\ASUS\.m2\repository\org\mockito\mockito-core\5.7.0\mockito-core-5.7.0.jar;C:\Users\ASUS\.m2\repository\net\bytebuddy\byte-buddy-agent\1.14.12\byte-buddy-agent-1.14.12.jar;C:\Users\ASUS\.m2\repository\org\objenesis\objenesis\3.3\objenesis-3.3.jar;C:\Users\ASUS\.m2\repository\org\mockito\mockito-junit-jupiter\5.7.0\mockito-junit-jupiter-5.7.0.jar;C:\Users\ASUS\.m2\repository\org\skyscreamer\jsonassert\1.5.1\jsonassert-1.5.1.jar;C:\Users\ASUS\.m2\repository\com\vaadin\external\google\android-json\0.0.20131108.vaadin1\android-json-0.0.20131108.vaadin1.jar;C:\Users\ASUS\.m2\repository\org\xmlunit\xmlunit-core\2.9.1\xmlunit-core-2.9.1.jar;C:\Users\ASUS\.m2\repository\org\springframework\security\spring-security-config\6.2.2\spring-security-config-6.2.2.jar;C:\Users\ASUS\.m2\repository\org\springframework\spring-beans\6.1.4\spring-beans-6.1.4.jar;C:\Users\ASUS\.m2\repository\org\springframework\spring-context\6.1.4\spring-context-6.1.4.jar;C:\Users\ASUS\.m2\repository\org\projectlombok\lombok\1.18.30\lombok-1.18.30.jar;C:\Users\ASUS\.m2\repository\com\mysql\mysql-connector-j\8.3.0\mysql-connector-j-8.3.0.jar;C:\Users\ASUS\.m2\repository\commons-io\commons-io\2.16.1\commons-io-2.16.1.jar;"/>
    <property name="java.vm.vendor" value="Oracle Corporation"/>
    <property name="sun.arch.data.model" value="64"/>
    <property name="user.variant" value=""/>
    <property name="java.vendor.url" value="https://java.oracle.com/"/>
    <property name="user.timezone" value="Asia/Hebron"/>
    <property name="org.jboss.logging.provider" value="slf4j"/>
    <property name="os.name" value="Windows 11"/>
    <property name="java.vm.specification.version" value="21"/>
    <property name="sun.java.launcher" value="SUN_STANDARD"/>
    <property name="user.country" value="US"/>
    <property name="sun.boot.library.path" value="C:\Program Files\jdk-21\bin"/>
    <property name="sun.java.command" value="C:\Users\ASUS\AppData\Local\Temp\surefire2365373271555695673\surefirebooter-20240512120553428_3.jar C:\Users\ASUS\AppData\Local\Temp\surefire2365373271555695673 2024-05-12T12-05-53_288-jvmRun1 surefire-20240512120553428_1tmp surefire_0-20240512120553428_2tmp"/>
    <property name="jdk.debug" value="release"/>
    <property name="surefire.test.class.path" value="C:\Users\ASUS\OneDrive\Desktop\SOA\project-wellcare\target\test-classes;C:\Users\ASUS\OneDrive\Desktop\SOA\project-wellcare\target\classes;C:\Users\ASUS\.m2\repository\org\springframework\boot\spring-boot-starter-actuator\3.2.3\spring-boot-starter-actuator-3.2.3.jar;C:\Users\ASUS\.m2\repository\org\springframework\boot\spring-boot-starter\3.2.3\spring-boot-starter-3.2.3.jar;C:\Users\ASUS\.m2\repository\org\springframework\boot\spring-boot\3.2.3\spring-boot-3.2.3.jar;C:\Users\ASUS\.m2\repository\org\springframework\boot\spring-boot-autoconfigure\3.2.3\spring-boot-autoconfigure-3.2.3.jar;C:\Users\ASUS\.m2\repository\org\springframework\boot\spring-boot-starter-logging\3.2.3\spring-boot-starter-logging-3.2.3.jar;C:\Users\ASUS\.m2\repository\ch\qos\logback\logback-classic\1.4.14\logback-classic-1.4.14.jar;C:\Users\ASUS\.m2\repository\ch\qos\logback\logback-core\1.4.14\logback-core-1.4.14.jar;C:\Users\ASUS\.m2\repository\org\apache\logging\log4j\log4j-to-slf4j\2.21.1\log4j-to-slf4j-2.21.1.jar;C:\Users\ASUS\.m2\repository\org\apache\logging\log4j\log4j-api\2.21.1\log4j-api-2.21.1.jar;C:\Users\ASUS\.m2\repository\org\slf4j\jul-to-slf4j\2.0.12\jul-to-slf4j-2.0.12.jar;C:\Users\ASUS\.m2\repository\jakarta\annotation\jakarta.annotation-api\2.1.1\jakarta.annotation-api-2.1.1.jar;C:\Users\ASUS\.m2\repository\org\yaml\snakeyaml\2.2\snakeyaml-2.2.jar;C:\Users\ASUS\.m2\repository\org\springframework\boot\spring-boot-actuator-autoconfigure\3.2.3\spring-boot-actuator-autoconfigure-3.2.3.jar;C:\Users\ASUS\.m2\repository\org\springframework\boot\spring-boot-actuator\3.2.3\spring-boot-actuator-3.2.3.jar;C:\Users\ASUS\.m2\repository\io\micrometer\micrometer-observation\1.12.3\micrometer-observation-1.12.3.jar;C:\Users\ASUS\.m2\repository\io\micrometer\micrometer-commons\1.12.3\micrometer-commons-1.12.3.jar;C:\Users\ASUS\.m2\repository\io\micrometer\micrometer-jakarta9\1.12.3\micrometer-jakarta9-1.12.3.jar;C:\Users\ASUS\.m2\repository\io\micrometer\micrometer-core\1.12.3\micrometer-core-1.12.3.jar;C:\Users\ASUS\.m2\repository\org\hdrhistogram\HdrHistogram\2.1.12\HdrHistogram-2.1.12.jar;C:\Users\ASUS\.m2\repository\org\latencyutils\LatencyUtils\2.0.3\LatencyUtils-2.0.3.jar;C:\Users\ASUS\.m2\repository\io\jsonwebtoken\jjwt-api\0.11.2\jjwt-api-0.11.2.jar;C:\Users\ASUS\.m2\repository\org\springframework\boot\spring-boot-starter-validation\3.2.3\spring-boot-starter-validation-3.2.3.jar;C:\Users\ASUS\.m2\repository\org\apache\tomcat\embed\tomcat-embed-el\10.1.19\tomcat-embed-el-10.1.19.jar;C:\Users\ASUS\.m2\repository\org\hibernate\validator\hibernate-validator\8.0.1.Final\hibernate-validator-8.0.1.Final.jar;C:\Users\ASUS\.m2\repository\jakarta\validation\jakarta.validation-api\3.0.2\jakarta.validation-api-3.0.2.jar;C:\Users\ASUS\.m2\repository\org\jboss\logging\jboss-logging\3.5.3.Final\jboss-logging-3.5.3.Final.jar;C:\Users\ASUS\.m2\repository\com\fasterxml\classmate\1.6.0\classmate-1.6.0.jar;C:\Users\ASUS\.m2\repository\org\springframework\security\spring-security-test\6.2.2\spring-security-test-6.2.2.jar;C:\Users\ASUS\.m2\repository\org\springframework\security\spring-security-core\6.2.2\spring-security-core-6.2.2.jar;C:\Users\ASUS\.m2\repository\org\springframework\security\spring-security-crypto\6.2.2\spring-security-crypto-6.2.2.jar;C:\Users\ASUS\.m2\repository\org\springframework\spring-expression\6.1.4\spring-expression-6.1.4.jar;C:\Users\ASUS\.m2\repository\org\springframework\security\spring-security-web\6.2.2\spring-security-web-6.2.2.jar;C:\Users\ASUS\.m2\repository\org\springframework\spring-core\6.1.4\spring-core-6.1.4.jar;C:\Users\ASUS\.m2\repository\org\springframework\spring-jcl\6.1.4\spring-jcl-6.1.4.jar;C:\Users\ASUS\.m2\repository\org\springframework\spring-test\6.1.4\spring-test-6.1.4.jar;C:\Users\ASUS\.m2\repository\com\fasterxml\jackson\datatype\jackson-datatype-jsr310\2.15.4\jackson-datatype-jsr310-2.15.4.jar;C:\Users\ASUS\.m2\repository\com\fasterxml\jackson\core\jackson-annotations\2.15.4\jackson-annotations-2.15.4.jar;C:\Users\ASUS\.m2\repository\com\fasterxml\jackson\core\jackson-core\2.15.4\jackson-core-2.15.4.jar;C:\Users\ASUS\.m2\repository\com\fasterxml\jackson\core\jackson-databind\2.15.4\jackson-databind-2.15.4.jar;C:\Users\ASUS\.m2\repository\io\jsonwebtoken\jjwt-impl\0.11.2\jjwt-impl-0.11.2.jar;C:\Users\ASUS\.m2\repository\io\jsonwebtoken\jjwt-jackson\0.11.2\jjwt-jackson-0.11.2.jar;C:\Users\ASUS\.m2\repository\javax\validation\validation-api\2.0.1.Final\validation-api-2.0.1.Final.jar;C:\Users\ASUS\.m2\repository\org\springframework\boot\spring-boot-starter-security\3.2.3\spring-boot-starter-security-3.2.3.jar;C:\Users\ASUS\.m2\repository\org\springframework\spring-aop\6.1.4\spring-aop-6.1.4.jar;C:\Users\ASUS\.m2\repository\org\springframework\boot\spring-boot-starter-data-jpa\3.2.3\spring-boot-starter-data-jpa-3.2.3.jar;C:\Users\ASUS\.m2\repository\org\springframework\boot\spring-boot-starter-aop\3.2.3\spring-boot-starter-aop-3.2.3.jar;C:\Users\ASUS\.m2\repository\org\aspectj\aspectjweaver\1.9.21\aspectjweaver-1.9.21.jar;C:\Users\ASUS\.m2\repository\org\springframework\boot\spring-boot-starter-jdbc\3.2.3\spring-boot-starter-jdbc-3.2.3.jar;C:\Users\ASUS\.m2\repository\com\zaxxer\HikariCP\5.0.1\HikariCP-5.0.1.jar;C:\Users\ASUS\.m2\repository\org\springframework\spring-jdbc\6.1.4\spring-jdbc-6.1.4.jar;C:\Users\ASUS\.m2\repository\org\hibernate\orm\hibernate-core\6.4.4.Final\hibernate-core-6.4.4.Final.jar;C:\Users\ASUS\.m2\repository\jakarta\persistence\jakarta.persistence-api\3.1.0\jakarta.persistence-api-3.1.0.jar;C:\Users\ASUS\.m2\repository\jakarta\transaction\jakarta.transaction-api\2.0.1\jakarta.transaction-api-2.0.1.jar;C:\Users\ASUS\.m2\repository\org\hibernate\common\hibernate-commons-annotations\6.0.6.Final\hibernate-commons-annotations-6.0.6.Final.jar;C:\Users\ASUS\.m2\repository\io\smallrye\jandex\3.1.2\jandex-3.1.2.jar;C:\Users\ASUS\.m2\repository\net\bytebuddy\byte-buddy\1.14.12\byte-buddy-1.14.12.jar;C:\Users\ASUS\.m2\repository\org\glassfish\jaxb\jaxb-runtime\4.0.4\jaxb-runtime-4.0.4.jar;C:\Users\ASUS\.m2\repository\org\glassfish\jaxb\jaxb-core\4.0.4\jaxb-core-4.0.4.jar;C:\Users\ASUS\.m2\repository\org\eclipse\angus\angus-activation\2.0.1\angus-activation-2.0.1.jar;C:\Users\ASUS\.m2\repository\org\glassfish\jaxb\txw2\4.0.4\txw2-4.0.4.jar;C:\Users\ASUS\.m2\repository\com\sun\istack\istack-commons-runtime\4.1.2\istack-commons-runtime-4.1.2.jar;C:\Users\ASUS\.m2\repository\jakarta\inject\jakarta.inject-api\2.0.1\jakarta.inject-api-2.0.1.jar;C:\Users\ASUS\.m2\repository\org\antlr\antlr4-runtime\4.13.0\antlr4-runtime-4.13.0.jar;C:\Users\ASUS\.m2\repository\org\springframework\data\spring-data-jpa\3.2.3\spring-data-jpa-3.2.3.jar;C:\Users\ASUS\.m2\repository\org\springframework\data\spring-data-commons\3.2.3\spring-data-commons-3.2.3.jar;C:\Users\ASUS\.m2\repository\org\springframework\spring-orm\6.1.4\spring-orm-6.1.4.jar;C:\Users\ASUS\.m2\repository\org\springframework\spring-tx\6.1.4\spring-tx-6.1.4.jar;C:\Users\ASUS\.m2\repository\org\slf4j\slf4j-api\2.0.12\slf4j-api-2.0.12.jar;C:\Users\ASUS\.m2\repository\org\springframework\spring-aspects\6.1.4\spring-aspects-6.1.4.jar;C:\Users\ASUS\.m2\repository\org\springframework\boot\spring-boot-starter-web\3.2.3\spring-boot-starter-web-3.2.3.jar;C:\Users\ASUS\.m2\repository\org\springframework\boot\spring-boot-starter-json\3.2.3\spring-boot-starter-json-3.2.3.jar;C:\Users\ASUS\.m2\repository\com\fasterxml\jackson\datatype\jackson-datatype-jdk8\2.15.4\jackson-datatype-jdk8-2.15.4.jar;C:\Users\ASUS\.m2\repository\com\fasterxml\jackson\module\jackson-module-parameter-names\2.15.4\jackson-module-parameter-names-2.15.4.jar;C:\Users\ASUS\.m2\repository\org\springframework\boot\spring-boot-starter-tomcat\3.2.3\spring-boot-starter-tomcat-3.2.3.jar;C:\Users\ASUS\.m2\repository\org\apache\tomcat\embed\tomcat-embed-core\10.1.19\tomcat-embed-core-10.1.19.jar;C:\Users\ASUS\.m2\repository\org\apache\tomcat\embed\tomcat-embed-websocket\10.1.19\tomcat-embed-websocket-10.1.19.jar;C:\Users\ASUS\.m2\repository\org\springframework\spring-web\6.1.4\spring-web-6.1.4.jar;C:\Users\ASUS\.m2\repository\org\springframework\spring-webmvc\6.1.4\spring-webmvc-6.1.4.jar;C:\Users\ASUS\.m2\repository\com\h2database\h2\2.2.224\h2-2.2.224.jar;C:\Users\ASUS\.m2\repository\org\springframework\boot\spring-boot-starter-hateoas\3.2.3\spring-boot-starter-hateoas-3.2.3.jar;C:\Users\ASUS\.m2\repository\org\springframework\hateoas\spring-hateoas\2.2.0\spring-hateoas-2.2.0.jar;C:\Users\ASUS\.m2\repository\org\springframework\plugin\spring-plugin-core\3.0.0\spring-plugin-core-3.0.0.jar;C:\Users\ASUS\.m2\repository\org\springframework\boot\spring-boot-starter-test\3.2.3\spring-boot-starter-test-3.2.3.jar;C:\Users\ASUS\.m2\repository\org\springframework\boot\spring-boot-test\3.2.3\spring-boot-test-3.2.3.jar;C:\Users\ASUS\.m2\repository\org\springframework\boot\spring-boot-test-autoconfigure\3.2.3\spring-boot-test-autoconfigure-3.2.3.jar;C:\Users\ASUS\.m2\repository\com\jayway\jsonpath\json-path\2.9.0\json-path-2.9.0.jar;C:\Users\ASUS\.m2\repository\jakarta\xml\bind\jakarta.xml.bind-api\4.0.1\jakarta.xml.bind-api-4.0.1.jar;C:\Users\ASUS\.m2\repository\jakarta\activation\jakarta.activation-api\2.1.2\jakarta.activation-api-2.1.2.jar;C:\Users\ASUS\.m2\repository\net\minidev\json-smart\2.5.0\json-smart-2.5.0.jar;C:\Users\ASUS\.m2\repository\net\minidev\accessors-smart\2.5.0\accessors-smart-2.5.0.jar;C:\Users\ASUS\.m2\repository\org\ow2\asm\asm\9.3\asm-9.3.jar;C:\Users\ASUS\.m2\repository\org\assertj\assertj-core\3.24.2\assertj-core-3.24.2.jar;C:\Users\ASUS\.m2\repository\org\awaitility\awaitility\4.2.0\awaitility-4.2.0.jar;C:\Users\ASUS\.m2\repository\org\hamcrest\hamcrest\2.2\hamcrest-2.2.jar;C:\Users\ASUS\.m2\repository\org\junit\jupiter\junit-jupiter\5.10.2\junit-jupiter-5.10.2.jar;C:\Users\ASUS\.m2\repository\org\junit\jupiter\junit-jupiter-api\5.10.2\junit-jupiter-api-5.10.2.jar;C:\Users\ASUS\.m2\repository\org\opentest4j\opentest4j\1.3.0\opentest4j-1.3.0.jar;C:\Users\ASUS\.m2\repository\org\junit\platform\junit-platform-commons\1.10.2\junit-platform-commons-1.10.2.jar;C:\Users\ASUS\.m2\repository\org\apiguardian\apiguardian-api\1.1.2\apiguardian-api-1.1.2.jar;C:\Users\ASUS\.m2\repository\org\junit\jupiter\junit-jupiter-params\5.10.2\junit-jupiter-params-5.10.2.jar;C:\Users\ASUS\.m2\repository\org\junit\jupiter\junit-jupiter-engine\5.10.2\junit-jupiter-engine-5.10.2.jar;C:\Users\ASUS\.m2\repository\org\junit\platform\junit-platform-engine\1.10.2\junit-platform-engine-1.10.2.jar;C:\Users\ASUS\.m2\repository\org\mockito\mockito-core\5.7.0\mockito-core-5.7.0.jar;C:\Users\ASUS\.m2\repository\net\bytebuddy\byte-buddy-agent\1.14.12\byte-buddy-agent-1.14.12.jar;C:\Users\ASUS\.m2\repository\org\objenesis\objenesis\3.3\objenesis-3.3.jar;C:\Users\ASUS\.m2\repository\org\mockito\mockito-junit-jupiter\5.7.0\mockito-junit-jupiter-5.7.0.jar;C:\Users\ASUS\.m2\repository\org\skyscreamer\jsonassert\1.5.1\jsonassert-1.5.1.jar;C:\Users\ASUS\.m2\repository\com\vaadin\external\google\android-json\0.0.20131108.vaadin1\android-json-0.0.20131108.vaadin1.jar;C:\Users\ASUS\.m2\repository\org\xmlunit\xmlunit-core\2.9.1\xmlunit-core-2.9.1.jar;C:\Users\ASUS\.m2\repository\org\springframework\security\spring-security-config\6.2.2\spring-security-config-6.2.2.jar;C:\Users\ASUS\.m2\repository\org\springframework\spring-beans\6.1.4\spring-beans-6.1.4.jar;C:\Users\ASUS\.m2\repository\org\springframework\spring-context\6.1.4\spring-context-6.1.4.jar;C:\Users\ASUS\.m2\repository\org\projectlombok\lombok\1.18.30\lombok-1.18.30.jar;C:\Users\ASUS\.m2\repository\com\mysql\mysql-connector-j\8.3.0\mysql-connector-j-8.3.0.jar;C:\Users\ASUS\.m2\repository\commons-io\commons-io\2.16.1\commons-io-2.16.1.jar;"/>
    <property name="sun.cpu.endian" value="little"/>
    <property name="user.home" value="C:\Users\ASUS"/>
    <property name="user.language" value="en"/>
    <property name="java.specification.vendor" value="Oracle Corporation"/>
    <property name="java.version.date" value="2024-01-16"/>
    <property name="java.home" value="C:\Program Files\jdk-21"/>
    <property name="file.separator" value="\"/>
    <property name="basedir" value="C:\Users\ASUS\OneDrive\Desktop\SOA\project-wellcare"/>
    <property name="java.vm.compressedOopsMode" value="Zero based"/>
    <property name="line.separator" value="&#10;"/>
    <property name="java.vm.specification.vendor" value="Oracle Corporation"/>
    <property name="java.specification.name" value="Java Platform API Specification"/>
    <property name="FILE_LOG_CHARSET" value="UTF-8"/>
    <property name="java.awt.headless" value="true"/>
    <property name="surefire.real.class.path" value="C:\Users\ASUS\AppData\Local\Temp\surefire2365373271555695673\surefirebooter-20240512120553428_3.jar"/>
    <property name="user.script" value=""/>
    <property name="sun.management.compiler" value="HotSpot 64-Bit Tiered Compilers"/>
    <property name="java.runtime.version" value="21.0.2+13-LTS-58"/>
    <property name="user.name" value="ASUS"/>
    <property name="stdout.encoding" value="Cp1252"/>
    <property name="path.separator" value=";"/>
    <property name="os.version" value="10.0"/>
    <property name="java.runtime.name" value="Java(TM) SE Runtime Environment"/>
    <property name="file.encoding" value="UTF-8"/>
    <property name="java.vm.name" value="Java HotSpot(TM) 64-Bit Server VM"/>
    <property name="localRepository" value="C:\Users\ASUS\.m2\repository"/>
    <property name="java.vendor.url.bug" value="https://bugreport.java.com/bugreport/"/>
    <property name="java.io.tmpdir" value="C:\Users\ASUS\AppData\Local\Temp\"/>
    <property name="com.zaxxer.hikari.pool_number" value="2"/>
    <property name="java.version" value="21.0.2"/>
    <property name="user.dir" value="C:\Users\ASUS\OneDrive\Desktop\SOA\project-wellcare"/>
    <property name="os.arch" value="amd64"/>
    <property name="java.vm.specification.name" value="Java Virtual Machine Specification"/>
    <property name="PID" value="34416"/>
    <property name="sun.os.patch.level" value=""/>
    <property name="CONSOLE_LOG_CHARSET" value="UTF-8"/>
    <property name="native.encoding" value="Cp1252"/>
    <property name="java.library.path" value="C:\Program Files\jdk-21\bin;C:\WINDOWS\Sun\Java\bin;C:\WINDOWS\system32;C:\WINDOWS;C:\flutter\bin\cache\dart-sdk\bin\;C:\Program Files\Python312\Scripts\;C:\Program Files\Python312\;C:\Program Files\Common Files\Oracle\Java\javapath;C:\Program Files (x86)\Common Files\Oracle\Java\javapath;C:\WINDOWS\system32;C:\WINDOWS;C:\WINDOWS\System32\Wbem;C:\WINDOWS\System32\WindowsPowerShell\v1.0\;C:\WINDOWS\System32\OpenSSH\;C:\Program Files\jdk-21\bin;C:\Program Files\Git\bin;C:\Program Files\Java\jre-1.8\bin;C:\Program Files\dotnet\;C:\Program Files\Nodejs;;C:\Program Files\Docker\Docker\resources\bin;C:\Users\ASUS\AppData\Local\Microsoft\WindowsApps;C:\Users\ASUS\AppData\Local\Programs\Microsoft VS Code\bin;C:\dart\bin;C:\flutter\bin;;C:\altera\13.1\modelsim_ase\win32aloem;."/>
    <property name="java.vm.info" value="mixed mode, sharing"/>
    <property name="stderr.encoding" value="Cp1252"/>
    <property name="java.vendor" value="Oracle Corporation"/>
    <property name="java.vm.version" value="21.0.2+13-LTS-58"/>
    <property name="sun.io.unicode.encoding" value="UnicodeLittle"/>
    <property name="java.class.version" value="65.0"/>
  </properties>
  <testcase name="testUpdateMessageInvalidMessage" classname="com.wellcare.wellcare.MessageControllerTest" time="0.069">
    <system-out><![CDATA[2024-05-12T12:06:03.450+03:00  INFO 34416 --- [           main] t.c.s.AnnotationConfigContextLoaderUtils : Could not detect default configuration classes for test class [com.wellcare.wellcare.MessageControllerTest]: MessageControllerTest does not declare any static, non-private, non-final, nested classes annotated with @Configuration.
2024-05-12T12:06:03.456+03:00  INFO 34416 --- [           main] .b.t.c.SpringBootTestContextBootstrapper : Found @SpringBootConfiguration com.wellcare.wellcare.WellcareApplication for test class com.wellcare.wellcare.MessageControllerTest

  .   ____          _            __ _ _
 /\\ / ___'_ __ _ _(_)_ __  __ _ \ \ \ \
( ( )\___ | '_ | '_| | '_ \/ _` | \ \ \ \
 \\/  ___)| |_)| | | | | || (_| |  ) ) ) )
  '  |____| .__|_| |_|_| |_\__, | / / / /
 =========|_|==============|___/=/_/_/_/
 :: Spring Boot ::                (v3.2.3)

2024-05-12T12:06:03.499+03:00  INFO 34416 --- [           main] c.w.wellcare.MessageControllerTest       : Starting MessageControllerTest using Java 21.0.2 with PID 34416 (started by ASUS in C:\Users\ASUS\OneDrive\Desktop\SOA\project-wellcare)
2024-05-12T12:06:03.500+03:00  INFO 34416 --- [           main] c.w.wellcare.MessageControllerTest       : No active profile set, falling back to 1 default profile: "default"
2024-05-12T12:06:03.720+03:00  INFO 34416 --- [           main] .s.d.r.c.RepositoryConfigurationDelegate : Bootstrapping Spring Data JPA repositories in DEFAULT mode.
2024-05-12T12:06:03.736+03:00  INFO 34416 --- [           main] .s.d.r.c.RepositoryConfigurationDelegate : Finished Spring Data repository scanning in 11 ms. Found 5 JPA repository interfaces.
2024-05-12T12:06:03.940+03:00 DEBUG 34416 --- [           main] o.hibernate.jpa.internal.util.LogHelper  : PersistenceUnitInfo [
	name: default
	persistence provider classname: null
	classloader: jdk.internal.loader.ClassLoaders$AppClassLoader@70dea4e
	excludeUnlistedClasses: true
	JTA datasource: null
	Non JTA datasource: HikariDataSource (null)
	Transaction type: RESOURCE_LOCAL
	PU root URL: file:/C:/Users/ASUS/OneDrive/Desktop/SOA/project-wellcare/target/test-classes/
	Shared Cache Mode: UNSPECIFIED
	Validation Mode: AUTO
	Jar files URLs []
	Managed classes names [
		com.wellcare.wellcare.Models.Comment
		com.wellcare.wellcare.Models.Message
		com.wellcare.wellcare.Models.Post
		com.wellcare.wellcare.Models.Relationship
		com.wellcare.wellcare.Models.User]
	Mapping files names []
	Properties []
2024-05-12T12:06:03.940+03:00 DEBUG 34416 --- [           main] o.h.i.internal.IntegratorServiceImpl     : Adding Integrator [org.hibernate.boot.beanvalidation.BeanValidationIntegrator].
2024-05-12T12:06:03.940+03:00 DEBUG 34416 --- [           main] o.h.i.internal.IntegratorServiceImpl     : Adding Integrator [org.hibernate.cache.internal.CollectionCacheInvalidator].
2024-05-12T12:06:03.942+03:00 DEBUG 34416 --- [           main] org.hibernate.orm.idgen.factory          : Registering IdentifierGenerator strategy [uuid2] -> [org.hibernate.id.UUIDGenerator]
2024-05-12T12:06:03.942+03:00 DEBUG 34416 --- [           main] org.hibernate.orm.idgen.factory          : Registering IdentifierGenerator strategy [guid] -> [org.hibernate.id.GUIDGenerator]
2024-05-12T12:06:03.942+03:00 DEBUG 34416 --- [           main] org.hibernate.orm.idgen.factory          : Registering IdentifierGenerator strategy [uuid] -> [org.hibernate.id.UUIDHexGenerator]
2024-05-12T12:06:03.942+03:00 DEBUG 34416 --- [           main] org.hibernate.orm.idgen.factory          : Registering IdentifierGenerator strategy [uuid.hex] -> [org.hibernate.id.UUIDHexGenerator]
2024-05-12T12:06:03.942+03:00 DEBUG 34416 --- [           main] org.hibernate.orm.idgen.factory          : Registering IdentifierGenerator strategy [assigned] -> [org.hibernate.id.Assigned]
2024-05-12T12:06:03.942+03:00 DEBUG 34416 --- [           main] org.hibernate.orm.idgen.factory          : Registering IdentifierGenerator strategy [identity] -> [org.hibernate.id.IdentityGenerator]
2024-05-12T12:06:03.942+03:00 DEBUG 34416 --- [           main] org.hibernate.orm.idgen.factory          : Registering IdentifierGenerator strategy [select] -> [org.hibernate.id.SelectGenerator]
2024-05-12T12:06:03.942+03:00 DEBUG 34416 --- [           main] org.hibernate.orm.idgen.factory          : Registering IdentifierGenerator strategy [sequence] -> [org.hibernate.id.enhanced.SequenceStyleGenerator]
2024-05-12T12:06:03.942+03:00 DEBUG 34416 --- [           main] org.hibernate.orm.idgen.factory          : Registering IdentifierGenerator strategy [increment] -> [org.hibernate.id.IncrementGenerator]
2024-05-12T12:06:03.942+03:00 DEBUG 34416 --- [           main] org.hibernate.orm.idgen.factory          : Registering IdentifierGenerator strategy [foreign] -> [org.hibernate.id.ForeignGenerator]
2024-05-12T12:06:03.942+03:00 DEBUG 34416 --- [           main] org.hibernate.orm.idgen.factory          : Registering IdentifierGenerator strategy [enhanced-sequence] -> [org.hibernate.id.enhanced.SequenceStyleGenerator]
2024-05-12T12:06:03.942+03:00 DEBUG 34416 --- [           main] org.hibernate.orm.idgen.factory          : Registering IdentifierGenerator strategy [enhanced-table] -> [org.hibernate.id.enhanced.TableGenerator]
2024-05-12T12:06:03.942+03:00 DEBUG 34416 --- [           main] o.h.c.internal.RegionFactoryInitiator    : Cannot default RegionFactory based on registered strategies as `[]` RegionFactory strategies were registered
2024-05-12T12:06:03.942+03:00  INFO 34416 --- [           main] o.h.c.internal.RegionFactoryInitiator    : HHH000026: Second-level cache disabled
2024-05-12T12:06:03.942+03:00 DEBUG 34416 --- [           main] org.hibernate.type.BasicTypeRegistry     : Adding type registration boolean -> org.hibernate.type.BasicTypeReference@5fa0943d
2024-05-12T12:06:03.942+03:00 DEBUG 34416 --- [           main] org.hibernate.type.BasicTypeRegistry     : Adding type registration boolean -> org.hibernate.type.BasicTypeReference@5fa0943d
2024-05-12T12:06:03.942+03:00 DEBUG 34416 --- [           main] org.hibernate.type.BasicTypeRegistry     : Adding type registration java.lang.Boolean -> org.hibernate.type.BasicTypeReference@5fa0943d
2024-05-12T12:06:03.942+03:00 DEBUG 34416 --- [           main] org.hibernate.type.BasicTypeRegistry     : Adding type registration numeric_boolean -> org.hibernate.type.BasicTypeReference@73bb782d
2024-05-12T12:06:03.942+03:00 DEBUG 34416 --- [           main] org.hibernate.type.BasicTypeRegistry     : Adding type registration org.hibernate.type.NumericBooleanConverter -> org.hibernate.type.BasicTypeReference@73bb782d
2024-05-12T12:06:03.942+03:00 DEBUG 34416 --- [           main] org.hibernate.type.BasicTypeRegistry     : Adding type registration true_false -> org.hibernate.type.BasicTypeReference@3a3375d8
2024-05-12T12:06:03.942+03:00 DEBUG 34416 --- [           main] org.hibernate.type.BasicTypeRegistry     : Adding type registration org.hibernate.type.TrueFalseConverter -> org.hibernate.type.BasicTypeReference@3a3375d8
2024-05-12T12:06:03.942+03:00 DEBUG 34416 --- [           main] org.hibernate.type.BasicTypeRegistry     : Adding type registration yes_no -> org.hibernate.type.BasicTypeReference@63bb719d
2024-05-12T12:06:03.942+03:00 DEBUG 34416 --- [           main] org.hibernate.type.BasicTypeRegistry     : Adding type registration org.hibernate.type.YesNoConverter -> org.hibernate.type.BasicTypeReference@63bb719d
2024-05-12T12:06:03.942+03:00 DEBUG 34416 --- [           main] org.hibernate.type.BasicTypeRegistry     : Adding type registration byte -> org.hibernate.type.BasicTypeReference@38e100ab
2024-05-12T12:06:03.942+03:00 DEBUG 34416 --- [           main] org.hibernate.type.BasicTypeRegistry     : Adding type registration byte -> org.hibernate.type.BasicTypeReference@38e100ab
2024-05-12T12:06:03.942+03:00 DEBUG 34416 --- [           main] org.hibernate.type.BasicTypeRegistry     : Adding type registration java.lang.Byte -> org.hibernate.type.BasicTypeReference@38e100ab
2024-05-12T12:06:03.942+03:00 DEBUG 34416 --- [           main] org.hibernate.type.BasicTypeRegistry     : Adding type registration binary -> org.hibernate.type.BasicTypeReference@10b36d8a
2024-05-12T12:06:03.942+03:00 DEBUG 34416 --- [           main] org.hibernate.type.BasicTypeRegistry     : Adding type registration byte[] -> org.hibernate.type.BasicTypeReference@10b36d8a
2024-05-12T12:06:03.942+03:00 DEBUG 34416 --- [           main] org.hibernate.type.BasicTypeRegistry     : Adding type registration [B -> org.hibernate.type.BasicTypeReference@10b36d8a
2024-05-12T12:06:03.942+03:00 DEBUG 34416 --- [           main] org.hibernate.type.BasicTypeRegistry     : Adding type registration binary_wrapper -> org.hibernate.type.BasicTypeReference@318f47f1
2024-05-12T12:06:03.942+03:00 DEBUG 34416 --- [           main] org.hibernate.type.BasicTypeRegistry     : Adding type registration wrapper-binary -> org.hibernate.type.BasicTypeReference@318f47f1
2024-05-12T12:06:03.942+03:00 DEBUG 34416 --- [           main] org.hibernate.type.BasicTypeRegistry     : Adding type registration image -> org.hibernate.type.BasicTypeReference@900ffc4
2024-05-12T12:06:03.942+03:00 DEBUG 34416 --- [           main] org.hibernate.type.BasicTypeRegistry     : Adding type registration blob -> org.hibernate.type.BasicTypeReference@39d44217
2024-05-12T12:06:03.942+03:00 DEBUG 34416 --- [           main] org.hibernate.type.BasicTypeRegistry     : Adding type registration java.sql.Blob -> org.hibernate.type.BasicTypeReference@39d44217
2024-05-12T12:06:03.942+03:00 DEBUG 34416 --- [           main] org.hibernate.type.BasicTypeRegistry     : Adding type registration materialized_blob -> org.hibernate.type.BasicTypeReference@3280a79a
2024-05-12T12:06:03.942+03:00 DEBUG 34416 --- [           main] org.hibernate.type.BasicTypeRegistry     : Adding type registration materialized_blob_wrapper -> org.hibernate.type.BasicTypeReference@79fbcef4
2024-05-12T12:06:03.942+03:00 DEBUG 34416 --- [           main] org.hibernate.type.BasicTypeRegistry     : Adding type registration short -> org.hibernate.type.BasicTypeReference@770be0d0
2024-05-12T12:06:03.942+03:00 DEBUG 34416 --- [           main] org.hibernate.type.BasicTypeRegistry     : Adding type registration short -> org.hibernate.type.BasicTypeReference@770be0d0
2024-05-12T12:06:03.942+03:00 DEBUG 34416 --- [           main] org.hibernate.type.BasicTypeRegistry     : Adding type registration java.lang.Short -> org.hibernate.type.BasicTypeReference@770be0d0
2024-05-12T12:06:03.942+03:00 DEBUG 34416 --- [           main] org.hibernate.type.BasicTypeRegistry     : Adding type registration integer -> org.hibernate.type.BasicTypeReference@6c54d0dc
2024-05-12T12:06:03.942+03:00 DEBUG 34416 --- [           main] org.hibernate.type.BasicTypeRegistry     : Adding type registration int -> org.hibernate.type.BasicTypeReference@6c54d0dc
2024-05-12T12:06:03.942+03:00 DEBUG 34416 --- [           main] org.hibernate.type.BasicTypeRegistry     : Adding type registration java.lang.Integer -> org.hibernate.type.BasicTypeReference@6c54d0dc
2024-05-12T12:06:03.942+03:00 DEBUG 34416 --- [           main] org.hibernate.type.BasicTypeRegistry     : Adding type registration long -> org.hibernate.type.BasicTypeReference@5b5f06bb
2024-05-12T12:06:03.942+03:00 DEBUG 34416 --- [           main] org.hibernate.type.BasicTypeRegistry     : Adding type registration long -> org.hibernate.type.BasicTypeReference@5b5f06bb
2024-05-12T12:06:03.942+03:00 DEBUG 34416 --- [           main] org.hibernate.type.BasicTypeRegistry     : Adding type registration java.lang.Long -> org.hibernate.type.BasicTypeReference@5b5f06bb
2024-05-12T12:06:03.942+03:00 DEBUG 34416 --- [           main] org.hibernate.type.BasicTypeRegistry     : Adding type registration float -> org.hibernate.type.BasicTypeReference@7c74ef4a
2024-05-12T12:06:03.942+03:00 DEBUG 34416 --- [           main] org.hibernate.type.BasicTypeRegistry     : Adding type registration float -> org.hibernate.type.BasicTypeReference@7c74ef4a
2024-05-12T12:06:03.942+03:00 DEBUG 34416 --- [           main] org.hibernate.type.BasicTypeRegistry     : Adding type registration java.lang.Float -> org.hibernate.type.BasicTypeReference@7c74ef4a
2024-05-12T12:06:03.943+03:00 DEBUG 34416 --- [           main] org.hibernate.type.BasicTypeRegistry     : Adding type registration double -> org.hibernate.type.BasicTypeReference@54519d74
2024-05-12T12:06:03.943+03:00 DEBUG 34416 --- [           main] org.hibernate.type.BasicTypeRegistry     : Adding type registration double -> org.hibernate.type.BasicTypeReference@54519d74
2024-05-12T12:06:03.943+03:00 DEBUG 34416 --- [           main] org.hibernate.type.BasicTypeRegistry     : Adding type registration java.lang.Double -> org.hibernate.type.BasicTypeReference@54519d74
2024-05-12T12:06:03.943+03:00 DEBUG 34416 --- [           main] org.hibernate.type.BasicTypeRegistry     : Adding type registration big_integer -> org.hibernate.type.BasicTypeReference@1ec96512
2024-05-12T12:06:03.943+03:00 DEBUG 34416 --- [           main] org.hibernate.type.BasicTypeRegistry     : Adding type registration java.math.BigInteger -> org.hibernate.type.BasicTypeReference@1ec96512
2024-05-12T12:06:03.943+03:00 DEBUG 34416 --- [           main] org.hibernate.type.BasicTypeRegistry     : Adding type registration big_decimal -> org.hibernate.type.BasicTypeReference@3d00c2ae
2024-05-12T12:06:03.943+03:00 DEBUG 34416 --- [           main] org.hibernate.type.BasicTypeRegistry     : Adding type registration java.math.BigDecimal -> org.hibernate.type.BasicTypeReference@3d00c2ae
2024-05-12T12:06:03.943+03:00 DEBUG 34416 --- [           main] org.hibernate.type.BasicTypeRegistry     : Adding type registration character -> org.hibernate.type.BasicTypeReference@665574fb
2024-05-12T12:06:03.943+03:00 DEBUG 34416 --- [           main] org.hibernate.type.BasicTypeRegistry     : Adding type registration char -> org.hibernate.type.BasicTypeReference@665574fb
2024-05-12T12:06:03.943+03:00 DEBUG 34416 --- [           main] org.hibernate.type.BasicTypeRegistry     : Adding type registration java.lang.Character -> org.hibernate.type.BasicTypeReference@665574fb
2024-05-12T12:06:03.943+03:00 DEBUG 34416 --- [           main] org.hibernate.type.BasicTypeRegistry     : Adding type registration character_nchar -> org.hibernate.type.BasicTypeReference@3eb7ff78
2024-05-12T12:06:03.943+03:00 DEBUG 34416 --- [           main] org.hibernate.type.BasicTypeRegistry     : Adding type registration string -> org.hibernate.type.BasicTypeReference@6b83ec49
2024-05-12T12:06:03.943+03:00 DEBUG 34416 --- [           main] org.hibernate.type.BasicTypeRegistry     : Adding type registration java.lang.String -> org.hibernate.type.BasicTypeReference@6b83ec49
2024-05-12T12:06:03.943+03:00 DEBUG 34416 --- [           main] org.hibernate.type.BasicTypeRegistry     : Adding type registration nstring -> org.hibernate.type.BasicTypeReference@50ad5625
2024-05-12T12:06:03.943+03:00 DEBUG 34416 --- [           main] org.hibernate.type.BasicTypeRegistry     : Adding type registration characters -> org.hibernate.type.BasicTypeReference@1d921267
2024-05-12T12:06:03.943+03:00 DEBUG 34416 --- [           main] org.hibernate.type.BasicTypeRegistry     : Adding type registration char[] -> org.hibernate.type.BasicTypeReference@1d921267
2024-05-12T12:06:03.943+03:00 DEBUG 34416 --- [           main] org.hibernate.type.BasicTypeRegistry     : Adding type registration [C -> org.hibernate.type.BasicTypeReference@1d921267
2024-05-12T12:06:03.943+03:00 DEBUG 34416 --- [           main] org.hibernate.type.BasicTypeRegistry     : Adding type registration wrapper-characters -> org.hibernate.type.BasicTypeReference@1c5f6292
2024-05-12T12:06:03.943+03:00 DEBUG 34416 --- [           main] org.hibernate.type.BasicTypeRegistry     : Adding type registration text -> org.hibernate.type.BasicTypeReference@684a34f4
2024-05-12T12:06:03.943+03:00 DEBUG 34416 --- [           main] org.hibernate.type.BasicTypeRegistry     : Adding type registration ntext -> org.hibernate.type.BasicTypeReference@52ec5ba6
2024-05-12T12:06:03.943+03:00 DEBUG 34416 --- [           main] org.hibernate.type.BasicTypeRegistry     : Adding type registration clob -> org.hibernate.type.BasicTypeReference@5f606ab6
2024-05-12T12:06:03.943+03:00 DEBUG 34416 --- [           main] org.hibernate.type.BasicTypeRegistry     : Adding type registration java.sql.Clob -> org.hibernate.type.BasicTypeReference@5f606ab6
2024-05-12T12:06:03.943+03:00 DEBUG 34416 --- [           main] org.hibernate.type.BasicTypeRegistry     : Adding type registration nclob -> org.hibernate.type.BasicTypeReference@384cd83a
2024-05-12T12:06:03.943+03:00 DEBUG 34416 --- [           main] org.hibernate.type.BasicTypeRegistry     : Adding type registration java.sql.NClob -> org.hibernate.type.BasicTypeReference@384cd83a
2024-05-12T12:06:03.943+03:00 DEBUG 34416 --- [           main] org.hibernate.type.BasicTypeRegistry     : Adding type registration materialized_clob -> org.hibernate.type.BasicTypeReference@198a653
2024-05-12T12:06:03.943+03:00 DEBUG 34416 --- [           main] org.hibernate.type.BasicTypeRegistry     : Adding type registration materialized_clob_char_array -> org.hibernate.type.BasicTypeReference@3119fcad
2024-05-12T12:06:03.943+03:00 DEBUG 34416 --- [           main] org.hibernate.type.BasicTypeRegistry     : Adding type registration materialized_clob_character_array -> org.hibernate.type.BasicTypeReference@6d7005e2
2024-05-12T12:06:03.943+03:00 DEBUG 34416 --- [           main] org.hibernate.type.BasicTypeRegistry     : Adding type registration materialized_nclob -> org.hibernate.type.BasicTypeReference@33a39d7e
2024-05-12T12:06:03.943+03:00 DEBUG 34416 --- [           main] org.hibernate.type.BasicTypeRegistry     : Adding type registration materialized_nclob_character_array -> org.hibernate.type.BasicTypeReference@77cd1f67
2024-05-12T12:06:03.943+03:00 DEBUG 34416 --- [           main] org.hibernate.type.BasicTypeRegistry     : Adding type registration materialized_nclob_char_array -> org.hibernate.type.BasicTypeReference@94f79a7
2024-05-12T12:06:03.943+03:00 DEBUG 34416 --- [           main] org.hibernate.type.BasicTypeRegistry     : Adding type registration Duration -> org.hibernate.type.BasicTypeReference@647d3279
2024-05-12T12:06:03.943+03:00 DEBUG 34416 --- [           main] org.hibernate.type.BasicTypeRegistry     : Adding type registration java.time.Duration -> org.hibernate.type.BasicTypeReference@647d3279
2024-05-12T12:06:03.943+03:00 DEBUG 34416 --- [           main] org.hibernate.type.BasicTypeRegistry     : Adding type registration LocalDateTime -> org.hibernate.type.BasicTypeReference@4b9a1be5
2024-05-12T12:06:03.943+03:00 DEBUG 34416 --- [           main] org.hibernate.type.BasicTypeRegistry     : Adding type registration java.time.LocalDateTime -> org.hibernate.type.BasicTypeReference@4b9a1be5
2024-05-12T12:06:03.943+03:00 DEBUG 34416 --- [           main] org.hibernate.type.BasicTypeRegistry     : Adding type registration LocalDate -> org.hibernate.type.BasicTypeReference@54b313d6
2024-05-12T12:06:03.943+03:00 DEBUG 34416 --- [           main] org.hibernate.type.BasicTypeRegistry     : Adding type registration java.time.LocalDate -> org.hibernate.type.BasicTypeReference@54b313d6
2024-05-12T12:06:03.943+03:00 DEBUG 34416 --- [           main] org.hibernate.type.BasicTypeRegistry     : Adding type registration LocalTime -> org.hibernate.type.BasicTypeReference@2643caa6
2024-05-12T12:06:03.943+03:00 DEBUG 34416 --- [           main] org.hibernate.type.BasicTypeRegistry     : Adding type registration java.time.LocalTime -> org.hibernate.type.BasicTypeReference@2643caa6
2024-05-12T12:06:03.943+03:00 DEBUG 34416 --- [           main] org.hibernate.type.BasicTypeRegistry     : Adding type registration OffsetDateTime -> org.hibernate.type.BasicTypeReference@2b20caed
2024-05-12T12:06:03.943+03:00 DEBUG 34416 --- [           main] org.hibernate.type.BasicTypeRegistry     : Adding type registration java.time.OffsetDateTime -> org.hibernate.type.BasicTypeReference@2b20caed
2024-05-12T12:06:03.943+03:00 DEBUG 34416 --- [           main] org.hibernate.type.BasicTypeRegistry     : Adding type registration OffsetDateTimeWithTimezone -> org.hibernate.type.BasicTypeReference@7c1f3125
2024-05-12T12:06:03.943+03:00 DEBUG 34416 --- [           main] org.hibernate.type.BasicTypeRegistry     : Adding type registration OffsetDateTimeWithoutTimezone -> org.hibernate.type.BasicTypeReference@44b1d2fa
2024-05-12T12:06:03.943+03:00 DEBUG 34416 --- [           main] org.hibernate.type.BasicTypeRegistry     : Adding type registration OffsetTime -> org.hibernate.type.BasicTypeReference@69eb1f23
2024-05-12T12:06:03.943+03:00 DEBUG 34416 --- [           main] org.hibernate.type.BasicTypeRegistry     : Adding type registration java.time.OffsetTime -> org.hibernate.type.BasicTypeReference@69eb1f23
2024-05-12T12:06:03.943+03:00 DEBUG 34416 --- [           main] org.hibernate.type.BasicTypeRegistry     : Adding type registration OffsetTimeUtc -> org.hibernate.type.BasicTypeReference@2c9af700
2024-05-12T12:06:03.943+03:00 DEBUG 34416 --- [           main] org.hibernate.type.BasicTypeRegistry     : Adding type registration OffsetTimeWithTimezone -> org.hibernate.type.BasicTypeReference@29897daf
2024-05-12T12:06:03.943+03:00 DEBUG 34416 --- [           main] org.hibernate.type.BasicTypeRegistry     : Adding type registration OffsetTimeWithoutTimezone -> org.hibernate.type.BasicTypeReference@63e54c66
2024-05-12T12:06:03.943+03:00 DEBUG 34416 --- [           main] org.hibernate.type.BasicTypeRegistry     : Adding type registration ZonedDateTime -> org.hibernate.type.BasicTypeReference@5246453e
2024-05-12T12:06:03.943+03:00 DEBUG 34416 --- [           main] org.hibernate.type.BasicTypeRegistry     : Adding type registration java.time.ZonedDateTime -> org.hibernate.type.BasicTypeReference@5246453e
2024-05-12T12:06:03.943+03:00 DEBUG 34416 --- [           main] org.hibernate.type.BasicTypeRegistry     : Adding type registration ZonedDateTimeWithTimezone -> org.hibernate.type.BasicTypeReference@299f9a81
2024-05-12T12:06:03.943+03:00 DEBUG 34416 --- [           main] org.hibernate.type.BasicTypeRegistry     : Adding type registration ZonedDateTimeWithoutTimezone -> org.hibernate.type.BasicTypeReference@4b19ee18
2024-05-12T12:06:03.943+03:00 DEBUG 34416 --- [           main] org.hibernate.type.BasicTypeRegistry     : Adding type registration date -> org.hibernate.type.BasicTypeReference@2561d61
2024-05-12T12:06:03.943+03:00 DEBUG 34416 --- [           main] org.hibernate.type.BasicTypeRegistry     : Adding type registration java.sql.Date -> org.hibernate.type.BasicTypeReference@2561d61
2024-05-12T12:06:03.943+03:00 DEBUG 34416 --- [           main] org.hibernate.type.BasicTypeRegistry     : Adding type registration time -> org.hibernate.type.BasicTypeReference@6259d7a0
2024-05-12T12:06:03.943+03:00 DEBUG 34416 --- [           main] org.hibernate.type.BasicTypeRegistry     : Adding type registration java.sql.Time -> org.hibernate.type.BasicTypeReference@6259d7a0
2024-05-12T12:06:03.943+03:00 DEBUG 34416 --- [           main] org.hibernate.type.BasicTypeRegistry     : Adding type registration timestamp -> org.hibernate.type.BasicTypeReference@374712f8
2024-05-12T12:06:03.943+03:00 DEBUG 34416 --- [           main] org.hibernate.type.BasicTypeRegistry     : Adding type registration java.sql.Timestamp -> org.hibernate.type.BasicTypeReference@374712f8
2024-05-12T12:06:03.943+03:00 DEBUG 34416 --- [           main] org.hibernate.type.BasicTypeRegistry     : Adding type registration java.util.Date -> org.hibernate.type.BasicTypeReference@374712f8
2024-05-12T12:06:03.943+03:00 DEBUG 34416 --- [           main] org.hibernate.type.BasicTypeRegistry     : Adding type registration calendar -> org.hibernate.type.BasicTypeReference@33aa4326
2024-05-12T12:06:03.943+03:00 DEBUG 34416 --- [           main] org.hibernate.type.BasicTypeRegistry     : Adding type registration java.util.Calendar -> org.hibernate.type.BasicTypeReference@33aa4326
2024-05-12T12:06:03.943+03:00 DEBUG 34416 --- [           main] org.hibernate.type.BasicTypeRegistry     : Adding type registration java.util.GregorianCalendar -> org.hibernate.type.BasicTypeReference@33aa4326
2024-05-12T12:06:03.943+03:00 DEBUG 34416 --- [           main] org.hibernate.type.BasicTypeRegistry     : Adding type registration calendar_date -> org.hibernate.type.BasicTypeReference@125ed27
2024-05-12T12:06:03.943+03:00 DEBUG 34416 --- [           main] org.hibernate.type.BasicTypeRegistry     : Adding type registration calendar_time -> org.hibernate.type.BasicTypeReference@2dedde74
2024-05-12T12:06:03.943+03:00 DEBUG 34416 --- [           main] org.hibernate.type.BasicTypeRegistry     : Adding type registration instant -> org.hibernate.type.BasicTypeReference@22b2d9e3
2024-05-12T12:06:03.943+03:00 DEBUG 34416 --- [           main] org.hibernate.type.BasicTypeRegistry     : Adding type registration java.time.Instant -> org.hibernate.type.BasicTypeReference@22b2d9e3
2024-05-12T12:06:03.943+03:00 DEBUG 34416 --- [           main] org.hibernate.type.BasicTypeRegistry     : Adding type registration uuid -> org.hibernate.type.BasicTypeReference@43600de0
2024-05-12T12:06:03.943+03:00 DEBUG 34416 --- [           main] org.hibernate.type.BasicTypeRegistry     : Adding type registration java.util.UUID -> org.hibernate.type.BasicTypeReference@43600de0
2024-05-12T12:06:03.943+03:00 DEBUG 34416 --- [           main] org.hibernate.type.BasicTypeRegistry     : Adding type registration pg-uuid -> org.hibernate.type.BasicTypeReference@43600de0
2024-05-12T12:06:03.943+03:00 DEBUG 34416 --- [           main] org.hibernate.type.BasicTypeRegistry     : Adding type registration uuid-binary -> org.hibernate.type.BasicTypeReference@6d028c7e
2024-05-12T12:06:03.943+03:00 DEBUG 34416 --- [           main] org.hibernate.type.BasicTypeRegistry     : Adding type registration uuid-char -> org.hibernate.type.BasicTypeReference@2e5ff1d4
2024-05-12T12:06:03.943+03:00 DEBUG 34416 --- [           main] org.hibernate.type.BasicTypeRegistry     : Adding type registration class -> org.hibernate.type.BasicTypeReference@1a16583d
2024-05-12T12:06:03.943+03:00 DEBUG 34416 --- [           main] org.hibernate.type.BasicTypeRegistry     : Adding type registration java.lang.Class -> org.hibernate.type.BasicTypeReference@1a16583d
2024-05-12T12:06:03.943+03:00 DEBUG 34416 --- [           main] org.hibernate.type.BasicTypeRegistry     : Adding type registration currency -> org.hibernate.type.BasicTypeReference@59da4992
2024-05-12T12:06:03.943+03:00 DEBUG 34416 --- [           main] org.hibernate.type.BasicTypeRegistry     : Adding type registration Currency -> org.hibernate.type.BasicTypeReference@59da4992
2024-05-12T12:06:03.943+03:00 DEBUG 34416 --- [           main] org.hibernate.type.BasicTypeRegistry     : Adding type registration java.util.Currency -> org.hibernate.type.BasicTypeReference@59da4992
2024-05-12T12:06:03.943+03:00 DEBUG 34416 --- [           main] org.hibernate.type.BasicTypeRegistry     : Adding type registration locale -> org.hibernate.type.BasicTypeReference@20425fab
2024-05-12T12:06:03.943+03:00 DEBUG 34416 --- [           main] org.hibernate.type.BasicTypeRegistry     : Adding type registration java.util.Locale -> org.hibernate.type.BasicTypeReference@20425fab
2024-05-12T12:06:03.943+03:00 DEBUG 34416 --- [           main] org.hibernate.type.BasicTypeRegistry     : Adding type registration serializable -> org.hibernate.type.BasicTypeReference@71c2cb26
2024-05-12T12:06:03.943+03:00 DEBUG 34416 --- [           main] org.hibernate.type.BasicTypeRegistry     : Adding type registration java.io.Serializable -> org.hibernate.type.BasicTypeReference@71c2cb26
2024-05-12T12:06:03.943+03:00 DEBUG 34416 --- [           main] org.hibernate.type.BasicTypeRegistry     : Adding type registration timezone -> org.hibernate.type.BasicTypeReference@593db293
2024-05-12T12:06:03.943+03:00 DEBUG 34416 --- [           main] org.hibernate.type.BasicTypeRegistry     : Adding type registration java.util.TimeZone -> org.hibernate.type.BasicTypeReference@593db293
2024-05-12T12:06:03.943+03:00 DEBUG 34416 --- [           main] org.hibernate.type.BasicTypeRegistry     : Adding type registration ZoneOffset -> org.hibernate.type.BasicTypeReference@5220e6ff
2024-05-12T12:06:03.943+03:00 DEBUG 34416 --- [           main] org.hibernate.type.BasicTypeRegistry     : Adding type registration java.time.ZoneOffset -> org.hibernate.type.BasicTypeReference@5220e6ff
2024-05-12T12:06:03.943+03:00 DEBUG 34416 --- [           main] org.hibernate.type.BasicTypeRegistry     : Adding type registration url -> org.hibernate.type.BasicTypeReference@602d5417
2024-05-12T12:06:03.943+03:00 DEBUG 34416 --- [           main] org.hibernate.type.BasicTypeRegistry     : Adding type registration java.net.URL -> org.hibernate.type.BasicTypeReference@602d5417
2024-05-12T12:06:03.943+03:00 DEBUG 34416 --- [           main] org.hibernate.type.BasicTypeRegistry     : Adding type registration vector -> org.hibernate.type.BasicTypeReference@75128cf
2024-05-12T12:06:03.943+03:00 DEBUG 34416 --- [           main] org.hibernate.type.BasicTypeRegistry     : Adding type registration row_version -> org.hibernate.type.BasicTypeReference@33ccab9c
2024-05-12T12:06:03.943+03:00 DEBUG 34416 --- [           main] org.hibernate.type.BasicTypeRegistry     : Adding type registration object -> org.hibernate.type.JavaObjectType@75937998
2024-05-12T12:06:03.943+03:00 DEBUG 34416 --- [           main] org.hibernate.type.BasicTypeRegistry     : Adding type registration java.lang.Object -> org.hibernate.type.JavaObjectType@75937998
2024-05-12T12:06:03.943+03:00 DEBUG 34416 --- [           main] org.hibernate.type.BasicTypeRegistry     : Adding type registration null -> org.hibernate.type.NullType@4b02dc4e
2024-05-12T12:06:03.943+03:00 DEBUG 34416 --- [           main] org.hibernate.type.BasicTypeRegistry     : Adding type registration imm_date -> org.hibernate.type.BasicTypeReference@2e2ec0eb
2024-05-12T12:06:03.943+03:00 DEBUG 34416 --- [           main] org.hibernate.type.BasicTypeRegistry     : Adding type registration imm_time -> org.hibernate.type.BasicTypeReference@33d439ee
2024-05-12T12:06:03.943+03:00 DEBUG 34416 --- [           main] org.hibernate.type.BasicTypeRegistry     : Adding type registration imm_timestamp -> org.hibernate.type.BasicTypeReference@1d9f40af
2024-05-12T12:06:03.943+03:00 DEBUG 34416 --- [           main] org.hibernate.type.BasicTypeRegistry     : Adding type registration imm_calendar -> org.hibernate.type.BasicTypeReference@4eb0f3ed
2024-05-12T12:06:03.943+03:00 DEBUG 34416 --- [           main] org.hibernate.type.BasicTypeRegistry     : Adding type registration imm_calendar_date -> org.hibernate.type.BasicTypeReference@16415b48
2024-05-12T12:06:03.943+03:00 DEBUG 34416 --- [           main] org.hibernate.type.BasicTypeRegistry     : Adding type registration imm_calendar_time -> org.hibernate.type.BasicTypeReference@4480b27
2024-05-12T12:06:03.943+03:00 DEBUG 34416 --- [           main] org.hibernate.type.BasicTypeRegistry     : Adding type registration imm_binary -> org.hibernate.type.BasicTypeReference@6335a939
2024-05-12T12:06:03.943+03:00 DEBUG 34416 --- [           main] org.hibernate.type.BasicTypeRegistry     : Adding type registration imm_serializable -> org.hibernate.type.BasicTypeReference@2a530129
2024-05-12T12:06:03.945+03:00 DEBUG 34416 --- [           main] o.h.boot.internal.BootstrapContextImpl   : Injecting JPA temp ClassLoader [org.springframework.instrument.classloading.SimpleThrowawayClassLoader@7281a0fe] into BootstrapContext; was [null]
2024-05-12T12:06:03.945+03:00 DEBUG 34416 --- [           main] o.h.boot.internal.ClassLoaderAccessImpl  : ClassLoaderAccessImpl#injectTempClassLoader(org.springframework.instrument.classloading.SimpleThrowawayClassLoader@7281a0fe) [was null]
2024-05-12T12:06:03.945+03:00 DEBUG 34416 --- [           main] o.h.boot.internal.BootstrapContextImpl   : Injecting ScanEnvironment [org.hibernate.jpa.boot.internal.StandardJpaScanEnvironmentImpl@3cb3a3f6] into BootstrapContext; was [null]
2024-05-12T12:06:03.945+03:00 DEBUG 34416 --- [           main] o.h.boot.internal.BootstrapContextImpl   : Injecting ScanOptions [org.hibernate.boot.archive.scan.internal.StandardScanOptions@edba700] into BootstrapContext; was [org.hibernate.boot.archive.scan.internal.StandardScanOptions@1cbcd7ff]
2024-05-12T12:06:03.949+03:00  INFO 34416 --- [           main] o.s.o.j.p.SpringPersistenceUnitInfo      : No LoadTimeWeaver setup: ignoring JPA class transformer
2024-05-12T12:06:03.949+03:00 DEBUG 34416 --- [           main] o.h.boot.internal.BootstrapContextImpl   : Injecting JPA temp ClassLoader [null] into BootstrapContext; was [org.springframework.instrument.classloading.SimpleThrowawayClassLoader@7281a0fe]
2024-05-12T12:06:03.949+03:00 DEBUG 34416 --- [           main] o.h.boot.internal.ClassLoaderAccessImpl  : ClassLoaderAccessImpl#injectTempClassLoader(null) [was org.springframework.instrument.classloading.SimpleThrowawayClassLoader@7281a0fe]
2024-05-12T12:06:03.950+03:00  INFO 34416 --- [           main] com.zaxxer.hikari.HikariDataSource       : HikariPool-2 - Starting...
2024-05-12T12:06:03.955+03:00  INFO 34416 --- [           main] com.zaxxer.hikari.pool.HikariPool        : HikariPool-2 - Added connection com.mysql.cj.jdbc.ConnectionImpl@2b2fdee3
2024-05-12T12:06:03.956+03:00  INFO 34416 --- [           main] com.zaxxer.hikari.HikariDataSource       : HikariPool-2 - Start completed.
2024-05-12T12:06:03.956+03:00 DEBUG 34416 --- [           main] o.h.e.j.e.i.JdbcEnvironmentInitiator     : Database ->
       name : MySQL
    version : 5.5.5-10.4.32-MariaDB
      major : 5
      minor : 5
2024-05-12T12:06:03.956+03:00 DEBUG 34416 --- [           main] o.h.e.j.e.i.JdbcEnvironmentInitiator     : Driver ->
       name : MySQL Connector/J
    version : mysql-connector-j-8.3.0 (Revision: 805f872a57875f311cb82487efcfb070411a3fa0)
      major : 8
      minor : 3
2024-05-12T12:06:03.956+03:00 DEBUG 34416 --- [           main] o.h.e.j.e.i.JdbcEnvironmentInitiator     : JDBC version : 4.2
2024-05-12T12:06:03.957+03:00  WARN 34416 --- [           main] org.hibernate.orm.deprecation            : HHH90000025: MySQL8Dialect does not need to be specified explicitly using 'hibernate.dialect' (remove the property setting and it will be selected by default)
2024-05-12T12:06:03.957+03:00 DEBUG 34416 --- [           main] org.hibernate.orm.dialect                : HHH035001: Using dialect: org.hibernate.dialect.MySQL8Dialect, version: 8.0
2024-05-12T12:06:03.957+03:00  WARN 34416 --- [           main] org.hibernate.orm.deprecation            : HHH90000026: MySQL8Dialect has been deprecated; use org.hibernate.dialect.MySQLDialect instead
2024-05-12T12:06:03.957+03:00 DEBUG 34416 --- [           main] o.h.e.j.env.spi.IdentifierHelperBuilder  : JDBC driver metadata reported database stores quoted identifiers in more than one case
2024-05-12T12:06:03.957+03:00 DEBUG 34416 --- [           main] o.h.e.j.env.spi.IdentifierHelperBuilder  : IdentifierCaseStrategy for both quoted and unquoted identifiers was set to the same strategy [LOWER]; that will likely lead to problems in schema update and validation if using quoted identifiers
2024-05-12T12:06:03.958+03:00 DEBUG 34416 --- [           main] o.h.t.d.sql.spi.DdlTypeRegistry          : addDescriptor(12, org.hibernate.type.descriptor.sql.internal.CapacityDependentDdlType@744b5bd7) replaced previous registration(org.hibernate.type.descriptor.sql.internal.CapacityDependentDdlType@7f4f31c1)
2024-05-12T12:06:03.958+03:00 DEBUG 34416 --- [           main] o.h.t.d.sql.spi.DdlTypeRegistry          : addDescriptor(-9, org.hibernate.type.descriptor.sql.internal.CapacityDependentDdlType@31eb7290) replaced previous registration(org.hibernate.type.descriptor.sql.internal.CapacityDependentDdlType@4292a5c6)
2024-05-12T12:06:03.958+03:00 DEBUG 34416 --- [           main] o.h.t.d.sql.spi.DdlTypeRegistry          : addDescriptor(-3, org.hibernate.type.descriptor.sql.internal.CapacityDependentDdlType@6ca9dba0) replaced previous registration(org.hibernate.type.descriptor.sql.internal.CapacityDependentDdlType@6a6e3ecd)
2024-05-12T12:06:03.958+03:00 DEBUG 34416 --- [           main] o.h.t.d.sql.spi.DdlTypeRegistry          : addDescriptor(4003, org.hibernate.type.descriptor.sql.internal.DdlTypeImpl@7baee2) replaced previous registration(org.hibernate.type.descriptor.sql.internal.DdlTypeImpl@571097be)
2024-05-12T12:06:03.958+03:00 DEBUG 34416 --- [           main] o.h.t.d.sql.spi.DdlTypeRegistry          : addDescriptor(4001, org.hibernate.type.descriptor.sql.internal.DdlTypeImpl@75c63227) replaced previous registration(org.hibernate.type.descriptor.sql.internal.DdlTypeImpl@6ec5e204)
2024-05-12T12:06:03.959+03:00 DEBUG 34416 --- [           main] o.h.t.d.sql.spi.DdlTypeRegistry          : addDescriptor(4002, org.hibernate.type.descriptor.sql.internal.DdlTypeImpl@33945d80) replaced previous registration(org.hibernate.type.descriptor.sql.internal.DdlTypeImpl@60ea912b)
2024-05-12T12:06:03.959+03:00 DEBUG 34416 --- [           main] o.h.t.d.sql.spi.DdlTypeRegistry          : addDescriptor(2004, org.hibernate.type.descriptor.sql.internal.CapacityDependentDdlType@2479d01b) replaced previous registration(org.hibernate.type.descriptor.sql.internal.DdlTypeImpl@65edc352)
2024-05-12T12:06:03.959+03:00 DEBUG 34416 --- [           main] o.h.t.d.sql.spi.DdlTypeRegistry          : addDescriptor(2005, org.hibernate.type.descriptor.sql.internal.CapacityDependentDdlType@7404ea32) replaced previous registration(org.hibernate.type.descriptor.sql.internal.DdlTypeImpl@40d35e50)
2024-05-12T12:06:03.959+03:00 DEBUG 34416 --- [           main] o.h.t.d.sql.spi.DdlTypeRegistry          : addDescriptor(2011, org.hibernate.type.descriptor.sql.internal.CapacityDependentDdlType@2ac0a759) replaced previous registration(org.hibernate.type.descriptor.sql.internal.DdlTypeImpl@213c1600)
2024-05-12T12:06:03.959+03:00 DEBUG 34416 --- [           main] o.h.t.d.jdbc.spi.JdbcTypeRegistry        : addDescriptor(NCharTypeDescriptor) replaced previous registration(CharTypeDescriptor)
2024-05-12T12:06:03.959+03:00 DEBUG 34416 --- [           main] o.h.t.d.jdbc.spi.JdbcTypeRegistry        : addDescriptor(NVarcharTypeDescriptor) replaced previous registration(VarcharTypeDescriptor)
2024-05-12T12:06:03.959+03:00 DEBUG 34416 --- [           main] o.h.t.d.jdbc.spi.JdbcTypeRegistry        : addDescriptor(LongNVarcharTypeDescriptor) replaced previous registration(LongVarcharTypeDescriptor)
2024-05-12T12:06:03.959+03:00 DEBUG 34416 --- [           main] o.h.t.d.jdbc.spi.JdbcTypeRegistry        : addDescriptor(NClobTypeDescriptor(DEFAULT)) replaced previous registration(ClobTypeDescriptor(DEFAULT))
2024-05-12T12:06:03.959+03:00 DEBUG 34416 --- [           main] o.h.t.d.jdbc.spi.JdbcTypeRegistry        : addDescriptor(2005, ClobTypeDescriptor(STREAM_BINDING)) replaced previous registration(ClobTypeDescriptor(DEFAULT))
2024-05-12T12:06:03.959+03:00 DEBUG 34416 --- [           main] org.hibernate.type.BasicTypeRegistry     : Adding type registration null -> org.hibernate.type.NullType@72ba2d6f
2024-05-12T12:06:03.959+03:00 DEBUG 34416 --- [           main] org.hibernate.type.BasicTypeRegistry     : Type registration key [null] overrode previous entry : `org.hibernate.type.NullType@4b02dc4e`
2024-05-12T12:06:03.959+03:00 DEBUG 34416 --- [           main] org.hibernate.type.BasicTypeRegistry     : Adding type registration org.hibernate.type.DurationType -> basicType@22(java.time.Duration,3015)
2024-05-12T12:06:03.959+03:00 DEBUG 34416 --- [           main] org.hibernate.type.BasicTypeRegistry     : Adding type registration Duration -> basicType@22(java.time.Duration,3015)
2024-05-12T12:06:03.959+03:00 DEBUG 34416 --- [           main] org.hibernate.type.BasicTypeRegistry     : Adding type registration java.time.Duration -> basicType@22(java.time.Duration,3015)
2024-05-12T12:06:03.959+03:00 DEBUG 34416 --- [           main] org.hibernate.type.BasicTypeRegistry     : Adding type registration org.hibernate.type.OffsetDateTimeType -> basicType@23(java.time.OffsetDateTime,3003)
2024-05-12T12:06:03.959+03:00 DEBUG 34416 --- [           main] org.hibernate.type.BasicTypeRegistry     : Adding type registration OffsetDateTime -> basicType@23(java.time.OffsetDateTime,3003)
2024-05-12T12:06:03.959+03:00 DEBUG 34416 --- [           main] org.hibernate.type.BasicTypeRegistry     : Adding type registration java.time.OffsetDateTime -> basicType@23(java.time.OffsetDateTime,3003)
2024-05-12T12:06:03.959+03:00 DEBUG 34416 --- [           main] org.hibernate.type.BasicTypeRegistry     : Adding type registration org.hibernate.type.ZonedDateTimeType -> basicType@24(java.time.ZonedDateTime,3003)
2024-05-12T12:06:03.959+03:00 DEBUG 34416 --- [           main] org.hibernate.type.BasicTypeRegistry     : Adding type registration ZonedDateTime -> basicType@24(java.time.ZonedDateTime,3003)
2024-05-12T12:06:03.959+03:00 DEBUG 34416 --- [           main] org.hibernate.type.BasicTypeRegistry     : Adding type registration java.time.ZonedDateTime -> basicType@24(java.time.ZonedDateTime,3003)
2024-05-12T12:06:03.959+03:00 DEBUG 34416 --- [           main] org.hibernate.type.BasicTypeRegistry     : Adding type registration org.hibernate.type.OffsetTimeType -> basicType@25(java.time.OffsetTime,3007)
2024-05-12T12:06:03.959+03:00 DEBUG 34416 --- [           main] org.hibernate.type.BasicTypeRegistry     : Adding type registration OffsetTime -> basicType@25(java.time.OffsetTime,3007)
2024-05-12T12:06:03.959+03:00 DEBUG 34416 --- [           main] org.hibernate.type.BasicTypeRegistry     : Adding type registration java.time.OffsetTime -> basicType@25(java.time.OffsetTime,3007)
2024-05-12T12:06:03.959+03:00 DEBUG 34416 --- [           main] o.h.type.spi.TypeConfiguration$Scope     : Scoping TypeConfiguration [org.hibernate.type.spi.TypeConfiguration@2841dcb6] to MetadataBuildingContext [org.hibernate.boot.internal.MetadataBuildingContextRootImpl@7145c88]
2024-05-12T12:06:03.960+03:00 DEBUG 34416 --- [           main] o.h.boot.model.relational.Namespace      : Created database namespace [logicalName=Name{catalog=null, schema=null}, physicalName=Name{catalog=null, schema=null}]
2024-05-12T12:06:03.960+03:00 DEBUG 34416 --- [           main] o.h.boot.model.internal.EntityBinder     : Binding entity from annotated class: com.wellcare.wellcare.Models.Comment
2024-05-12T12:06:03.961+03:00 DEBUG 34416 --- [           main] o.h.boot.model.internal.EntityBinder     : Import with entity name Comment
2024-05-12T12:06:03.961+03:00 DEBUG 34416 --- [           main] o.h.boot.model.internal.EntityBinder     : Bind entity com.wellcare.wellcare.Models.Comment on table comment
2024-05-12T12:06:03.961+03:00 DEBUG 34416 --- [           main] o.h.boot.model.internal.AnnotatedColumn  : Binding column: AnnotatedDiscriminatorColumn(column='DTYPE')
2024-05-12T12:06:03.963+03:00 DEBUG 34416 --- [           main] o.h.boot.model.internal.AnnotatedColumn  : Binding column: AnnotatedColumn()
2024-05-12T12:06:03.964+03:00 DEBUG 34416 --- [           main] o.h.boot.internal.ClassLoaderAccessImpl  : Not known whether passed class name [com.wellcare.wellcare.Models.Comment] is safe
2024-05-12T12:06:03.964+03:00 DEBUG 34416 --- [           main] o.h.boot.internal.ClassLoaderAccessImpl  : No temp ClassLoader provided; using live ClassLoader for loading potentially unsafe class : com.wellcare.wellcare.Models.Comment
2024-05-12T12:06:03.964+03:00 DEBUG 34416 --- [           main] o.h.boot.model.internal.PropertyBinder   : MetadataSourceProcessor property id with lazy=false
2024-05-12T12:06:03.964+03:00 DEBUG 34416 --- [           main] o.h.b.m.internal.AbstractPropertyHolder  : Attempting to locate auto-apply AttributeConverter for property [com.wellcare.wellcare.Models.Comment:id]
2024-05-12T12:06:03.964+03:00 DEBUG 34416 --- [           main] o.h.b.model.internal.BasicValueBinder    : building BasicValue for id
2024-05-12T12:06:03.964+03:00 DEBUG 34416 --- [           main] org.hibernate.mapping.BasicValue         : Skipping column re-registration: comment.id
2024-05-12T12:06:03.964+03:00 DEBUG 34416 --- [           main] o.h.boot.model.internal.PropertyBinder   : Building property id
2024-05-12T12:06:03.965+03:00 DEBUG 34416 --- [           main] o.h.boot.model.internal.BinderHelper     : #makeIdGenerator(BasicValue([Column(id)]), id, org.hibernate.id.enhanced.SequenceStyleGenerator, , ...)
2024-05-12T12:06:03.965+03:00 DEBUG 34416 --- [           main] o.h.boot.model.internal.AnnotatedColumn  : Binding column: AnnotatedColumn()
2024-05-12T12:06:03.965+03:00 DEBUG 34416 --- [           main] o.h.boot.model.internal.PropertyBinder   : MetadataSourceProcessor property attachment with lazy=false
2024-05-12T12:06:03.965+03:00 DEBUG 34416 --- [           main] o.h.b.m.internal.AbstractPropertyHolder  : Attempting to locate auto-apply AttributeConverter for property [com.wellcare.wellcare.Models.Comment:attachment]
2024-05-12T12:06:03.965+03:00 DEBUG 34416 --- [           main] o.h.b.model.internal.BasicValueBinder    : building BasicValue for attachment
2024-05-12T12:06:03.965+03:00 DEBUG 34416 --- [           main] org.hibernate.mapping.BasicValue         : Skipping column re-registration: comment.attachment
2024-05-12T12:06:03.965+03:00 DEBUG 34416 --- [           main] o.h.boot.model.internal.PropertyBinder   : Building property attachment
2024-05-12T12:06:03.966+03:00 DEBUG 34416 --- [           main] o.h.boot.model.internal.AnnotatedColumn  : Binding column: IndexColumn(column='commentLikes_ORDER')
2024-05-12T12:06:03.966+03:00 DEBUG 34416 --- [           main] o.h.boot.model.internal.AnnotatedColumn  : Binding column: AnnotatedColumn()
2024-05-12T12:06:03.967+03:00 DEBUG 34416 --- [           main] o.h.boot.model.internal.AnnotatedColumn  : Binding column: AnnotatedColumn(column='commentLikes_KEY')
2024-05-12T12:06:03.967+03:00 DEBUG 34416 --- [           main] o.h.boot.model.internal.AnnotatedColumn  : Binding column: AnnotatedJoinColumn(column='commentLikes_KEY')
2024-05-12T12:06:03.967+03:00 DEBUG 34416 --- [           main] o.h.boot.model.internal.AnnotatedColumn  : Binding column: AnnotatedJoinColumn(column='comment_id')
2024-05-12T12:06:03.967+03:00 DEBUG 34416 --- [           main] o.h.boot.model.internal.AnnotatedColumn  : Binding column: AnnotatedJoinColumn(column='user_id')
2024-05-12T12:06:03.967+03:00 DEBUG 34416 --- [           main] o.h.b.model.internal.CollectionBinder    : Collection role: com.wellcare.wellcare.Models.Comment.commentLikes
2024-05-12T12:06:03.967+03:00 DEBUG 34416 --- [           main] o.h.boot.model.internal.PropertyBinder   : Building property commentLikes
2024-05-12T12:06:03.968+03:00 DEBUG 34416 --- [           main] o.h.boot.model.internal.AnnotatedColumn  : Binding column: AnnotatedColumn()
2024-05-12T12:06:03.968+03:00 DEBUG 34416 --- [           main] o.h.boot.model.internal.PropertyBinder   : MetadataSourceProcessor property content with lazy=false
2024-05-12T12:06:03.968+03:00 DEBUG 34416 --- [           main] o.h.b.m.internal.AbstractPropertyHolder  : Attempting to locate auto-apply AttributeConverter for property [com.wellcare.wellcare.Models.Comment:content]
2024-05-12T12:06:03.968+03:00 DEBUG 34416 --- [           main] o.h.b.model.internal.BasicValueBinder    : building BasicValue for content
2024-05-12T12:06:03.968+03:00 DEBUG 34416 --- [           main] org.hibernate.mapping.BasicValue         : Skipping column re-registration: comment.content
2024-05-12T12:06:03.968+03:00 DEBUG 34416 --- [           main] o.h.boot.model.internal.PropertyBinder   : Building property content
2024-05-12T12:06:03.968+03:00 DEBUG 34416 --- [           main] o.h.boot.model.internal.AnnotatedColumn  : Binding column: AnnotatedColumn(column='created_at')
2024-05-12T12:06:03.968+03:00 DEBUG 34416 --- [           main] o.h.boot.model.internal.PropertyBinder   : MetadataSourceProcessor property createdAt with lazy=false
2024-05-12T12:06:03.968+03:00 DEBUG 34416 --- [           main] o.h.b.m.internal.AbstractPropertyHolder  : Attempting to locate auto-apply AttributeConverter for property [com.wellcare.wellcare.Models.Comment:createdAt]
2024-05-12T12:06:03.968+03:00 DEBUG 34416 --- [           main] o.h.b.model.internal.BasicValueBinder    : building BasicValue for createdAt
2024-05-12T12:06:03.968+03:00 DEBUG 34416 --- [           main] org.hibernate.mapping.BasicValue         : Skipping column re-registration: comment.created_at
2024-05-12T12:06:03.968+03:00 DEBUG 34416 --- [           main] o.h.boot.model.internal.PropertyBinder   : Building property createdAt
2024-05-12T12:06:03.968+03:00 DEBUG 34416 --- [           main] o.h.boot.model.internal.AnnotatedColumn  : Binding column: AnnotatedColumn()
2024-05-12T12:06:03.968+03:00 DEBUG 34416 --- [           main] o.h.boot.model.internal.PropertyBinder   : MetadataSourceProcessor property noOfLikes with lazy=false
2024-05-12T12:06:03.968+03:00 DEBUG 34416 --- [           main] o.h.b.m.internal.AbstractPropertyHolder  : Attempting to locate auto-apply AttributeConverter for property [com.wellcare.wellcare.Models.Comment:noOfLikes]
2024-05-12T12:06:03.968+03:00 DEBUG 34416 --- [           main] o.h.b.model.internal.BasicValueBinder    : building BasicValue for noOfLikes
2024-05-12T12:06:03.968+03:00 DEBUG 34416 --- [           main] org.hibernate.mapping.BasicValue         : Skipping column re-registration: comment.no_of_likes
2024-05-12T12:06:03.968+03:00 DEBUG 34416 --- [           main] o.h.boot.model.internal.PropertyBinder   : Building property noOfLikes
2024-05-12T12:06:03.969+03:00 DEBUG 34416 --- [           main] o.h.boot.model.internal.AnnotatedColumn  : Binding column: AnnotatedJoinColumn(column='user_id')
2024-05-12T12:06:03.969+03:00 DEBUG 34416 --- [           main] o.h.boot.model.internal.AnnotatedColumn  : Binding column: AnnotatedColumn()
2024-05-12T12:06:03.969+03:00 DEBUG 34416 --- [           main] o.h.boot.model.internal.PropertyBinder   : Building property user
2024-05-12T12:06:03.970+03:00 DEBUG 34416 --- [           main] o.h.b.r.c.i.ClassLoaderServiceImpl       : HHH000194: Package not found or wo package-info.java: com.wellcare.wellcare.Models
2024-05-12T12:06:03.971+03:00 DEBUG 34416 --- [           main] o.h.boot.model.internal.EntityBinder     : Binding entity from annotated class: com.wellcare.wellcare.Models.Message
2024-05-12T12:06:03.972+03:00 DEBUG 34416 --- [           main] o.h.boot.model.internal.EntityBinder     : Import with entity name Message
2024-05-12T12:06:03.972+03:00 DEBUG 34416 --- [           main] o.h.boot.model.internal.EntityBinder     : Bind entity com.wellcare.wellcare.Models.Message on table messages
2024-05-12T12:06:03.972+03:00 DEBUG 34416 --- [           main] o.h.boot.model.internal.AnnotatedColumn  : Binding column: AnnotatedDiscriminatorColumn(column='DTYPE')
2024-05-12T12:06:03.973+03:00 DEBUG 34416 --- [           main] o.h.boot.model.internal.AnnotatedColumn  : Binding column: AnnotatedColumn()
2024-05-12T12:06:03.973+03:00 DEBUG 34416 --- [           main] o.h.boot.internal.ClassLoaderAccessImpl  : Not known whether passed class name [com.wellcare.wellcare.Models.Message] is safe
2024-05-12T12:06:03.973+03:00 DEBUG 34416 --- [           main] o.h.boot.internal.ClassLoaderAccessImpl  : No temp ClassLoader provided; using live ClassLoader for loading potentially unsafe class : com.wellcare.wellcare.Models.Message
2024-05-12T12:06:03.973+03:00 DEBUG 34416 --- [           main] o.h.boot.model.internal.PropertyBinder   : MetadataSourceProcessor property id with lazy=false
2024-05-12T12:06:03.973+03:00 DEBUG 34416 --- [           main] o.h.b.m.internal.AbstractPropertyHolder  : Attempting to locate auto-apply AttributeConverter for property [com.wellcare.wellcare.Models.Message:id]
2024-05-12T12:06:03.973+03:00 DEBUG 34416 --- [           main] o.h.b.model.internal.BasicValueBinder    : building BasicValue for id
2024-05-12T12:06:03.974+03:00 DEBUG 34416 --- [           main] org.hibernate.mapping.BasicValue         : Skipping column re-registration: messages.id
2024-05-12T12:06:03.974+03:00 DEBUG 34416 --- [           main] o.h.boot.model.internal.PropertyBinder   : Building property id
2024-05-12T12:06:03.974+03:00 DEBUG 34416 --- [           main] o.h.boot.model.internal.BinderHelper     : #makeIdGenerator(BasicValue([Column(id)]), id, identity, , ...)
2024-05-12T12:06:03.975+03:00 DEBUG 34416 --- [           main] o.h.boot.model.internal.AnnotatedColumn  : Binding column: AnnotatedColumn(column='attachment_url')
2024-05-12T12:06:03.975+03:00 DEBUG 34416 --- [           main] o.h.boot.model.internal.AnnotatedColumn  : Binding column: AnnotatedJoinColumn()
2024-05-12T12:06:03.975+03:00 DEBUG 34416 --- [           main] o.h.boot.model.internal.AnnotatedColumn  : Binding column: IndexColumn(column='attachment_ORDER')
2024-05-12T12:06:03.975+03:00 DEBUG 34416 --- [           main] o.h.boot.model.internal.AnnotatedColumn  : Binding column: AnnotatedColumn(column='attachment_url')
2024-05-12T12:06:03.975+03:00 DEBUG 34416 --- [           main] o.h.boot.model.internal.AnnotatedColumn  : Binding column: AnnotatedColumn(column='attachment_KEY')
2024-05-12T12:06:03.976+03:00 DEBUG 34416 --- [           main] o.h.boot.model.internal.AnnotatedColumn  : Binding column: AnnotatedJoinColumn(column='attachment_KEY')
2024-05-12T12:06:03.976+03:00 DEBUG 34416 --- [           main] o.h.boot.model.internal.AnnotatedColumn  : Binding column: AnnotatedJoinColumn(column='message_id')
2024-05-12T12:06:03.976+03:00 DEBUG 34416 --- [           main] o.h.boot.model.internal.AnnotatedColumn  : Binding column: AnnotatedJoinColumn()
2024-05-12T12:06:03.976+03:00 DEBUG 34416 --- [           main] o.h.b.model.internal.CollectionBinder    : Collection role: com.wellcare.wellcare.Models.Message.attachment
2024-05-12T12:06:03.976+03:00 DEBUG 34416 --- [           main] o.h.boot.model.internal.PropertyBinder   : Building property attachment
2024-05-12T12:06:03.977+03:00 DEBUG 34416 --- [           main] o.h.boot.model.internal.AnnotatedColumn  : Binding column: AnnotatedColumn(column='content')
2024-05-12T12:06:03.977+03:00 DEBUG 34416 --- [           main] o.h.boot.model.internal.PropertyBinder   : MetadataSourceProcessor property content with lazy=false
2024-05-12T12:06:03.977+03:00 DEBUG 34416 --- [           main] o.h.b.m.internal.AbstractPropertyHolder  : Attempting to locate auto-apply AttributeConverter for property [com.wellcare.wellcare.Models.Message:content]
2024-05-12T12:06:03.977+03:00 DEBUG 34416 --- [           main] o.h.b.model.internal.BasicValueBinder    : building BasicValue for content
2024-05-12T12:06:03.977+03:00 DEBUG 34416 --- [           main] org.hibernate.mapping.BasicValue         : Skipping column re-registration: messages.content
2024-05-12T12:06:03.977+03:00 DEBUG 34416 --- [           main] o.h.boot.model.internal.PropertyBinder   : Building property content
2024-05-12T12:06:03.978+03:00 DEBUG 34416 --- [           main] o.h.boot.model.internal.AnnotatedColumn  : Binding column: AnnotatedJoinColumn(column='from_user_id')
2024-05-12T12:06:03.978+03:00 DEBUG 34416 --- [           main] o.h.boot.model.internal.AnnotatedColumn  : Binding column: AnnotatedColumn()
2024-05-12T12:06:03.978+03:00 DEBUG 34416 --- [           main] o.h.boot.model.internal.PropertyBinder   : Building property fromUser
2024-05-12T12:06:03.978+03:00 DEBUG 34416 --- [           main] o.h.boot.model.internal.AnnotatedColumn  : Binding column: AnnotatedColumn(column='status')
2024-05-12T12:06:03.979+03:00 DEBUG 34416 --- [           main] o.h.boot.model.internal.PropertyBinder   : MetadataSourceProcessor property status with lazy=false
2024-05-12T12:06:03.979+03:00 DEBUG 34416 --- [           main] o.h.b.m.internal.AbstractPropertyHolder  : Attempting to locate auto-apply AttributeConverter for property [com.wellcare.wellcare.Models.Message:status]
2024-05-12T12:06:03.979+03:00 DEBUG 34416 --- [           main] o.h.b.model.internal.BasicValueBinder    : building BasicValue for status
2024-05-12T12:06:03.979+03:00 DEBUG 34416 --- [           main] org.hibernate.mapping.BasicValue         : Skipping column re-registration: messages.status
2024-05-12T12:06:03.979+03:00 DEBUG 34416 --- [           main] o.h.boot.model.internal.PropertyBinder   : Building property status
2024-05-12T12:06:03.979+03:00 DEBUG 34416 --- [           main] o.h.boot.model.internal.AnnotatedColumn  : Binding column: AnnotatedColumn(column='time')
2024-05-12T12:06:03.979+03:00 DEBUG 34416 --- [           main] o.h.boot.model.internal.PropertyBinder   : MetadataSourceProcessor property time with lazy=false
2024-05-12T12:06:03.979+03:00 DEBUG 34416 --- [           main] o.h.b.m.internal.AbstractPropertyHolder  : Attempting to locate auto-apply AttributeConverter for property [com.wellcare.wellcare.Models.Message:time]
2024-05-12T12:06:03.979+03:00 DEBUG 34416 --- [           main] o.h.b.model.internal.BasicValueBinder    : building BasicValue for time
2024-05-12T12:06:03.979+03:00 DEBUG 34416 --- [           main] org.hibernate.mapping.BasicValue         : Skipping column re-registration: messages.time
2024-05-12T12:06:03.979+03:00 DEBUG 34416 --- [           main] o.h.boot.model.internal.PropertyBinder   : Building property time
2024-05-12T12:06:03.979+03:00 DEBUG 34416 --- [           main] o.h.boot.model.internal.AnnotatedColumn  : Binding column: AnnotatedJoinColumn(column='to_user_id')
2024-05-12T12:06:03.979+03:00 DEBUG 34416 --- [           main] o.h.boot.model.internal.AnnotatedColumn  : Binding column: AnnotatedColumn()
2024-05-12T12:06:03.979+03:00 DEBUG 34416 --- [           main] o.h.boot.model.internal.PropertyBinder   : Building property toUser
2024-05-12T12:06:03.982+03:00 DEBUG 34416 --- [           main] o.h.b.r.c.i.ClassLoaderServiceImpl       : HHH000194: Package not found or wo package-info.java: com.wellcare.wellcare.Models
2024-05-12T12:06:03.982+03:00 DEBUG 34416 --- [           main] o.h.boot.model.internal.EntityBinder     : Binding entity from annotated class: com.wellcare.wellcare.Models.Post
2024-05-12T12:06:03.983+03:00 DEBUG 34416 --- [           main] o.h.boot.model.internal.EntityBinder     : Import with entity name Post
2024-05-12T12:06:03.983+03:00 DEBUG 34416 --- [           main] o.h.boot.model.internal.EntityBinder     : Bind entity com.wellcare.wellcare.Models.Post on table post
2024-05-12T12:06:03.983+03:00 DEBUG 34416 --- [           main] o.h.boot.model.internal.AnnotatedColumn  : Binding column: AnnotatedDiscriminatorColumn(column='DTYPE')
2024-05-12T12:06:03.984+03:00 DEBUG 34416 --- [           main] o.h.boot.model.internal.AnnotatedColumn  : Binding column: AnnotatedColumn()
2024-05-12T12:06:03.985+03:00 DEBUG 34416 --- [           main] o.h.boot.internal.ClassLoaderAccessImpl  : Not known whether passed class name [com.wellcare.wellcare.Models.Post] is safe
2024-05-12T12:06:03.985+03:00 DEBUG 34416 --- [           main] o.h.boot.internal.ClassLoaderAccessImpl  : No temp ClassLoader provided; using live ClassLoader for loading potentially unsafe class : com.wellcare.wellcare.Models.Post
2024-05-12T12:06:03.985+03:00 DEBUG 34416 --- [           main] o.h.boot.model.internal.PropertyBinder   : MetadataSourceProcessor property id with lazy=false
2024-05-12T12:06:03.985+03:00 DEBUG 34416 --- [           main] o.h.b.m.internal.AbstractPropertyHolder  : Attempting to locate auto-apply AttributeConverter for property [com.wellcare.wellcare.Models.Post:id]
2024-05-12T12:06:03.985+03:00 DEBUG 34416 --- [           main] o.h.b.model.internal.BasicValueBinder    : building BasicValue for id
2024-05-12T12:06:03.985+03:00 DEBUG 34416 --- [           main] org.hibernate.mapping.BasicValue         : Skipping column re-registration: post.id
2024-05-12T12:06:03.985+03:00 DEBUG 34416 --- [           main] o.h.boot.model.internal.PropertyBinder   : Building property id
2024-05-12T12:06:03.985+03:00 DEBUG 34416 --- [           main] o.h.boot.model.internal.BinderHelper     : #makeIdGenerator(BasicValue([Column(id)]), id, org.hibernate.id.enhanced.SequenceStyleGenerator, , ...)
2024-05-12T12:06:03.986+03:00 DEBUG 34416 --- [           main] o.h.boot.model.internal.AnnotatedColumn  : Binding column: AnnotatedColumn(column='attachment_url')
2024-05-12T12:06:03.986+03:00 DEBUG 34416 --- [           main] o.h.boot.model.internal.AnnotatedColumn  : Binding column: AnnotatedJoinColumn()
2024-05-12T12:06:03.986+03:00 DEBUG 34416 --- [           main] o.h.boot.model.internal.AnnotatedColumn  : Binding column: IndexColumn(column='attachment_ORDER')
2024-05-12T12:06:03.986+03:00 DEBUG 34416 --- [           main] o.h.boot.model.internal.AnnotatedColumn  : Binding column: AnnotatedColumn(column='attachment_url')
2024-05-12T12:06:03.986+03:00 DEBUG 34416 --- [           main] o.h.boot.model.internal.AnnotatedColumn  : Binding column: AnnotatedColumn(column='attachment_KEY')
2024-05-12T12:06:03.986+03:00 DEBUG 34416 --- [           main] o.h.boot.model.internal.AnnotatedColumn  : Binding column: AnnotatedJoinColumn(column='attachment_KEY')
2024-05-12T12:06:03.987+03:00 DEBUG 34416 --- [           main] o.h.boot.model.internal.AnnotatedColumn  : Binding column: AnnotatedJoinColumn(column='post_id')
2024-05-12T12:06:03.987+03:00 DEBUG 34416 --- [           main] o.h.boot.model.internal.AnnotatedColumn  : Binding column: AnnotatedJoinColumn()
2024-05-12T12:06:03.987+03:00 DEBUG 34416 --- [           main] o.h.b.model.internal.CollectionBinder    : Collection role: com.wellcare.wellcare.Models.Post.attachment
2024-05-12T12:06:03.987+03:00 DEBUG 34416 --- [           main] o.h.boot.model.internal.PropertyBinder   : Building property attachment
2024-05-12T12:06:03.988+03:00 DEBUG 34416 --- [           main] o.h.boot.model.internal.AnnotatedColumn  : Binding column: AnnotatedJoinColumn()
2024-05-12T12:06:03.988+03:00 DEBUG 34416 --- [           main] o.h.boot.model.internal.AnnotatedColumn  : Binding column: AnnotatedColumn()
2024-05-12T12:06:03.988+03:00 DEBUG 34416 --- [           main] o.h.boot.model.internal.AnnotatedColumn  : Binding column: IndexColumn(column='comments_ORDER')
2024-05-12T12:06:03.988+03:00 DEBUG 34416 --- [           main] o.h.boot.model.internal.AnnotatedColumn  : Binding column: AnnotatedColumn()
2024-05-12T12:06:03.989+03:00 DEBUG 34416 --- [           main] o.h.boot.model.internal.AnnotatedColumn  : Binding column: AnnotatedColumn(column='comments_KEY')
2024-05-12T12:06:03.989+03:00 DEBUG 34416 --- [           main] o.h.boot.model.internal.AnnotatedColumn  : Binding column: AnnotatedJoinColumn(column='comments_KEY')
2024-05-12T12:06:03.989+03:00 DEBUG 34416 --- [           main] o.h.boot.model.internal.AnnotatedColumn  : Binding column: AnnotatedJoinColumn()
2024-05-12T12:06:03.989+03:00 DEBUG 34416 --- [           main] o.h.boot.model.internal.AnnotatedColumn  : Binding column: AnnotatedJoinColumn()
2024-05-12T12:06:03.989+03:00 DEBUG 34416 --- [           main] o.h.b.model.internal.CollectionBinder    : Collection role: com.wellcare.wellcare.Models.Post.comments
2024-05-12T12:06:03.989+03:00 DEBUG 34416 --- [           main] o.h.boot.model.internal.PropertyBinder   : Building property comments
2024-05-12T12:06:03.989+03:00 DEBUG 34416 --- [           main] o.h.boot.model.internal.AnnotatedColumn  : Binding column: AnnotatedColumn()
2024-05-12T12:06:03.989+03:00 DEBUG 34416 --- [           main] o.h.boot.model.internal.PropertyBinder   : MetadataSourceProcessor property content with lazy=false
2024-05-12T12:06:03.990+03:00 DEBUG 34416 --- [           main] o.h.b.m.internal.AbstractPropertyHolder  : Attempting to locate auto-apply AttributeConverter for property [com.wellcare.wellcare.Models.Post:content]
2024-05-12T12:06:03.990+03:00 DEBUG 34416 --- [           main] o.h.b.model.internal.BasicValueBinder    : building BasicValue for content
2024-05-12T12:06:03.990+03:00 DEBUG 34416 --- [           main] org.hibernate.mapping.BasicValue         : Skipping column re-registration: post.content
2024-05-12T12:06:03.990+03:00 DEBUG 34416 --- [           main] o.h.boot.model.internal.PropertyBinder   : Building property content
2024-05-12T12:06:03.990+03:00 DEBUG 34416 --- [           main] o.h.boot.model.internal.AnnotatedColumn  : Binding column: AnnotatedColumn()
2024-05-12T12:06:03.991+03:00 DEBUG 34416 --- [           main] o.h.boot.model.internal.PropertyBinder   : MetadataSourceProcessor property createdAt with lazy=false
2024-05-12T12:06:03.991+03:00 DEBUG 34416 --- [           main] o.h.b.m.internal.AbstractPropertyHolder  : Attempting to locate auto-apply AttributeConverter for property [com.wellcare.wellcare.Models.Post:createdAt]
2024-05-12T12:06:03.991+03:00 DEBUG 34416 --- [           main] o.h.b.model.internal.BasicValueBinder    : building BasicValue for createdAt
2024-05-12T12:06:03.991+03:00 DEBUG 34416 --- [           main] org.hibernate.mapping.BasicValue         : Skipping column re-registration: post.created_at
2024-05-12T12:06:03.991+03:00 DEBUG 34416 --- [           main] o.h.boot.model.internal.PropertyBinder   : Building property createdAt
2024-05-12T12:06:03.991+03:00 DEBUG 34416 --- [           main] o.h.boot.model.internal.AnnotatedColumn  : Binding column: IndexColumn(column='likes_ORDER')
2024-05-12T12:06:03.992+03:00 DEBUG 34416 --- [           main] o.h.boot.model.internal.AnnotatedColumn  : Binding column: AnnotatedColumn()
2024-05-12T12:06:03.992+03:00 DEBUG 34416 --- [           main] o.h.boot.model.internal.AnnotatedColumn  : Binding column: AnnotatedColumn(column='likes_KEY')
2024-05-12T12:06:03.993+03:00 DEBUG 34416 --- [           main] o.h.boot.model.internal.AnnotatedColumn  : Binding column: AnnotatedJoinColumn(column='likes_KEY')
2024-05-12T12:06:03.993+03:00 DEBUG 34416 --- [           main] o.h.boot.model.internal.AnnotatedColumn  : Binding column: AnnotatedJoinColumn(column='post_id')
2024-05-12T12:06:03.993+03:00 DEBUG 34416 --- [           main] o.h.boot.model.internal.AnnotatedColumn  : Binding column: AnnotatedJoinColumn(column='user_id')
2024-05-12T12:06:03.993+03:00 DEBUG 34416 --- [           main] o.h.b.model.internal.CollectionBinder    : Collection role: com.wellcare.wellcare.Models.Post.likes
2024-05-12T12:06:03.993+03:00 DEBUG 34416 --- [           main] o.h.boot.model.internal.PropertyBinder   : Building property likes
2024-05-12T12:06:03.993+03:00 DEBUG 34416 --- [           main] o.h.boot.model.internal.AnnotatedColumn  : Binding column: AnnotatedColumn()
2024-05-12T12:06:03.993+03:00 DEBUG 34416 --- [           main] o.h.boot.model.internal.PropertyBinder   : MetadataSourceProcessor property location with lazy=false
2024-05-12T12:06:03.993+03:00 DEBUG 34416 --- [           main] o.h.b.m.internal.AbstractPropertyHolder  : Attempting to locate auto-apply AttributeConverter for property [com.wellcare.wellcare.Models.Post:location]
2024-05-12T12:06:03.993+03:00 DEBUG 34416 --- [           main] o.h.b.model.internal.BasicValueBinder    : building BasicValue for location
2024-05-12T12:06:03.993+03:00 DEBUG 34416 --- [           main] org.hibernate.mapping.BasicValue         : Skipping column re-registration: post.location
2024-05-12T12:06:03.993+03:00 DEBUG 34416 --- [           main] o.h.boot.model.internal.PropertyBinder   : Building property location
2024-05-12T12:06:03.993+03:00 DEBUG 34416 --- [           main] o.h.boot.model.internal.AnnotatedColumn  : Binding column: AnnotatedColumn()
2024-05-12T12:06:03.993+03:00 DEBUG 34416 --- [           main] o.h.boot.model.internal.PropertyBinder   : MetadataSourceProcessor property noOfComments with lazy=false
2024-05-12T12:06:03.993+03:00 DEBUG 34416 --- [           main] o.h.b.m.internal.AbstractPropertyHolder  : Attempting to locate auto-apply AttributeConverter for property [com.wellcare.wellcare.Models.Post:noOfComments]
2024-05-12T12:06:03.993+03:00 DEBUG 34416 --- [           main] o.h.b.model.internal.BasicValueBinder    : building BasicValue for noOfComments
2024-05-12T12:06:03.993+03:00 DEBUG 34416 --- [           main] org.hibernate.mapping.BasicValue         : Skipping column re-registration: post.no_of_comments
2024-05-12T12:06:03.993+03:00 DEBUG 34416 --- [           main] o.h.boot.model.internal.PropertyBinder   : Building property noOfComments
2024-05-12T12:06:03.993+03:00 DEBUG 34416 --- [           main] o.h.boot.model.internal.AnnotatedColumn  : Binding column: AnnotatedColumn()
2024-05-12T12:06:03.993+03:00 DEBUG 34416 --- [           main] o.h.boot.model.internal.PropertyBinder   : MetadataSourceProcessor property noOfLikes with lazy=false
2024-05-12T12:06:03.993+03:00 DEBUG 34416 --- [           main] o.h.b.m.internal.AbstractPropertyHolder  : Attempting to locate auto-apply AttributeConverter for property [com.wellcare.wellcare.Models.Post:noOfLikes]
2024-05-12T12:06:03.993+03:00 DEBUG 34416 --- [           main] o.h.b.model.internal.BasicValueBinder    : building BasicValue for noOfLikes
2024-05-12T12:06:03.993+03:00 DEBUG 34416 --- [           main] org.hibernate.mapping.BasicValue         : Skipping column re-registration: post.no_of_likes
2024-05-12T12:06:03.994+03:00 DEBUG 34416 --- [           main] o.h.boot.model.internal.PropertyBinder   : Building property noOfLikes
2024-05-12T12:06:03.994+03:00 DEBUG 34416 --- [           main] o.h.boot.model.internal.AnnotatedColumn  : Binding column: AnnotatedJoinColumn(column='user_id')
2024-05-12T12:06:03.994+03:00 DEBUG 34416 --- [           main] o.h.boot.model.internal.AnnotatedColumn  : Binding column: AnnotatedColumn()
2024-05-12T12:06:03.995+03:00 DEBUG 34416 --- [           main] o.h.boot.model.internal.PropertyBinder   : Building property user
2024-05-12T12:06:03.997+03:00 DEBUG 34416 --- [           main] o.h.b.r.c.i.ClassLoaderServiceImpl       : HHH000194: Package not found or wo package-info.java: com.wellcare.wellcare.Models
2024-05-12T12:06:04.000+03:00 DEBUG 34416 --- [           main] o.h.boot.model.internal.EntityBinder     : Binding entity from annotated class: com.wellcare.wellcare.Models.Relationship
2024-05-12T12:06:04.001+03:00 DEBUG 34416 --- [           main] o.h.boot.model.internal.EntityBinder     : Import with entity name Relationship
2024-05-12T12:06:04.001+03:00 DEBUG 34416 --- [           main] o.h.boot.model.internal.EntityBinder     : Bind entity com.wellcare.wellcare.Models.Relationship on table relationship
2024-05-12T12:06:04.001+03:00 DEBUG 34416 --- [           main] o.h.boot.model.internal.AnnotatedColumn  : Binding column: AnnotatedDiscriminatorColumn(column='DTYPE')
2024-05-12T12:06:04.003+03:00 DEBUG 34416 --- [           main] o.h.boot.model.internal.AnnotatedColumn  : Binding column: AnnotatedColumn()
2024-05-12T12:06:04.003+03:00 DEBUG 34416 --- [           main] o.h.boot.internal.ClassLoaderAccessImpl  : Not known whether passed class name [com.wellcare.wellcare.Models.Relationship] is safe
2024-05-12T12:06:04.003+03:00 DEBUG 34416 --- [           main] o.h.boot.internal.ClassLoaderAccessImpl  : No temp ClassLoader provided; using live ClassLoader for loading potentially unsafe class : com.wellcare.wellcare.Models.Relationship
2024-05-12T12:06:04.003+03:00 DEBUG 34416 --- [           main] o.h.boot.model.internal.PropertyBinder   : MetadataSourceProcessor property id with lazy=false
2024-05-12T12:06:04.003+03:00 DEBUG 34416 --- [           main] o.h.b.m.internal.AbstractPropertyHolder  : Attempting to locate auto-apply AttributeConverter for property [com.wellcare.wellcare.Models.Relationship:id]
2024-05-12T12:06:04.003+03:00 DEBUG 34416 --- [           main] o.h.b.model.internal.BasicValueBinder    : building BasicValue for id
2024-05-12T12:06:04.003+03:00 DEBUG 34416 --- [           main] org.hibernate.mapping.BasicValue         : Skipping column re-registration: relationship.id
2024-05-12T12:06:04.003+03:00 DEBUG 34416 --- [           main] o.h.boot.model.internal.PropertyBinder   : Building property id
2024-05-12T12:06:04.003+03:00 DEBUG 34416 --- [           main] o.h.boot.model.internal.BinderHelper     : #makeIdGenerator(BasicValue([Column(id)]), id, identity, , ...)
2024-05-12T12:06:04.004+03:00 DEBUG 34416 --- [           main] o.h.boot.model.internal.AnnotatedColumn  : Binding column: AnnotatedJoinColumn(column='action_user_id',referencedColumn='id')
2024-05-12T12:06:04.004+03:00 DEBUG 34416 --- [           main] o.h.boot.model.internal.AnnotatedColumn  : Binding column: AnnotatedColumn()
2024-05-12T12:06:04.004+03:00 DEBUG 34416 --- [           main] o.h.boot.model.internal.PropertyBinder   : Building property actionUser
2024-05-12T12:06:04.004+03:00 DEBUG 34416 --- [           main] o.h.boot.model.internal.AnnotatedColumn  : Binding column: AnnotatedColumn(column='status')
2024-05-12T12:06:04.004+03:00 DEBUG 34416 --- [           main] o.h.boot.model.internal.PropertyBinder   : MetadataSourceProcessor property status with lazy=false
2024-05-12T12:06:04.004+03:00 DEBUG 34416 --- [           main] o.h.b.m.internal.AbstractPropertyHolder  : Attempting to locate auto-apply AttributeConverter for property [com.wellcare.wellcare.Models.Relationship:status]
2024-05-12T12:06:04.004+03:00 DEBUG 34416 --- [           main] o.h.b.model.internal.BasicValueBinder    : building BasicValue for status
2024-05-12T12:06:04.005+03:00 DEBUG 34416 --- [           main] org.hibernate.mapping.BasicValue         : Skipping column re-registration: relationship.status
2024-05-12T12:06:04.005+03:00 DEBUG 34416 --- [           main] o.h.boot.model.internal.PropertyBinder   : Building property status
2024-05-12T12:06:04.005+03:00 DEBUG 34416 --- [           main] o.h.boot.model.internal.AnnotatedColumn  : Binding column: AnnotatedColumn(column='time')
2024-05-12T12:06:04.005+03:00 DEBUG 34416 --- [           main] o.h.boot.model.internal.PropertyBinder   : MetadataSourceProcessor property time with lazy=false
2024-05-12T12:06:04.005+03:00 DEBUG 34416 --- [           main] o.h.b.m.internal.AbstractPropertyHolder  : Attempting to locate auto-apply AttributeConverter for property [com.wellcare.wellcare.Models.Relationship:time]
2024-05-12T12:06:04.005+03:00 DEBUG 34416 --- [           main] o.h.b.model.internal.BasicValueBinder    : building BasicValue for time
2024-05-12T12:06:04.005+03:00 DEBUG 34416 --- [           main] org.hibernate.mapping.BasicValue         : Skipping column re-registration: relationship.time
2024-05-12T12:06:04.005+03:00 DEBUG 34416 --- [           main] o.h.boot.model.internal.PropertyBinder   : Building property time
2024-05-12T12:06:04.005+03:00 DEBUG 34416 --- [           main] o.h.boot.model.internal.AnnotatedColumn  : Binding column: AnnotatedJoinColumn(column='user_one_id',referencedColumn='id')
2024-05-12T12:06:04.005+03:00 DEBUG 34416 --- [           main] o.h.boot.model.internal.AnnotatedColumn  : Binding column: AnnotatedColumn()
2024-05-12T12:06:04.005+03:00 DEBUG 34416 --- [           main] o.h.boot.model.internal.PropertyBinder   : Building property userOne
2024-05-12T12:06:04.006+03:00 DEBUG 34416 --- [           main] o.h.boot.model.internal.AnnotatedColumn  : Binding column: AnnotatedJoinColumn(column='user_two_id',referencedColumn='id')
2024-05-12T12:06:04.006+03:00 DEBUG 34416 --- [           main] o.h.boot.model.internal.AnnotatedColumn  : Binding column: AnnotatedColumn()
2024-05-12T12:06:04.006+03:00 DEBUG 34416 --- [           main] o.h.boot.model.internal.PropertyBinder   : Building property userTwo
2024-05-12T12:06:04.007+03:00 DEBUG 34416 --- [           main] o.h.b.r.c.i.ClassLoaderServiceImpl       : HHH000194: Package not found or wo package-info.java: com.wellcare.wellcare.Models
2024-05-12T12:06:04.010+03:00 DEBUG 34416 --- [           main] o.h.boot.model.internal.EntityBinder     : Binding entity from annotated class: com.wellcare.wellcare.Models.User
2024-05-12T12:06:04.011+03:00 DEBUG 34416 --- [           main] o.h.boot.model.internal.EntityBinder     : Import with entity name User
2024-05-12T12:06:04.011+03:00 DEBUG 34416 --- [           main] o.h.boot.model.internal.EntityBinder     : Bind entity com.wellcare.wellcare.Models.User on table user
2024-05-12T12:06:04.012+03:00 DEBUG 34416 --- [           main] o.h.boot.model.internal.AnnotatedColumn  : Binding column: AnnotatedDiscriminatorColumn(column='DTYPE')
2024-05-12T12:06:04.012+03:00 DEBUG 34416 --- [           main] o.h.boot.model.internal.AnnotatedColumn  : Binding column: AnnotatedColumn()
2024-05-12T12:06:04.012+03:00 DEBUG 34416 --- [           main] o.h.boot.internal.ClassLoaderAccessImpl  : Not known whether passed class name [com.wellcare.wellcare.Models.User] is safe
2024-05-12T12:06:04.012+03:00 DEBUG 34416 --- [           main] o.h.boot.internal.ClassLoaderAccessImpl  : No temp ClassLoader provided; using live ClassLoader for loading potentially unsafe class : com.wellcare.wellcare.Models.User
2024-05-12T12:06:04.012+03:00 DEBUG 34416 --- [           main] o.h.boot.model.internal.PropertyBinder   : MetadataSourceProcessor property id with lazy=false
2024-05-12T12:06:04.012+03:00 DEBUG 34416 --- [           main] o.h.b.m.internal.AbstractPropertyHolder  : Attempting to locate auto-apply AttributeConverter for property [com.wellcare.wellcare.Models.User:id]
2024-05-12T12:06:04.012+03:00 DEBUG 34416 --- [           main] o.h.b.model.internal.BasicValueBinder    : building BasicValue for id
2024-05-12T12:06:04.012+03:00 DEBUG 34416 --- [           main] org.hibernate.mapping.BasicValue         : Skipping column re-registration: user.id
2024-05-12T12:06:04.012+03:00 DEBUG 34416 --- [           main] o.h.boot.model.internal.PropertyBinder   : Building property id
2024-05-12T12:06:04.012+03:00 DEBUG 34416 --- [           main] o.h.boot.model.internal.BinderHelper     : #makeIdGenerator(BasicValue([Column(id)]), id, org.hibernate.id.enhanced.SequenceStyleGenerator, , ...)
2024-05-12T12:06:04.012+03:00 DEBUG 34416 --- [           main] o.h.boot.model.internal.AnnotatedColumn  : Binding column: AnnotatedColumn()
2024-05-12T12:06:04.012+03:00 DEBUG 34416 --- [           main] o.h.boot.model.internal.PropertyBinder   : MetadataSourceProcessor property attachment with lazy=false
2024-05-12T12:06:04.012+03:00 DEBUG 34416 --- [           main] o.h.b.m.internal.AbstractPropertyHolder  : Attempting to locate auto-apply AttributeConverter for property [com.wellcare.wellcare.Models.User:attachment]
2024-05-12T12:06:04.012+03:00 DEBUG 34416 --- [           main] o.h.b.model.internal.BasicValueBinder    : building BasicValue for attachment
2024-05-12T12:06:04.012+03:00 DEBUG 34416 --- [           main] org.hibernate.mapping.BasicValue         : Skipping column re-registration: user.attachment
2024-05-12T12:06:04.012+03:00 DEBUG 34416 --- [           main] o.h.boot.model.internal.PropertyBinder   : Building property attachment
2024-05-12T12:06:04.012+03:00 DEBUG 34416 --- [           main] o.h.boot.model.internal.AnnotatedColumn  : Binding column: AnnotatedColumn()
2024-05-12T12:06:04.012+03:00 DEBUG 34416 --- [           main] o.h.boot.model.internal.PropertyBinder   : MetadataSourceProcessor property bio with lazy=false
2024-05-12T12:06:04.012+03:00 DEBUG 34416 --- [           main] o.h.b.m.internal.AbstractPropertyHolder  : Attempting to locate auto-apply AttributeConverter for property [com.wellcare.wellcare.Models.User:bio]
2024-05-12T12:06:04.012+03:00 DEBUG 34416 --- [           main] o.h.b.model.internal.BasicValueBinder    : building BasicValue for bio
2024-05-12T12:06:04.012+03:00 DEBUG 34416 --- [           main] org.hibernate.mapping.BasicValue         : Skipping column re-registration: user.bio
2024-05-12T12:06:04.012+03:00 DEBUG 34416 --- [           main] o.h.boot.model.internal.PropertyBinder   : Building property bio
2024-05-12T12:06:04.012+03:00 DEBUG 34416 --- [           main] o.h.boot.model.internal.AnnotatedColumn  : Binding column: AnnotatedColumn()
2024-05-12T12:06:04.012+03:00 DEBUG 34416 --- [           main] o.h.boot.model.internal.PropertyBinder   : MetadataSourceProcessor property degree with lazy=false
2024-05-12T12:06:04.012+03:00 DEBUG 34416 --- [           main] o.h.b.m.internal.AbstractPropertyHolder  : Attempting to locate auto-apply AttributeConverter for property [com.wellcare.wellcare.Models.User:degree]
2024-05-12T12:06:04.012+03:00 DEBUG 34416 --- [           main] o.h.b.model.internal.BasicValueBinder    : building BasicValue for degree
2024-05-12T12:06:04.012+03:00 DEBUG 34416 --- [           main] org.hibernate.mapping.BasicValue         : Skipping column re-registration: user.degree
2024-05-12T12:06:04.012+03:00 DEBUG 34416 --- [           main] o.h.boot.model.internal.PropertyBinder   : Building property degree
2024-05-12T12:06:04.012+03:00 DEBUG 34416 --- [           main] o.h.boot.model.internal.AnnotatedColumn  : Binding column: AnnotatedColumn()
2024-05-12T12:06:04.012+03:00 DEBUG 34416 --- [           main] o.h.boot.model.internal.PropertyBinder   : MetadataSourceProcessor property email with lazy=false
2024-05-12T12:06:04.012+03:00 DEBUG 34416 --- [           main] o.h.b.m.internal.AbstractPropertyHolder  : Attempting to locate auto-apply AttributeConverter for property [com.wellcare.wellcare.Models.User:email]
2024-05-12T12:06:04.012+03:00 DEBUG 34416 --- [           main] o.h.b.model.internal.BasicValueBinder    : building BasicValue for email
2024-05-12T12:06:04.012+03:00 DEBUG 34416 --- [           main] org.hibernate.mapping.BasicValue         : Skipping column re-registration: user.email
2024-05-12T12:06:04.012+03:00 DEBUG 34416 --- [           main] o.h.boot.model.internal.PropertyBinder   : Building property email
2024-05-12T12:06:04.012+03:00 DEBUG 34416 --- [           main] o.h.boot.model.internal.AnnotatedColumn  : Binding column: IndexColumn(column='friends_ORDER')
2024-05-12T12:06:04.017+03:00 DEBUG 34416 --- [           main] o.h.boot.model.internal.AnnotatedColumn  : Binding column: AnnotatedColumn()
2024-05-12T12:06:04.017+03:00 DEBUG 34416 --- [           main] o.h.boot.model.internal.AnnotatedColumn  : Binding column: AnnotatedColumn(column='friends_KEY')
2024-05-12T12:06:04.017+03:00 DEBUG 34416 --- [           main] o.h.boot.model.internal.AnnotatedColumn  : Binding column: AnnotatedJoinColumn(column='friends_KEY')
2024-05-12T12:06:04.017+03:00 DEBUG 34416 --- [           main] o.h.boot.model.internal.AnnotatedColumn  : Binding column: AnnotatedJoinColumn(column='user_id')
2024-05-12T12:06:04.017+03:00 DEBUG 34416 --- [           main] o.h.boot.model.internal.AnnotatedColumn  : Binding column: AnnotatedJoinColumn(column='friend_id')
2024-05-12T12:06:04.017+03:00 DEBUG 34416 --- [           main] o.h.b.model.internal.CollectionBinder    : Collection role: com.wellcare.wellcare.Models.User.friends
2024-05-12T12:06:04.017+03:00 DEBUG 34416 --- [           main] o.h.boot.model.internal.PropertyBinder   : Building property friends
2024-05-12T12:06:04.018+03:00 DEBUG 34416 --- [           main] o.h.boot.model.internal.AnnotatedColumn  : Binding column: AnnotatedColumn()
2024-05-12T12:06:04.018+03:00 DEBUG 34416 --- [           main] o.h.boot.model.internal.PropertyBinder   : MetadataSourceProcessor property friendsNumber with lazy=false
2024-05-12T12:06:04.018+03:00 DEBUG 34416 --- [           main] o.h.b.m.internal.AbstractPropertyHolder  : Attempting to locate auto-apply AttributeConverter for property [com.wellcare.wellcare.Models.User:friendsNumber]
2024-05-12T12:06:04.018+03:00 DEBUG 34416 --- [           main] o.h.b.model.internal.BasicValueBinder    : building BasicValue for friendsNumber
2024-05-12T12:06:04.018+03:00 DEBUG 34416 --- [           main] org.hibernate.mapping.BasicValue         : Skipping column re-registration: user.friends_number
2024-05-12T12:06:04.018+03:00 DEBUG 34416 --- [           main] o.h.boot.model.internal.PropertyBinder   : Building property friendsNumber
2024-05-12T12:06:04.018+03:00 DEBUG 34416 --- [           main] o.h.boot.model.internal.AnnotatedColumn  : Binding column: AnnotatedColumn()
2024-05-12T12:06:04.018+03:00 DEBUG 34416 --- [           main] o.h.boot.model.internal.PropertyBinder   : MetadataSourceProcessor property gender with lazy=false
2024-05-12T12:06:04.018+03:00 DEBUG 34416 --- [           main] o.h.b.m.internal.AbstractPropertyHolder  : Attempting to locate auto-apply AttributeConverter for property [com.wellcare.wellcare.Models.User:gender]
2024-05-12T12:06:04.018+03:00 DEBUG 34416 --- [           main] o.h.b.model.internal.BasicValueBinder    : building BasicValue for gender
2024-05-12T12:06:04.018+03:00 DEBUG 34416 --- [           main] org.hibernate.mapping.BasicValue         : Skipping column re-registration: user.gender
2024-05-12T12:06:04.018+03:00 DEBUG 34416 --- [           main] o.h.boot.model.internal.PropertyBinder   : Building property gender
2024-05-12T12:06:04.018+03:00 DEBUG 34416 --- [           main] o.h.boot.model.internal.AnnotatedColumn  : Binding column: AnnotatedColumn()
2024-05-12T12:06:04.018+03:00 DEBUG 34416 --- [           main] o.h.boot.model.internal.PropertyBinder   : MetadataSourceProcessor property image with lazy=false
2024-05-12T12:06:04.018+03:00 DEBUG 34416 --- [           main] o.h.b.m.internal.AbstractPropertyHolder  : Attempting to locate auto-apply AttributeConverter for property [com.wellcare.wellcare.Models.User:image]
2024-05-12T12:06:04.018+03:00 DEBUG 34416 --- [           main] o.h.b.model.internal.BasicValueBinder    : building BasicValue for image
2024-05-12T12:06:04.018+03:00 DEBUG 34416 --- [           main] org.hibernate.mapping.BasicValue         : Skipping column re-registration: user.image
2024-05-12T12:06:04.018+03:00 DEBUG 34416 --- [           main] o.h.boot.model.internal.PropertyBinder   : Building property image
2024-05-12T12:06:04.018+03:00 DEBUG 34416 --- [           main] o.h.boot.model.internal.AnnotatedColumn  : Binding column: AnnotatedColumn()
2024-05-12T12:06:04.018+03:00 DEBUG 34416 --- [           main] o.h.boot.model.internal.PropertyBinder   : MetadataSourceProcessor property mobile with lazy=false
2024-05-12T12:06:04.018+03:00 DEBUG 34416 --- [           main] o.h.b.m.internal.AbstractPropertyHolder  : Attempting to locate auto-apply AttributeConverter for property [com.wellcare.wellcare.Models.User:mobile]
2024-05-12T12:06:04.018+03:00 DEBUG 34416 --- [           main] o.h.b.model.internal.BasicValueBinder    : building BasicValue for mobile
2024-05-12T12:06:04.018+03:00 DEBUG 34416 --- [           main] org.hibernate.mapping.BasicValue         : Skipping column re-registration: user.mobile
2024-05-12T12:06:04.018+03:00 DEBUG 34416 --- [           main] o.h.boot.model.internal.PropertyBinder   : Building property mobile
2024-05-12T12:06:04.018+03:00 DEBUG 34416 --- [           main] o.h.boot.model.internal.AnnotatedColumn  : Binding column: AnnotatedColumn()
2024-05-12T12:06:04.018+03:00 DEBUG 34416 --- [           main] o.h.boot.model.internal.PropertyBinder   : MetadataSourceProcessor property name with lazy=false
2024-05-12T12:06:04.018+03:00 DEBUG 34416 --- [           main] o.h.b.m.internal.AbstractPropertyHolder  : Attempting to locate auto-apply AttributeConverter for property [com.wellcare.wellcare.Models.User:name]
2024-05-12T12:06:04.018+03:00 DEBUG 34416 --- [           main] o.h.b.model.internal.BasicValueBinder    : building BasicValue for name
2024-05-12T12:06:04.018+03:00 DEBUG 34416 --- [           main] org.hibernate.mapping.BasicValue         : Skipping column re-registration: user.name
2024-05-12T12:06:04.018+03:00 DEBUG 34416 --- [           main] o.h.boot.model.internal.PropertyBinder   : Building property name
2024-05-12T12:06:04.018+03:00 DEBUG 34416 --- [           main] o.h.boot.model.internal.AnnotatedColumn  : Binding column: AnnotatedColumn()
2024-05-12T12:06:04.018+03:00 DEBUG 34416 --- [           main] o.h.boot.model.internal.PropertyBinder   : MetadataSourceProcessor property password with lazy=false
2024-05-12T12:06:04.018+03:00 DEBUG 34416 --- [           main] o.h.b.m.internal.AbstractPropertyHolder  : Attempting to locate auto-apply AttributeConverter for property [com.wellcare.wellcare.Models.User:password]
2024-05-12T12:06:04.018+03:00 DEBUG 34416 --- [           main] o.h.b.model.internal.BasicValueBinder    : building BasicValue for password
2024-05-12T12:06:04.018+03:00 DEBUG 34416 --- [           main] org.hibernate.mapping.BasicValue         : Skipping column re-registration: user.password
2024-05-12T12:06:04.018+03:00 DEBUG 34416 --- [           main] o.h.boot.model.internal.PropertyBinder   : Building property password
2024-05-12T12:06:04.018+03:00 DEBUG 34416 --- [           main] o.h.boot.model.internal.AnnotatedColumn  : Binding column: AnnotatedColumn()
2024-05-12T12:06:04.018+03:00 DEBUG 34416 --- [           main] o.h.boot.model.internal.PropertyBinder   : MetadataSourceProcessor property role with lazy=false
2024-05-12T12:06:04.018+03:00 DEBUG 34416 --- [           main] o.h.b.m.internal.AbstractPropertyHolder  : Attempting to locate auto-apply AttributeConverter for property [com.wellcare.wellcare.Models.User:role]
2024-05-12T12:06:04.018+03:00 DEBUG 34416 --- [           main] o.h.b.model.internal.BasicValueBinder    : building BasicValue for role
2024-05-12T12:06:04.018+03:00 DEBUG 34416 --- [           main] org.hibernate.mapping.BasicValue         : Skipping column re-registration: user.role
2024-05-12T12:06:04.018+03:00 DEBUG 34416 --- [           main] o.h.boot.model.internal.PropertyBinder   : Building property role
2024-05-12T12:06:04.018+03:00 DEBUG 34416 --- [           main] o.h.boot.model.internal.AnnotatedColumn  : Binding column: IndexColumn(column='savedPost_ORDER')
2024-05-12T12:06:04.018+03:00 DEBUG 34416 --- [           main] o.h.boot.model.internal.AnnotatedColumn  : Binding column: AnnotatedColumn()
2024-05-12T12:06:04.018+03:00 DEBUG 34416 --- [           main] o.h.boot.model.internal.AnnotatedColumn  : Binding column: AnnotatedColumn(column='savedPost_KEY')
2024-05-12T12:06:04.018+03:00 DEBUG 34416 --- [           main] o.h.boot.model.internal.AnnotatedColumn  : Binding column: AnnotatedJoinColumn(column='savedPost_KEY')
2024-05-12T12:06:04.018+03:00 DEBUG 34416 --- [           main] o.h.boot.model.internal.AnnotatedColumn  : Binding column: AnnotatedJoinColumn(column='user_id')
2024-05-12T12:06:04.018+03:00 DEBUG 34416 --- [           main] o.h.boot.model.internal.AnnotatedColumn  : Binding column: AnnotatedJoinColumn(column='post_id')
2024-05-12T12:06:04.018+03:00 DEBUG 34416 --- [           main] o.h.b.model.internal.CollectionBinder    : Collection role: com.wellcare.wellcare.Models.User.savedPost
2024-05-12T12:06:04.018+03:00 DEBUG 34416 --- [           main] o.h.boot.model.internal.PropertyBinder   : Building property savedPost
2024-05-12T12:06:04.018+03:00 DEBUG 34416 --- [           main] o.h.boot.model.internal.AnnotatedColumn  : Binding column: AnnotatedColumn()
2024-05-12T12:06:04.018+03:00 DEBUG 34416 --- [           main] o.h.boot.model.internal.PropertyBinder   : MetadataSourceProcessor property specialty with lazy=false
2024-05-12T12:06:04.018+03:00 DEBUG 34416 --- [           main] o.h.b.m.internal.AbstractPropertyHolder  : Attempting to locate auto-apply AttributeConverter for property [com.wellcare.wellcare.Models.User:specialty]
2024-05-12T12:06:04.018+03:00 DEBUG 34416 --- [           main] o.h.b.model.internal.BasicValueBinder    : building BasicValue for specialty
2024-05-12T12:06:04.018+03:00 DEBUG 34416 --- [           main] org.hibernate.mapping.BasicValue         : Skipping column re-registration: user.specialty
2024-05-12T12:06:04.018+03:00 DEBUG 34416 --- [           main] o.h.boot.model.internal.PropertyBinder   : Building property specialty
2024-05-12T12:06:04.018+03:00 DEBUG 34416 --- [           main] o.h.boot.model.internal.AnnotatedColumn  : Binding column: AnnotatedColumn()
2024-05-12T12:06:04.018+03:00 DEBUG 34416 --- [           main] o.h.boot.model.internal.PropertyBinder   : MetadataSourceProcessor property username with lazy=false
2024-05-12T12:06:04.018+03:00 DEBUG 34416 --- [           main] o.h.b.m.internal.AbstractPropertyHolder  : Attempting to locate auto-apply AttributeConverter for property [com.wellcare.wellcare.Models.User:username]
2024-05-12T12:06:04.018+03:00 DEBUG 34416 --- [           main] o.h.b.model.internal.BasicValueBinder    : building BasicValue for username
2024-05-12T12:06:04.018+03:00 DEBUG 34416 --- [           main] org.hibernate.mapping.BasicValue         : Skipping column re-registration: user.username
2024-05-12T12:06:04.018+03:00 DEBUG 34416 --- [           main] o.h.boot.model.internal.PropertyBinder   : Building property username
2024-05-12T12:06:04.027+03:00 DEBUG 34416 --- [           main] o.h.b.r.c.i.ClassLoaderServiceImpl       : HHH000194: Package not found or wo package-info.java: com.wellcare.wellcare.Models
2024-05-12T12:06:04.027+03:00 DEBUG 34416 --- [           main] o.h.b.model.internal.BasicValueBinder    : Starting `BasicValueBinder#fillSimpleValue` for id
2024-05-12T12:06:04.027+03:00 DEBUG 34416 --- [           main] o.h.b.model.internal.BasicValueBinder    : Starting `BasicValueBinder#fillSimpleValue` for attachment
2024-05-12T12:06:04.027+03:00 DEBUG 34416 --- [           main] o.h.b.model.internal.BasicValueBinder    : Starting `BasicValueBinder#fillSimpleValue` for content
2024-05-12T12:06:04.027+03:00 DEBUG 34416 --- [           main] o.h.b.model.internal.BasicValueBinder    : Starting `BasicValueBinder#fillSimpleValue` for createdAt
2024-05-12T12:06:04.027+03:00 DEBUG 34416 --- [           main] o.h.b.model.internal.BasicValueBinder    : Starting `BasicValueBinder#fillSimpleValue` for noOfLikes
2024-05-12T12:06:04.027+03:00 DEBUG 34416 --- [           main] o.h.b.model.internal.BasicValueBinder    : Starting `BasicValueBinder#fillSimpleValue` for id
2024-05-12T12:06:04.027+03:00 DEBUG 34416 --- [           main] o.h.b.model.internal.BasicValueBinder    : Starting `BasicValueBinder#fillSimpleValue` for content
2024-05-12T12:06:04.027+03:00 DEBUG 34416 --- [           main] o.h.b.model.internal.BasicValueBinder    : Starting `BasicValueBinder#fillSimpleValue` for status
2024-05-12T12:06:04.027+03:00 DEBUG 34416 --- [           main] o.h.b.model.internal.BasicValueBinder    : Starting `BasicValueBinder#fillSimpleValue` for time
2024-05-12T12:06:04.027+03:00 DEBUG 34416 --- [           main] o.h.b.model.internal.BasicValueBinder    : Starting `BasicValueBinder#fillSimpleValue` for id
2024-05-12T12:06:04.027+03:00 DEBUG 34416 --- [           main] o.h.b.model.internal.BasicValueBinder    : Starting `BasicValueBinder#fillSimpleValue` for content
2024-05-12T12:06:04.027+03:00 DEBUG 34416 --- [           main] o.h.b.model.internal.BasicValueBinder    : Starting `BasicValueBinder#fillSimpleValue` for createdAt
2024-05-12T12:06:04.027+03:00 DEBUG 34416 --- [           main] o.h.b.model.internal.BasicValueBinder    : Starting `BasicValueBinder#fillSimpleValue` for location
2024-05-12T12:06:04.027+03:00 DEBUG 34416 --- [           main] o.h.b.model.internal.BasicValueBinder    : Starting `BasicValueBinder#fillSimpleValue` for noOfComments
2024-05-12T12:06:04.027+03:00 DEBUG 34416 --- [           main] o.h.b.model.internal.BasicValueBinder    : Starting `BasicValueBinder#fillSimpleValue` for noOfLikes
2024-05-12T12:06:04.027+03:00 DEBUG 34416 --- [           main] o.h.b.model.internal.BasicValueBinder    : Starting `BasicValueBinder#fillSimpleValue` for id
2024-05-12T12:06:04.027+03:00 DEBUG 34416 --- [           main] o.h.b.model.internal.BasicValueBinder    : Starting `BasicValueBinder#fillSimpleValue` for status
2024-05-12T12:06:04.027+03:00 DEBUG 34416 --- [           main] o.h.b.model.internal.BasicValueBinder    : Starting `BasicValueBinder#fillSimpleValue` for time
2024-05-12T12:06:04.027+03:00 DEBUG 34416 --- [           main] o.h.b.model.internal.BasicValueBinder    : Starting `BasicValueBinder#fillSimpleValue` for id
2024-05-12T12:06:04.027+03:00 DEBUG 34416 --- [           main] o.h.b.model.internal.BasicValueBinder    : Starting `BasicValueBinder#fillSimpleValue` for attachment
2024-05-12T12:06:04.027+03:00 DEBUG 34416 --- [           main] o.h.b.model.internal.BasicValueBinder    : Starting `BasicValueBinder#fillSimpleValue` for bio
2024-05-12T12:06:04.027+03:00 DEBUG 34416 --- [           main] o.h.b.model.internal.BasicValueBinder    : Starting `BasicValueBinder#fillSimpleValue` for degree
2024-05-12T12:06:04.027+03:00 DEBUG 34416 --- [           main] o.h.b.model.internal.BasicValueBinder    : Starting `BasicValueBinder#fillSimpleValue` for email
2024-05-12T12:06:04.027+03:00 DEBUG 34416 --- [           main] o.h.b.model.internal.BasicValueBinder    : Starting `BasicValueBinder#fillSimpleValue` for friendsNumber
2024-05-12T12:06:04.027+03:00 DEBUG 34416 --- [           main] o.h.b.model.internal.BasicValueBinder    : Starting `BasicValueBinder#fillSimpleValue` for gender
2024-05-12T12:06:04.027+03:00 DEBUG 34416 --- [           main] o.h.b.model.internal.BasicValueBinder    : Starting `BasicValueBinder#fillSimpleValue` for image
2024-05-12T12:06:04.027+03:00 DEBUG 34416 --- [           main] o.h.b.model.internal.BasicValueBinder    : Starting `BasicValueBinder#fillSimpleValue` for mobile
2024-05-12T12:06:04.027+03:00 DEBUG 34416 --- [           main] o.h.b.model.internal.BasicValueBinder    : Starting `BasicValueBinder#fillSimpleValue` for name
2024-05-12T12:06:04.027+03:00 DEBUG 34416 --- [           main] o.h.b.model.internal.BasicValueBinder    : Starting `BasicValueBinder#fillSimpleValue` for password
2024-05-12T12:06:04.027+03:00 DEBUG 34416 --- [           main] o.h.b.model.internal.BasicValueBinder    : Starting `BasicValueBinder#fillSimpleValue` for role
2024-05-12T12:06:04.027+03:00 DEBUG 34416 --- [           main] o.h.b.model.internal.BasicValueBinder    : Starting `BasicValueBinder#fillSimpleValue` for specialty
2024-05-12T12:06:04.027+03:00 DEBUG 34416 --- [           main] o.h.b.model.internal.BasicValueBinder    : Starting `BasicValueBinder#fillSimpleValue` for username
2024-05-12T12:06:04.031+03:00 DEBUG 34416 --- [           main] org.hibernate.mapping.PrimaryKey         : Forcing column [id] to be non-null as it is part of the primary key for table [comment]
2024-05-12T12:06:04.032+03:00 DEBUG 34416 --- [           main] org.hibernate.mapping.PrimaryKey         : Forcing column [id] to be non-null as it is part of the primary key for table [messages]
2024-05-12T12:06:04.032+03:00 DEBUG 34416 --- [           main] org.hibernate.mapping.PrimaryKey         : Forcing column [id] to be non-null as it is part of the primary key for table [post]
2024-05-12T12:06:04.032+03:00 DEBUG 34416 --- [           main] org.hibernate.mapping.PrimaryKey         : Forcing column [id] to be non-null as it is part of the primary key for table [relationship]
2024-05-12T12:06:04.032+03:00 DEBUG 34416 --- [           main] org.hibernate.mapping.PrimaryKey         : Forcing column [id] to be non-null as it is part of the primary key for table [user]
2024-05-12T12:06:04.032+03:00 DEBUG 34416 --- [           main] o.h.b.m.internal.CollectionSecondPass    : Second pass for collection: com.wellcare.wellcare.Models.User.savedPost
2024-05-12T12:06:04.032+03:00 DEBUG 34416 --- [           main] o.h.b.model.internal.CollectionBinder    : Binding a ManyToMany: com.wellcare.wellcare.Models.User.savedPost
2024-05-12T12:06:04.032+03:00 DEBUG 34416 --- [           main] o.h.b.r.c.i.ClassLoaderServiceImpl       : HHH000194: Package not found or wo package-info.java: com.wellcare.wellcare.Models
2024-05-12T12:06:04.032+03:00 DEBUG 34416 --- [           main] o.h.b.m.internal.CollectionSecondPass    : Mapped collection key: user_id, element: post_id
2024-05-12T12:06:04.032+03:00 DEBUG 34416 --- [           main] o.h.b.m.internal.CollectionSecondPass    : Second pass for collection: com.wellcare.wellcare.Models.User.friends
2024-05-12T12:06:04.032+03:00 DEBUG 34416 --- [           main] o.h.b.model.internal.CollectionBinder    : Binding a ManyToMany: com.wellcare.wellcare.Models.User.friends
2024-05-12T12:06:04.032+03:00 DEBUG 34416 --- [           main] o.h.b.r.c.i.ClassLoaderServiceImpl       : HHH000194: Package not found or wo package-info.java: com.wellcare.wellcare.Models
2024-05-12T12:06:04.032+03:00 DEBUG 34416 --- [           main] o.h.b.m.internal.CollectionSecondPass    : Mapped collection key: user_id, element: friend_id
2024-05-12T12:06:04.032+03:00 DEBUG 34416 --- [           main] o.h.b.m.internal.CollectionSecondPass    : Second pass for collection: com.wellcare.wellcare.Models.Post.likes
2024-05-12T12:06:04.032+03:00 DEBUG 34416 --- [           main] o.h.b.model.internal.CollectionBinder    : Binding a ManyToMany: com.wellcare.wellcare.Models.Post.likes
2024-05-12T12:06:04.032+03:00 DEBUG 34416 --- [           main] o.h.b.r.c.i.ClassLoaderServiceImpl       : HHH000194: Package not found or wo package-info.java: com.wellcare.wellcare.Models
2024-05-12T12:06:04.032+03:00 DEBUG 34416 --- [           main] org.hibernate.mapping.PrimaryKey         : Forcing column [post_id] to be non-null as it is part of the primary key for table [post_likes]
2024-05-12T12:06:04.032+03:00 DEBUG 34416 --- [           main] org.hibernate.mapping.PrimaryKey         : Forcing column [user_id] to be non-null as it is part of the primary key for table [post_likes]
2024-05-12T12:06:04.032+03:00 DEBUG 34416 --- [           main] o.h.b.m.internal.CollectionSecondPass    : Mapped collection key: post_id, element: user_id
2024-05-12T12:06:04.032+03:00 DEBUG 34416 --- [           main] o.h.b.m.internal.CollectionSecondPass    : Second pass for collection: com.wellcare.wellcare.Models.Post.comments
2024-05-12T12:06:04.032+03:00 DEBUG 34416 --- [           main] o.h.b.model.internal.CollectionBinder    : Binding a OneToMany: com.wellcare.wellcare.Models.Post.comments through an association table
2024-05-12T12:06:04.037+03:00 DEBUG 34416 --- [           main] o.h.b.r.c.i.ClassLoaderServiceImpl       : HHH000194: Package not found or wo package-info.java: com.wellcare.wellcare.Models
2024-05-12T12:06:04.037+03:00 DEBUG 34416 --- [           main] o.h.b.m.internal.CollectionSecondPass    : Mapped collection key: post_id, element: comments_id
2024-05-12T12:06:04.038+03:00 DEBUG 34416 --- [           main] o.h.b.m.internal.CollectionSecondPass    : Second pass for collection: com.wellcare.wellcare.Models.Post.attachment
2024-05-12T12:06:04.038+03:00 DEBUG 34416 --- [           main] o.h.b.model.internal.CollectionBinder    : Binding a collection of element: com.wellcare.wellcare.Models.Post.attachment
2024-05-12T12:06:04.038+03:00 DEBUG 34416 --- [           main] o.h.b.r.c.i.ClassLoaderServiceImpl       : HHH000194: Package not found or wo package-info.java: com.wellcare.wellcare.Models
2024-05-12T12:06:04.038+03:00 DEBUG 34416 --- [           main] o.h.b.m.i.CollectionPropertyHolder       : Attempting to locate auto-apply AttributeConverter for collection element [com.wellcare.wellcare.Models.Post.attachment]
2024-05-12T12:06:04.038+03:00 DEBUG 34416 --- [           main] o.h.b.model.internal.BasicValueBinder    : building BasicValue for null
2024-05-12T12:06:04.038+03:00 DEBUG 34416 --- [           main] org.hibernate.mapping.BasicValue         : Skipping column re-registration: post_attachment.attachment_url
2024-05-12T12:06:04.038+03:00 DEBUG 34416 --- [           main] o.h.b.model.internal.BasicValueBinder    : Starting `BasicValueBinder#fillSimpleValue` for null
2024-05-12T12:06:04.038+03:00 DEBUG 34416 --- [           main] o.h.b.m.internal.CollectionSecondPass    : Mapped collection key: post_id, element: attachment_url
2024-05-12T12:06:04.038+03:00 DEBUG 34416 --- [           main] o.h.b.m.internal.CollectionSecondPass    : Second pass for collection: com.wellcare.wellcare.Models.Message.attachment
2024-05-12T12:06:04.038+03:00 DEBUG 34416 --- [           main] o.h.b.model.internal.CollectionBinder    : Binding a collection of element: com.wellcare.wellcare.Models.Message.attachment
2024-05-12T12:06:04.042+03:00 DEBUG 34416 --- [           main] o.h.b.r.c.i.ClassLoaderServiceImpl       : HHH000194: Package not found or wo package-info.java: com.wellcare.wellcare.Models
2024-05-12T12:06:04.042+03:00 DEBUG 34416 --- [           main] o.h.b.m.i.CollectionPropertyHolder       : Attempting to locate auto-apply AttributeConverter for collection element [com.wellcare.wellcare.Models.Message.attachment]
2024-05-12T12:06:04.042+03:00 DEBUG 34416 --- [           main] o.h.b.model.internal.BasicValueBinder    : building BasicValue for null
2024-05-12T12:06:04.042+03:00 DEBUG 34416 --- [           main] org.hibernate.mapping.BasicValue         : Skipping column re-registration: message_attachment.attachment_url
2024-05-12T12:06:04.042+03:00 DEBUG 34416 --- [           main] o.h.b.model.internal.BasicValueBinder    : Starting `BasicValueBinder#fillSimpleValue` for null
2024-05-12T12:06:04.042+03:00 DEBUG 34416 --- [           main] o.h.b.m.internal.CollectionSecondPass    : Mapped collection key: message_id, element: attachment_url
2024-05-12T12:06:04.042+03:00 DEBUG 34416 --- [           main] o.h.b.m.internal.CollectionSecondPass    : Second pass for collection: com.wellcare.wellcare.Models.Comment.commentLikes
2024-05-12T12:06:04.042+03:00 DEBUG 34416 --- [           main] o.h.b.model.internal.CollectionBinder    : Binding a ManyToMany: com.wellcare.wellcare.Models.Comment.commentLikes
2024-05-12T12:06:04.042+03:00 DEBUG 34416 --- [           main] o.h.b.r.c.i.ClassLoaderServiceImpl       : HHH000194: Package not found or wo package-info.java: com.wellcare.wellcare.Models
2024-05-12T12:06:04.042+03:00 DEBUG 34416 --- [           main] org.hibernate.mapping.PrimaryKey         : Forcing column [comment_id] to be non-null as it is part of the primary key for table [comment_likes]
2024-05-12T12:06:04.042+03:00 DEBUG 34416 --- [           main] org.hibernate.mapping.PrimaryKey         : Forcing column [user_id] to be non-null as it is part of the primary key for table [comment_likes]
2024-05-12T12:06:04.042+03:00 DEBUG 34416 --- [           main] o.h.b.m.internal.CollectionSecondPass    : Mapped collection key: comment_id, element: user_id
2024-05-12T12:06:04.042+03:00 DEBUG 34416 --- [           main] o.h.b.i.InFlightMetadataCollectorImpl    : Resolving reference to class: com.wellcare.wellcare.Models.User
2024-05-12T12:06:04.042+03:00 DEBUG 34416 --- [           main] o.h.b.i.InFlightMetadataCollectorImpl    : Resolving reference to class: com.wellcare.wellcare.Models.User
2024-05-12T12:06:04.042+03:00 DEBUG 34416 --- [           main] o.h.b.i.InFlightMetadataCollectorImpl    : Resolving reference to class: com.wellcare.wellcare.Models.Comment
2024-05-12T12:06:04.042+03:00 DEBUG 34416 --- [           main] o.h.b.i.InFlightMetadataCollectorImpl    : Resolving reference to class: com.wellcare.wellcare.Models.Message
2024-05-12T12:06:04.044+03:00 DEBUG 34416 --- [           main] o.h.b.i.InFlightMetadataCollectorImpl    : Resolving reference to class: com.wellcare.wellcare.Models.User
2024-05-12T12:06:04.044+03:00 DEBUG 34416 --- [           main] o.h.b.i.InFlightMetadataCollectorImpl    : Resolving reference to class: com.wellcare.wellcare.Models.User
2024-05-12T12:06:04.044+03:00 DEBUG 34416 --- [           main] o.h.b.i.InFlightMetadataCollectorImpl    : Resolving reference to class: com.wellcare.wellcare.Models.User
2024-05-12T12:06:04.044+03:00 DEBUG 34416 --- [           main] o.h.b.i.InFlightMetadataCollectorImpl    : Resolving reference to class: com.wellcare.wellcare.Models.Post
2024-05-12T12:06:04.044+03:00 DEBUG 34416 --- [           main] o.h.b.i.InFlightMetadataCollectorImpl    : Resolving reference to class: com.wellcare.wellcare.Models.Comment
2024-05-12T12:06:04.044+03:00 DEBUG 34416 --- [           main] o.h.b.i.InFlightMetadataCollectorImpl    : Resolving reference to class: com.wellcare.wellcare.Models.Post
2024-05-12T12:06:04.045+03:00 DEBUG 34416 --- [           main] o.h.b.i.InFlightMetadataCollectorImpl    : Resolving reference to class: com.wellcare.wellcare.Models.User
2024-05-12T12:06:04.045+03:00 DEBUG 34416 --- [           main] o.h.b.i.InFlightMetadataCollectorImpl    : Resolving reference to class: com.wellcare.wellcare.Models.Post
2024-05-12T12:06:04.045+03:00 DEBUG 34416 --- [           main] o.h.b.i.InFlightMetadataCollectorImpl    : Resolving reference to class: com.wellcare.wellcare.Models.User
2024-05-12T12:06:04.045+03:00 DEBUG 34416 --- [           main] o.h.b.i.InFlightMetadataCollectorImpl    : Resolving reference to class: com.wellcare.wellcare.Models.User
2024-05-12T12:06:04.045+03:00 DEBUG 34416 --- [           main] o.h.b.i.InFlightMetadataCollectorImpl    : Resolving reference to class: com.wellcare.wellcare.Models.User
2024-05-12T12:06:04.045+03:00 DEBUG 34416 --- [           main] o.h.b.i.InFlightMetadataCollectorImpl    : Resolving reference to class: com.wellcare.wellcare.Models.User
2024-05-12T12:06:04.045+03:00 DEBUG 34416 --- [           main] o.h.b.i.InFlightMetadataCollectorImpl    : Resolving reference to class: com.wellcare.wellcare.Models.User
2024-05-12T12:06:04.045+03:00 DEBUG 34416 --- [           main] o.h.b.i.InFlightMetadataCollectorImpl    : Resolving reference to class: com.wellcare.wellcare.Models.Post
2024-05-12T12:06:04.045+03:00 DEBUG 34416 --- [           main] o.h.b.i.InFlightMetadataCollectorImpl    : Resolving reference to class: com.wellcare.wellcare.Models.User
2024-05-12T12:06:04.051+03:00 DEBUG 34416 --- [           main] o.h.b.i.InFlightMetadataCollectorImpl    : Resolving reference to class: com.wellcare.wellcare.Models.User
2024-05-12T12:06:04.051+03:00 DEBUG 34416 --- [           main] o.h.b.i.InFlightMetadataCollectorImpl    : Resolving reference to class: com.wellcare.wellcare.Models.User
2024-05-12T12:06:04.051+03:00 DEBUG 34416 --- [           main] o.h.b.i.InFlightMetadataCollectorImpl    : Resolving reference to class: com.wellcare.wellcare.Models.Comment
2024-05-12T12:06:04.051+03:00 DEBUG 34416 --- [           main] o.h.b.i.InFlightMetadataCollectorImpl    : Resolving reference to class: com.wellcare.wellcare.Models.Message
2024-05-12T12:06:04.051+03:00 DEBUG 34416 --- [           main] o.h.b.i.InFlightMetadataCollectorImpl    : Resolving reference to class: com.wellcare.wellcare.Models.User
2024-05-12T12:06:04.051+03:00 DEBUG 34416 --- [           main] o.h.b.i.InFlightMetadataCollectorImpl    : Resolving reference to class: com.wellcare.wellcare.Models.User
2024-05-12T12:06:04.051+03:00 DEBUG 34416 --- [           main] o.h.b.i.InFlightMetadataCollectorImpl    : Resolving reference to class: com.wellcare.wellcare.Models.User
2024-05-12T12:06:04.051+03:00 DEBUG 34416 --- [           main] o.h.b.i.InFlightMetadataCollectorImpl    : Resolving reference to class: com.wellcare.wellcare.Models.Post
2024-05-12T12:06:04.051+03:00 DEBUG 34416 --- [           main] o.h.b.i.InFlightMetadataCollectorImpl    : Resolving reference to class: com.wellcare.wellcare.Models.Comment
2024-05-12T12:06:04.051+03:00 DEBUG 34416 --- [           main] o.h.b.i.InFlightMetadataCollectorImpl    : Resolving reference to class: com.wellcare.wellcare.Models.Post
2024-05-12T12:06:04.051+03:00 DEBUG 34416 --- [           main] o.h.b.i.InFlightMetadataCollectorImpl    : Resolving reference to class: com.wellcare.wellcare.Models.User
2024-05-12T12:06:04.052+03:00 DEBUG 34416 --- [           main] o.h.b.i.InFlightMetadataCollectorImpl    : Resolving reference to class: com.wellcare.wellcare.Models.Post
2024-05-12T12:06:04.052+03:00 DEBUG 34416 --- [           main] o.h.b.i.InFlightMetadataCollectorImpl    : Resolving reference to class: com.wellcare.wellcare.Models.User
2024-05-12T12:06:04.052+03:00 DEBUG 34416 --- [           main] o.h.b.i.InFlightMetadataCollectorImpl    : Resolving reference to class: com.wellcare.wellcare.Models.User
2024-05-12T12:06:04.052+03:00 DEBUG 34416 --- [           main] o.h.b.i.InFlightMetadataCollectorImpl    : Resolving reference to class: com.wellcare.wellcare.Models.User
2024-05-12T12:06:04.052+03:00 DEBUG 34416 --- [           main] o.h.b.i.InFlightMetadataCollectorImpl    : Resolving reference to class: com.wellcare.wellcare.Models.User
2024-05-12T12:06:04.052+03:00 DEBUG 34416 --- [           main] o.h.b.i.InFlightMetadataCollectorImpl    : Resolving reference to class: com.wellcare.wellcare.Models.User
2024-05-12T12:06:04.053+03:00 DEBUG 34416 --- [           main] o.h.b.i.InFlightMetadataCollectorImpl    : Resolving reference to class: com.wellcare.wellcare.Models.Post
2024-05-12T12:06:04.053+03:00 DEBUG 34416 --- [           main] o.h.b.i.InFlightMetadataCollectorImpl    : Resolving reference to class: com.wellcare.wellcare.Models.User
2024-05-12T12:06:04.067+03:00 DEBUG 34416 --- [           main] o.hibernate.internal.SessionFactoryImpl  : Building session factory
2024-05-12T12:06:04.067+03:00 DEBUG 34416 --- [           main] .h.s.i.SessionFactoryServiceRegistryImpl : EventListenerRegistry access via ServiceRegistry is deprecated.  Use `sessionFactory.getEventEngine().getListenerRegistry()` instead
2024-05-12T12:06:04.067+03:00 DEBUG 34416 --- [           main] o.hibernate.internal.SessionFactoryImpl  : Instantiating SessionFactory with settings: {java.specification.version=21, sun.cpu.isalist=amd64, hibernate.resource.beans.container=org.springframework.orm.hibernate5.SpringBeanContainer@315d19f1, hibernate.connection.handling_mode=DELAYED_ACQUISITION_AND_HOLD, sun.jnu.encoding=Cp1252, hibernate.dialect=org.hibernate.dialect.MySQL8Dialect, hibernate.implicit_naming_strategy=org.springframework.boot.orm.jpa.hibernate.SpringImplicitNamingStrategy, java.class.path=C:\Users\ASUS\OneDrive\Desktop\SOA\project-wellcare\target\test-classes;C:\Users\ASUS\OneDrive\Desktop\SOA\project-wellcare\target\classes;C:\Users\ASUS\.m2\repository\org\springframework\boot\spring-boot-starter-actuator\3.2.3\spring-boot-starter-actuator-3.2.3.jar;C:\Users\ASUS\.m2\repository\org\springframework\boot\spring-boot-starter\3.2.3\spring-boot-starter-3.2.3.jar;C:\Users\ASUS\.m2\repository\org\springframework\boot\spring-boot\3.2.3\spring-boot-3.2.3.jar;C:\Users\ASUS\.m2\repository\org\springframework\boot\spring-boot-autoconfigure\3.2.3\spring-boot-autoconfigure-3.2.3.jar;C:\Users\ASUS\.m2\repository\org\springframework\boot\spring-boot-starter-logging\3.2.3\spring-boot-starter-logging-3.2.3.jar;C:\Users\ASUS\.m2\repository\ch\qos\logback\logback-classic\1.4.14\logback-classic-1.4.14.jar;C:\Users\ASUS\.m2\repository\ch\qos\logback\logback-core\1.4.14\logback-core-1.4.14.jar;C:\Users\ASUS\.m2\repository\org\apache\logging\log4j\log4j-to-slf4j\2.21.1\log4j-to-slf4j-2.21.1.jar;C:\Users\ASUS\.m2\repository\org\apache\logging\log4j\log4j-api\2.21.1\log4j-api-2.21.1.jar;C:\Users\ASUS\.m2\repository\org\slf4j\jul-to-slf4j\2.0.12\jul-to-slf4j-2.0.12.jar;C:\Users\ASUS\.m2\repository\jakarta\annotation\jakarta.annotation-api\2.1.1\jakarta.annotation-api-2.1.1.jar;C:\Users\ASUS\.m2\repository\org\yaml\snakeyaml\2.2\snakeyaml-2.2.jar;C:\Users\ASUS\.m2\repository\org\springframework\boot\spring-boot-actuator-autoconfigure\3.2.3\spring-boot-actuator-autoconfigure-3.2.3.jar;C:\Users\ASUS\.m2\repository\org\springframework\boot\spring-boot-actuator\3.2.3\spring-boot-actuator-3.2.3.jar;C:\Users\ASUS\.m2\repository\io\micrometer\micrometer-observation\1.12.3\micrometer-observation-1.12.3.jar;C:\Users\ASUS\.m2\repository\io\micrometer\micrometer-commons\1.12.3\micrometer-commons-1.12.3.jar;C:\Users\ASUS\.m2\repository\io\micrometer\micrometer-jakarta9\1.12.3\micrometer-jakarta9-1.12.3.jar;C:\Users\ASUS\.m2\repository\io\micrometer\micrometer-core\1.12.3\micrometer-core-1.12.3.jar;C:\Users\ASUS\.m2\repository\org\hdrhistogram\HdrHistogram\2.1.12\HdrHistogram-2.1.12.jar;C:\Users\ASUS\.m2\repository\org\latencyutils\LatencyUtils\2.0.3\LatencyUtils-2.0.3.jar;C:\Users\ASUS\.m2\repository\io\jsonwebtoken\jjwt-api\0.11.2\jjwt-api-0.11.2.jar;C:\Users\ASUS\.m2\repository\org\springframework\boot\spring-boot-starter-validation\3.2.3\spring-boot-starter-validation-3.2.3.jar;C:\Users\ASUS\.m2\repository\org\apache\tomcat\embed\tomcat-embed-el\10.1.19\tomcat-embed-el-10.1.19.jar;C:\Users\ASUS\.m2\repository\org\hibernate\validator\hibernate-validator\8.0.1.Final\hibernate-validator-8.0.1.Final.jar;C:\Users\ASUS\.m2\repository\jakarta\validation\jakarta.validation-api\3.0.2\jakarta.validation-api-3.0.2.jar;C:\Users\ASUS\.m2\repository\org\jboss\logging\jboss-logging\3.5.3.Final\jboss-logging-3.5.3.Final.jar;C:\Users\ASUS\.m2\repository\com\fasterxml\classmate\1.6.0\classmate-1.6.0.jar;C:\Users\ASUS\.m2\repository\org\springframework\security\spring-security-test\6.2.2\spring-security-test-6.2.2.jar;C:\Users\ASUS\.m2\repository\org\springframework\security\spring-security-core\6.2.2\spring-security-core-6.2.2.jar;C:\Users\ASUS\.m2\repository\org\springframework\security\spring-security-crypto\6.2.2\spring-security-crypto-6.2.2.jar;C:\Users\ASUS\.m2\repository\org\springframework\spring-expression\6.1.4\spring-expression-6.1.4.jar;C:\Users\ASUS\.m2\repository\org\springframework\security\spring-security-web\6.2.2\spring-security-web-6.2.2.jar;C:\Users\ASUS\.m2\repository\org\springframework\spring-core\6.1.4\spring-core-6.1.4.jar;C:\Users\ASUS\.m2\repository\org\springframework\spring-jcl\6.1.4\spring-jcl-6.1.4.jar;C:\Users\ASUS\.m2\repository\org\springframework\spring-test\6.1.4\spring-test-6.1.4.jar;C:\Users\ASUS\.m2\repository\com\fasterxml\jackson\datatype\jackson-datatype-jsr310\2.15.4\jackson-datatype-jsr310-2.15.4.jar;C:\Users\ASUS\.m2\repository\com\fasterxml\jackson\core\jackson-annotations\2.15.4\jackson-annotations-2.15.4.jar;C:\Users\ASUS\.m2\repository\com\fasterxml\jackson\core\jackson-core\2.15.4\jackson-core-2.15.4.jar;C:\Users\ASUS\.m2\repository\com\fasterxml\jackson\core\jackson-databind\2.15.4\jackson-databind-2.15.4.jar;C:\Users\ASUS\.m2\repository\io\jsonwebtoken\jjwt-impl\0.11.2\jjwt-impl-0.11.2.jar;C:\Users\ASUS\.m2\repository\io\jsonwebtoken\jjwt-jackson\0.11.2\jjwt-jackson-0.11.2.jar;C:\Users\ASUS\.m2\repository\javax\validation\validation-api\2.0.1.Final\validation-api-2.0.1.Final.jar;C:\Users\ASUS\.m2\repository\org\springframework\boot\spring-boot-starter-security\3.2.3\spring-boot-starter-security-3.2.3.jar;C:\Users\ASUS\.m2\repository\org\springframework\spring-aop\6.1.4\spring-aop-6.1.4.jar;C:\Users\ASUS\.m2\repository\org\springframework\boot\spring-boot-starter-data-jpa\3.2.3\spring-boot-starter-data-jpa-3.2.3.jar;C:\Users\ASUS\.m2\repository\org\springframework\boot\spring-boot-starter-aop\3.2.3\spring-boot-starter-aop-3.2.3.jar;C:\Users\ASUS\.m2\repository\org\aspectj\aspectjweaver\1.9.21\aspectjweaver-1.9.21.jar;C:\Users\ASUS\.m2\repository\org\springframework\boot\spring-boot-starter-jdbc\3.2.3\spring-boot-starter-jdbc-3.2.3.jar;C:\Users\ASUS\.m2\repository\com\zaxxer\HikariCP\5.0.1\HikariCP-5.0.1.jar;C:\Users\ASUS\.m2\repository\org\springframework\spring-jdbc\6.1.4\spring-jdbc-6.1.4.jar;C:\Users\ASUS\.m2\repository\org\hibernate\orm\hibernate-core\6.4.4.Final\hibernate-core-6.4.4.Final.jar;C:\Users\ASUS\.m2\repository\jakarta\persistence\jakarta.persistence-api\3.1.0\jakarta.persistence-api-3.1.0.jar;C:\Users\ASUS\.m2\repository\jakarta\transaction\jakarta.transaction-api\2.0.1\jakarta.transaction-api-2.0.1.jar;C:\Users\ASUS\.m2\repository\org\hibernate\common\hibernate-commons-annotations\6.0.6.Final\hibernate-commons-annotations-6.0.6.Final.jar;C:\Users\ASUS\.m2\repository\io\smallrye\jandex\3.1.2\jandex-3.1.2.jar;C:\Users\ASUS\.m2\repository\net\bytebuddy\byte-buddy\1.14.12\byte-buddy-1.14.12.jar;C:\Users\ASUS\.m2\repository\org\glassfish\jaxb\jaxb-runtime\4.0.4\jaxb-runtime-4.0.4.jar;C:\Users\ASUS\.m2\repository\org\glassfish\jaxb\jaxb-core\4.0.4\jaxb-core-4.0.4.jar;C:\Users\ASUS\.m2\repository\org\eclipse\angus\angus-activation\2.0.1\angus-activation-2.0.1.jar;C:\Users\ASUS\.m2\repository\org\glassfish\jaxb\txw2\4.0.4\txw2-4.0.4.jar;C:\Users\ASUS\.m2\repository\com\sun\istack\istack-commons-runtime\4.1.2\istack-commons-runtime-4.1.2.jar;C:\Users\ASUS\.m2\repository\jakarta\inject\jakarta.inject-api\2.0.1\jakarta.inject-api-2.0.1.jar;C:\Users\ASUS\.m2\repository\org\antlr\antlr4-runtime\4.13.0\antlr4-runtime-4.13.0.jar;C:\Users\ASUS\.m2\repository\org\springframework\data\spring-data-jpa\3.2.3\spring-data-jpa-3.2.3.jar;C:\Users\ASUS\.m2\repository\org\springframework\data\spring-data-commons\3.2.3\spring-data-commons-3.2.3.jar;C:\Users\ASUS\.m2\repository\org\springframework\spring-orm\6.1.4\spring-orm-6.1.4.jar;C:\Users\ASUS\.m2\repository\org\springframework\spring-tx\6.1.4\spring-tx-6.1.4.jar;C:\Users\ASUS\.m2\repository\org\slf4j\slf4j-api\2.0.12\slf4j-api-2.0.12.jar;C:\Users\ASUS\.m2\repository\org\springframework\spring-aspects\6.1.4\spring-aspects-6.1.4.jar;C:\Users\ASUS\.m2\repository\org\springframework\boot\spring-boot-starter-web\3.2.3\spring-boot-starter-web-3.2.3.jar;C:\Users\ASUS\.m2\repository\org\springframework\boot\spring-boot-starter-json\3.2.3\spring-boot-starter-json-3.2.3.jar;C:\Users\ASUS\.m2\repository\com\fasterxml\jackson\datatype\jackson-datatype-jdk8\2.15.4\jackson-datatype-jdk8-2.15.4.jar;C:\Users\ASUS\.m2\repository\com\fasterxml\jackson\module\jackson-module-parameter-names\2.15.4\jackson-module-parameter-names-2.15.4.jar;C:\Users\ASUS\.m2\repository\org\springframework\boot\spring-boot-starter-tomcat\3.2.3\spring-boot-starter-tomcat-3.2.3.jar;C:\Users\ASUS\.m2\repository\org\apache\tomcat\embed\tomcat-embed-core\10.1.19\tomcat-embed-core-10.1.19.jar;C:\Users\ASUS\.m2\repository\org\apache\tomcat\embed\tomcat-embed-websocket\10.1.19\tomcat-embed-websocket-10.1.19.jar;C:\Users\ASUS\.m2\repository\org\springframework\spring-web\6.1.4\spring-web-6.1.4.jar;C:\Users\ASUS\.m2\repository\org\springframework\spring-webmvc\6.1.4\spring-webmvc-6.1.4.jar;C:\Users\ASUS\.m2\repository\com\h2database\h2\2.2.224\h2-2.2.224.jar;C:\Users\ASUS\.m2\repository\org\springframework\boot\spring-boot-starter-hateoas\3.2.3\spring-boot-starter-hateoas-3.2.3.jar;C:\Users\ASUS\.m2\repository\org\springframework\hateoas\spring-hateoas\2.2.0\spring-hateoas-2.2.0.jar;C:\Users\ASUS\.m2\repository\org\springframework\plugin\spring-plugin-core\3.0.0\spring-plugin-core-3.0.0.jar;C:\Users\ASUS\.m2\repository\org\springframework\boot\spring-boot-starter-test\3.2.3\spring-boot-starter-test-3.2.3.jar;C:\Users\ASUS\.m2\repository\org\springframework\boot\spring-boot-test\3.2.3\spring-boot-test-3.2.3.jar;C:\Users\ASUS\.m2\repository\org\springframework\boot\spring-boot-test-autoconfigure\3.2.3\spring-boot-test-autoconfigure-3.2.3.jar;C:\Users\ASUS\.m2\repository\com\jayway\jsonpath\json-path\2.9.0\json-path-2.9.0.jar;C:\Users\ASUS\.m2\repository\jakarta\xml\bind\jakarta.xml.bind-api\4.0.1\jakarta.xml.bind-api-4.0.1.jar;C:\Users\ASUS\.m2\repository\jakarta\activation\jakarta.activation-api\2.1.2\jakarta.activation-api-2.1.2.jar;C:\Users\ASUS\.m2\repository\net\minidev\json-smart\2.5.0\json-smart-2.5.0.jar;C:\Users\ASUS\.m2\repository\net\minidev\accessors-smart\2.5.0\accessors-smart-2.5.0.jar;C:\Users\ASUS\.m2\repository\org\ow2\asm\asm\9.3\asm-9.3.jar;C:\Users\ASUS\.m2\repository\org\assertj\assertj-core\3.24.2\assertj-core-3.24.2.jar;C:\Users\ASUS\.m2\repository\org\awaitility\awaitility\4.2.0\awaitility-4.2.0.jar;C:\Users\ASUS\.m2\repository\org\hamcrest\hamcrest\2.2\hamcrest-2.2.jar;C:\Users\ASUS\.m2\repository\org\junit\jupiter\junit-jupiter\5.10.2\junit-jupiter-5.10.2.jar;C:\Users\ASUS\.m2\repository\org\junit\jupiter\junit-jupiter-api\5.10.2\junit-jupiter-api-5.10.2.jar;C:\Users\ASUS\.m2\repository\org\opentest4j\opentest4j\1.3.0\opentest4j-1.3.0.jar;C:\Users\ASUS\.m2\repository\org\junit\platform\junit-platform-commons\1.10.2\junit-platform-commons-1.10.2.jar;C:\Users\ASUS\.m2\repository\org\apiguardian\apiguardian-api\1.1.2\apiguardian-api-1.1.2.jar;C:\Users\ASUS\.m2\repository\org\junit\jupiter\junit-jupiter-params\5.10.2\junit-jupiter-params-5.10.2.jar;C:\Users\ASUS\.m2\repository\org\junit\jupiter\junit-jupiter-engine\5.10.2\junit-jupiter-engine-5.10.2.jar;C:\Users\ASUS\.m2\repository\org\junit\platform\junit-platform-engine\1.10.2\junit-platform-engine-1.10.2.jar;C:\Users\ASUS\.m2\repository\org\mockito\mockito-core\5.7.0\mockito-core-5.7.0.jar;C:\Users\ASUS\.m2\repository\net\bytebuddy\byte-buddy-agent\1.14.12\byte-buddy-agent-1.14.12.jar;C:\Users\ASUS\.m2\repository\org\objenesis\objenesis\3.3\objenesis-3.3.jar;C:\Users\ASUS\.m2\repository\org\mockito\mockito-junit-jupiter\5.7.0\mockito-junit-jupiter-5.7.0.jar;C:\Users\ASUS\.m2\repository\org\skyscreamer\jsonassert\1.5.1\jsonassert-1.5.1.jar;C:\Users\ASUS\.m2\repository\com\vaadin\external\google\android-json\0.0.20131108.vaadin1\android-json-0.0.20131108.vaadin1.jar;C:\Users\ASUS\.m2\repository\org\xmlunit\xmlunit-core\2.9.1\xmlunit-core-2.9.1.jar;C:\Users\ASUS\.m2\repository\org\springframework\security\spring-security-config\6.2.2\spring-security-config-6.2.2.jar;C:\Users\ASUS\.m2\repository\org\springframework\spring-beans\6.1.4\spring-beans-6.1.4.jar;C:\Users\ASUS\.m2\repository\org\springframework\spring-context\6.1.4\spring-context-6.1.4.jar;C:\Users\ASUS\.m2\repository\org\projectlombok\lombok\1.18.30\lombok-1.18.30.jar;C:\Users\ASUS\.m2\repository\com\mysql\mysql-connector-j\8.3.0\mysql-connector-j-8.3.0.jar;C:\Users\ASUS\.m2\repository\commons-io\commons-io\2.16.1\commons-io-2.16.1.jar;, java.vm.vendor=Oracle Corporation, sun.arch.data.model=64, user.variant=, java.vendor.url=https://java.oracle.com/, user.timezone=Asia/Hebron, jakarta.persistence.sharedCache.mode=UNSPECIFIED, org.jboss.logging.provider=slf4j, java.vm.specification.version=21, os.name=Windows 11, jakarta.persistence.nonJtaDataSource=HikariDataSource (HikariPool-2), sun.java.launcher=SUN_STANDARD, user.country=US, sun.boot.library.path=C:\Program Files\jdk-21\bin, sun.java.command=C:\Users\ASUS\AppData\Local\Temp\surefire2365373271555695673\surefirebooter-20240512120553428_3.jar C:\Users\ASUS\AppData\Local\Temp\surefire2365373271555695673 2024-05-12T12-05-53_288-jvmRun1 surefire-20240512120553428_1tmp surefire_0-20240512120553428_2tmp, javax.persistence.nonJtaDataSource=HikariDataSource (HikariPool-2), hibernate.transaction.jta.platform=org.hibernate.engine.transaction.jta.platform.internal.NoJtaPlatform@4a5b9e6b, jdk.debug=release, surefire.test.class.path=C:\Users\ASUS\OneDrive\Desktop\SOA\project-wellcare\target\test-classes;C:\Users\ASUS\OneDrive\Desktop\SOA\project-wellcare\target\classes;C:\Users\ASUS\.m2\repository\org\springframework\boot\spring-boot-starter-actuator\3.2.3\spring-boot-starter-actuator-3.2.3.jar;C:\Users\ASUS\.m2\repository\org\springframework\boot\spring-boot-starter\3.2.3\spring-boot-starter-3.2.3.jar;C:\Users\ASUS\.m2\repository\org\springframework\boot\spring-boot\3.2.3\spring-boot-3.2.3.jar;C:\Users\ASUS\.m2\repository\org\springframework\boot\spring-boot-autoconfigure\3.2.3\spring-boot-autoconfigure-3.2.3.jar;C:\Users\ASUS\.m2\repository\org\springframework\boot\spring-boot-starter-logging\3.2.3\spring-boot-starter-logging-3.2.3.jar;C:\Users\ASUS\.m2\repository\ch\qos\logback\logback-classic\1.4.14\logback-classic-1.4.14.jar;C:\Users\ASUS\.m2\repository\ch\qos\logback\logback-core\1.4.14\logback-core-1.4.14.jar;C:\Users\ASUS\.m2\repository\org\apache\logging\log4j\log4j-to-slf4j\2.21.1\log4j-to-slf4j-2.21.1.jar;C:\Users\ASUS\.m2\repository\org\apache\logging\log4j\log4j-api\2.21.1\log4j-api-2.21.1.jar;C:\Users\ASUS\.m2\repository\org\slf4j\jul-to-slf4j\2.0.12\jul-to-slf4j-2.0.12.jar;C:\Users\ASUS\.m2\repository\jakarta\annotation\jakarta.annotation-api\2.1.1\jakarta.annotation-api-2.1.1.jar;C:\Users\ASUS\.m2\repository\org\yaml\snakeyaml\2.2\snakeyaml-2.2.jar;C:\Users\ASUS\.m2\repository\org\springframework\boot\spring-boot-actuator-autoconfigure\3.2.3\spring-boot-actuator-autoconfigure-3.2.3.jar;C:\Users\ASUS\.m2\repository\org\springframework\boot\spring-boot-actuator\3.2.3\spring-boot-actuator-3.2.3.jar;C:\Users\ASUS\.m2\repository\io\micrometer\micrometer-observation\1.12.3\micrometer-observation-1.12.3.jar;C:\Users\ASUS\.m2\repository\io\micrometer\micrometer-commons\1.12.3\micrometer-commons-1.12.3.jar;C:\Users\ASUS\.m2\repository\io\micrometer\micrometer-jakarta9\1.12.3\micrometer-jakarta9-1.12.3.jar;C:\Users\ASUS\.m2\repository\io\micrometer\micrometer-core\1.12.3\micrometer-core-1.12.3.jar;C:\Users\ASUS\.m2\repository\org\hdrhistogram\HdrHistogram\2.1.12\HdrHistogram-2.1.12.jar;C:\Users\ASUS\.m2\repository\org\latencyutils\LatencyUtils\2.0.3\LatencyUtils-2.0.3.jar;C:\Users\ASUS\.m2\repository\io\jsonwebtoken\jjwt-api\0.11.2\jjwt-api-0.11.2.jar;C:\Users\ASUS\.m2\repository\org\springframework\boot\spring-boot-starter-validation\3.2.3\spring-boot-starter-validation-3.2.3.jar;C:\Users\ASUS\.m2\repository\org\apache\tomcat\embed\tomcat-embed-el\10.1.19\tomcat-embed-el-10.1.19.jar;C:\Users\ASUS\.m2\repository\org\hibernate\validator\hibernate-validator\8.0.1.Final\hibernate-validator-8.0.1.Final.jar;C:\Users\ASUS\.m2\repository\jakarta\validation\jakarta.validation-api\3.0.2\jakarta.validation-api-3.0.2.jar;C:\Users\ASUS\.m2\repository\org\jboss\logging\jboss-logging\3.5.3.Final\jboss-logging-3.5.3.Final.jar;C:\Users\ASUS\.m2\repository\com\fasterxml\classmate\1.6.0\classmate-1.6.0.jar;C:\Users\ASUS\.m2\repository\org\springframework\security\spring-security-test\6.2.2\spring-security-test-6.2.2.jar;C:\Users\ASUS\.m2\repository\org\springframework\security\spring-security-core\6.2.2\spring-security-core-6.2.2.jar;C:\Users\ASUS\.m2\repository\org\springframework\security\spring-security-crypto\6.2.2\spring-security-crypto-6.2.2.jar;C:\Users\ASUS\.m2\repository\org\springframework\spring-expression\6.1.4\spring-expression-6.1.4.jar;C:\Users\ASUS\.m2\repository\org\springframework\security\spring-security-web\6.2.2\spring-security-web-6.2.2.jar;C:\Users\ASUS\.m2\repository\org\springframework\spring-core\6.1.4\spring-core-6.1.4.jar;C:\Users\ASUS\.m2\repository\org\springframework\spring-jcl\6.1.4\spring-jcl-6.1.4.jar;C:\Users\ASUS\.m2\repository\org\springframework\spring-test\6.1.4\spring-test-6.1.4.jar;C:\Users\ASUS\.m2\repository\com\fasterxml\jackson\datatype\jackson-datatype-jsr310\2.15.4\jackson-datatype-jsr310-2.15.4.jar;C:\Users\ASUS\.m2\repository\com\fasterxml\jackson\core\jackson-annotations\2.15.4\jackson-annotations-2.15.4.jar;C:\Users\ASUS\.m2\repository\com\fasterxml\jackson\core\jackson-core\2.15.4\jackson-core-2.15.4.jar;C:\Users\ASUS\.m2\repository\com\fasterxml\jackson\core\jackson-databind\2.15.4\jackson-databind-2.15.4.jar;C:\Users\ASUS\.m2\repository\io\jsonwebtoken\jjwt-impl\0.11.2\jjwt-impl-0.11.2.jar;C:\Users\ASUS\.m2\repository\io\jsonwebtoken\jjwt-jackson\0.11.2\jjwt-jackson-0.11.2.jar;C:\Users\ASUS\.m2\repository\javax\validation\validation-api\2.0.1.Final\validation-api-2.0.1.Final.jar;C:\Users\ASUS\.m2\repository\org\springframework\boot\spring-boot-starter-security\3.2.3\spring-boot-starter-security-3.2.3.jar;C:\Users\ASUS\.m2\repository\org\springframework\spring-aop\6.1.4\spring-aop-6.1.4.jar;C:\Users\ASUS\.m2\repository\org\springframework\boot\spring-boot-starter-data-jpa\3.2.3\spring-boot-starter-data-jpa-3.2.3.jar;C:\Users\ASUS\.m2\repository\org\springframework\boot\spring-boot-starter-aop\3.2.3\spring-boot-starter-aop-3.2.3.jar;C:\Users\ASUS\.m2\repository\org\aspectj\aspectjweaver\1.9.21\aspectjweaver-1.9.21.jar;C:\Users\ASUS\.m2\repository\org\springframework\boot\spring-boot-starter-jdbc\3.2.3\spring-boot-starter-jdbc-3.2.3.jar;C:\Users\ASUS\.m2\repository\com\zaxxer\HikariCP\5.0.1\HikariCP-5.0.1.jar;C:\Users\ASUS\.m2\repository\org\springframework\spring-jdbc\6.1.4\spring-jdbc-6.1.4.jar;C:\Users\ASUS\.m2\repository\org\hibernate\orm\hibernate-core\6.4.4.Final\hibernate-core-6.4.4.Final.jar;C:\Users\ASUS\.m2\repository\jakarta\persistence\jakarta.persistence-api\3.1.0\jakarta.persistence-api-3.1.0.jar;C:\Users\ASUS\.m2\repository\jakarta\transaction\jakarta.transaction-api\2.0.1\jakarta.transaction-api-2.0.1.jar;C:\Users\ASUS\.m2\repository\org\hibernate\common\hibernate-commons-annotations\6.0.6.Final\hibernate-commons-annotations-6.0.6.Final.jar;C:\Users\ASUS\.m2\repository\io\smallrye\jandex\3.1.2\jandex-3.1.2.jar;C:\Users\ASUS\.m2\repository\net\bytebuddy\byte-buddy\1.14.12\byte-buddy-1.14.12.jar;C:\Users\ASUS\.m2\repository\org\glassfish\jaxb\jaxb-runtime\4.0.4\jaxb-runtime-4.0.4.jar;C:\Users\ASUS\.m2\repository\org\glassfish\jaxb\jaxb-core\4.0.4\jaxb-core-4.0.4.jar;C:\Users\ASUS\.m2\repository\org\eclipse\angus\angus-activation\2.0.1\angus-activation-2.0.1.jar;C:\Users\ASUS\.m2\repository\org\glassfish\jaxb\txw2\4.0.4\txw2-4.0.4.jar;C:\Users\ASUS\.m2\repository\com\sun\istack\istack-commons-runtime\4.1.2\istack-commons-runtime-4.1.2.jar;C:\Users\ASUS\.m2\repository\jakarta\inject\jakarta.inject-api\2.0.1\jakarta.inject-api-2.0.1.jar;C:\Users\ASUS\.m2\repository\org\antlr\antlr4-runtime\4.13.0\antlr4-runtime-4.13.0.jar;C:\Users\ASUS\.m2\repository\org\springframework\data\spring-data-jpa\3.2.3\spring-data-jpa-3.2.3.jar;C:\Users\ASUS\.m2\repository\org\springframework\data\spring-data-commons\3.2.3\spring-data-commons-3.2.3.jar;C:\Users\ASUS\.m2\repository\org\springframework\spring-orm\6.1.4\spring-orm-6.1.4.jar;C:\Users\ASUS\.m2\repository\org\springframework\spring-tx\6.1.4\spring-tx-6.1.4.jar;C:\Users\ASUS\.m2\repository\org\slf4j\slf4j-api\2.0.12\slf4j-api-2.0.12.jar;C:\Users\ASUS\.m2\repository\org\springframework\spring-aspects\6.1.4\spring-aspects-6.1.4.jar;C:\Users\ASUS\.m2\repository\org\springframework\boot\spring-boot-starter-web\3.2.3\spring-boot-starter-web-3.2.3.jar;C:\Users\ASUS\.m2\repository\org\springframework\boot\spring-boot-starter-json\3.2.3\spring-boot-starter-json-3.2.3.jar;C:\Users\ASUS\.m2\repository\com\fasterxml\jackson\datatype\jackson-datatype-jdk8\2.15.4\jackson-datatype-jdk8-2.15.4.jar;C:\Users\ASUS\.m2\repository\com\fasterxml\jackson\module\jackson-module-parameter-names\2.15.4\jackson-module-parameter-names-2.15.4.jar;C:\Users\ASUS\.m2\repository\org\springframework\boot\spring-boot-starter-tomcat\3.2.3\spring-boot-starter-tomcat-3.2.3.jar;C:\Users\ASUS\.m2\repository\org\apache\tomcat\embed\tomcat-embed-core\10.1.19\tomcat-embed-core-10.1.19.jar;C:\Users\ASUS\.m2\repository\org\apache\tomcat\embed\tomcat-embed-websocket\10.1.19\tomcat-embed-websocket-10.1.19.jar;C:\Users\ASUS\.m2\repository\org\springframework\spring-web\6.1.4\spring-web-6.1.4.jar;C:\Users\ASUS\.m2\repository\org\springframework\spring-webmvc\6.1.4\spring-webmvc-6.1.4.jar;C:\Users\ASUS\.m2\repository\com\h2database\h2\2.2.224\h2-2.2.224.jar;C:\Users\ASUS\.m2\repository\org\springframework\boot\spring-boot-starter-hateoas\3.2.3\spring-boot-starter-hateoas-3.2.3.jar;C:\Users\ASUS\.m2\repository\org\springframework\hateoas\spring-hateoas\2.2.0\spring-hateoas-2.2.0.jar;C:\Users\ASUS\.m2\repository\org\springframework\plugin\spring-plugin-core\3.0.0\spring-plugin-core-3.0.0.jar;C:\Users\ASUS\.m2\repository\org\springframework\boot\spring-boot-starter-test\3.2.3\spring-boot-starter-test-3.2.3.jar;C:\Users\ASUS\.m2\repository\org\springframework\boot\spring-boot-test\3.2.3\spring-boot-test-3.2.3.jar;C:\Users\ASUS\.m2\repository\org\springframework\boot\spring-boot-test-autoconfigure\3.2.3\spring-boot-test-autoconfigure-3.2.3.jar;C:\Users\ASUS\.m2\repository\com\jayway\jsonpath\json-path\2.9.0\json-path-2.9.0.jar;C:\Users\ASUS\.m2\repository\jakarta\xml\bind\jakarta.xml.bind-api\4.0.1\jakarta.xml.bind-api-4.0.1.jar;C:\Users\ASUS\.m2\repository\jakarta\activation\jakarta.activation-api\2.1.2\jakarta.activation-api-2.1.2.jar;C:\Users\ASUS\.m2\repository\net\minidev\json-smart\2.5.0\json-smart-2.5.0.jar;C:\Users\ASUS\.m2\repository\net\minidev\accessors-smart\2.5.0\accessors-smart-2.5.0.jar;C:\Users\ASUS\.m2\repository\org\ow2\asm\asm\9.3\asm-9.3.jar;C:\Users\ASUS\.m2\repository\org\assertj\assertj-core\3.24.2\assertj-core-3.24.2.jar;C:\Users\ASUS\.m2\repository\org\awaitility\awaitility\4.2.0\awaitility-4.2.0.jar;C:\Users\ASUS\.m2\repository\org\hamcrest\hamcrest\2.2\hamcrest-2.2.jar;C:\Users\ASUS\.m2\repository\org\junit\jupiter\junit-jupiter\5.10.2\junit-jupiter-5.10.2.jar;C:\Users\ASUS\.m2\repository\org\junit\jupiter\junit-jupiter-api\5.10.2\junit-jupiter-api-5.10.2.jar;C:\Users\ASUS\.m2\repository\org\opentest4j\opentest4j\1.3.0\opentest4j-1.3.0.jar;C:\Users\ASUS\.m2\repository\org\junit\platform\junit-platform-commons\1.10.2\junit-platform-commons-1.10.2.jar;C:\Users\ASUS\.m2\repository\org\apiguardian\apiguardian-api\1.1.2\apiguardian-api-1.1.2.jar;C:\Users\ASUS\.m2\repository\org\junit\jupiter\junit-jupiter-params\5.10.2\junit-jupiter-params-5.10.2.jar;C:\Users\ASUS\.m2\repository\org\junit\jupiter\junit-jupiter-engine\5.10.2\junit-jupiter-engine-5.10.2.jar;C:\Users\ASUS\.m2\repository\org\junit\platform\junit-platform-engine\1.10.2\junit-platform-engine-1.10.2.jar;C:\Users\ASUS\.m2\repository\org\mockito\mockito-core\5.7.0\mockito-core-5.7.0.jar;C:\Users\ASUS\.m2\repository\net\bytebuddy\byte-buddy-agent\1.14.12\byte-buddy-agent-1.14.12.jar;C:\Users\ASUS\.m2\repository\org\objenesis\objenesis\3.3\objenesis-3.3.jar;C:\Users\ASUS\.m2\repository\org\mockito\mockito-junit-jupiter\5.7.0\mockito-junit-jupiter-5.7.0.jar;C:\Users\ASUS\.m2\repository\org\skyscreamer\jsonassert\1.5.1\jsonassert-1.5.1.jar;C:\Users\ASUS\.m2\repository\com\vaadin\external\google\android-json\0.0.20131108.vaadin1\android-json-0.0.20131108.vaadin1.jar;C:\Users\ASUS\.m2\repository\org\xmlunit\xmlunit-core\2.9.1\xmlunit-core-2.9.1.jar;C:\Users\ASUS\.m2\repository\org\springframework\security\spring-security-config\6.2.2\spring-security-config-6.2.2.jar;C:\Users\ASUS\.m2\repository\org\springframework\spring-beans\6.1.4\spring-beans-6.1.4.jar;C:\Users\ASUS\.m2\repository\org\springframework\spring-context\6.1.4\spring-context-6.1.4.jar;C:\Users\ASUS\.m2\repository\org\projectlombok\lombok\1.18.30\lombok-1.18.30.jar;C:\Users\ASUS\.m2\repository\com\mysql\mysql-connector-j\8.3.0\mysql-connector-j-8.3.0.jar;C:\Users\ASUS\.m2\repository\commons-io\commons-io\2.16.1\commons-io-2.16.1.jar;, sun.cpu.endian=little, hibernate.cdi.extensions=true, user.home=C:\Users\ASUS, user.language=en, java.specification.vendor=Oracle Corporation, java.version.date=2024-01-16, java.home=C:\Program Files\jdk-21, file.separator=\, basedir=C:\Users\ASUS\OneDrive\Desktop\SOA\project-wellcare, java.vm.compressedOopsMode=Zero based, line.separator=
, hibernate.persistenceUnitName=default, java.vm.specification.vendor=Oracle Corporation, java.specification.name=Java Platform API Specification, FILE_LOG_CHARSET=UTF-8, hibernate.transaction.coordinator_class=class org.hibernate.resource.transaction.backend.jdbc.internal.JdbcResourceLocalTransactionCoordinatorBuilderImpl, java.awt.headless=true, surefire.real.class.path=C:\Users\ASUS\AppData\Local\Temp\surefire2365373271555695673\surefirebooter-20240512120553428_3.jar, jakarta.persistence.validation.mode=AUTO, hibernate.hbm2ddl.auto=update, user.script=, sun.management.compiler=HotSpot 64-Bit Tiered Compilers, java.runtime.version=21.0.2+13-LTS-58, user.name=ASUS, stdout.encoding=Cp1252, path.separator=;, os.version=10.0, java.runtime.name=Java(TM) SE Runtime Environment, file.encoding=UTF-8, java.vm.name=Java HotSpot(TM) 64-Bit Server VM, hibernate.show_sql=true, localRepository=C:\Users\ASUS\.m2\repository, java.vendor.url.bug=https://bugreport.java.com/bugreport/, java.io.tmpdir=C:\Users\ASUS\AppData\Local\Temp\, java.version=21.0.2, hibernate.physical_naming_strategy=org.hibernate.boot.model.naming.CamelCaseToUnderscoresNamingStrategy, user.dir=C:\Users\ASUS\OneDrive\Desktop\SOA\project-wellcare, os.arch=amd64, java.vm.specification.name=Java Virtual Machine Specification, PID=34416, sun.os.patch.level=, CONSOLE_LOG_CHARSET=UTF-8, hibernate.boot.CfgXmlAccessService.key=org.hibernate.boot.registry.StandardServiceRegistryBuilder$1@48cd6821, native.encoding=Cp1252, java.library.path=C:\Program Files\jdk-21\bin;C:\WINDOWS\Sun\Java\bin;C:\WINDOWS\system32;C:\WINDOWS;C:\flutter\bin\cache\dart-sdk\bin\;C:\Program Files\Python312\Scripts\;C:\Program Files\Python312\;C:\Program Files\Common Files\Oracle\Java\javapath;C:\Program Files (x86)\Common Files\Oracle\Java\javapath;C:\WINDOWS\system32;C:\WINDOWS;C:\WINDOWS\System32\Wbem;C:\WINDOWS\System32\WindowsPowerShell\v1.0\;C:\WINDOWS\System32\OpenSSH\;C:\Program Files\jdk-21\bin;C:\Program Files\Git\bin;C:\Program Files\Java\jre-1.8\bin;C:\Program Files\dotnet\;C:\Program Files\Nodejs;;C:\Program Files\Docker\Docker\resources\bin;C:\Users\ASUS\AppData\Local\Microsoft\WindowsApps;C:\Users\ASUS\AppData\Local\Programs\Microsoft VS Code\bin;C:\dart\bin;C:\flutter\bin;;C:\altera\13.1\modelsim_ase\win32aloem;., stderr.encoding=Cp1252, java.vendor=Oracle Corporation, java.vm.info=mixed mode, sharing, java.vm.version=21.0.2+13-LTS-58, sun.io.unicode.encoding=UnicodeLittle, hibernate.archive.scanner=org.hibernate.boot.archive.scan.internal.DisabledScanner, hibernate.connection.datasource=HikariDataSource (HikariPool-2), java.class.version=65.0}
2024-05-12T12:06:04.067+03:00 DEBUG 34416 --- [           main] o.hibernate.internal.SessionFactoryImpl  : Session factory constructed with filter configurations : {}
2024-05-12T12:06:04.067+03:00 DEBUG 34416 --- [           main] o.h.v.i.xml.config.ValidationXmlParser   : Trying to load META-INF/validation.xml for XML based Validator configuration.
2024-05-12T12:06:04.067+03:00 DEBUG 34416 --- [           main] o.h.v.i.xml.config.ResourceLoaderHelper  : Trying to load META-INF/validation.xml via TCCL
2024-05-12T12:06:04.067+03:00 DEBUG 34416 --- [           main] o.h.v.i.xml.config.ResourceLoaderHelper  : Trying to load META-INF/validation.xml via Hibernate Validator's class loader
2024-05-12T12:06:04.067+03:00 DEBUG 34416 --- [           main] o.h.v.i.xml.config.ValidationXmlParser   : No META-INF/validation.xml found. Using annotation based configuration only.
2024-05-12T12:06:04.072+03:00 DEBUG 34416 --- [           main] o.h.v.i.e.resolver.TraversableResolvers  : Found jakarta.persistence.Persistence on classpath containing 'getPersistenceUtil'. Assuming JPA 2 environment. Trying to instantiate JPA aware TraversableResolver
2024-05-12T12:06:04.072+03:00 DEBUG 34416 --- [           main] o.h.v.i.e.resolver.TraversableResolvers  : Instantiated JPA aware TraversableResolver of type org.hibernate.validator.internal.engine.resolver.JPATraversableResolver.
2024-05-12T12:06:04.072+03:00 DEBUG 34416 --- [           main] .h.v.m.ResourceBundleMessageInterpolator : Loaded expression factory via original TCCL
2024-05-12T12:06:04.073+03:00 DEBUG 34416 --- [           main] .i.e.ValidatorFactoryConfigurationHelper : HV000252: Using org.hibernate.validator.internal.engine.DefaultPropertyNodeNameProvider as property node name provider.
2024-05-12T12:06:04.074+03:00 DEBUG 34416 --- [           main] .i.e.ValidatorFactoryConfigurationHelper : HV000234: Using org.hibernate.validator.messageinterpolation.ResourceBundleMessageInterpolator as ValidatorFactory-scoped message interpolator.
2024-05-12T12:06:04.074+03:00 DEBUG 34416 --- [           main] .i.e.ValidatorFactoryConfigurationHelper : HV000234: Using org.hibernate.validator.internal.engine.resolver.JPATraversableResolver as ValidatorFactory-scoped traversable resolver.
2024-05-12T12:06:04.074+03:00 DEBUG 34416 --- [           main] .i.e.ValidatorFactoryConfigurationHelper : HV000234: Using org.hibernate.validator.internal.util.ExecutableParameterNameProvider as ValidatorFactory-scoped parameter name provider.
2024-05-12T12:06:04.074+03:00 DEBUG 34416 --- [           main] .i.e.ValidatorFactoryConfigurationHelper : HV000234: Using org.hibernate.validator.internal.engine.DefaultClockProvider as ValidatorFactory-scoped clock provider.
2024-05-12T12:06:04.074+03:00 DEBUG 34416 --- [           main] .i.e.ValidatorFactoryConfigurationHelper : HV000234: Using org.hibernate.validator.internal.engine.scripting.DefaultScriptEvaluatorFactory as ValidatorFactory-scoped script evaluator factory.
2024-05-12T12:06:04.074+03:00 DEBUG 34416 --- [           main] o.h.boot.internal.ClassLoaderAccessImpl  : Not known whether passed class name [com.wellcare.wellcare.Models.Relationship] is safe
2024-05-12T12:06:04.074+03:00 DEBUG 34416 --- [           main] o.h.boot.internal.ClassLoaderAccessImpl  : No temp ClassLoader provided; using live ClassLoader for loading potentially unsafe class : com.wellcare.wellcare.Models.Relationship
2024-05-12T12:06:04.076+03:00 DEBUG 34416 --- [           main] o.h.boot.internal.ClassLoaderAccessImpl  : Not known whether passed class name [com.wellcare.wellcare.Models.Message] is safe
2024-05-12T12:06:04.076+03:00 DEBUG 34416 --- [           main] o.h.boot.internal.ClassLoaderAccessImpl  : No temp ClassLoader provided; using live ClassLoader for loading potentially unsafe class : com.wellcare.wellcare.Models.Message
2024-05-12T12:06:04.078+03:00 DEBUG 34416 --- [           main] o.h.boot.internal.ClassLoaderAccessImpl  : Not known whether passed class name [com.wellcare.wellcare.Models.Comment] is safe
2024-05-12T12:06:04.078+03:00 DEBUG 34416 --- [           main] o.h.boot.internal.ClassLoaderAccessImpl  : No temp ClassLoader provided; using live ClassLoader for loading potentially unsafe class : com.wellcare.wellcare.Models.Comment
2024-05-12T12:06:04.083+03:00 DEBUG 34416 --- [           main] o.h.boot.internal.ClassLoaderAccessImpl  : Not known whether passed class name [com.wellcare.wellcare.Models.Post] is safe
2024-05-12T12:06:04.083+03:00 DEBUG 34416 --- [           main] o.h.boot.internal.ClassLoaderAccessImpl  : No temp ClassLoader provided; using live ClassLoader for loading potentially unsafe class : com.wellcare.wellcare.Models.Post
2024-05-12T12:06:04.089+03:00 DEBUG 34416 --- [           main] o.h.boot.internal.ClassLoaderAccessImpl  : Not known whether passed class name [com.wellcare.wellcare.Models.User] is safe
2024-05-12T12:06:04.089+03:00 DEBUG 34416 --- [           main] o.h.boot.internal.ClassLoaderAccessImpl  : No temp ClassLoader provided; using live ClassLoader for loading potentially unsafe class : com.wellcare.wellcare.Models.User
2024-05-12T12:06:04.096+03:00 DEBUG 34416 --- [           main] .h.s.i.SessionFactoryServiceRegistryImpl : EventListenerRegistry access via ServiceRegistry is deprecated.  Use `sessionFactory.getEventEngine().getListenerRegistry()` instead
2024-05-12T12:06:04.098+03:00 DEBUG 34416 --- [           main] o.h.q.sqm.function.SqmFunctionRegistry   : Registered SqmFunctionTemplate [NamedSqmFunctionTemplate(max)] under max; prior registration was null
2024-05-12T12:06:04.099+03:00 DEBUG 34416 --- [           main] o.h.q.sqm.function.SqmFunctionRegistry   : Registered SqmFunctionTemplate [NamedSqmFunctionTemplate(min)] under min; prior registration was null
2024-05-12T12:06:04.099+03:00 DEBUG 34416 --- [           main] o.h.q.sqm.function.SqmFunctionRegistry   : Registered SqmFunctionTemplate [NamedSqmFunctionTemplate(sum)] under sum; prior registration was null
2024-05-12T12:06:04.099+03:00 DEBUG 34416 --- [           main] o.h.q.sqm.function.SqmFunctionRegistry   : Registered SqmFunctionTemplate [NamedSqmFunctionTemplate(avg)] under avg; prior registration was null
2024-05-12T12:06:04.099+03:00 DEBUG 34416 --- [           main] o.h.q.sqm.function.SqmFunctionRegistry   : Registered SqmFunctionTemplate [org.hibernate.dialect.function.CountFunction@214f37df] under count; prior registration was null
2024-05-12T12:06:04.099+03:00 DEBUG 34416 --- [           main] o.h.q.sqm.function.SqmFunctionRegistry   : Registered SqmFunctionTemplate [org.hibernate.dialect.function.EveryAnyEmulation@4d0697c6] under every; prior registration was null
2024-05-12T12:06:04.099+03:00 DEBUG 34416 --- [           main] o.h.q.sqm.function.SqmFunctionRegistry   : Registered SqmFunctionTemplate [org.hibernate.dialect.function.EveryAnyEmulation@4feead88] under any; prior registration was null
2024-05-12T12:06:04.099+03:00 DEBUG 34416 --- [           main] o.h.q.sqm.function.SqmFunctionRegistry   : Registered SqmFunctionTemplate [NamedSqmFunctionTemplate(floor)] under floor; prior registration was null
2024-05-12T12:06:04.099+03:00 DEBUG 34416 --- [           main] o.h.q.sqm.function.SqmFunctionRegistry   : Registered SqmFunctionTemplate [NamedSqmFunctionTemplate(ceiling)] under ceiling; prior registration was null
2024-05-12T12:06:04.099+03:00 DEBUG 34416 --- [           main] o.h.q.sqm.function.SqmFunctionRegistry   : Registered SqmFunctionTemplate [NamedSqmFunctionTemplate(mod)] under mod; prior registration was null
2024-05-12T12:06:04.099+03:00 DEBUG 34416 --- [           main] o.h.q.sqm.function.SqmFunctionRegistry   : Registered SqmFunctionTemplate [NamedSqmFunctionTemplate(abs)] under abs; prior registration was null
2024-05-12T12:06:04.099+03:00 DEBUG 34416 --- [           main] o.h.q.sqm.function.SqmFunctionRegistry   : Registered SqmFunctionTemplate [NamedSqmFunctionTemplate(sign)] under sign; prior registration was null
2024-05-12T12:06:04.099+03:00 DEBUG 34416 --- [           main] o.h.q.sqm.function.SqmFunctionRegistry   : Registered SqmFunctionTemplate [NamedSqmFunctionTemplate(sqrt)] under sqrt; prior registration was null
2024-05-12T12:06:04.099+03:00 DEBUG 34416 --- [           main] o.h.q.sqm.function.SqmFunctionRegistry   : Registered SqmFunctionTemplate [NamedSqmFunctionTemplate(ln)] under ln; prior registration was null
2024-05-12T12:06:04.099+03:00 DEBUG 34416 --- [           main] o.h.q.sqm.function.SqmFunctionRegistry   : Registered SqmFunctionTemplate [NamedSqmFunctionTemplate(exp)] under exp; prior registration was null
2024-05-12T12:06:04.099+03:00 DEBUG 34416 --- [           main] o.h.q.sqm.function.SqmFunctionRegistry   : Registered SqmFunctionTemplate [NamedSqmFunctionTemplate(power)] under power; prior registration was null
2024-05-12T12:06:04.099+03:00 DEBUG 34416 --- [           main] o.h.q.sqm.function.SqmFunctionRegistry   : Registered SqmFunctionTemplate [NamedSqmFunctionTemplate(round)] under round; prior registration was null
2024-05-12T12:06:04.099+03:00 DEBUG 34416 --- [           main] o.h.q.sqm.function.SqmFunctionRegistry   : Registered SqmFunctionTemplate [NamedSqmFunctionTemplate(sin)] under sin; prior registration was null
2024-05-12T12:06:04.099+03:00 DEBUG 34416 --- [           main] o.h.q.sqm.function.SqmFunctionRegistry   : Registered SqmFunctionTemplate [NamedSqmFunctionTemplate(cos)] under cos; prior registration was null
2024-05-12T12:06:04.099+03:00 DEBUG 34416 --- [           main] o.h.q.sqm.function.SqmFunctionRegistry   : Registered SqmFunctionTemplate [NamedSqmFunctionTemplate(tan)] under tan; prior registration was null
2024-05-12T12:06:04.099+03:00 DEBUG 34416 --- [           main] o.h.q.sqm.function.SqmFunctionRegistry   : Registered SqmFunctionTemplate [NamedSqmFunctionTemplate(asin)] under asin; prior registration was null
2024-05-12T12:06:04.099+03:00 DEBUG 34416 --- [           main] o.h.q.sqm.function.SqmFunctionRegistry   : Registered SqmFunctionTemplate [NamedSqmFunctionTemplate(acos)] under acos; prior registration was null
2024-05-12T12:06:04.099+03:00 DEBUG 34416 --- [           main] o.h.q.sqm.function.SqmFunctionRegistry   : Registered SqmFunctionTemplate [NamedSqmFunctionTemplate(atan)] under atan; prior registration was null
2024-05-12T12:06:04.099+03:00 DEBUG 34416 --- [           main] o.h.q.sqm.function.SqmFunctionRegistry   : Registered SqmFunctionTemplate [NamedSqmFunctionTemplate(atan2)] under atan2; prior registration was null
2024-05-12T12:06:04.099+03:00 DEBUG 34416 --- [           main] o.h.q.sqm.function.SqmFunctionRegistry   : Registered SqmFunctionTemplate [org.hibernate.query.sqm.function.PatternBasedSqmFunctionDescriptor@643c5b25] under sinh; prior registration was null
2024-05-12T12:06:04.099+03:00 DEBUG 34416 --- [           main] o.h.q.sqm.function.SqmFunctionRegistry   : Registered SqmFunctionTemplate [org.hibernate.query.sqm.function.PatternBasedSqmFunctionDescriptor@3c1569b2] under cosh; prior registration was null
2024-05-12T12:06:04.099+03:00 DEBUG 34416 --- [           main] o.h.q.sqm.function.SqmFunctionRegistry   : Registered SqmFunctionTemplate [org.hibernate.query.sqm.function.PatternBasedSqmFunctionDescriptor@45d46151] under tanh; prior registration was null
2024-05-12T12:06:04.099+03:00 DEBUG 34416 --- [           main] o.h.q.sqm.function.SqmFunctionRegistry   : Registered SqmFunctionTemplate [org.hibernate.query.sqm.function.PatternBasedSqmFunctionDescriptor@7fec168e] under pi; prior registration was null
2024-05-12T12:06:04.099+03:00 DEBUG 34416 --- [           main] o.h.q.sqm.function.SqmFunctionRegistry   : Registered SqmFunctionTemplate [org.hibernate.query.sqm.function.PatternBasedSqmFunctionDescriptor@798f8f25] under log; prior registration was null
2024-05-12T12:06:04.099+03:00 DEBUG 34416 --- [           main] o.h.q.sqm.function.SqmFunctionRegistry   : Registered SqmFunctionTemplate [NamedSqmFunctionTemplate(coalesce)] under coalesce; prior registration was null
2024-05-12T12:06:04.099+03:00 DEBUG 34416 --- [           main] o.h.q.sqm.function.SqmFunctionRegistry   : Registered SqmFunctionTemplate [NamedSqmFunctionTemplate(nullif)] under nullif; prior registration was null
2024-05-12T12:06:04.099+03:00 DEBUG 34416 --- [           main] o.h.q.sqm.function.SqmFunctionRegistry   : Registered SqmFunctionTemplate [NamedSqmFunctionTemplate(left)] under left; prior registration was null
2024-05-12T12:06:04.099+03:00 DEBUG 34416 --- [           main] o.h.q.sqm.function.SqmFunctionRegistry   : Registered SqmFunctionTemplate [NamedSqmFunctionTemplate(right)] under right; prior registration was null
2024-05-12T12:06:04.099+03:00 DEBUG 34416 --- [           main] o.h.q.sqm.function.SqmFunctionRegistry   : Registered SqmFunctionTemplate [NamedSqmFunctionTemplate(replace)] under replace; prior registration was null
2024-05-12T12:06:04.100+03:00 DEBUG 34416 --- [           main] o.h.q.sqm.function.SqmFunctionRegistry   : Registered SqmFunctionTemplate [NamedSqmFunctionTemplate(concat)] under concat; prior registration was null
2024-05-12T12:06:04.100+03:00 DEBUG 34416 --- [           main] o.h.q.sqm.function.SqmFunctionRegistry   : Registered SqmFunctionTemplate [NamedSqmFunctionTemplate(lower)] under lower; prior registration was null
2024-05-12T12:06:04.100+03:00 DEBUG 34416 --- [           main] o.h.q.sqm.function.SqmFunctionRegistry   : Registered SqmFunctionTemplate [NamedSqmFunctionTemplate(upper)] under upper; prior registration was null
2024-05-12T12:06:04.100+03:00 DEBUG 34416 --- [           main] o.h.q.sqm.function.SqmFunctionRegistry   : Registered SqmFunctionTemplate [NamedSqmFunctionTemplate(substring)] under substring; prior registration was null
2024-05-12T12:06:04.100+03:00 DEBUG 34416 --- [           main] o.h.q.sqm.function.SqmFunctionRegistry   : Registered SqmFunctionTemplate [NamedSqmFunctionTemplate(locate)] under locate; prior registration was null
2024-05-12T12:06:04.100+03:00 DEBUG 34416 --- [           main] o.h.q.sqm.function.SqmFunctionRegistry   : Registered SqmFunctionTemplate [NamedSqmFunctionTemplate(character_length)] under character_length; prior registration was null
2024-05-12T12:06:04.100+03:00 DEBUG 34416 --- [           main] o.h.q.sqm.function.SqmFunctionRegistry   : Registering alternate key : length -> character_length
2024-05-12T12:06:04.100+03:00 DEBUG 34416 --- [           main] o.h.q.sqm.function.SqmFunctionRegistry   : Registered SqmFunctionTemplate [org.hibernate.dialect.function.LocatePositionEmulation@6ec0315f] under position; prior registration was null
2024-05-12T12:06:04.100+03:00 DEBUG 34416 --- [           main] o.h.q.sqm.function.SqmFunctionRegistry   : Registered SqmFunctionTemplate [org.hibernate.dialect.function.InsertSubstringOverlayEmulation@8781b3f] under overlay; prior registration was null
2024-05-12T12:06:04.100+03:00 DEBUG 34416 --- [           main] o.h.q.sqm.function.SqmFunctionRegistry   : Registered SqmFunctionTemplate [org.hibernate.dialect.function.TrimFunction@173f34d8] under trim; prior registration was null
2024-05-12T12:06:04.100+03:00 DEBUG 34416 --- [           main] o.h.q.sqm.function.SqmFunctionRegistry   : Registered SqmFunctionTemplate [org.hibernate.dialect.function.CastFunction@124c77bd] under cast; prior registration was null
2024-05-12T12:06:04.100+03:00 DEBUG 34416 --- [           main] o.h.q.sqm.function.SqmFunctionRegistry   : Registered SqmFunctionTemplate [org.hibernate.query.sqm.function.PatternBasedSqmFunctionDescriptor@7de9f662] under collate; prior registration was null
2024-05-12T12:06:04.100+03:00 DEBUG 34416 --- [           main] o.h.q.sqm.function.SqmFunctionRegistry   : Registered SqmFunctionTemplate [org.hibernate.dialect.function.ExtractFunction@3500ab03] under extract; prior registration was null
2024-05-12T12:06:04.100+03:00 DEBUG 34416 --- [           main] o.h.q.sqm.function.SqmFunctionRegistry   : Registered SqmFunctionTemplate [NamedSqmFunctionTemplate(least)] under least; prior registration was null
2024-05-12T12:06:04.100+03:00 DEBUG 34416 --- [           main] o.h.q.sqm.function.SqmFunctionRegistry   : Registered SqmFunctionTemplate [NamedSqmFunctionTemplate(greatest)] under greatest; prior registration was null
2024-05-12T12:06:04.100+03:00 DEBUG 34416 --- [           main] o.h.q.sqm.function.SqmFunctionRegistry   : Registered SqmFunctionTemplate [org.hibernate.dialect.function.CoalesceIfnullEmulation@5bf7d08f] under ifnull; prior registration was null
2024-05-12T12:06:04.100+03:00 DEBUG 34416 --- [           main] o.h.q.sqm.function.SqmFunctionRegistry   : Registered SqmFunctionTemplate [NamedSqmFunctionTemplate(lpad)] under lpad; prior registration was null
2024-05-12T12:06:04.100+03:00 DEBUG 34416 --- [           main] o.h.q.sqm.function.SqmFunctionRegistry   : Registered SqmFunctionTemplate [NamedSqmFunctionTemplate(rpad)] under rpad; prior registration was null
2024-05-12T12:06:04.100+03:00 DEBUG 34416 --- [           main] o.h.q.sqm.function.SqmFunctionRegistry   : Registered SqmFunctionTemplate [org.hibernate.dialect.function.LpadRpadPadEmulation@2a77a5d3] under pad; prior registration was null
2024-05-12T12:06:04.100+03:00 DEBUG 34416 --- [           main] o.h.q.sqm.function.SqmFunctionRegistry   : Registered SqmFunctionTemplate [org.hibernate.dialect.function.CastStrEmulation@189f0c19] under str; prior registration was null
2024-05-12T12:06:04.101+03:00 DEBUG 34416 --- [           main] o.h.q.sqm.function.SqmFunctionRegistry   : Registered SqmFunctionTemplate [org.hibernate.dialect.function.FormatFunction@2877e4ba] under format; prior registration was null
2024-05-12T12:06:04.101+03:00 DEBUG 34416 --- [           main] o.h.q.sqm.function.SqmFunctionRegistry   : Registered SqmFunctionTemplate [org.hibernate.dialect.function.TimestampaddFunction@4d612a93] under timestampadd; prior registration was null
2024-05-12T12:06:04.101+03:00 DEBUG 34416 --- [           main] o.h.q.sqm.function.SqmFunctionRegistry   : Registered SqmFunctionTemplate [org.hibernate.dialect.function.TimestampdiffFunction@5a2f57d1] under timestampdiff; prior registration was null
2024-05-12T12:06:04.101+03:00 DEBUG 34416 --- [           main] o.h.q.sqm.function.SqmFunctionRegistry   : Registering alternate key : dateadd -> timestampadd
2024-05-12T12:06:04.101+03:00 DEBUG 34416 --- [           main] o.h.q.sqm.function.SqmFunctionRegistry   : Registering alternate key : datediff -> timestampdiff
2024-05-12T12:06:04.101+03:00 DEBUG 34416 --- [           main] o.h.q.sqm.function.SqmFunctionRegistry   : Registered SqmFunctionTemplate [org.hibernate.dialect.function.CurrentFunction@3a307749] under current_date; prior registration was null
2024-05-12T12:06:04.101+03:00 DEBUG 34416 --- [           main] o.h.q.sqm.function.SqmFunctionRegistry   : Registered SqmFunctionTemplate [org.hibernate.dialect.function.CurrentFunction@2d751681] under current_time; prior registration was null
2024-05-12T12:06:04.101+03:00 DEBUG 34416 --- [           main] o.h.q.sqm.function.SqmFunctionRegistry   : Registered SqmFunctionTemplate [org.hibernate.dialect.function.CurrentFunction@6984940e] under current_timestamp; prior registration was null
2024-05-12T12:06:04.101+03:00 DEBUG 34416 --- [           main] o.h.q.sqm.function.SqmFunctionRegistry   : Registering alternate key : current date -> current_date
2024-05-12T12:06:04.101+03:00 DEBUG 34416 --- [           main] o.h.q.sqm.function.SqmFunctionRegistry   : Registering alternate key : current time -> current_time
2024-05-12T12:06:04.101+03:00 DEBUG 34416 --- [           main] o.h.q.sqm.function.SqmFunctionRegistry   : Registering alternate key : current timestamp -> current_timestamp
2024-05-12T12:06:04.101+03:00 DEBUG 34416 --- [           main] o.h.q.sqm.function.SqmFunctionRegistry   : Registered SqmFunctionTemplate [org.hibernate.dialect.function.CurrentFunction@49b5c730] under local_date; prior registration was null
2024-05-12T12:06:04.101+03:00 DEBUG 34416 --- [           main] o.h.q.sqm.function.SqmFunctionRegistry   : Registered SqmFunctionTemplate [org.hibernate.dialect.function.CurrentFunction@70867b70] under local_time; prior registration was null
2024-05-12T12:06:04.101+03:00 DEBUG 34416 --- [           main] o.h.q.sqm.function.SqmFunctionRegistry   : Registered SqmFunctionTemplate [org.hibernate.dialect.function.CurrentFunction@75c2baff] under local_datetime; prior registration was null
2024-05-12T12:06:04.101+03:00 DEBUG 34416 --- [           main] o.h.q.sqm.function.SqmFunctionRegistry   : Registered SqmFunctionTemplate [org.hibernate.dialect.function.CurrentFunction@382b74ad] under offset_datetime; prior registration was null
2024-05-12T12:06:04.101+03:00 DEBUG 34416 --- [           main] o.h.q.sqm.function.SqmFunctionRegistry   : Registering alternate key : local date -> local_date
2024-05-12T12:06:04.101+03:00 DEBUG 34416 --- [           main] o.h.q.sqm.function.SqmFunctionRegistry   : Registering alternate key : local time -> local_time
2024-05-12T12:06:04.101+03:00 DEBUG 34416 --- [           main] o.h.q.sqm.function.SqmFunctionRegistry   : Registering alternate key : local datetime -> local_datetime
2024-05-12T12:06:04.101+03:00 DEBUG 34416 --- [           main] o.h.q.sqm.function.SqmFunctionRegistry   : Registering alternate key : offset datetime -> offset_datetime
2024-05-12T12:06:04.101+03:00 DEBUG 34416 --- [           main] o.h.q.sqm.function.SqmFunctionRegistry   : Registered SqmFunctionTemplate [org.hibernate.dialect.function.CurrentFunction@5f40a8df] under instant; prior registration was null
2024-05-12T12:06:04.101+03:00 DEBUG 34416 --- [           main] o.h.q.sqm.function.SqmFunctionRegistry   : Registering alternate key : current_instant -> instant
2024-05-12T12:06:04.101+03:00 DEBUG 34416 --- [           main] o.h.q.sqm.function.SqmFunctionRegistry   : Registered SqmFunctionTemplate [org.hibernate.dialect.function.SqlFunction@1cde05bc] under sql; prior registration was null
2024-05-12T12:06:04.101+03:00 DEBUG 34416 --- [           main] o.h.q.sqm.function.SqmFunctionRegistry   : Registered SqmFunctionTemplate [NamedSqmFunctionTemplate(soundex)] under soundex; prior registration was null
2024-05-12T12:06:04.101+03:00 DEBUG 34416 --- [           main] o.h.q.sqm.function.SqmFunctionRegistry   : Registered SqmFunctionTemplate [NamedSqmFunctionTemplate(radians)] under radians; prior registration was null
2024-05-12T12:06:04.102+03:00 DEBUG 34416 --- [           main] o.h.q.sqm.function.SqmFunctionRegistry   : Registered SqmFunctionTemplate [NamedSqmFunctionTemplate(degrees)] under degrees; prior registration was null
2024-05-12T12:06:04.102+03:00 DEBUG 34416 --- [           main] o.h.q.sqm.function.SqmFunctionRegistry   : Registered SqmFunctionTemplate [NamedSqmFunctionTemplate(cot)] under cot; prior registration was null
2024-05-12T12:06:04.102+03:00 DEBUG 34416 --- [           main] o.h.q.sqm.function.SqmFunctionRegistry   : Registered SqmFunctionTemplate [NamedSqmFunctionTemplate(log)] under log; prior registration was org.hibernate.query.sqm.function.PatternBasedSqmFunctionDescriptor@798f8f25
2024-05-12T12:06:04.102+03:00 DEBUG 34416 --- [           main] o.h.q.sqm.function.SqmFunctionRegistry   : Registered SqmFunctionTemplate [NamedSqmFunctionTemplate(log2)] under log2; prior registration was null
2024-05-12T12:06:04.102+03:00 DEBUG 34416 --- [           main] o.h.q.sqm.function.SqmFunctionRegistry   : Registered SqmFunctionTemplate [NamedSqmFunctionTemplate(log10)] under log10; prior registration was null
2024-05-12T12:06:04.102+03:00 DEBUG 34416 --- [           main] o.h.q.sqm.function.SqmFunctionRegistry   : Registered SqmFunctionTemplate [NamedSqmFunctionTemplate(ltrim)] under ltrim; prior registration was null
2024-05-12T12:06:04.102+03:00 DEBUG 34416 --- [           main] o.h.q.sqm.function.SqmFunctionRegistry   : Registered SqmFunctionTemplate [NamedSqmFunctionTemplate(rtrim)] under rtrim; prior registration was null
2024-05-12T12:06:04.102+03:00 DEBUG 34416 --- [           main] o.h.q.sqm.function.SqmFunctionRegistry   : Registered SqmFunctionTemplate [NamedSqmFunctionTemplate(octet_length)] under octet_length; prior registration was null
2024-05-12T12:06:04.102+03:00 DEBUG 34416 --- [           main] o.h.q.sqm.function.SqmFunctionRegistry   : Registered SqmFunctionTemplate [NamedSqmFunctionTemplate(reverse)] under reverse; prior registration was null
2024-05-12T12:06:04.102+03:00 DEBUG 34416 --- [           main] o.h.q.sqm.function.SqmFunctionRegistry   : Registered SqmFunctionTemplate [NamedSqmFunctionTemplate(space)] under space; prior registration was null
2024-05-12T12:06:04.102+03:00 DEBUG 34416 --- [           main] o.h.q.sqm.function.SqmFunctionRegistry   : Registered SqmFunctionTemplate [NamedSqmFunctionTemplate(repeat)] under repeat; prior registration was null
2024-05-12T12:06:04.102+03:00 DEBUG 34416 --- [           main] o.h.q.sqm.function.SqmFunctionRegistry   : Registered SqmFunctionTemplate [org.hibernate.query.sqm.function.MultipatternSqmFunctionDescriptor@7cab419a] under lpad; prior registration was NamedSqmFunctionTemplate(lpad)
2024-05-12T12:06:04.102+03:00 DEBUG 34416 --- [           main] o.h.q.sqm.function.SqmFunctionRegistry   : Registered SqmFunctionTemplate [org.hibernate.query.sqm.function.MultipatternSqmFunctionDescriptor@1fc6ccbe] under rpad; prior registration was NamedSqmFunctionTemplate(rpad)
2024-05-12T12:06:04.102+03:00 DEBUG 34416 --- [           main] o.h.q.sqm.function.SqmFunctionRegistry   : Registered SqmFunctionTemplate [NamedSqmFunctionTemplate(md5)] under md5; prior registration was null
2024-05-12T12:06:04.102+03:00 DEBUG 34416 --- [           main] o.h.q.sqm.function.SqmFunctionRegistry   : Registered SqmFunctionTemplate [NamedSqmFunctionTemplate(day)] under day; prior registration was null
2024-05-12T12:06:04.103+03:00 DEBUG 34416 --- [           main] o.h.q.sqm.function.SqmFunctionRegistry   : Registered SqmFunctionTemplate [NamedSqmFunctionTemplate(month)] under month; prior registration was null
2024-05-12T12:06:04.103+03:00 DEBUG 34416 --- [           main] o.h.q.sqm.function.SqmFunctionRegistry   : Registered SqmFunctionTemplate [NamedSqmFunctionTemplate(year)] under year; prior registration was null
2024-05-12T12:06:04.103+03:00 DEBUG 34416 --- [           main] o.h.q.sqm.function.SqmFunctionRegistry   : Registered SqmFunctionTemplate [NamedSqmFunctionTemplate(hour)] under hour; prior registration was null
2024-05-12T12:06:04.103+03:00 DEBUG 34416 --- [           main] o.h.q.sqm.function.SqmFunctionRegistry   : Registered SqmFunctionTemplate [NamedSqmFunctionTemplate(minute)] under minute; prior registration was null
2024-05-12T12:06:04.103+03:00 DEBUG 34416 --- [           main] o.h.q.sqm.function.SqmFunctionRegistry   : Registered SqmFunctionTemplate [NamedSqmFunctionTemplate(second)] under second; prior registration was null
2024-05-12T12:06:04.103+03:00 DEBUG 34416 --- [           main] o.h.q.sqm.function.SqmFunctionRegistry   : Registered SqmFunctionTemplate [NamedSqmFunctionTemplate(microsecond)] under microsecond; prior registration was null
2024-05-12T12:06:04.103+03:00 DEBUG 34416 --- [           main] o.h.q.sqm.function.SqmFunctionRegistry   : Registered SqmFunctionTemplate [NamedSqmFunctionTemplate(dayofweek)] under dayofweek; prior registration was null
2024-05-12T12:06:04.103+03:00 DEBUG 34416 --- [           main] o.h.q.sqm.function.SqmFunctionRegistry   : Registered SqmFunctionTemplate [NamedSqmFunctionTemplate(dayofmonth)] under dayofmonth; prior registration was null
2024-05-12T12:06:04.103+03:00 DEBUG 34416 --- [           main] o.h.q.sqm.function.SqmFunctionRegistry   : Registering alternate key : day -> dayofmonth
2024-05-12T12:06:04.103+03:00 DEBUG 34416 --- [           main] o.h.q.sqm.function.SqmFunctionRegistry   : Registered SqmFunctionTemplate [NamedSqmFunctionTemplate(dayofyear)] under dayofyear; prior registration was null
2024-05-12T12:06:04.103+03:00 DEBUG 34416 --- [           main] o.h.q.sqm.function.SqmFunctionRegistry   : Registered SqmFunctionTemplate [NamedSqmFunctionTemplate(week)] under week; prior registration was null
2024-05-12T12:06:04.103+03:00 DEBUG 34416 --- [           main] o.h.q.sqm.function.SqmFunctionRegistry   : Registered SqmFunctionTemplate [NamedSqmFunctionTemplate(quarter)] under quarter; prior registration was null
2024-05-12T12:06:04.103+03:00 DEBUG 34416 --- [           main] o.h.q.sqm.function.SqmFunctionRegistry   : Registered SqmFunctionTemplate [NamedSqmFunctionTemplate(monthname)] under monthname; prior registration was null
2024-05-12T12:06:04.103+03:00 DEBUG 34416 --- [           main] o.h.q.sqm.function.SqmFunctionRegistry   : Registered SqmFunctionTemplate [NamedSqmFunctionTemplate(dayname)] under dayname; prior registration was null
2024-05-12T12:06:04.103+03:00 DEBUG 34416 --- [           main] o.h.q.sqm.function.SqmFunctionRegistry   : Registered SqmFunctionTemplate [NamedSqmFunctionTemplate(last_day)] under last_day; prior registration was null
2024-05-12T12:06:04.103+03:00 DEBUG 34416 --- [           main] o.h.q.sqm.function.SqmFunctionRegistry   : Registered SqmFunctionTemplate [NamedSqmFunctionTemplate(date)] under date; prior registration was null
2024-05-12T12:06:04.103+03:00 DEBUG 34416 --- [           main] o.h.q.sqm.function.SqmFunctionRegistry   : Registered SqmFunctionTemplate [NamedSqmFunctionTemplate(timestamp)] under timestamp; prior registration was null
2024-05-12T12:06:04.103+03:00 DEBUG 34416 --- [           main] o.h.q.sqm.function.SqmFunctionRegistry   : Registered SqmFunctionTemplate [NamedSqmFunctionTemplate(time)] under time; prior registration was null
2024-05-12T12:06:04.103+03:00 DEBUG 34416 --- [           main] o.h.q.sqm.function.SqmFunctionRegistry   : Registered SqmFunctionTemplate [NamedSqmFunctionTemplate(utc_date)] under utc_date; prior registration was null
2024-05-12T12:06:04.103+03:00 DEBUG 34416 --- [           main] o.h.q.sqm.function.SqmFunctionRegistry   : Registered SqmFunctionTemplate [NamedSqmFunctionTemplate(utc_time)] under utc_time; prior registration was null
2024-05-12T12:06:04.103+03:00 DEBUG 34416 --- [           main] o.h.q.sqm.function.SqmFunctionRegistry   : Registered SqmFunctionTemplate [NamedSqmFunctionTemplate(utc_timestamp)] under utc_timestamp; prior registration was null
2024-05-12T12:06:04.103+03:00 DEBUG 34416 --- [           main] o.h.q.sqm.function.SqmFunctionRegistry   : Registered SqmFunctionTemplate [NamedSqmFunctionTemplate(rand)] under rand; prior registration was null
2024-05-12T12:06:04.103+03:00 DEBUG 34416 --- [           main] o.h.q.sqm.function.SqmFunctionRegistry   : Registered SqmFunctionTemplate [NamedSqmFunctionTemplate(crc32)] under crc32; prior registration was null
2024-05-12T12:06:04.103+03:00 DEBUG 34416 --- [           main] o.h.q.sqm.function.SqmFunctionRegistry   : Registered SqmFunctionTemplate [NamedSqmFunctionTemplate(sha1)] under sha1; prior registration was null
2024-05-12T12:06:04.103+03:00 DEBUG 34416 --- [           main] o.h.q.sqm.function.SqmFunctionRegistry   : Registered SqmFunctionTemplate [NamedSqmFunctionTemplate(sha2)] under sha2; prior registration was null
2024-05-12T12:06:04.104+03:00 DEBUG 34416 --- [           main] o.h.q.sqm.function.SqmFunctionRegistry   : Registered SqmFunctionTemplate [NamedSqmFunctionTemplate(sha)] under sha; prior registration was null
2024-05-12T12:06:04.104+03:00 DEBUG 34416 --- [           main] o.h.q.sqm.function.SqmFunctionRegistry   : Registered SqmFunctionTemplate [NamedSqmFunctionTemplate(bit_length)] under bit_length; prior registration was null
2024-05-12T12:06:04.104+03:00 DEBUG 34416 --- [           main] o.h.q.sqm.function.SqmFunctionRegistry   : Registered SqmFunctionTemplate [NamedSqmFunctionTemplate(octet_length)] under octet_length; prior registration was NamedSqmFunctionTemplate(octet_length)
2024-05-12T12:06:04.104+03:00 DEBUG 34416 --- [           main] o.h.q.sqm.function.SqmFunctionRegistry   : Registered SqmFunctionTemplate [NamedSqmFunctionTemplate(ascii)] under ascii; prior registration was null
2024-05-12T12:06:04.104+03:00 DEBUG 34416 --- [           main] o.h.q.sqm.function.SqmFunctionRegistry   : Registered SqmFunctionTemplate [NamedSqmFunctionTemplate(instr)] under instr; prior registration was null
2024-05-12T12:06:04.104+03:00 DEBUG 34416 --- [           main] o.h.q.sqm.function.SqmFunctionRegistry   : Registered SqmFunctionTemplate [NamedSqmFunctionTemplate(substr)] under substr; prior registration was null
2024-05-12T12:06:04.104+03:00 DEBUG 34416 --- [           main] o.h.q.sqm.function.SqmFunctionRegistry   : Registered SqmFunctionTemplate [org.hibernate.query.sqm.function.PatternBasedSqmFunctionDescriptor@459a99c9] under position; prior registration was org.hibernate.dialect.function.LocatePositionEmulation@6ec0315f
2024-05-12T12:06:04.104+03:00 DEBUG 34416 --- [           main] o.h.q.sqm.function.SqmFunctionRegistry   : Registered SqmFunctionTemplate [NamedSqmFunctionTemplate(curtime)] under curtime; prior registration was null
2024-05-12T12:06:04.104+03:00 DEBUG 34416 --- [           main] o.h.q.sqm.function.SqmFunctionRegistry   : Registered SqmFunctionTemplate [NamedSqmFunctionTemplate(curdate)] under curdate; prior registration was null
2024-05-12T12:06:04.104+03:00 DEBUG 34416 --- [           main] o.h.q.sqm.function.SqmFunctionRegistry   : Registered SqmFunctionTemplate [NamedSqmFunctionTemplate(now)] under now; prior registration was null
2024-05-12T12:06:04.104+03:00 DEBUG 34416 --- [           main] o.h.q.sqm.function.SqmFunctionRegistry   : Registered SqmFunctionTemplate [org.hibernate.dialect.function.TruncFunction@29058723] under trunc; prior registration was null
2024-05-12T12:06:04.104+03:00 DEBUG 34416 --- [           main] o.h.q.sqm.function.SqmFunctionRegistry   : Registering alternate key : truncate -> trunc
2024-05-12T12:06:04.104+03:00 DEBUG 34416 --- [           main] o.h.q.sqm.function.SqmFunctionRegistry   : Registered SqmFunctionTemplate [NamedSqmFunctionTemplate(insert)] under insert; prior registration was null
2024-05-12T12:06:04.104+03:00 DEBUG 34416 --- [           main] o.h.q.sqm.function.SqmFunctionRegistry   : Registered SqmFunctionTemplate [org.hibernate.query.sqm.function.PatternBasedSqmFunctionDescriptor@f04b408] under bitand; prior registration was null
2024-05-12T12:06:04.104+03:00 DEBUG 34416 --- [           main] o.h.q.sqm.function.SqmFunctionRegistry   : Registered SqmFunctionTemplate [org.hibernate.query.sqm.function.PatternBasedSqmFunctionDescriptor@268e3a6a] under bitor; prior registration was null
2024-05-12T12:06:04.104+03:00 DEBUG 34416 --- [           main] o.h.q.sqm.function.SqmFunctionRegistry   : Registered SqmFunctionTemplate [org.hibernate.query.sqm.function.PatternBasedSqmFunctionDescriptor@374baba3] under bitxor; prior registration was null
2024-05-12T12:06:04.104+03:00 DEBUG 34416 --- [           main] o.h.q.sqm.function.SqmFunctionRegistry   : Registered SqmFunctionTemplate [org.hibernate.query.sqm.function.PatternBasedSqmFunctionDescriptor@32720ef6] under bitnot; prior registration was null
2024-05-12T12:06:04.104+03:00 DEBUG 34416 --- [           main] o.h.q.sqm.function.SqmFunctionRegistry   : Registered SqmFunctionTemplate [NamedSqmFunctionTemplate(bit_and)] under bit_and; prior registration was null
2024-05-12T12:06:04.104+03:00 DEBUG 34416 --- [           main] o.h.q.sqm.function.SqmFunctionRegistry   : Registered SqmFunctionTemplate [NamedSqmFunctionTemplate(bit_or)] under bit_or; prior registration was null
2024-05-12T12:06:04.104+03:00 DEBUG 34416 --- [           main] o.h.q.sqm.function.SqmFunctionRegistry   : Registered SqmFunctionTemplate [NamedSqmFunctionTemplate(stddev)] under stddev; prior registration was null
2024-05-12T12:06:04.104+03:00 DEBUG 34416 --- [           main] o.h.q.sqm.function.SqmFunctionRegistry   : Registered SqmFunctionTemplate [NamedSqmFunctionTemplate(stddev_pop)] under stddev_pop; prior registration was null
2024-05-12T12:06:04.104+03:00 DEBUG 34416 --- [           main] o.h.q.sqm.function.SqmFunctionRegistry   : Registered SqmFunctionTemplate [NamedSqmFunctionTemplate(stddev_samp)] under stddev_samp; prior registration was null
2024-05-12T12:06:04.104+03:00 DEBUG 34416 --- [           main] o.h.q.sqm.function.SqmFunctionRegistry   : Registered SqmFunctionTemplate [NamedSqmFunctionTemplate(variance)] under variance; prior registration was null
2024-05-12T12:06:04.104+03:00 DEBUG 34416 --- [           main] o.h.q.sqm.function.SqmFunctionRegistry   : Registered SqmFunctionTemplate [NamedSqmFunctionTemplate(var_pop)] under var_pop; prior registration was null
2024-05-12T12:06:04.104+03:00 DEBUG 34416 --- [           main] o.h.q.sqm.function.SqmFunctionRegistry   : Registered SqmFunctionTemplate [NamedSqmFunctionTemplate(var_samp)] under var_samp; prior registration was null
2024-05-12T12:06:04.104+03:00 DEBUG 34416 --- [           main] o.h.q.sqm.function.SqmFunctionRegistry   : Registered SqmFunctionTemplate [NamedSqmFunctionTemplate(datediff)] under datediff; prior registration was null
2024-05-12T12:06:04.104+03:00 DEBUG 34416 --- [           main] o.h.q.sqm.function.SqmFunctionRegistry   : Registered SqmFunctionTemplate [NamedSqmFunctionTemplate(adddate)] under adddate; prior registration was null
2024-05-12T12:06:04.104+03:00 DEBUG 34416 --- [           main] o.h.q.sqm.function.SqmFunctionRegistry   : Registered SqmFunctionTemplate [NamedSqmFunctionTemplate(subdate)] under subdate; prior registration was null
2024-05-12T12:06:04.104+03:00 DEBUG 34416 --- [           main] o.h.q.sqm.function.SqmFunctionRegistry   : Registered SqmFunctionTemplate [NamedSqmFunctionTemplate(addtime)] under addtime; prior registration was null
2024-05-12T12:06:04.104+03:00 DEBUG 34416 --- [           main] o.h.q.sqm.function.SqmFunctionRegistry   : Registered SqmFunctionTemplate [NamedSqmFunctionTemplate(subtime)] under subtime; prior registration was null
2024-05-12T12:06:04.105+03:00 DEBUG 34416 --- [           main] o.h.q.sqm.function.SqmFunctionRegistry   : Registered SqmFunctionTemplate [org.hibernate.dialect.function.FormatFunction@187c5844] under format; prior registration was org.hibernate.dialect.function.FormatFunction@2877e4ba
2024-05-12T12:06:04.105+03:00 DEBUG 34416 --- [           main] o.h.q.sqm.function.SqmFunctionRegistry   : Registered SqmFunctionTemplate [NamedSqmFunctionTemplate(makedate)] under makedate; prior registration was null
2024-05-12T12:06:04.105+03:00 DEBUG 34416 --- [           main] o.h.q.sqm.function.SqmFunctionRegistry   : Registered SqmFunctionTemplate [NamedSqmFunctionTemplate(maketime)] under maketime; prior registration was null
2024-05-12T12:06:04.105+03:00 DEBUG 34416 --- [           main] o.h.q.sqm.function.SqmFunctionRegistry   : Registered SqmFunctionTemplate [NamedSqmFunctionTemplate(localtime)] under localtime; prior registration was null
2024-05-12T12:06:04.105+03:00 DEBUG 34416 --- [           main] o.h.q.sqm.function.SqmFunctionRegistry   : Registered SqmFunctionTemplate [NamedSqmFunctionTemplate(localtimestamp)] under localtimestamp; prior registration was null
2024-05-12T12:06:04.105+03:00 DEBUG 34416 --- [           main] o.h.q.sqm.function.SqmFunctionRegistry   : Registered SqmFunctionTemplate [NamedSqmFunctionTemplate(localtime)] under local_time; prior registration was org.hibernate.dialect.function.CurrentFunction@70867b70
2024-05-12T12:06:04.105+03:00 DEBUG 34416 --- [           main] o.h.q.sqm.function.SqmFunctionRegistry   : Registered SqmFunctionTemplate [NamedSqmFunctionTemplate(localtimestamp)] under local_datetime; prior registration was org.hibernate.dialect.function.CurrentFunction@75c2baff
2024-05-12T12:06:04.105+03:00 DEBUG 34416 --- [           main] o.h.q.sqm.function.SqmFunctionRegistry   : Registered SqmFunctionTemplate [NamedSqmFunctionTemplate(localtime)] under localtime; prior registration was NamedSqmFunctionTemplate(localtime)
2024-05-12T12:06:04.105+03:00 DEBUG 34416 --- [           main] o.h.q.sqm.function.SqmFunctionRegistry   : Registered SqmFunctionTemplate [org.hibernate.query.sqm.function.PatternBasedSqmFunctionDescriptor@4ff67c4b] under pi; prior registration was org.hibernate.query.sqm.function.PatternBasedSqmFunctionDescriptor@7fec168e
2024-05-12T12:06:04.105+03:00 DEBUG 34416 --- [           main] o.h.q.sqm.function.SqmFunctionRegistry   : Registered SqmFunctionTemplate [org.hibernate.query.sqm.function.PatternBasedSqmFunctionDescriptor@258ad0a5] under chr; prior registration was null
2024-05-12T12:06:04.105+03:00 DEBUG 34416 --- [           main] o.h.q.sqm.function.SqmFunctionRegistry   : Registering alternate key : char -> chr
2024-05-12T12:06:04.106+03:00 DEBUG 34416 --- [           main] o.h.q.sqm.function.SqmFunctionRegistry   : Registered SqmFunctionTemplate [org.hibernate.query.sqm.function.PatternBasedSqmFunctionDescriptor@72d6f5c] under sysdate; prior registration was null
2024-05-12T12:06:04.106+03:00 DEBUG 34416 --- [           main] o.h.q.sqm.function.SqmFunctionRegistry   : Registered SqmFunctionTemplate [org.hibernate.dialect.function.ListaggGroupConcatEmulation@7de9b985] under listagg; prior registration was null
2024-05-12T12:06:04.106+03:00 DEBUG 34416 --- [           main] org.hibernate.HQL_FUNCTIONS              : abs(NUMERIC arg)
2024-05-12T12:06:04.106+03:00 DEBUG 34416 --- [           main] org.hibernate.HQL_FUNCTIONS              : Double acos(NUMERIC arg)
2024-05-12T12:06:04.106+03:00 DEBUG 34416 --- [           main] org.hibernate.HQL_FUNCTIONS              : adddate(DATE datetime, INTEGER days)
2024-05-12T12:06:04.106+03:00 DEBUG 34416 --- [           main] org.hibernate.HQL_FUNCTIONS              : addtime(TIME datetime, TIME time)
2024-05-12T12:06:04.106+03:00 DEBUG 34416 --- [           main] org.hibernate.HQL_FUNCTIONS              : Boolean any(BOOLEAN arg)
2024-05-12T12:06:04.106+03:00 DEBUG 34416 --- [           main] org.hibernate.HQL_FUNCTIONS              : Integer ascii(STRING arg)
2024-05-12T12:06:04.106+03:00 DEBUG 34416 --- [           main] org.hibernate.HQL_FUNCTIONS              : Double asin(NUMERIC arg)
2024-05-12T12:06:04.106+03:00 DEBUG 34416 --- [           main] org.hibernate.HQL_FUNCTIONS              : Double atan(NUMERIC arg)
2024-05-12T12:06:04.106+03:00 DEBUG 34416 --- [           main] org.hibernate.HQL_FUNCTIONS              : Double atan2(NUMERIC arg0, NUMERIC arg1)
2024-05-12T12:06:04.107+03:00 DEBUG 34416 --- [           main] org.hibernate.HQL_FUNCTIONS              : avg(arg)
2024-05-12T12:06:04.107+03:00 DEBUG 34416 --- [           main] org.hibernate.HQL_FUNCTIONS              : bit_and(arg)
2024-05-12T12:06:04.107+03:00 DEBUG 34416 --- [           main] org.hibernate.HQL_FUNCTIONS              : Integer bit_length(STRING_OR_CLOB arg)
2024-05-12T12:06:04.107+03:00 DEBUG 34416 --- [           main] org.hibernate.HQL_FUNCTIONS              : bit_or(arg)
2024-05-12T12:06:04.107+03:00 DEBUG 34416 --- [           main] org.hibernate.HQL_FUNCTIONS              : bitand(arg0, arg1)
2024-05-12T12:06:04.107+03:00 DEBUG 34416 --- [           main] org.hibernate.HQL_FUNCTIONS              : bitnot(arg)
2024-05-12T12:06:04.107+03:00 DEBUG 34416 --- [           main] org.hibernate.HQL_FUNCTIONS              : bitor(arg0, arg1)
2024-05-12T12:06:04.107+03:00 DEBUG 34416 --- [           main] org.hibernate.HQL_FUNCTIONS              : bitxor(arg0, arg1)
2024-05-12T12:06:04.107+03:00 DEBUG 34416 --- [           main] org.hibernate.HQL_FUNCTIONS              : cast(arg as Type)
2024-05-12T12:06:04.107+03:00 DEBUG 34416 --- [           main] org.hibernate.HQL_FUNCTIONS              : ceiling(NUMERIC arg)
2024-05-12T12:06:04.107+03:00 DEBUG 34416 --- [           main] org.hibernate.HQL_FUNCTIONS              : Character char(INTEGER arg)
2024-05-12T12:06:04.107+03:00 DEBUG 34416 --- [           main] org.hibernate.HQL_FUNCTIONS              : Integer character_length(STRING_OR_CLOB arg)
2024-05-12T12:06:04.107+03:00 DEBUG 34416 --- [           main] org.hibernate.HQL_FUNCTIONS              : Character chr(INTEGER arg)
2024-05-12T12:06:04.107+03:00 DEBUG 34416 --- [           main] org.hibernate.HQL_FUNCTIONS              : coalesce(arg0[, arg1[, ...]])
2024-05-12T12:06:04.107+03:00 DEBUG 34416 --- [           main] org.hibernate.HQL_FUNCTIONS              : String collate(STRING string as COLLATION collation)
2024-05-12T12:06:04.107+03:00 DEBUG 34416 --- [           main] org.hibernate.HQL_FUNCTIONS              : String concat(STRING string0[, STRING string1[, ...]])
2024-05-12T12:06:04.107+03:00 DEBUG 34416 --- [           main] org.hibernate.HQL_FUNCTIONS              : Double cos(NUMERIC arg)
2024-05-12T12:06:04.107+03:00 DEBUG 34416 --- [           main] org.hibernate.HQL_FUNCTIONS              : Double cosh(NUMERIC arg)
2024-05-12T12:06:04.107+03:00 DEBUG 34416 --- [           main] org.hibernate.HQL_FUNCTIONS              : Double cot(NUMERIC arg)
2024-05-12T12:06:04.107+03:00 DEBUG 34416 --- [           main] org.hibernate.HQL_FUNCTIONS              : Long count([distinct ]{arg|*})
2024-05-12T12:06:04.107+03:00 DEBUG 34416 --- [           main] org.hibernate.HQL_FUNCTIONS              : Integer crc32(arg)
2024-05-12T12:06:04.107+03:00 DEBUG 34416 --- [           main] org.hibernate.HQL_FUNCTIONS              : Date curdate()
2024-05-12T12:06:04.107+03:00 DEBUG 34416 --- [           main] org.hibernate.HQL_FUNCTIONS              : Date current date
2024-05-12T12:06:04.107+03:00 DEBUG 34416 --- [           main] org.hibernate.HQL_FUNCTIONS              : Time current time
2024-05-12T12:06:04.107+03:00 DEBUG 34416 --- [           main] org.hibernate.HQL_FUNCTIONS              : Timestamp current timestamp
2024-05-12T12:06:04.107+03:00 DEBUG 34416 --- [           main] org.hibernate.HQL_FUNCTIONS              : Date current_date
2024-05-12T12:06:04.107+03:00 DEBUG 34416 --- [           main] org.hibernate.HQL_FUNCTIONS              : Instant current_instant
2024-05-12T12:06:04.107+03:00 DEBUG 34416 --- [           main] org.hibernate.HQL_FUNCTIONS              : Time current_time
2024-05-12T12:06:04.107+03:00 DEBUG 34416 --- [           main] org.hibernate.HQL_FUNCTIONS              : Timestamp current_timestamp
2024-05-12T12:06:04.107+03:00 DEBUG 34416 --- [           main] org.hibernate.HQL_FUNCTIONS              : Time curtime()
2024-05-12T12:06:04.107+03:00 DEBUG 34416 --- [           main] org.hibernate.HQL_FUNCTIONS              : Date date(arg)
2024-05-12T12:06:04.107+03:00 DEBUG 34416 --- [           main] org.hibernate.HQL_FUNCTIONS              : dateadd(TEMPORAL_UNIT field, INTEGER magnitude, TEMPORAL datetime)
2024-05-12T12:06:04.107+03:00 DEBUG 34416 --- [           main] org.hibernate.HQL_FUNCTIONS              : Integer datediff(DATE end, DATE start)
2024-05-12T12:06:04.107+03:00 DEBUG 34416 --- [           main] org.hibernate.HQL_FUNCTIONS              : Integer day(DATE arg)
2024-05-12T12:06:04.107+03:00 DEBUG 34416 --- [           main] org.hibernate.HQL_FUNCTIONS              : String dayname(DATE arg)
2024-05-12T12:06:04.107+03:00 DEBUG 34416 --- [           main] org.hibernate.HQL_FUNCTIONS              : Integer dayofmonth(DATE arg)
2024-05-12T12:06:04.107+03:00 DEBUG 34416 --- [           main] org.hibernate.HQL_FUNCTIONS              : Integer dayofweek(DATE arg)
2024-05-12T12:06:04.107+03:00 DEBUG 34416 --- [           main] org.hibernate.HQL_FUNCTIONS              : Integer dayofyear(DATE arg)
2024-05-12T12:06:04.107+03:00 DEBUG 34416 --- [           main] org.hibernate.HQL_FUNCTIONS              : Double degrees(NUMERIC arg)
2024-05-12T12:06:04.107+03:00 DEBUG 34416 --- [           main] org.hibernate.HQL_FUNCTIONS              : Boolean every(BOOLEAN arg)
2024-05-12T12:06:04.107+03:00 DEBUG 34416 --- [           main] org.hibernate.HQL_FUNCTIONS              : Double exp(NUMERIC arg)
2024-05-12T12:06:04.107+03:00 DEBUG 34416 --- [           main] org.hibernate.HQL_FUNCTIONS              : extract(TEMPORAL_UNIT field from TEMPORAL arg)
2024-05-12T12:06:04.107+03:00 DEBUG 34416 --- [           main] org.hibernate.HQL_FUNCTIONS              : floor(NUMERIC arg)
2024-05-12T12:06:04.107+03:00 DEBUG 34416 --- [           main] org.hibernate.HQL_FUNCTIONS              : String format(TEMPORAL datetime as STRING pattern)
2024-05-12T12:06:04.107+03:00 DEBUG 34416 --- [           main] org.hibernate.HQL_FUNCTIONS              : greatest(COMPARABLE arg0, COMPARABLE arg1[, arg2[, ...]])
2024-05-12T12:06:04.107+03:00 DEBUG 34416 --- [           main] org.hibernate.HQL_FUNCTIONS              : Integer hour(TIME arg)
2024-05-12T12:06:04.107+03:00 DEBUG 34416 --- [           main] org.hibernate.HQL_FUNCTIONS              : ifnull(arg0, arg1)
2024-05-12T12:06:04.107+03:00 DEBUG 34416 --- [           main] org.hibernate.HQL_FUNCTIONS              : String insert(STRING string, INTEGER start, INTEGER length, STRING replacement)
2024-05-12T12:06:04.107+03:00 DEBUG 34416 --- [           main] org.hibernate.HQL_FUNCTIONS              : Instant instant
2024-05-12T12:06:04.108+03:00 DEBUG 34416 --- [           main] org.hibernate.HQL_FUNCTIONS              : Integer instr(STRING string, STRING pattern[, INTEGER start[, INTEGER occurrence]])
2024-05-12T12:06:04.108+03:00 DEBUG 34416 --- [           main] org.hibernate.HQL_FUNCTIONS              : Date last_day(DATE arg)
2024-05-12T12:06:04.108+03:00 DEBUG 34416 --- [           main] org.hibernate.HQL_FUNCTIONS              : least(COMPARABLE arg0, COMPARABLE arg1[, arg2[, ...]])
2024-05-12T12:06:04.108+03:00 DEBUG 34416 --- [           main] org.hibernate.HQL_FUNCTIONS              : String left(STRING string, INTEGER length)
2024-05-12T12:06:04.108+03:00 DEBUG 34416 --- [           main] org.hibernate.HQL_FUNCTIONS              : Integer length(STRING_OR_CLOB arg)
2024-05-12T12:06:04.108+03:00 DEBUG 34416 --- [           main] org.hibernate.HQL_FUNCTIONS              : String listagg(STRING arg0, STRING arg1)
2024-05-12T12:06:04.108+03:00 DEBUG 34416 --- [           main] org.hibernate.HQL_FUNCTIONS              : Double ln(NUMERIC arg)
2024-05-12T12:06:04.108+03:00 DEBUG 34416 --- [           main] org.hibernate.HQL_FUNCTIONS              : LocalDate local date
2024-05-12T12:06:04.108+03:00 DEBUG 34416 --- [           main] org.hibernate.HQL_FUNCTIONS              : LocalDateTime local datetime
2024-05-12T12:06:04.108+03:00 DEBUG 34416 --- [           main] org.hibernate.HQL_FUNCTIONS              : LocalTime local time
2024-05-12T12:06:04.108+03:00 DEBUG 34416 --- [           main] org.hibernate.HQL_FUNCTIONS              : LocalDate local_date
2024-05-12T12:06:04.108+03:00 DEBUG 34416 --- [           main] org.hibernate.HQL_FUNCTIONS              : LocalDateTime local_datetime
2024-05-12T12:06:04.108+03:00 DEBUG 34416 --- [           main] org.hibernate.HQL_FUNCTIONS              : LocalTime local_time
2024-05-12T12:06:04.108+03:00 DEBUG 34416 --- [           main] org.hibernate.HQL_FUNCTIONS              : Timestamp localtime
2024-05-12T12:06:04.108+03:00 DEBUG 34416 --- [           main] org.hibernate.HQL_FUNCTIONS              : Timestamp localtimestamp
2024-05-12T12:06:04.108+03:00 DEBUG 34416 --- [           main] org.hibernate.HQL_FUNCTIONS              : Integer locate(STRING pattern, STRING string[, INTEGER start])
2024-05-12T12:06:04.108+03:00 DEBUG 34416 --- [           main] org.hibernate.HQL_FUNCTIONS              : Double log(NUMERIC arg0[, NUMERIC arg1])
2024-05-12T12:06:04.108+03:00 DEBUG 34416 --- [           main] org.hibernate.HQL_FUNCTIONS              : Double log10(NUMERIC arg)
2024-05-12T12:06:04.108+03:00 DEBUG 34416 --- [           main] org.hibernate.HQL_FUNCTIONS              : Double log2(NUMERIC arg)
2024-05-12T12:06:04.108+03:00 DEBUG 34416 --- [           main] org.hibernate.HQL_FUNCTIONS              : String lower(STRING string)
2024-05-12T12:06:04.108+03:00 DEBUG 34416 --- [           main] org.hibernate.HQL_FUNCTIONS              : String lpad(string, length[, padding])
2024-05-12T12:06:04.108+03:00 DEBUG 34416 --- [           main] org.hibernate.HQL_FUNCTIONS              : String ltrim(STRING string[, STRING characters])
2024-05-12T12:06:04.108+03:00 DEBUG 34416 --- [           main] org.hibernate.HQL_FUNCTIONS              : Date makedate(INTEGER year, INTEGER dayofyear)
2024-05-12T12:06:04.108+03:00 DEBUG 34416 --- [           main] org.hibernate.HQL_FUNCTIONS              : Time maketime(INTEGER hour, INTEGER min, INTEGER sec)
2024-05-12T12:06:04.108+03:00 DEBUG 34416 --- [           main] org.hibernate.HQL_FUNCTIONS              : max(COMPARABLE arg)
2024-05-12T12:06:04.108+03:00 DEBUG 34416 --- [           main] org.hibernate.HQL_FUNCTIONS              : String md5(arg)
2024-05-12T12:06:04.109+03:00 DEBUG 34416 --- [           main] org.hibernate.HQL_FUNCTIONS              : Integer microsecond(TIME arg)
2024-05-12T12:06:04.109+03:00 DEBUG 34416 --- [           main] org.hibernate.HQL_FUNCTIONS              : min(COMPARABLE arg)
2024-05-12T12:06:04.109+03:00 DEBUG 34416 --- [           main] org.hibernate.HQL_FUNCTIONS              : Integer minute(TIME arg)
2024-05-12T12:06:04.109+03:00 DEBUG 34416 --- [           main] org.hibernate.HQL_FUNCTIONS              : Integer mod(INTEGER arg0, INTEGER arg1)
2024-05-12T12:06:04.109+03:00 DEBUG 34416 --- [           main] org.hibernate.HQL_FUNCTIONS              : Integer month(DATE arg)
2024-05-12T12:06:04.109+03:00 DEBUG 34416 --- [           main] org.hibernate.HQL_FUNCTIONS              : String monthname(DATE arg)
2024-05-12T12:06:04.109+03:00 DEBUG 34416 --- [           main] org.hibernate.HQL_FUNCTIONS              : Timestamp now()
2024-05-12T12:06:04.109+03:00 DEBUG 34416 --- [           main] org.hibernate.HQL_FUNCTIONS              : nullif(arg0, arg1)
2024-05-12T12:06:04.109+03:00 DEBUG 34416 --- [           main] org.hibernate.HQL_FUNCTIONS              : Integer octet_length(STRING_OR_CLOB arg)
2024-05-12T12:06:04.109+03:00 DEBUG 34416 --- [           main] org.hibernate.HQL_FUNCTIONS              : OffsetDateTime offset datetime
2024-05-12T12:06:04.109+03:00 DEBUG 34416 --- [           main] org.hibernate.HQL_FUNCTIONS              : OffsetDateTime offset_datetime
2024-05-12T12:06:04.109+03:00 DEBUG 34416 --- [           main] org.hibernate.HQL_FUNCTIONS              : String overlay(STRING string placing STRING replacement from INTEGER start[ for INTEGER length])
2024-05-12T12:06:04.109+03:00 DEBUG 34416 --- [           main] org.hibernate.HQL_FUNCTIONS              : String pad(STRING string with INTEGER length {leading|trailing}[ STRING character])
2024-05-12T12:06:04.109+03:00 DEBUG 34416 --- [           main] org.hibernate.HQL_FUNCTIONS              : Double pi
2024-05-12T12:06:04.109+03:00 DEBUG 34416 --- [           main] org.hibernate.HQL_FUNCTIONS              : Integer position(STRING pattern in STRING string)
2024-05-12T12:06:04.109+03:00 DEBUG 34416 --- [           main] org.hibernate.HQL_FUNCTIONS              : Double power(NUMERIC arg0, NUMERIC arg1)
2024-05-12T12:06:04.109+03:00 DEBUG 34416 --- [           main] org.hibernate.HQL_FUNCTIONS              : Integer quarter(DATE arg)
2024-05-12T12:06:04.109+03:00 DEBUG 34416 --- [           main] org.hibernate.HQL_FUNCTIONS              : Double radians(NUMERIC arg)
2024-05-12T12:06:04.109+03:00 DEBUG 34416 --- [           main] org.hibernate.HQL_FUNCTIONS              : Double rand([INTEGER seed])
2024-05-12T12:06:04.109+03:00 DEBUG 34416 --- [           main] org.hibernate.HQL_FUNCTIONS              : String repeat(STRING string, INTEGER times)
2024-05-12T12:06:04.109+03:00 DEBUG 34416 --- [           main] org.hibernate.HQL_FUNCTIONS              : String replace(STRING string, STRING pattern, STRING replacement)
2024-05-12T12:06:04.109+03:00 DEBUG 34416 --- [           main] org.hibernate.HQL_FUNCTIONS              : String reverse(STRING arg)
2024-05-12T12:06:04.109+03:00 DEBUG 34416 --- [           main] org.hibernate.HQL_FUNCTIONS              : String right(STRING string, INTEGER length)
2024-05-12T12:06:04.109+03:00 DEBUG 34416 --- [           main] org.hibernate.HQL_FUNCTIONS              : round(NUMERIC number[, INTEGER places])
2024-05-12T12:06:04.109+03:00 DEBUG 34416 --- [           main] org.hibernate.HQL_FUNCTIONS              : String rpad(string, length[, padding])
2024-05-12T12:06:04.109+03:00 DEBUG 34416 --- [           main] org.hibernate.HQL_FUNCTIONS              : String rtrim(STRING string[, STRING characters])
2024-05-12T12:06:04.109+03:00 DEBUG 34416 --- [           main] org.hibernate.HQL_FUNCTIONS              : Integer second(TIME arg)
2024-05-12T12:06:04.109+03:00 DEBUG 34416 --- [           main] org.hibernate.HQL_FUNCTIONS              : String sha(arg)
2024-05-12T12:06:04.109+03:00 DEBUG 34416 --- [           main] org.hibernate.HQL_FUNCTIONS              : String sha1(arg)
2024-05-12T12:06:04.110+03:00 DEBUG 34416 --- [           main] org.hibernate.HQL_FUNCTIONS              : String sha2(arg0, arg1)
2024-05-12T12:06:04.110+03:00 DEBUG 34416 --- [           main] org.hibernate.HQL_FUNCTIONS              : Integer sign(NUMERIC arg)
2024-05-12T12:06:04.110+03:00 DEBUG 34416 --- [           main] org.hibernate.HQL_FUNCTIONS              : Double sin(NUMERIC arg)
2024-05-12T12:06:04.110+03:00 DEBUG 34416 --- [           main] org.hibernate.HQL_FUNCTIONS              : Double sinh(NUMERIC arg)
2024-05-12T12:06:04.110+03:00 DEBUG 34416 --- [           main] org.hibernate.HQL_FUNCTIONS              : String soundex(arg)
2024-05-12T12:06:04.110+03:00 DEBUG 34416 --- [           main] org.hibernate.HQL_FUNCTIONS              : String space(INTEGER arg)
2024-05-12T12:06:04.110+03:00 DEBUG 34416 --- [           main] org.hibernate.HQL_FUNCTIONS              : Object sql
2024-05-12T12:06:04.110+03:00 DEBUG 34416 --- [           main] org.hibernate.HQL_FUNCTIONS              : Double sqrt(NUMERIC arg)
2024-05-12T12:06:04.110+03:00 DEBUG 34416 --- [           main] org.hibernate.HQL_FUNCTIONS              : Double stddev(NUMERIC arg)
2024-05-12T12:06:04.110+03:00 DEBUG 34416 --- [           main] org.hibernate.HQL_FUNCTIONS              : Double stddev_pop(NUMERIC arg)
2024-05-12T12:06:04.110+03:00 DEBUG 34416 --- [           main] org.hibernate.HQL_FUNCTIONS              : Double stddev_samp(NUMERIC arg)
2024-05-12T12:06:04.110+03:00 DEBUG 34416 --- [           main] org.hibernate.HQL_FUNCTIONS              : String str(arg)
2024-05-12T12:06:04.110+03:00 DEBUG 34416 --- [           main] org.hibernate.HQL_FUNCTIONS              : subdate(DATE datetime, INTEGER days)
2024-05-12T12:06:04.110+03:00 DEBUG 34416 --- [           main] org.hibernate.HQL_FUNCTIONS              : String substr(STRING string, INTEGER start[, INTEGER length])
2024-05-12T12:06:04.110+03:00 DEBUG 34416 --- [           main] org.hibernate.HQL_FUNCTIONS              : String substring(STRING string{ from|,} INTEGER start[{ for|,} INTEGER length])
2024-05-12T12:06:04.110+03:00 DEBUG 34416 --- [           main] org.hibernate.HQL_FUNCTIONS              : subtime(TIME datetime, TIME time)
2024-05-12T12:06:04.110+03:00 DEBUG 34416 --- [           main] org.hibernate.HQL_FUNCTIONS              : sum(arg)
2024-05-12T12:06:04.110+03:00 DEBUG 34416 --- [           main] org.hibernate.HQL_FUNCTIONS              : Timestamp sysdate()
2024-05-12T12:06:04.110+03:00 DEBUG 34416 --- [           main] org.hibernate.HQL_FUNCTIONS              : Double tan(NUMERIC arg)
2024-05-12T12:06:04.110+03:00 DEBUG 34416 --- [           main] org.hibernate.HQL_FUNCTIONS              : Double tanh(NUMERIC arg)
2024-05-12T12:06:04.110+03:00 DEBUG 34416 --- [           main] org.hibernate.HQL_FUNCTIONS              : String time(arg)
2024-05-12T12:06:04.110+03:00 DEBUG 34416 --- [           main] org.hibernate.HQL_FUNCTIONS              : Timestamp timestamp(arg0[, arg1])
2024-05-12T12:06:04.110+03:00 DEBUG 34416 --- [           main] org.hibernate.HQL_FUNCTIONS              : timestampadd(TEMPORAL_UNIT field, INTEGER magnitude, TEMPORAL datetime)
2024-05-12T12:06:04.110+03:00 DEBUG 34416 --- [           main] org.hibernate.HQL_FUNCTIONS              : basicType@26(java.lang.Long,-5)|basicType@40(java.lang.Double,8) timestampdiff(TEMPORAL_UNIT field, TEMPORAL start, TEMPORAL end)
2024-05-12T12:06:04.110+03:00 DEBUG 34416 --- [           main] org.hibernate.HQL_FUNCTIONS              : String trim([[{leading|trailing|both} ][STRING arg0 ]from] STRING arg1)
2024-05-12T12:06:04.110+03:00 DEBUG 34416 --- [           main] org.hibernate.HQL_FUNCTIONS              : trunc( ... )
2024-05-12T12:06:04.110+03:00 DEBUG 34416 --- [           main] org.hibernate.HQL_FUNCTIONS              : truncate( ... )
2024-05-12T12:06:04.110+03:00 DEBUG 34416 --- [           main] org.hibernate.HQL_FUNCTIONS              : String upper(STRING string)
2024-05-12T12:06:04.110+03:00 DEBUG 34416 --- [           main] org.hibernate.HQL_FUNCTIONS              : Date utc_date
2024-05-12T12:06:04.110+03:00 DEBUG 34416 --- [           main] org.hibernate.HQL_FUNCTIONS              : Time utc_time
2024-05-12T12:06:04.111+03:00 DEBUG 34416 --- [           main] org.hibernate.HQL_FUNCTIONS              : Timestamp utc_timestamp
2024-05-12T12:06:04.111+03:00 DEBUG 34416 --- [           main] org.hibernate.HQL_FUNCTIONS              : Double var_pop(NUMERIC arg)
2024-05-12T12:06:04.111+03:00 DEBUG 34416 --- [           main] org.hibernate.HQL_FUNCTIONS              : Double var_samp(NUMERIC arg)
2024-05-12T12:06:04.111+03:00 DEBUG 34416 --- [           main] org.hibernate.HQL_FUNCTIONS              : Double variance(NUMERIC arg)
2024-05-12T12:06:04.111+03:00 DEBUG 34416 --- [           main] org.hibernate.HQL_FUNCTIONS              : Integer week(DATE arg)
2024-05-12T12:06:04.111+03:00 DEBUG 34416 --- [           main] org.hibernate.HQL_FUNCTIONS              : Integer year(DATE arg)
2024-05-12T12:06:04.111+03:00 DEBUG 34416 --- [           main] org.hibernate.orm.query.plan.cache       : Starting QueryInterpretationCache(2048)
2024-05-12T12:06:04.112+03:00 DEBUG 34416 --- [           main] .h.s.i.SessionFactoryServiceRegistryImpl : EventListenerRegistry access via ServiceRegistry is deprecated.  Use `sessionFactory.getEventEngine().getListenerRegistry()` instead
2024-05-12T12:06:04.113+03:00 DEBUG 34416 --- [           main] h.e.i.EntityCopyObserverFactoryInitiator : Configured EntityCopyObserver strategy: disallow
2024-05-12T12:06:04.114+03:00 DEBUG 34416 --- [           main] org.hibernate.ormbytecode.interceptor    : To-one property `com.wellcare.wellcare.Models.Relationship#actionUser` was mapped with LAZY + NO_PROXY but the class was not enhanced
2024-05-12T12:06:04.114+03:00 DEBUG 34416 --- [           main] org.hibernate.ormbytecode.interceptor    : To-one property `com.wellcare.wellcare.Models.Relationship#actionUser` was mapped with LAZY + NO_PROXY but the class was not enhanced
2024-05-12T12:06:04.114+03:00 DEBUG 34416 --- [           main] org.hibernate.ormbytecode.interceptor    : To-one property `com.wellcare.wellcare.Models.Relationship#userOne` was mapped with LAZY + NO_PROXY but the class was not enhanced
2024-05-12T12:06:04.114+03:00 DEBUG 34416 --- [           main] org.hibernate.ormbytecode.interceptor    : To-one property `com.wellcare.wellcare.Models.Relationship#userOne` was mapped with LAZY + NO_PROXY but the class was not enhanced
2024-05-12T12:06:04.114+03:00 DEBUG 34416 --- [           main] org.hibernate.ormbytecode.interceptor    : To-one property `com.wellcare.wellcare.Models.Relationship#userTwo` was mapped with LAZY + NO_PROXY but the class was not enhanced
2024-05-12T12:06:04.114+03:00 DEBUG 34416 --- [           main] org.hibernate.ormbytecode.interceptor    : To-one property `com.wellcare.wellcare.Models.Relationship#userTwo` was mapped with LAZY + NO_PROXY but the class was not enhanced
2024-05-12T12:06:04.114+03:00 DEBUG 34416 --- [           main] o.h.boot.internal.ClassLoaderAccessImpl  : Not known whether passed class name [com.wellcare.wellcare.Models.Relationship] is safe
2024-05-12T12:06:04.114+03:00 DEBUG 34416 --- [           main] o.h.boot.internal.ClassLoaderAccessImpl  : No temp ClassLoader provided; using live ClassLoader for loading potentially unsafe class : com.wellcare.wellcare.Models.Relationship
2024-05-12T12:06:04.122+03:00 DEBUG 34416 --- [           main] o.h.b.i.bytebuddy.BytecodeProviderImpl   : HHH000513: Unable to create the ReflectionOptimizer for [com.wellcare.wellcare.Models.Relationship]: private accessor [actionUser]
2024-05-12T12:06:04.122+03:00 DEBUG 34416 --- [           main] org.hibernate.ormbytecode.interceptor    : To-one property `com.wellcare.wellcare.Models.Relationship#actionUser` was mapped with LAZY + NO_PROXY but the class was not enhanced
2024-05-12T12:06:04.122+03:00 DEBUG 34416 --- [           main] org.hibernate.ormbytecode.interceptor    : To-one property `com.wellcare.wellcare.Models.Relationship#userOne` was mapped with LAZY + NO_PROXY but the class was not enhanced
2024-05-12T12:06:04.122+03:00 DEBUG 34416 --- [           main] org.hibernate.ormbytecode.interceptor    : To-one property `com.wellcare.wellcare.Models.Relationship#userTwo` was mapped with LAZY + NO_PROXY but the class was not enhanced
2024-05-12T12:06:04.128+03:00 DEBUG 34416 --- [           main] org.hibernate.ormbytecode.interceptor    : To-one property `com.wellcare.wellcare.Models.Message#fromUser` was mapped with LAZY + NO_PROXY but the class was not enhanced
2024-05-12T12:06:04.128+03:00 DEBUG 34416 --- [           main] org.hibernate.ormbytecode.interceptor    : To-one property `com.wellcare.wellcare.Models.Message#fromUser` was mapped with LAZY + NO_PROXY but the class was not enhanced
2024-05-12T12:06:04.128+03:00 DEBUG 34416 --- [           main] org.hibernate.ormbytecode.interceptor    : To-one property `com.wellcare.wellcare.Models.Message#toUser` was mapped with LAZY + NO_PROXY but the class was not enhanced
2024-05-12T12:06:04.128+03:00 DEBUG 34416 --- [           main] org.hibernate.ormbytecode.interceptor    : To-one property `com.wellcare.wellcare.Models.Message#toUser` was mapped with LAZY + NO_PROXY but the class was not enhanced
2024-05-12T12:06:04.128+03:00 DEBUG 34416 --- [           main] o.h.boot.internal.ClassLoaderAccessImpl  : Not known whether passed class name [com.wellcare.wellcare.Models.Message] is safe
2024-05-12T12:06:04.128+03:00 DEBUG 34416 --- [           main] o.h.boot.internal.ClassLoaderAccessImpl  : No temp ClassLoader provided; using live ClassLoader for loading potentially unsafe class : com.wellcare.wellcare.Models.Message
2024-05-12T12:06:04.128+03:00 DEBUG 34416 --- [           main] o.h.b.i.bytebuddy.BytecodeProviderImpl   : HHH000513: Unable to create the ReflectionOptimizer for [com.wellcare.wellcare.Models.Message]: private accessor [attachment]
2024-05-12T12:06:04.135+03:00 DEBUG 34416 --- [           main] org.hibernate.ormbytecode.interceptor    : To-one property `com.wellcare.wellcare.Models.Message#fromUser` was mapped with LAZY + NO_PROXY but the class was not enhanced
2024-05-12T12:06:04.135+03:00 DEBUG 34416 --- [           main] org.hibernate.ormbytecode.interceptor    : To-one property `com.wellcare.wellcare.Models.Message#toUser` was mapped with LAZY + NO_PROXY but the class was not enhanced
2024-05-12T12:06:04.135+03:00 DEBUG 34416 --- [           main] org.hibernate.ormbytecode.interceptor    : To-one property `com.wellcare.wellcare.Models.Comment#user` was mapped with LAZY + NO_PROXY but the class was not enhanced
2024-05-12T12:06:04.135+03:00 DEBUG 34416 --- [           main] org.hibernate.ormbytecode.interceptor    : To-one property `com.wellcare.wellcare.Models.Comment#user` was mapped with LAZY + NO_PROXY but the class was not enhanced
2024-05-12T12:06:04.135+03:00 DEBUG 34416 --- [           main] o.h.boot.internal.ClassLoaderAccessImpl  : Not known whether passed class name [com.wellcare.wellcare.Models.Comment] is safe
2024-05-12T12:06:04.135+03:00 DEBUG 34416 --- [           main] o.h.boot.internal.ClassLoaderAccessImpl  : No temp ClassLoader provided; using live ClassLoader for loading potentially unsafe class : com.wellcare.wellcare.Models.Comment
2024-05-12T12:06:04.142+03:00 DEBUG 34416 --- [           main] o.h.b.i.bytebuddy.BytecodeProviderImpl   : HHH000513: Unable to create the ReflectionOptimizer for [com.wellcare.wellcare.Models.Comment]: private accessor [attachment]
2024-05-12T12:06:04.142+03:00 DEBUG 34416 --- [           main] org.hibernate.ormbytecode.interceptor    : To-one property `com.wellcare.wellcare.Models.Comment#user` was mapped with LAZY + NO_PROXY but the class was not enhanced
2024-05-12T12:06:04.142+03:00 DEBUG 34416 --- [           main] org.hibernate.ormbytecode.interceptor    : To-one property `com.wellcare.wellcare.Models.Post#user` was mapped with LAZY + NO_PROXY but the class was not enhanced
2024-05-12T12:06:04.142+03:00 DEBUG 34416 --- [           main] org.hibernate.ormbytecode.interceptor    : To-one property `com.wellcare.wellcare.Models.Post#user` was mapped with LAZY + NO_PROXY but the class was not enhanced
2024-05-12T12:06:04.142+03:00 DEBUG 34416 --- [           main] o.h.boot.internal.ClassLoaderAccessImpl  : Not known whether passed class name [com.wellcare.wellcare.Models.Post] is safe
2024-05-12T12:06:04.142+03:00 DEBUG 34416 --- [           main] o.h.boot.internal.ClassLoaderAccessImpl  : No temp ClassLoader provided; using live ClassLoader for loading potentially unsafe class : com.wellcare.wellcare.Models.Post
2024-05-12T12:06:04.159+03:00 DEBUG 34416 --- [           main] o.h.b.i.bytebuddy.BytecodeProviderImpl   : HHH000513: Unable to create the ReflectionOptimizer for [com.wellcare.wellcare.Models.Post]: private accessor [attachment]
2024-05-12T12:06:04.159+03:00 DEBUG 34416 --- [           main] org.hibernate.ormbytecode.interceptor    : To-one property `com.wellcare.wellcare.Models.Post#user` was mapped with LAZY + NO_PROXY but the class was not enhanced
2024-05-12T12:06:04.159+03:00 DEBUG 34416 --- [           main] o.h.boot.internal.ClassLoaderAccessImpl  : Not known whether passed class name [com.wellcare.wellcare.Models.User] is safe
2024-05-12T12:06:04.159+03:00 DEBUG 34416 --- [           main] o.h.boot.internal.ClassLoaderAccessImpl  : No temp ClassLoader provided; using live ClassLoader for loading potentially unsafe class : com.wellcare.wellcare.Models.User
2024-05-12T12:06:04.172+03:00 DEBUG 34416 --- [           main] o.h.b.i.bytebuddy.BytecodeProviderImpl   : HHH000513: Unable to create the ReflectionOptimizer for [com.wellcare.wellcare.Models.User]: private accessor [attachment]
2024-05-12T12:06:04.173+03:00 DEBUG 34416 --- [           main] org.hibernate.orm.jdbc.mutation          : Skipping collection row updates - com.wellcare.wellcare.Models.Post.likes
2024-05-12T12:06:04.173+03:00 DEBUG 34416 --- [           main] org.hibernate.orm.jdbc.mutation          : Skipping collection row updates - com.wellcare.wellcare.Models.Post.comments
2024-05-12T12:06:04.173+03:00 DEBUG 34416 --- [           main] org.hibernate.orm.jdbc.mutation          : Skipping collection row updates - com.wellcare.wellcare.Models.User.friends
2024-05-12T12:06:04.173+03:00 DEBUG 34416 --- [           main] org.hibernate.orm.jdbc.mutation          : Skipping collection row updates - com.wellcare.wellcare.Models.Comment.commentLikes
2024-05-12T12:06:04.173+03:00 DEBUG 34416 --- [           main] org.hibernate.orm.jdbc.mutation          : Skipping collection row updates - com.wellcare.wellcare.Models.Message.attachment
2024-05-12T12:06:04.173+03:00 DEBUG 34416 --- [           main] org.hibernate.orm.jdbc.mutation          : Skipping collection row updates - com.wellcare.wellcare.Models.User.savedPost
2024-05-12T12:06:04.173+03:00 DEBUG 34416 --- [           main] org.hibernate.orm.jdbc.mutation          : Skipping collection row updates - com.wellcare.wellcare.Models.Post.attachment
2024-05-12T12:06:04.177+03:00 DEBUG 34416 --- [           main] o.hibernate.orm.model.mapping.creation   : Starting post-init callbacks
2024-05-12T12:06:04.177+03:00 DEBUG 34416 --- [           main] o.hibernate.orm.model.mapping.creation   : Starting PostInitCallbackEntry : To-one key - NavigableRole[com.wellcare.wellcare.Models.Relationship.actionUser]
2024-05-12T12:06:04.177+03:00 DEBUG 34416 --- [           main] o.hibernate.orm.model.mapping.creation   : Starting PostInitCallbackEntry : To-one key - NavigableRole[com.wellcare.wellcare.Models.Relationship.userOne]
2024-05-12T12:06:04.177+03:00 DEBUG 34416 --- [           main] o.hibernate.orm.model.mapping.creation   : Starting PostInitCallbackEntry : To-one key - NavigableRole[com.wellcare.wellcare.Models.Relationship.userTwo]
2024-05-12T12:06:04.177+03:00 DEBUG 34416 --- [           main] o.hibernate.orm.model.mapping.creation   : Starting PostInitCallbackEntry : Entity(com.wellcare.wellcare.Models.Relationship) `staticFetchableList` generator
2024-05-12T12:06:04.177+03:00 DEBUG 34416 --- [           main] o.hibernate.orm.model.mapping.creation   : Starting PostInitCallbackEntry : PluralAttributeMapping(com.wellcare.wellcare.Models.Message.attachment)#finishInitialization
2024-05-12T12:06:04.177+03:00 DEBUG 34416 --- [           main] o.hibernate.orm.model.mapping.creation   : Starting PostInitCallbackEntry : PluralAttributeMapping(com.wellcare.wellcare.Models.Message.attachment) - key descriptor
2024-05-12T12:06:04.177+03:00 DEBUG 34416 --- [           main] o.hibernate.orm.model.mapping.creation   : Starting PostInitCallbackEntry : To-one key - NavigableRole[com.wellcare.wellcare.Models.Message.fromUser]
2024-05-12T12:06:04.177+03:00 DEBUG 34416 --- [           main] o.hibernate.orm.model.mapping.creation   : Starting PostInitCallbackEntry : To-one key - NavigableRole[com.wellcare.wellcare.Models.Message.toUser]
2024-05-12T12:06:04.177+03:00 DEBUG 34416 --- [           main] o.hibernate.orm.model.mapping.creation   : Starting PostInitCallbackEntry : Entity(com.wellcare.wellcare.Models.Message) `staticFetchableList` generator
2024-05-12T12:06:04.177+03:00 DEBUG 34416 --- [           main] o.hibernate.orm.model.mapping.creation   : Starting PostInitCallbackEntry : PluralAttributeMapping( NavigableRole[com.wellcare.wellcare.Models.Comment.commentLikes#{element}]) - element descriptor
2024-05-12T12:06:04.177+03:00 DEBUG 34416 --- [           main] o.hibernate.orm.model.mapping.creation   : Starting PostInitCallbackEntry : PluralAttributeMapping(com.wellcare.wellcare.Models.Comment.commentLikes)#finishInitialization
2024-05-12T12:06:04.177+03:00 DEBUG 34416 --- [           main] o.hibernate.orm.model.mapping.creation   : Starting PostInitCallbackEntry : PluralAttributeMapping(com.wellcare.wellcare.Models.Comment.commentLikes) - key descriptor
2024-05-12T12:06:04.177+03:00 DEBUG 34416 --- [           main] o.hibernate.orm.model.mapping.creation   : Starting PostInitCallbackEntry : To-one key - NavigableRole[com.wellcare.wellcare.Models.Comment.user]
2024-05-12T12:06:04.177+03:00 DEBUG 34416 --- [           main] o.hibernate.orm.model.mapping.creation   : Starting PostInitCallbackEntry : Entity(com.wellcare.wellcare.Models.Comment) `staticFetchableList` generator
2024-05-12T12:06:04.177+03:00 DEBUG 34416 --- [           main] o.hibernate.orm.model.mapping.creation   : Starting PostInitCallbackEntry : Entity(com.wellcare.wellcare.Models.Comment) `sqmMultiTableInsertStrategy` interpretation
2024-05-12T12:06:04.177+03:00 DEBUG 34416 --- [           main] o.hibernate.orm.model.mapping.creation   : Starting PostInitCallbackEntry : PluralAttributeMapping(com.wellcare.wellcare.Models.Post.attachment)#finishInitialization
2024-05-12T12:06:04.177+03:00 DEBUG 34416 --- [           main] o.hibernate.orm.model.mapping.creation   : Starting PostInitCallbackEntry : PluralAttributeMapping(com.wellcare.wellcare.Models.Post.attachment) - key descriptor
2024-05-12T12:06:04.177+03:00 DEBUG 34416 --- [           main] o.hibernate.orm.model.mapping.creation   : Starting PostInitCallbackEntry : PluralAttributeMapping( NavigableRole[com.wellcare.wellcare.Models.Post.comments#{element}]) - element descriptor
2024-05-12T12:06:04.177+03:00 DEBUG 34416 --- [           main] o.hibernate.orm.model.mapping.creation   : Starting PostInitCallbackEntry : PluralAttributeMapping(com.wellcare.wellcare.Models.Post.comments)#finishInitialization
2024-05-12T12:06:04.177+03:00 DEBUG 34416 --- [           main] o.hibernate.orm.model.mapping.creation   : Starting PostInitCallbackEntry : PluralAttributeMapping(com.wellcare.wellcare.Models.Post.comments) - key descriptor
2024-05-12T12:06:04.177+03:00 DEBUG 34416 --- [           main] o.hibernate.orm.model.mapping.creation   : Starting PostInitCallbackEntry : PluralAttributeMapping( NavigableRole[com.wellcare.wellcare.Models.Post.likes#{element}]) - element descriptor
2024-05-12T12:06:04.177+03:00 DEBUG 34416 --- [           main] o.hibernate.orm.model.mapping.creation   : Starting PostInitCallbackEntry : PluralAttributeMapping(com.wellcare.wellcare.Models.Post.likes)#finishInitialization
2024-05-12T12:06:04.177+03:00 DEBUG 34416 --- [           main] o.hibernate.orm.model.mapping.creation   : Starting PostInitCallbackEntry : PluralAttributeMapping(com.wellcare.wellcare.Models.Post.likes) - key descriptor
2024-05-12T12:06:04.177+03:00 DEBUG 34416 --- [           main] o.hibernate.orm.model.mapping.creation   : Starting PostInitCallbackEntry : To-one key - NavigableRole[com.wellcare.wellcare.Models.Post.user]
2024-05-12T12:06:04.177+03:00 DEBUG 34416 --- [           main] o.hibernate.orm.model.mapping.creation   : Starting PostInitCallbackEntry : Entity(com.wellcare.wellcare.Models.Post) `staticFetchableList` generator
2024-05-12T12:06:04.177+03:00 DEBUG 34416 --- [           main] o.hibernate.orm.model.mapping.creation   : Starting PostInitCallbackEntry : Entity(com.wellcare.wellcare.Models.Post) `sqmMultiTableInsertStrategy` interpretation
2024-05-12T12:06:04.177+03:00 DEBUG 34416 --- [           main] o.hibernate.orm.model.mapping.creation   : Starting PostInitCallbackEntry : PluralAttributeMapping( NavigableRole[com.wellcare.wellcare.Models.User.friends#{element}]) - element descriptor
2024-05-12T12:06:04.177+03:00 DEBUG 34416 --- [           main] o.hibernate.orm.model.mapping.creation   : Starting PostInitCallbackEntry : PluralAttributeMapping(com.wellcare.wellcare.Models.User.friends)#finishInitialization
2024-05-12T12:06:04.177+03:00 DEBUG 34416 --- [           main] o.hibernate.orm.model.mapping.creation   : Starting PostInitCallbackEntry : PluralAttributeMapping(com.wellcare.wellcare.Models.User.friends) - key descriptor
2024-05-12T12:06:04.177+03:00 DEBUG 34416 --- [           main] o.hibernate.orm.model.mapping.creation   : Starting PostInitCallbackEntry : PluralAttributeMapping( NavigableRole[com.wellcare.wellcare.Models.User.savedPost#{element}]) - element descriptor
2024-05-12T12:06:04.177+03:00 DEBUG 34416 --- [           main] o.hibernate.orm.model.mapping.creation   : Starting PostInitCallbackEntry : PluralAttributeMapping(com.wellcare.wellcare.Models.User.savedPost)#finishInitialization
2024-05-12T12:06:04.177+03:00 DEBUG 34416 --- [           main] o.hibernate.orm.model.mapping.creation   : Starting PostInitCallbackEntry : PluralAttributeMapping(com.wellcare.wellcare.Models.User.savedPost) - key descriptor
2024-05-12T12:06:04.177+03:00 DEBUG 34416 --- [           main] o.hibernate.orm.model.mapping.creation   : Starting PostInitCallbackEntry : Entity(com.wellcare.wellcare.Models.User) `staticFetchableList` generator
2024-05-12T12:06:04.177+03:00 DEBUG 34416 --- [           main] o.hibernate.orm.model.mapping.creation   : Starting PostInitCallbackEntry : Entity(com.wellcare.wellcare.Models.User) `sqmMultiTableInsertStrategy` interpretation
2024-05-12T12:06:04.183+03:00 DEBUG 34416 --- [           main] org.hibernate.orm.sql.ast.create         : Created new SQL alias : r1_0
2024-05-12T12:06:04.183+03:00 DEBUG 34416 --- [           main] org.hibernate.orm.sql.ast.create         : Registration of TableGroup [StandardTableGroup(com.wellcare.wellcare.Models.Relationship)] with identifierForTableGroup [com.wellcare.wellcare.Models.Relationship] for NavigablePath [com.wellcare.wellcare.Models.Relationship] 
2024-05-12T12:06:04.184+03:00 DEBUG 34416 --- [           main] org.hibernate.orm.sql.ast.create         : Registration of TableGroup [org.hibernate.sql.ast.tree.from.LazyTableGroup@30d64921] with identifierForTableGroup [com.wellcare.wellcare.Models.Relationship.actionUser] for NavigablePath [com.wellcare.wellcare.Models.Relationship.actionUser] 
2024-05-12T12:06:04.184+03:00 DEBUG 34416 --- [           main] org.hibernate.orm.sql.ast.create         : Created new SQL alias : au1_0
2024-05-12T12:06:04.184+03:00 DEBUG 34416 --- [           main] org.hibernate.orm.sql.ast.create         : Created new SQL alias : f1_0
2024-05-12T12:06:04.184+03:00 DEBUG 34416 --- [           main] org.hibernate.orm.sql.ast.create         : Registration of TableGroup [CollectionTableGroup(com.wellcare.wellcare.Models.Relationship.actionUser.friends)] with identifierForTableGroup [com.wellcare.wellcare.Models.Relationship.actionUser.friends] for NavigablePath [com.wellcare.wellcare.Models.Relationship.actionUser.friends] 
2024-05-12T12:06:04.184+03:00 DEBUG 34416 --- [           main] org.hibernate.orm.sql.ast.create         : Registration of TableGroup [org.hibernate.sql.ast.tree.from.LazyTableGroup@5bd62f9d] with identifierForTableGroup [com.wellcare.wellcare.Models.Relationship.actionUser.friends.{element}] for NavigablePath [com.wellcare.wellcare.Models.Relationship.actionUser.friends.{element}] 
2024-05-12T12:06:04.184+03:00 DEBUG 34416 --- [           main] org.hibernate.orm.sql.ast.create         : Created new SQL alias : f1_1
2024-05-12T12:06:04.184+03:00 DEBUG 34416 --- [           main] org.hibernate.orm.sql.ast.create         : Registration of TableGroup [org.hibernate.sql.ast.tree.from.LazyTableGroup@658e055b] with identifierForTableGroup [com.wellcare.wellcare.Models.Relationship.userOne] for NavigablePath [com.wellcare.wellcare.Models.Relationship.userOne] 
2024-05-12T12:06:04.184+03:00 DEBUG 34416 --- [           main] org.hibernate.orm.sql.ast.create         : Created new SQL alias : uo1_0
2024-05-12T12:06:04.184+03:00 DEBUG 34416 --- [           main] org.hibernate.orm.sql.ast.create         : Registration of TableGroup [org.hibernate.sql.ast.tree.from.LazyTableGroup@47546cdf] with identifierForTableGroup [com.wellcare.wellcare.Models.Relationship.userTwo] for NavigablePath [com.wellcare.wellcare.Models.Relationship.userTwo] 
2024-05-12T12:06:04.184+03:00 DEBUG 34416 --- [           main] org.hibernate.orm.sql.ast.create         : Created new SQL alias : ut1_0
2024-05-12T12:06:04.184+03:00 DEBUG 34416 --- [           main] org.hibernate.orm.results.graph.AST      : DomainResult Graph:
 \-EntityResultImpl [com.wellcare.wellcare.Models.Relationship]
 |  +-EntityFetchJoinedImpl [com.wellcare.wellcare.Models.Relationship.actionUser]
 |  +-BasicFetch [com.wellcare.wellcare.Models.Relationship.status]
 |  +-BasicFetch [com.wellcare.wellcare.Models.Relationship.time]
 |  +-EntityFetchJoinedImpl [com.wellcare.wellcare.Models.Relationship.userOne]
 |  \-EntityFetchJoinedImpl [com.wellcare.wellcare.Models.Relationship.userTwo]

2024-05-12T12:06:04.184+03:00 DEBUG 34416 --- [           main] org.hibernate.orm.sql.ast.tree           : SQL AST Tree:
    SelectStatement {
      FromClause {
        StandardTableGroup (r1 : com.wellcare.wellcare.Models.Relationship) {
          primaryTableReference : relationship as r1_0
          TableGroupJoins {
             join LazyTableGroup (au1 : com.wellcare.wellcare.Models.Relationship.actionUser) {
              primaryTableReference : user as au1_0
              TableGroupJoins {
                left  join CollectionTableGroup (f1 : com.wellcare.wellcare.Models.Relationship.actionUser.friends) {
                  primaryTableReference : user_friends as f1_0
                  TableGroupJoins {
                    left  join LazyTableGroup (f1 : com.wellcare.wellcare.Models.Relationship.actionUser.friends.{element}) {
                      primaryTableReference : user as f1_1
                    }
                  }
                }
              }
            }
             join LazyTableGroup (uo1 : com.wellcare.wellcare.Models.Relationship.userOne) {
              primaryTableReference : user as uo1_0
            }
             join LazyTableGroup (ut1 : com.wellcare.wellcare.Models.Relationship.userTwo) {
              primaryTableReference : user as ut1_0
            }
          }
        }
      }
    }

2024-05-12T12:06:04.184+03:00 DEBUG 34416 --- [           main] o.h.p.entity.AbstractEntityPersister     : Static SQL for entity: com.wellcare.wellcare.Models.Relationship
2024-05-12T12:06:04.184+03:00 DEBUG 34416 --- [           main] o.h.p.entity.AbstractEntityPersister     :  Version select: select id from relationship where id=?
2024-05-12T12:06:04.184+03:00 DEBUG 34416 --- [           main] o.h.p.entity.AbstractEntityPersister     :  Insert (0): insert into relationship (action_user_id,status,time,user_one_id,user_two_id) values (?,?,?,?,?)
2024-05-12T12:06:04.184+03:00 DEBUG 34416 --- [           main] o.h.p.entity.AbstractEntityPersister     :  Update (0): update relationship set action_user_id=?,status=?,time=?,user_one_id=?,user_two_id=? where id=?
2024-05-12T12:06:04.184+03:00 DEBUG 34416 --- [           main] o.h.p.entity.AbstractEntityPersister     :  Delete (0): delete from relationship where id=?
2024-05-12T12:06:04.184+03:00 DEBUG 34416 --- [           main] org.hibernate.orm.sql.ast.create         : Created new SQL alias : m1_0
2024-05-12T12:06:04.184+03:00 DEBUG 34416 --- [           main] org.hibernate.orm.sql.ast.create         : Registration of TableGroup [StandardTableGroup(com.wellcare.wellcare.Models.Message)] with identifierForTableGroup [com.wellcare.wellcare.Models.Message] for NavigablePath [com.wellcare.wellcare.Models.Message] 
2024-05-12T12:06:04.184+03:00 DEBUG 34416 --- [           main] org.hibernate.orm.sql.ast.create         : Registration of TableGroup [org.hibernate.sql.ast.tree.from.LazyTableGroup@5928fb8b] with identifierForTableGroup [com.wellcare.wellcare.Models.Message.fromUser] for NavigablePath [com.wellcare.wellcare.Models.Message.fromUser] 
2024-05-12T12:06:04.184+03:00 DEBUG 34416 --- [           main] org.hibernate.orm.sql.ast.create         : Created new SQL alias : fu1_0
2024-05-12T12:06:04.184+03:00 DEBUG 34416 --- [           main] org.hibernate.orm.sql.ast.create         : Created new SQL alias : f1_0
2024-05-12T12:06:04.184+03:00 DEBUG 34416 --- [           main] org.hibernate.orm.sql.ast.create         : Registration of TableGroup [CollectionTableGroup(com.wellcare.wellcare.Models.Message.fromUser.friends)] with identifierForTableGroup [com.wellcare.wellcare.Models.Message.fromUser.friends] for NavigablePath [com.wellcare.wellcare.Models.Message.fromUser.friends] 
2024-05-12T12:06:04.184+03:00 DEBUG 34416 --- [           main] org.hibernate.orm.sql.ast.create         : Registration of TableGroup [org.hibernate.sql.ast.tree.from.LazyTableGroup@253fefea] with identifierForTableGroup [com.wellcare.wellcare.Models.Message.fromUser.friends.{element}] for NavigablePath [com.wellcare.wellcare.Models.Message.fromUser.friends.{element}] 
2024-05-12T12:06:04.184+03:00 DEBUG 34416 --- [           main] org.hibernate.orm.sql.ast.create         : Created new SQL alias : f1_1
2024-05-12T12:06:04.184+03:00 DEBUG 34416 --- [           main] org.hibernate.orm.sql.ast.create         : Registration of TableGroup [org.hibernate.sql.ast.tree.from.LazyTableGroup@412c7b5e] with identifierForTableGroup [com.wellcare.wellcare.Models.Message.toUser] for NavigablePath [com.wellcare.wellcare.Models.Message.toUser] 
2024-05-12T12:06:04.184+03:00 DEBUG 34416 --- [           main] org.hibernate.orm.sql.ast.create         : Created new SQL alias : tu1_0
2024-05-12T12:06:04.184+03:00 DEBUG 34416 --- [           main] org.hibernate.orm.results.graph.AST      : DomainResult Graph:
 \-EntityResultImpl [com.wellcare.wellcare.Models.Message]
 |  +-SelectEagerCollectionFetch [com.wellcare.wellcare.Models.Message.attachment]
 |  +-BasicFetch [com.wellcare.wellcare.Models.Message.content]
 |  +-EntityFetchJoinedImpl [com.wellcare.wellcare.Models.Message.fromUser]
 |  +-BasicFetch [com.wellcare.wellcare.Models.Message.status]
 |  +-BasicFetch [com.wellcare.wellcare.Models.Message.time]
 |  \-EntityFetchJoinedImpl [com.wellcare.wellcare.Models.Message.toUser]

2024-05-12T12:06:04.184+03:00 DEBUG 34416 --- [           main] org.hibernate.orm.sql.ast.tree           : SQL AST Tree:
    SelectStatement {
      FromClause {
        StandardTableGroup (m1 : com.wellcare.wellcare.Models.Message) {
          primaryTableReference : messages as m1_0
          TableGroupJoins {
             join LazyTableGroup (fu1 : com.wellcare.wellcare.Models.Message.fromUser) {
              primaryTableReference : user as fu1_0
              TableGroupJoins {
                left  join CollectionTableGroup (f1 : com.wellcare.wellcare.Models.Message.fromUser.friends) {
                  primaryTableReference : user_friends as f1_0
                  TableGroupJoins {
                    left  join LazyTableGroup (f1 : com.wellcare.wellcare.Models.Message.fromUser.friends.{element}) {
                      primaryTableReference : user as f1_1
                    }
                  }
                }
              }
            }
             join LazyTableGroup (tu1 : com.wellcare.wellcare.Models.Message.toUser) {
              primaryTableReference : user as tu1_0
            }
          }
        }
      }
    }

2024-05-12T12:06:04.184+03:00 DEBUG 34416 --- [           main] o.h.p.entity.AbstractEntityPersister     : Static SQL for entity: com.wellcare.wellcare.Models.Message
2024-05-12T12:06:04.184+03:00 DEBUG 34416 --- [           main] o.h.p.entity.AbstractEntityPersister     :  Version select: select id from messages where id=?
2024-05-12T12:06:04.184+03:00 DEBUG 34416 --- [           main] o.h.p.entity.AbstractEntityPersister     :  Insert (0): insert into messages (content,from_user_id,status,time,to_user_id) values (?,?,?,?,?)
2024-05-12T12:06:04.184+03:00 DEBUG 34416 --- [           main] o.h.p.entity.AbstractEntityPersister     :  Update (0): update messages set content=?,from_user_id=?,status=?,time=?,to_user_id=? where id=?
2024-05-12T12:06:04.184+03:00 DEBUG 34416 --- [           main] o.h.p.entity.AbstractEntityPersister     :  Delete (0): delete from messages where id=?
2024-05-12T12:06:04.184+03:00 DEBUG 34416 --- [           main] org.hibernate.orm.sql.ast.create         : Created new SQL alias : c1_0
2024-05-12T12:06:04.184+03:00 DEBUG 34416 --- [           main] org.hibernate.orm.sql.ast.create         : Registration of TableGroup [StandardTableGroup(com.wellcare.wellcare.Models.Comment)] with identifierForTableGroup [com.wellcare.wellcare.Models.Comment] for NavigablePath [com.wellcare.wellcare.Models.Comment] 
2024-05-12T12:06:04.184+03:00 DEBUG 34416 --- [           main] org.hibernate.orm.sql.ast.create         : Created new SQL alias : cl1_0
2024-05-12T12:06:04.184+03:00 DEBUG 34416 --- [           main] org.hibernate.orm.sql.ast.create         : Registration of TableGroup [CollectionTableGroup(com.wellcare.wellcare.Models.Comment.commentLikes)] with identifierForTableGroup [com.wellcare.wellcare.Models.Comment.commentLikes] for NavigablePath [com.wellcare.wellcare.Models.Comment.commentLikes] 
2024-05-12T12:06:04.184+03:00 DEBUG 34416 --- [           main] org.hibernate.orm.sql.ast.create         : Registration of TableGroup [org.hibernate.sql.ast.tree.from.LazyTableGroup@5dcd0fe] with identifierForTableGroup [com.wellcare.wellcare.Models.Comment.commentLikes.{element}] for NavigablePath [com.wellcare.wellcare.Models.Comment.commentLikes.{element}] 
2024-05-12T12:06:04.184+03:00 DEBUG 34416 --- [           main] org.hibernate.orm.sql.ast.create         : Created new SQL alias : cl1_1
2024-05-12T12:06:04.184+03:00 DEBUG 34416 --- [           main] org.hibernate.orm.sql.ast.create         : Registration of TableGroup [org.hibernate.sql.ast.tree.from.LazyTableGroup@2c02c021] with identifierForTableGroup [com.wellcare.wellcare.Models.Comment.user] for NavigablePath [com.wellcare.wellcare.Models.Comment.user] 
2024-05-12T12:06:04.184+03:00 DEBUG 34416 --- [           main] org.hibernate.orm.sql.ast.create         : Created new SQL alias : u1_0
2024-05-12T12:06:04.184+03:00 DEBUG 34416 --- [           main] org.hibernate.orm.results.graph.AST      : DomainResult Graph:
 \-EntityResultImpl [com.wellcare.wellcare.Models.Comment]
 |  +-BasicFetch [com.wellcare.wellcare.Models.Comment.attachment]
 |  +-EagerCollectionFetch [com.wellcare.wellcare.Models.Comment.commentLikes]
 |  |  \-EntityFetchJoinedImpl [com.wellcare.wellcare.Models.Comment.commentLikes.{element}]
 |  +-BasicFetch [com.wellcare.wellcare.Models.Comment.content]
 |  +-BasicFetch [com.wellcare.wellcare.Models.Comment.createdAt]
 |  +-BasicFetch [com.wellcare.wellcare.Models.Comment.noOfLikes]
 |  \-EntityFetchJoinedImpl [com.wellcare.wellcare.Models.Comment.user]

2024-05-12T12:06:04.184+03:00 DEBUG 34416 --- [           main] org.hibernate.orm.sql.ast.tree           : SQL AST Tree:
    SelectStatement {
      FromClause {
        StandardTableGroup (c1 : com.wellcare.wellcare.Models.Comment) {
          primaryTableReference : comment as c1_0
          TableGroupJoins {
            left  join CollectionTableGroup (cl1 : com.wellcare.wellcare.Models.Comment.commentLikes) {
              primaryTableReference : comment_likes as cl1_0
              TableGroupJoins {
                left  join LazyTableGroup (cl1 : com.wellcare.wellcare.Models.Comment.commentLikes.{element}) {
                  primaryTableReference : user as cl1_1
                }
              }
            }
            left  join LazyTableGroup (u1 : com.wellcare.wellcare.Models.Comment.user) {
              primaryTableReference : user as u1_0
            }
          }
        }
      }
    }

2024-05-12T12:06:04.184+03:00 DEBUG 34416 --- [           main] o.h.p.entity.AbstractEntityPersister     : Static SQL for entity: com.wellcare.wellcare.Models.Comment
2024-05-12T12:06:04.184+03:00 DEBUG 34416 --- [           main] o.h.p.entity.AbstractEntityPersister     :  Version select: select id from comment where id=?
2024-05-12T12:06:04.184+03:00 DEBUG 34416 --- [           main] o.h.p.entity.AbstractEntityPersister     :  Insert (0): insert into comment (attachment,content,created_at,no_of_likes,user_id,id) values (?,?,?,?,?,?)
2024-05-12T12:06:04.184+03:00 DEBUG 34416 --- [           main] o.h.p.entity.AbstractEntityPersister     :  Update (0): update comment set attachment=?,content=?,created_at=?,no_of_likes=?,user_id=? where id=?
2024-05-12T12:06:04.184+03:00 DEBUG 34416 --- [           main] o.h.p.entity.AbstractEntityPersister     :  Delete (0): delete from comment where id=?
2024-05-12T12:06:04.184+03:00 DEBUG 34416 --- [           main] org.hibernate.orm.sql.ast.create         : Created new SQL alias : p1_0
2024-05-12T12:06:04.184+03:00 DEBUG 34416 --- [           main] org.hibernate.orm.sql.ast.create         : Registration of TableGroup [StandardTableGroup(com.wellcare.wellcare.Models.Post)] with identifierForTableGroup [com.wellcare.wellcare.Models.Post] for NavigablePath [com.wellcare.wellcare.Models.Post] 
2024-05-12T12:06:04.184+03:00 DEBUG 34416 --- [           main] org.hibernate.orm.sql.ast.create         : Created new SQL alias : l1_0
2024-05-12T12:06:04.190+03:00 DEBUG 34416 --- [           main] org.hibernate.orm.sql.ast.create         : Registration of TableGroup [CollectionTableGroup(com.wellcare.wellcare.Models.Post.likes)] with identifierForTableGroup [com.wellcare.wellcare.Models.Post.likes] for NavigablePath [com.wellcare.wellcare.Models.Post.likes] 
2024-05-12T12:06:04.190+03:00 DEBUG 34416 --- [           main] org.hibernate.orm.sql.ast.create         : Registration of TableGroup [org.hibernate.sql.ast.tree.from.LazyTableGroup@2130eec1] with identifierForTableGroup [com.wellcare.wellcare.Models.Post.likes.{element}] for NavigablePath [com.wellcare.wellcare.Models.Post.likes.{element}] 
2024-05-12T12:06:04.190+03:00 DEBUG 34416 --- [           main] org.hibernate.orm.sql.ast.create         : Created new SQL alias : l1_1
2024-05-12T12:06:04.190+03:00 DEBUG 34416 --- [           main] org.hibernate.orm.sql.ast.create         : Registration of TableGroup [org.hibernate.sql.ast.tree.from.LazyTableGroup@2085c9bb] with identifierForTableGroup [com.wellcare.wellcare.Models.Post.user] for NavigablePath [com.wellcare.wellcare.Models.Post.user] 
2024-05-12T12:06:04.190+03:00 DEBUG 34416 --- [           main] org.hibernate.orm.sql.ast.create         : Created new SQL alias : u1_0
2024-05-12T12:06:04.191+03:00 DEBUG 34416 --- [           main] org.hibernate.orm.results.graph.AST      : DomainResult Graph:
 \-EntityResultImpl [com.wellcare.wellcare.Models.Post]
 |  +-SelectEagerCollectionFetch [com.wellcare.wellcare.Models.Post.attachment]
 |  +-SelectEagerCollectionFetch [com.wellcare.wellcare.Models.Post.comments]
 |  +-BasicFetch [com.wellcare.wellcare.Models.Post.content]
 |  +-BasicFetch [com.wellcare.wellcare.Models.Post.createdAt]
 |  +-EagerCollectionFetch [com.wellcare.wellcare.Models.Post.likes]
 |  |  \-EntityFetchJoinedImpl [com.wellcare.wellcare.Models.Post.likes.{element}]
 |  +-BasicFetch [com.wellcare.wellcare.Models.Post.location]
 |  +-BasicFetch [com.wellcare.wellcare.Models.Post.noOfComments]
 |  +-BasicFetch [com.wellcare.wellcare.Models.Post.noOfLikes]
 |  \-EntityFetchJoinedImpl [com.wellcare.wellcare.Models.Post.user]

2024-05-12T12:06:04.191+03:00 DEBUG 34416 --- [           main] org.hibernate.orm.sql.ast.tree           : SQL AST Tree:
    SelectStatement {
      FromClause {
        StandardTableGroup (p1 : com.wellcare.wellcare.Models.Post) {
          primaryTableReference : post as p1_0
          TableGroupJoins {
            left  join CollectionTableGroup (l1 : com.wellcare.wellcare.Models.Post.likes) {
              primaryTableReference : post_likes as l1_0
              TableGroupJoins {
                left  join LazyTableGroup (l1 : com.wellcare.wellcare.Models.Post.likes.{element}) {
                  primaryTableReference : user as l1_1
                }
              }
            }
            left  join LazyTableGroup (u1 : com.wellcare.wellcare.Models.Post.user) {
              primaryTableReference : user as u1_0
            }
          }
        }
      }
    }

2024-05-12T12:06:04.191+03:00 DEBUG 34416 --- [           main] o.h.p.entity.AbstractEntityPersister     : Static SQL for entity: com.wellcare.wellcare.Models.Post
2024-05-12T12:06:04.191+03:00 DEBUG 34416 --- [           main] o.h.p.entity.AbstractEntityPersister     :  Version select: select id from post where id=?
2024-05-12T12:06:04.191+03:00 DEBUG 34416 --- [           main] o.h.p.entity.AbstractEntityPersister     :  Insert (0): insert into post (content,created_at,location,no_of_comments,no_of_likes,user_id,id) values (?,?,?,?,?,?,?)
2024-05-12T12:06:04.191+03:00 DEBUG 34416 --- [           main] o.h.p.entity.AbstractEntityPersister     :  Update (0): update post set content=?,created_at=?,location=?,no_of_comments=?,no_of_likes=?,user_id=? where id=?
2024-05-12T12:06:04.191+03:00 DEBUG 34416 --- [           main] o.h.p.entity.AbstractEntityPersister     :  Delete (0): delete from post where id=?
2024-05-12T12:06:04.191+03:00 DEBUG 34416 --- [           main] org.hibernate.orm.sql.ast.create         : Created new SQL alias : u1_0
2024-05-12T12:06:04.191+03:00 DEBUG 34416 --- [           main] org.hibernate.orm.sql.ast.create         : Registration of TableGroup [StandardTableGroup(com.wellcare.wellcare.Models.User)] with identifierForTableGroup [com.wellcare.wellcare.Models.User] for NavigablePath [com.wellcare.wellcare.Models.User] 
2024-05-12T12:06:04.191+03:00 DEBUG 34416 --- [           main] org.hibernate.orm.sql.ast.create         : Created new SQL alias : f1_0
2024-05-12T12:06:04.191+03:00 DEBUG 34416 --- [           main] org.hibernate.orm.sql.ast.create         : Registration of TableGroup [CollectionTableGroup(com.wellcare.wellcare.Models.User.friends)] with identifierForTableGroup [com.wellcare.wellcare.Models.User.friends] for NavigablePath [com.wellcare.wellcare.Models.User.friends] 
2024-05-12T12:06:04.191+03:00 DEBUG 34416 --- [           main] org.hibernate.orm.sql.ast.create         : Registration of TableGroup [org.hibernate.sql.ast.tree.from.LazyTableGroup@81e6f3] with identifierForTableGroup [com.wellcare.wellcare.Models.User.friends.{element}] for NavigablePath [com.wellcare.wellcare.Models.User.friends.{element}] 
2024-05-12T12:06:04.191+03:00 DEBUG 34416 --- [           main] org.hibernate.orm.sql.ast.create         : Created new SQL alias : f1_1
2024-05-12T12:06:04.191+03:00 DEBUG 34416 --- [           main] org.hibernate.orm.results.graph.AST      : DomainResult Graph:
 \-EntityResultImpl [com.wellcare.wellcare.Models.User]
 |  +-BasicFetch [com.wellcare.wellcare.Models.User.attachment]
 |  +-BasicFetch [com.wellcare.wellcare.Models.User.bio]
 |  +-BasicFetch [com.wellcare.wellcare.Models.User.degree]
 |  +-BasicFetch [com.wellcare.wellcare.Models.User.email]
 |  +-EagerCollectionFetch [com.wellcare.wellcare.Models.User.friends]
 |  |  \-EntityFetchJoinedImpl [com.wellcare.wellcare.Models.User.friends.{element}]
 |  +-BasicFetch [com.wellcare.wellcare.Models.User.friendsNumber]
 |  +-BasicFetch [com.wellcare.wellcare.Models.User.gender]
 |  +-BasicFetch [com.wellcare.wellcare.Models.User.image]
 |  +-BasicFetch [com.wellcare.wellcare.Models.User.mobile]
 |  +-BasicFetch [com.wellcare.wellcare.Models.User.name]
 |  +-BasicFetch [com.wellcare.wellcare.Models.User.password]
 |  +-BasicFetch [com.wellcare.wellcare.Models.User.role]
 |  +-SelectEagerCollectionFetch [com.wellcare.wellcare.Models.User.savedPost]
 |  +-BasicFetch [com.wellcare.wellcare.Models.User.specialty]
 |  \-BasicFetch [com.wellcare.wellcare.Models.User.username]

2024-05-12T12:06:04.191+03:00 DEBUG 34416 --- [           main] org.hibernate.orm.sql.ast.tree           : SQL AST Tree:
    SelectStatement {
      FromClause {
        StandardTableGroup (u1 : com.wellcare.wellcare.Models.User) {
          primaryTableReference : user as u1_0
          TableGroupJoins {
            left  join CollectionTableGroup (f1 : com.wellcare.wellcare.Models.User.friends) {
              primaryTableReference : user_friends as f1_0
              TableGroupJoins {
                left  join LazyTableGroup (f1 : com.wellcare.wellcare.Models.User.friends.{element}) {
                  primaryTableReference : user as f1_1
                }
              }
            }
          }
        }
      }
    }

2024-05-12T12:06:04.191+03:00 DEBUG 34416 --- [           main] o.h.p.entity.AbstractEntityPersister     : Static SQL for entity: com.wellcare.wellcare.Models.User
2024-05-12T12:06:04.191+03:00 DEBUG 34416 --- [           main] o.h.p.entity.AbstractEntityPersister     :  Version select: select id from user where id=?
2024-05-12T12:06:04.191+03:00 DEBUG 34416 --- [           main] o.h.p.entity.AbstractEntityPersister     :  Insert (0): insert into user (attachment,bio,degree,email,friends_number,gender,image,mobile,name,password,role,specialty,username,id) values (?,?,?,?,?,?,?,?,?,?,?,?,?,?)
2024-05-12T12:06:04.191+03:00 DEBUG 34416 --- [           main] o.h.p.entity.AbstractEntityPersister     :  Update (0): update user set attachment=?,bio=?,degree=?,email=?,friends_number=?,gender=?,image=?,mobile=?,name=?,password=?,role=?,specialty=?,username=? where id=?
2024-05-12T12:06:04.191+03:00 DEBUG 34416 --- [           main] o.h.p.entity.AbstractEntityPersister     :  Delete (0): delete from user where id=?
2024-05-12T12:06:04.191+03:00 DEBUG 34416 --- [           main] org.hibernate.orm.sql.ast.create         : Created new SQL alias : l1_0
2024-05-12T12:06:04.191+03:00 DEBUG 34416 --- [           main] org.hibernate.orm.sql.ast.create         : Registration of TableGroup [CollectionTableGroup(com.wellcare.wellcare.Models.Post.likes)] with identifierForTableGroup [com.wellcare.wellcare.Models.Post.likes] for NavigablePath [com.wellcare.wellcare.Models.Post.likes] 
2024-05-12T12:06:04.191+03:00 DEBUG 34416 --- [           main] org.hibernate.orm.sql.ast.create         : Registration of TableGroup [org.hibernate.sql.ast.tree.from.LazyTableGroup@7409bd3c] with identifierForTableGroup [com.wellcare.wellcare.Models.Post.likes.{element}] for NavigablePath [com.wellcare.wellcare.Models.Post.likes.{element}] 
2024-05-12T12:06:04.191+03:00 DEBUG 34416 --- [           main] org.hibernate.orm.sql.ast.create         : Created new SQL alias : l1_1
2024-05-12T12:06:04.191+03:00 DEBUG 34416 --- [           main] org.hibernate.orm.sql.ast.create         : Created new SQL alias : f1_0
2024-05-12T12:06:04.191+03:00 DEBUG 34416 --- [           main] org.hibernate.orm.sql.ast.create         : Registration of TableGroup [CollectionTableGroup(com.wellcare.wellcare.Models.Post.likes.{element}.friends)] with identifierForTableGroup [com.wellcare.wellcare.Models.Post.likes.{element}.friends] for NavigablePath [com.wellcare.wellcare.Models.Post.likes.{element}.friends] 
2024-05-12T12:06:04.191+03:00 DEBUG 34416 --- [           main] org.hibernate.orm.sql.ast.create         : Registration of TableGroup [org.hibernate.sql.ast.tree.from.LazyTableGroup@58d450b7] with identifierForTableGroup [com.wellcare.wellcare.Models.Post.likes.{element}.friends.{element}] for NavigablePath [com.wellcare.wellcare.Models.Post.likes.{element}.friends.{element}] 
2024-05-12T12:06:04.191+03:00 DEBUG 34416 --- [           main] org.hibernate.orm.sql.ast.create         : Created new SQL alias : f1_1
2024-05-12T12:06:04.191+03:00 DEBUG 34416 --- [           main] org.hibernate.orm.results.graph.AST      : DomainResult Graph:
 \-CollectionDomainResult [com.wellcare.wellcare.Models.Post.likes]

2024-05-12T12:06:04.191+03:00 DEBUG 34416 --- [           main] org.hibernate.orm.sql.ast.tree           : SQL AST Tree:
    SelectStatement {
      FromClause {
        CollectionTableGroup (l1 : com.wellcare.wellcare.Models.Post.likes) {
          primaryTableReference : post_likes as l1_0
          TableGroupJoins {
             join LazyTableGroup (l1 : com.wellcare.wellcare.Models.Post.likes.{element}) {
              primaryTableReference : user as l1_1
              TableGroupJoins {
                left  join CollectionTableGroup (f1 : com.wellcare.wellcare.Models.Post.likes.{element}.friends) {
                  primaryTableReference : user_friends as f1_0
                  TableGroupJoins {
                    left  join LazyTableGroup (f1 : com.wellcare.wellcare.Models.Post.likes.{element}.friends.{element}) {
                      primaryTableReference : user as f1_1
                    }
                  }
                }
              }
            }
          }
        }
      }
    }

2024-05-12T12:06:04.191+03:00 DEBUG 34416 --- [           main] org.hibernate.orm.jdbc.mutation          : Static SQL for collection: com.wellcare.wellcare.Models.Post.likes
2024-05-12T12:06:04.191+03:00 DEBUG 34416 --- [           main] org.hibernate.orm.jdbc.mutation          :  Row insert: insert into post_likes (post_id,user_id) values (?,?)
2024-05-12T12:06:04.191+03:00 DEBUG 34416 --- [           main] org.hibernate.orm.jdbc.mutation          :  Row delete: delete from post_likes where post_id=? and user_id=?
2024-05-12T12:06:04.191+03:00 DEBUG 34416 --- [           main] org.hibernate.orm.jdbc.mutation          :  One-shot delete: delete from post_likes where post_id=?
2024-05-12T12:06:04.191+03:00 DEBUG 34416 --- [           main] org.hibernate.orm.sql.ast.create         : Created new SQL alias : c1_0
2024-05-12T12:06:04.191+03:00 DEBUG 34416 --- [           main] org.hibernate.orm.sql.ast.create         : Registration of TableGroup [CollectionTableGroup(com.wellcare.wellcare.Models.Post.comments)] with identifierForTableGroup [com.wellcare.wellcare.Models.Post.comments] for NavigablePath [com.wellcare.wellcare.Models.Post.comments] 
2024-05-12T12:06:04.191+03:00 DEBUG 34416 --- [           main] org.hibernate.orm.sql.ast.create         : Registration of TableGroup [org.hibernate.sql.ast.tree.from.LazyTableGroup@5ad0c9bc] with identifierForTableGroup [com.wellcare.wellcare.Models.Post.comments.{element}] for NavigablePath [com.wellcare.wellcare.Models.Post.comments.{element}] 
2024-05-12T12:06:04.191+03:00 DEBUG 34416 --- [           main] org.hibernate.orm.sql.ast.create         : Created new SQL alias : c1_1
2024-05-12T12:06:04.191+03:00 DEBUG 34416 --- [           main] org.hibernate.orm.sql.ast.create         : Registration of TableGroup [org.hibernate.sql.ast.tree.from.LazyTableGroup@3376b5ca] with identifierForTableGroup [com.wellcare.wellcare.Models.Post.comments.{element}.user] for NavigablePath [com.wellcare.wellcare.Models.Post.comments.{element}.user] 
2024-05-12T12:06:04.191+03:00 DEBUG 34416 --- [           main] org.hibernate.orm.sql.ast.create         : Created new SQL alias : u1_0
2024-05-12T12:06:04.191+03:00 DEBUG 34416 --- [           main] org.hibernate.orm.results.graph.AST      : DomainResult Graph:
 \-CollectionDomainResult [com.wellcare.wellcare.Models.Post.comments]

2024-05-12T12:06:04.191+03:00 DEBUG 34416 --- [           main] org.hibernate.orm.sql.ast.tree           : SQL AST Tree:
    SelectStatement {
      FromClause {
        CollectionTableGroup (c1 : com.wellcare.wellcare.Models.Post.comments) {
          primaryTableReference : post_comments as c1_0
          TableGroupJoins {
             join LazyTableGroup (c1 : com.wellcare.wellcare.Models.Post.comments.{element}) {
              primaryTableReference : comment as c1_1
              TableGroupJoins {
                left  join LazyTableGroup (u1 : com.wellcare.wellcare.Models.Post.comments.{element}.user) {
                  primaryTableReference : user as u1_0
                }
              }
            }
          }
        }
      }
    }

2024-05-12T12:06:04.191+03:00 DEBUG 34416 --- [           main] org.hibernate.orm.jdbc.mutation          : Static SQL for collection: com.wellcare.wellcare.Models.Post.comments
2024-05-12T12:06:04.191+03:00 DEBUG 34416 --- [           main] org.hibernate.orm.jdbc.mutation          :  Row insert: insert into post_comments (post_id,comments_id) values (?,?)
2024-05-12T12:06:04.191+03:00 DEBUG 34416 --- [           main] org.hibernate.orm.jdbc.mutation          :  Row delete: delete from post_comments where post_id=? and comments_id=?
2024-05-12T12:06:04.191+03:00 DEBUG 34416 --- [           main] org.hibernate.orm.jdbc.mutation          :  One-shot delete: delete from post_comments where post_id=?
2024-05-12T12:06:04.191+03:00 DEBUG 34416 --- [           main] org.hibernate.orm.sql.ast.create         : Created new SQL alias : f1_0
2024-05-12T12:06:04.191+03:00 DEBUG 34416 --- [           main] org.hibernate.orm.sql.ast.create         : Registration of TableGroup [CollectionTableGroup(com.wellcare.wellcare.Models.User.friends)] with identifierForTableGroup [com.wellcare.wellcare.Models.User.friends] for NavigablePath [com.wellcare.wellcare.Models.User.friends] 
2024-05-12T12:06:04.191+03:00 DEBUG 34416 --- [           main] org.hibernate.orm.sql.ast.create         : Registration of TableGroup [org.hibernate.sql.ast.tree.from.LazyTableGroup@7fab829a] with identifierForTableGroup [com.wellcare.wellcare.Models.User.friends.{element}] for NavigablePath [com.wellcare.wellcare.Models.User.friends.{element}] 
2024-05-12T12:06:04.191+03:00 DEBUG 34416 --- [           main] org.hibernate.orm.sql.ast.create         : Created new SQL alias : f1_1
2024-05-12T12:06:04.191+03:00 DEBUG 34416 --- [           main] org.hibernate.orm.results.graph.AST      : DomainResult Graph:
 \-CollectionDomainResult [com.wellcare.wellcare.Models.User.friends]

2024-05-12T12:06:04.191+03:00 DEBUG 34416 --- [           main] org.hibernate.orm.sql.ast.tree           : SQL AST Tree:
    SelectStatement {
      FromClause {
        CollectionTableGroup (f1 : com.wellcare.wellcare.Models.User.friends) {
          primaryTableReference : user_friends as f1_0
          TableGroupJoins {
             join LazyTableGroup (f1 : com.wellcare.wellcare.Models.User.friends.{element}) {
              primaryTableReference : user as f1_1
            }
          }
        }
      }
    }

2024-05-12T12:06:04.191+03:00 DEBUG 34416 --- [           main] org.hibernate.orm.jdbc.mutation          : Static SQL for collection: com.wellcare.wellcare.Models.User.friends
2024-05-12T12:06:04.191+03:00 DEBUG 34416 --- [           main] org.hibernate.orm.jdbc.mutation          :  Row insert: insert into user_friends (user_id,friend_id) values (?,?)
2024-05-12T12:06:04.191+03:00 DEBUG 34416 --- [           main] org.hibernate.orm.jdbc.mutation          :  Row delete: delete from user_friends where user_id=? and friend_id=?
2024-05-12T12:06:04.191+03:00 DEBUG 34416 --- [           main] org.hibernate.orm.jdbc.mutation          :  One-shot delete: delete from user_friends where user_id=?
2024-05-12T12:06:04.191+03:00 DEBUG 34416 --- [           main] org.hibernate.orm.sql.ast.create         : Created new SQL alias : cl1_0
2024-05-12T12:06:04.191+03:00 DEBUG 34416 --- [           main] org.hibernate.orm.sql.ast.create         : Registration of TableGroup [CollectionTableGroup(com.wellcare.wellcare.Models.Comment.commentLikes)] with identifierForTableGroup [com.wellcare.wellcare.Models.Comment.commentLikes] for NavigablePath [com.wellcare.wellcare.Models.Comment.commentLikes] 
2024-05-12T12:06:04.191+03:00 DEBUG 34416 --- [           main] org.hibernate.orm.sql.ast.create         : Registration of TableGroup [org.hibernate.sql.ast.tree.from.LazyTableGroup@24b263af] with identifierForTableGroup [com.wellcare.wellcare.Models.Comment.commentLikes.{element}] for NavigablePath [com.wellcare.wellcare.Models.Comment.commentLikes.{element}] 
2024-05-12T12:06:04.191+03:00 DEBUG 34416 --- [           main] org.hibernate.orm.sql.ast.create         : Created new SQL alias : cl1_1
2024-05-12T12:06:04.191+03:00 DEBUG 34416 --- [           main] org.hibernate.orm.sql.ast.create         : Created new SQL alias : f1_0
2024-05-12T12:06:04.191+03:00 DEBUG 34416 --- [           main] org.hibernate.orm.sql.ast.create         : Registration of TableGroup [CollectionTableGroup(com.wellcare.wellcare.Models.Comment.commentLikes.{element}.friends)] with identifierForTableGroup [com.wellcare.wellcare.Models.Comment.commentLikes.{element}.friends] for NavigablePath [com.wellcare.wellcare.Models.Comment.commentLikes.{element}.friends] 
2024-05-12T12:06:04.191+03:00 DEBUG 34416 --- [           main] org.hibernate.orm.sql.ast.create         : Registration of TableGroup [org.hibernate.sql.ast.tree.from.LazyTableGroup@52d55407] with identifierForTableGroup [com.wellcare.wellcare.Models.Comment.commentLikes.{element}.friends.{element}] for NavigablePath [com.wellcare.wellcare.Models.Comment.commentLikes.{element}.friends.{element}] 
2024-05-12T12:06:04.191+03:00 DEBUG 34416 --- [           main] org.hibernate.orm.sql.ast.create         : Created new SQL alias : f1_1
2024-05-12T12:06:04.191+03:00 DEBUG 34416 --- [           main] org.hibernate.orm.results.graph.AST      : DomainResult Graph:
 \-CollectionDomainResult [com.wellcare.wellcare.Models.Comment.commentLikes]

2024-05-12T12:06:04.191+03:00 DEBUG 34416 --- [           main] org.hibernate.orm.sql.ast.tree           : SQL AST Tree:
    SelectStatement {
      FromClause {
        CollectionTableGroup (cl1 : com.wellcare.wellcare.Models.Comment.commentLikes) {
          primaryTableReference : comment_likes as cl1_0
          TableGroupJoins {
             join LazyTableGroup (cl1 : com.wellcare.wellcare.Models.Comment.commentLikes.{element}) {
              primaryTableReference : user as cl1_1
              TableGroupJoins {
                left  join CollectionTableGroup (f1 : com.wellcare.wellcare.Models.Comment.commentLikes.{element}.friends) {
                  primaryTableReference : user_friends as f1_0
                  TableGroupJoins {
                    left  join LazyTableGroup (f1 : com.wellcare.wellcare.Models.Comment.commentLikes.{element}.friends.{element}) {
                      primaryTableReference : user as f1_1
                    }
                  }
                }
              }
            }
          }
        }
      }
    }

2024-05-12T12:06:04.191+03:00 DEBUG 34416 --- [           main] org.hibernate.orm.jdbc.mutation          : Static SQL for collection: com.wellcare.wellcare.Models.Comment.commentLikes
2024-05-12T12:06:04.191+03:00 DEBUG 34416 --- [           main] org.hibernate.orm.jdbc.mutation          :  Row insert: insert into comment_likes (comment_id,user_id) values (?,?)
2024-05-12T12:06:04.191+03:00 DEBUG 34416 --- [           main] org.hibernate.orm.jdbc.mutation          :  Row delete: delete from comment_likes where comment_id=? and user_id=?
2024-05-12T12:06:04.191+03:00 DEBUG 34416 --- [           main] org.hibernate.orm.jdbc.mutation          :  One-shot delete: delete from comment_likes where comment_id=?
2024-05-12T12:06:04.191+03:00 DEBUG 34416 --- [           main] org.hibernate.orm.sql.ast.create         : Created new SQL alias : a1_0
2024-05-12T12:06:04.191+03:00 DEBUG 34416 --- [           main] org.hibernate.orm.sql.ast.create         : Registration of TableGroup [CollectionTableGroup(com.wellcare.wellcare.Models.Message.attachment)] with identifierForTableGroup [com.wellcare.wellcare.Models.Message.attachment] for NavigablePath [com.wellcare.wellcare.Models.Message.attachment] 
2024-05-12T12:06:04.191+03:00 DEBUG 34416 --- [           main] org.hibernate.orm.results                : Generating Fetch for collection-part : `com.wellcare.wellcare.Models.Message.attachment` -> `{element}`
2024-05-12T12:06:04.191+03:00 DEBUG 34416 --- [           main] org.hibernate.orm.results.graph.AST      : DomainResult Graph:
 \-CollectionDomainResult [com.wellcare.wellcare.Models.Message.attachment]

2024-05-12T12:06:04.191+03:00 DEBUG 34416 --- [           main] org.hibernate.orm.sql.ast.tree           : SQL AST Tree:
    SelectStatement {
      FromClause {
        CollectionTableGroup (a1 : com.wellcare.wellcare.Models.Message.attachment) {
          primaryTableReference : message_attachment as a1_0
        }
      }
    }

2024-05-12T12:06:04.191+03:00 DEBUG 34416 --- [           main] org.hibernate.orm.jdbc.mutation          : Static SQL for collection: com.wellcare.wellcare.Models.Message.attachment
2024-05-12T12:06:04.197+03:00 DEBUG 34416 --- [           main] org.hibernate.orm.jdbc.mutation          :  Row insert: insert into message_attachment (message_id,attachment_url) values (?,?)
2024-05-12T12:06:04.197+03:00 DEBUG 34416 --- [           main] org.hibernate.orm.jdbc.mutation          :  Row delete: delete from message_attachment where message_id=? and attachment_url=?
2024-05-12T12:06:04.197+03:00 DEBUG 34416 --- [           main] org.hibernate.orm.jdbc.mutation          :  One-shot delete: delete from message_attachment where message_id=?
2024-05-12T12:06:04.197+03:00 DEBUG 34416 --- [           main] org.hibernate.orm.sql.ast.create         : Created new SQL alias : sp1_0
2024-05-12T12:06:04.197+03:00 DEBUG 34416 --- [           main] org.hibernate.orm.sql.ast.create         : Registration of TableGroup [CollectionTableGroup(com.wellcare.wellcare.Models.User.savedPost)] with identifierForTableGroup [com.wellcare.wellcare.Models.User.savedPost] for NavigablePath [com.wellcare.wellcare.Models.User.savedPost] 
2024-05-12T12:06:04.197+03:00 DEBUG 34416 --- [           main] org.hibernate.orm.sql.ast.create         : Registration of TableGroup [org.hibernate.sql.ast.tree.from.LazyTableGroup@188467fe] with identifierForTableGroup [com.wellcare.wellcare.Models.User.savedPost.{element}] for NavigablePath [com.wellcare.wellcare.Models.User.savedPost.{element}] 
2024-05-12T12:06:04.197+03:00 DEBUG 34416 --- [           main] org.hibernate.orm.sql.ast.create         : Created new SQL alias : sp1_1
2024-05-12T12:06:04.198+03:00 DEBUG 34416 --- [           main] org.hibernate.orm.sql.ast.create         : Registration of TableGroup [org.hibernate.sql.ast.tree.from.LazyTableGroup@1d77a5e8] with identifierForTableGroup [com.wellcare.wellcare.Models.User.savedPost.{element}.user] for NavigablePath [com.wellcare.wellcare.Models.User.savedPost.{element}.user] 
2024-05-12T12:06:04.198+03:00 DEBUG 34416 --- [           main] org.hibernate.orm.sql.ast.create         : Created new SQL alias : u1_0
2024-05-12T12:06:04.198+03:00 DEBUG 34416 --- [           main] org.hibernate.orm.results.graph.AST      : DomainResult Graph:
 \-CollectionDomainResult [com.wellcare.wellcare.Models.User.savedPost]

2024-05-12T12:06:04.198+03:00 DEBUG 34416 --- [           main] org.hibernate.orm.sql.ast.tree           : SQL AST Tree:
    SelectStatement {
      FromClause {
        CollectionTableGroup (sp1 : com.wellcare.wellcare.Models.User.savedPost) {
          primaryTableReference : user_saved_posts as sp1_0
          TableGroupJoins {
             join LazyTableGroup (sp1 : com.wellcare.wellcare.Models.User.savedPost.{element}) {
              primaryTableReference : post as sp1_1
              TableGroupJoins {
                left  join LazyTableGroup (u1 : com.wellcare.wellcare.Models.User.savedPost.{element}.user) {
                  primaryTableReference : user as u1_0
                }
              }
            }
          }
        }
      }
    }

2024-05-12T12:06:04.198+03:00 DEBUG 34416 --- [           main] org.hibernate.orm.jdbc.mutation          : Static SQL for collection: com.wellcare.wellcare.Models.User.savedPost
2024-05-12T12:06:04.198+03:00 DEBUG 34416 --- [           main] org.hibernate.orm.jdbc.mutation          :  Row insert: insert into user_saved_posts (user_id,post_id) values (?,?)
2024-05-12T12:06:04.198+03:00 DEBUG 34416 --- [           main] org.hibernate.orm.jdbc.mutation          :  Row delete: delete from user_saved_posts where user_id=? and post_id=?
2024-05-12T12:06:04.198+03:00 DEBUG 34416 --- [           main] org.hibernate.orm.jdbc.mutation          :  One-shot delete: delete from user_saved_posts where user_id=?
2024-05-12T12:06:04.198+03:00 DEBUG 34416 --- [           main] org.hibernate.orm.sql.ast.create         : Created new SQL alias : a1_0
2024-05-12T12:06:04.198+03:00 DEBUG 34416 --- [           main] org.hibernate.orm.sql.ast.create         : Registration of TableGroup [CollectionTableGroup(com.wellcare.wellcare.Models.Post.attachment)] with identifierForTableGroup [com.wellcare.wellcare.Models.Post.attachment] for NavigablePath [com.wellcare.wellcare.Models.Post.attachment] 
2024-05-12T12:06:04.198+03:00 DEBUG 34416 --- [           main] org.hibernate.orm.results                : Generating Fetch for collection-part : `com.wellcare.wellcare.Models.Post.attachment` -> `{element}`
2024-05-12T12:06:04.198+03:00 DEBUG 34416 --- [           main] org.hibernate.orm.results.graph.AST      : DomainResult Graph:
 \-CollectionDomainResult [com.wellcare.wellcare.Models.Post.attachment]

2024-05-12T12:06:04.198+03:00 DEBUG 34416 --- [           main] org.hibernate.orm.sql.ast.tree           : SQL AST Tree:
    SelectStatement {
      FromClause {
        CollectionTableGroup (a1 : com.wellcare.wellcare.Models.Post.attachment) {
          primaryTableReference : post_attachment as a1_0
        }
      }
    }

2024-05-12T12:06:04.198+03:00 DEBUG 34416 --- [           main] org.hibernate.orm.jdbc.mutation          : Static SQL for collection: com.wellcare.wellcare.Models.Post.attachment
2024-05-12T12:06:04.198+03:00 DEBUG 34416 --- [           main] org.hibernate.orm.jdbc.mutation          :  Row insert: insert into post_attachment (post_id,attachment_url) values (?,?)
2024-05-12T12:06:04.198+03:00 DEBUG 34416 --- [           main] org.hibernate.orm.jdbc.mutation          :  Row delete: delete from post_attachment where post_id=? and attachment_url=?
2024-05-12T12:06:04.198+03:00 DEBUG 34416 --- [           main] org.hibernate.orm.jdbc.mutation          :  One-shot delete: delete from post_attachment where post_id=?
2024-05-12T12:06:04.198+03:00  INFO 34416 --- [           main] o.h.e.t.j.p.i.JtaPlatformInitiator       : HHH000489: No JTA platform available (set 'hibernate.transaction.jta.platform' to enable JTA platform integration)
2024-05-12T12:06:04.198+03:00 DEBUG 34416 --- [           main] o.h.type.spi.TypeConfiguration$Scope     : Scoping TypeConfiguration [org.hibernate.type.spi.TypeConfiguration@2841dcb6] to SessionFactoryImplementor [org.hibernate.internal.SessionFactoryImpl@5a32a948]
2024-05-12T12:06:04.198+03:00 DEBUG 34416 --- [           main] o.h.query.named.NamedObjectRepository    : Checking 0 named HQL queries
2024-05-12T12:06:04.198+03:00 DEBUG 34416 --- [           main] o.h.query.named.NamedObjectRepository    : Checking 0 named SQL queries
2024-05-12T12:06:04.425+03:00 DEBUG 34416 --- [           main] org.hibernate.mapping.Table              : No alter strings for table : comment
2024-05-12T12:06:04.425+03:00 DEBUG 34416 --- [           main] org.hibernate.mapping.Table              : No alter strings for table : comment_likes
2024-05-12T12:06:04.425+03:00 DEBUG 34416 --- [           main] org.hibernate.mapping.Table              : No alter strings for table : comment_seq
2024-05-12T12:06:04.425+03:00 DEBUG 34416 --- [           main] org.hibernate.mapping.Table              : No alter strings for table : message_attachment
2024-05-12T12:06:04.425+03:00 DEBUG 34416 --- [           main] org.hibernate.SQL                        : alter table messages modify column status TINYINT DEFAULT 0
Hibernate: alter table messages modify column status TINYINT DEFAULT 0
2024-05-12T12:06:04.425+03:00 DEBUG 34416 --- [           main] org.hibernate.mapping.Table              : No alter strings for table : post
2024-05-12T12:06:04.425+03:00 DEBUG 34416 --- [           main] org.hibernate.mapping.Table              : No alter strings for table : post_attachment
2024-05-12T12:06:04.425+03:00 DEBUG 34416 --- [           main] org.hibernate.mapping.Table              : No alter strings for table : post_comments
2024-05-12T12:06:04.425+03:00 DEBUG 34416 --- [           main] org.hibernate.mapping.Table              : No alter strings for table : post_likes
2024-05-12T12:06:04.425+03:00 DEBUG 34416 --- [           main] org.hibernate.mapping.Table              : No alter strings for table : post_seq
2024-05-12T12:06:04.425+03:00 DEBUG 34416 --- [           main] org.hibernate.SQL                        : alter table relationship modify column status TINYINT DEFAULT 0 not null
Hibernate: alter table relationship modify column status TINYINT DEFAULT 0 not null
2024-05-12T12:06:04.425+03:00 DEBUG 34416 --- [           main] org.hibernate.mapping.Table              : No alter strings for table : user
2024-05-12T12:06:04.425+03:00 DEBUG 34416 --- [           main] org.hibernate.mapping.Table              : No alter strings for table : user_friends
2024-05-12T12:06:04.425+03:00 DEBUG 34416 --- [           main] org.hibernate.mapping.Table              : No alter strings for table : user_saved_posts
2024-05-12T12:06:04.425+03:00 DEBUG 34416 --- [           main] org.hibernate.mapping.Table              : No alter strings for table : user_seq
2024-05-12T12:06:04.476+03:00 DEBUG 34416 --- [           main] o.h.internal.SessionFactoryRegistry      : Registering SessionFactory: fcaf7718-e319-487c-aa77-055e12ce8b66 (<unnamed>)
2024-05-12T12:06:04.476+03:00 DEBUG 34416 --- [           main] o.h.internal.SessionFactoryRegistry      : Not binding SessionFactory to JNDI, no JNDI name configured
2024-05-12T12:06:04.476+03:00 DEBUG 34416 --- [           main] o.hibernate.internal.SessionFactoryImpl  : Instantiated SessionFactory
2024-05-12T12:06:04.476+03:00  INFO 34416 --- [           main] j.LocalContainerEntityManagerFactoryBean : Initialized JPA EntityManagerFactory for persistence unit 'default'
2024-05-12T12:06:04.521+03:00 DEBUG 34416 --- [           main] o.h.stat.internal.StatisticsInitiator    : Statistics initialized [enabled=false]
2024-05-12T12:06:04.555+03:00 DEBUG 34416 --- [           main] cResourceLocalTransactionCoordinatorImpl : JDBC transaction marked for rollback-only (exception provided for stack trace)

java.lang.Exception: exception just for purpose of providing stack trace
	at org.hibernate.resource.transaction.backend.jdbc.internal.JdbcResourceLocalTransactionCoordinatorImpl$TransactionDriverControlImpl.markRollbackOnly(JdbcResourceLocalTransactionCoordinatorImpl.java:310) ~[hibernate-core-6.4.4.Final.jar:6.4.4.Final]
	at org.hibernate.internal.AbstractSharedSessionContract.buildNamedQuery(AbstractSharedSessionContract.java:1097) ~[hibernate-core-6.4.4.Final.jar:6.4.4.Final]
	at org.hibernate.internal.AbstractSharedSessionContract.createNamedQuery(AbstractSharedSessionContract.java:975) ~[hibernate-core-6.4.4.Final.jar:6.4.4.Final]
	at org.hibernate.internal.AbstractSharedSessionContract.createNamedQuery(AbstractSharedSessionContract.java:136) ~[hibernate-core-6.4.4.Final.jar:6.4.4.Final]
	at java.base/jdk.internal.reflect.DirectMethodHandleAccessor.invoke(DirectMethodHandleAccessor.java:103) ~[na:na]
	at java.base/java.lang.reflect.Method.invoke(Method.java:580) ~[na:na]
	at org.springframework.orm.jpa.ExtendedEntityManagerCreator$ExtendedEntityManagerInvocationHandler.invoke(ExtendedEntityManagerCreator.java:364) ~[spring-orm-6.1.4.jar:6.1.4]
	at jdk.proxy2/jdk.proxy2.$Proxy223.createNamedQuery(Unknown Source) ~[na:na]
	at org.springframework.data.jpa.repository.query.NamedQuery.hasNamedQuery(NamedQuery.java:113) ~[spring-data-jpa-3.2.3.jar:3.2.3]
	at org.springframework.data.jpa.repository.query.JpaQueryLookupStrategy$DeclaredQueryLookupStrategy.getCountQuery(JpaQueryLookupStrategy.java:204) ~[spring-data-jpa-3.2.3.jar:3.2.3]
	at org.springframework.data.jpa.repository.query.JpaQueryLookupStrategy$DeclaredQueryLookupStrategy.resolveQuery(JpaQueryLookupStrategy.java:171) ~[spring-data-jpa-3.2.3.jar:3.2.3]
	at org.springframework.data.jpa.repository.query.JpaQueryLookupStrategy$CreateIfNotFoundQueryLookupStrategy.resolveQuery(JpaQueryLookupStrategy.java:252) ~[spring-data-jpa-3.2.3.jar:3.2.3]
	at org.springframework.data.jpa.repository.query.JpaQueryLookupStrategy$AbstractQueryLookupStrategy.resolveQuery(JpaQueryLookupStrategy.java:95) ~[spring-data-jpa-3.2.3.jar:3.2.3]
	at org.springframework.data.repository.core.support.QueryExecutorMethodInterceptor.lookupQuery(QueryExecutorMethodInterceptor.java:111) ~[spring-data-commons-3.2.3.jar:3.2.3]
	at org.springframework.data.repository.core.support.QueryExecutorMethodInterceptor.mapMethodsToQuery(QueryExecutorMethodInterceptor.java:99) ~[spring-data-commons-3.2.3.jar:3.2.3]
	at org.springframework.data.repository.core.support.QueryExecutorMethodInterceptor.lambda$new$0(QueryExecutorMethodInterceptor.java:88) ~[spring-data-commons-3.2.3.jar:3.2.3]
	at java.base/java.util.Optional.map(Optional.java:260) ~[na:na]
	at org.springframework.data.repository.core.support.QueryExecutorMethodInterceptor.<init>(QueryExecutorMethodInterceptor.java:88) ~[spring-data-commons-3.2.3.jar:3.2.3]
	at org.springframework.data.repository.core.support.RepositoryFactorySupport.getRepository(RepositoryFactorySupport.java:357) ~[spring-data-commons-3.2.3.jar:3.2.3]
	at org.springframework.data.repository.core.support.RepositoryFactoryBeanSupport.lambda$afterPropertiesSet$5(RepositoryFactoryBeanSupport.java:279) ~[spring-data-commons-3.2.3.jar:3.2.3]
	at org.springframework.data.util.Lazy.getNullable(Lazy.java:135) ~[spring-data-commons-3.2.3.jar:3.2.3]
	at org.springframework.data.util.Lazy.get(Lazy.java:113) ~[spring-data-commons-3.2.3.jar:3.2.3]
	at org.springframework.data.repository.core.support.RepositoryFactoryBeanSupport.afterPropertiesSet(RepositoryFactoryBeanSupport.java:285) ~[spring-data-commons-3.2.3.jar:3.2.3]
	at org.springframework.data.jpa.repository.support.JpaRepositoryFactoryBean.afterPropertiesSet(JpaRepositoryFactoryBean.java:132) ~[spring-data-jpa-3.2.3.jar:3.2.3]
	at org.springframework.beans.factory.support.AbstractAutowireCapableBeanFactory.invokeInitMethods(AbstractAutowireCapableBeanFactory.java:1833) ~[spring-beans-6.1.4.jar:6.1.4]
	at org.springframework.beans.factory.support.AbstractAutowireCapableBeanFactory.initializeBean(AbstractAutowireCapableBeanFactory.java:1782) ~[spring-beans-6.1.4.jar:6.1.4]
	at org.springframework.beans.factory.support.AbstractAutowireCapableBeanFactory.doCreateBean(AbstractAutowireCapableBeanFactory.java:600) ~[spring-beans-6.1.4.jar:6.1.4]
	at org.springframework.beans.factory.support.AbstractAutowireCapableBeanFactory.createBean(AbstractAutowireCapableBeanFactory.java:522) ~[spring-beans-6.1.4.jar:6.1.4]
	at org.springframework.beans.factory.support.AbstractBeanFactory.lambda$doGetBean$0(AbstractBeanFactory.java:325) ~[spring-beans-6.1.4.jar:6.1.4]
	at org.springframework.beans.factory.support.DefaultSingletonBeanRegistry.getSingleton(DefaultSingletonBeanRegistry.java:234) ~[spring-beans-6.1.4.jar:6.1.4]
	at org.springframework.beans.factory.support.AbstractBeanFactory.doGetBean(AbstractBeanFactory.java:323) ~[spring-beans-6.1.4.jar:6.1.4]
	at org.springframework.beans.factory.support.AbstractBeanFactory.getBean(AbstractBeanFactory.java:199) ~[spring-beans-6.1.4.jar:6.1.4]
	at org.springframework.beans.factory.config.DependencyDescriptor.resolveCandidate(DependencyDescriptor.java:254) ~[spring-beans-6.1.4.jar:6.1.4]
	at org.springframework.beans.factory.support.DefaultListableBeanFactory.doResolveDependency(DefaultListableBeanFactory.java:1443) ~[spring-beans-6.1.4.jar:6.1.4]
	at org.springframework.beans.factory.support.DefaultListableBeanFactory.resolveDependency(DefaultListableBeanFactory.java:1353) ~[spring-beans-6.1.4.jar:6.1.4]
	at org.springframework.beans.factory.annotation.AutowiredAnnotationBeanPostProcessor$AutowiredFieldElement.resolveFieldValue(AutowiredAnnotationBeanPostProcessor.java:784) ~[spring-beans-6.1.4.jar:6.1.4]
	at org.springframework.beans.factory.annotation.AutowiredAnnotationBeanPostProcessor$AutowiredFieldElement.inject(AutowiredAnnotationBeanPostProcessor.java:767) ~[spring-beans-6.1.4.jar:6.1.4]
	at org.springframework.beans.factory.annotation.InjectionMetadata.inject(InjectionMetadata.java:145) ~[spring-beans-6.1.4.jar:6.1.4]
	at org.springframework.beans.factory.annotation.AutowiredAnnotationBeanPostProcessor.postProcessProperties(AutowiredAnnotationBeanPostProcessor.java:508) ~[spring-beans-6.1.4.jar:6.1.4]
	at org.springframework.beans.factory.support.AbstractAutowireCapableBeanFactory.populateBean(AbstractAutowireCapableBeanFactory.java:1419) ~[spring-beans-6.1.4.jar:6.1.4]
	at org.springframework.beans.factory.support.AbstractAutowireCapableBeanFactory.doCreateBean(AbstractAutowireCapableBeanFactory.java:599) ~[spring-beans-6.1.4.jar:6.1.4]
	at org.springframework.beans.factory.support.AbstractAutowireCapableBeanFactory.createBean(AbstractAutowireCapableBeanFactory.java:522) ~[spring-beans-6.1.4.jar:6.1.4]
	at org.springframework.beans.factory.support.AbstractBeanFactory.lambda$doGetBean$0(AbstractBeanFactory.java:325) ~[spring-beans-6.1.4.jar:6.1.4]
	at org.springframework.beans.factory.support.DefaultSingletonBeanRegistry.getSingleton(DefaultSingletonBeanRegistry.java:234) ~[spring-beans-6.1.4.jar:6.1.4]
	at org.springframework.beans.factory.support.AbstractBeanFactory.doGetBean(AbstractBeanFactory.java:323) ~[spring-beans-6.1.4.jar:6.1.4]
	at org.springframework.beans.factory.support.AbstractBeanFactory.getBean(AbstractBeanFactory.java:199) ~[spring-beans-6.1.4.jar:6.1.4]
	at org.springframework.beans.factory.support.DefaultListableBeanFactory.preInstantiateSingletons(DefaultListableBeanFactory.java:975) ~[spring-beans-6.1.4.jar:6.1.4]
	at org.springframework.context.support.AbstractApplicationContext.finishBeanFactoryInitialization(AbstractApplicationContext.java:959) ~[spring-context-6.1.4.jar:6.1.4]
	at org.springframework.context.support.AbstractApplicationContext.refresh(AbstractApplicationContext.java:624) ~[spring-context-6.1.4.jar:6.1.4]
	at org.springframework.boot.SpringApplication.refresh(SpringApplication.java:754) ~[spring-boot-3.2.3.jar:3.2.3]
	at org.springframework.boot.SpringApplication.refreshContext(SpringApplication.java:456) ~[spring-boot-3.2.3.jar:3.2.3]
	at org.springframework.boot.SpringApplication.run(SpringApplication.java:334) ~[spring-boot-3.2.3.jar:3.2.3]
	at org.springframework.boot.test.context.SpringBootContextLoader.lambda$loadContext$3(SpringBootContextLoader.java:137) ~[spring-boot-test-3.2.3.jar:3.2.3]
	at org.springframework.util.function.ThrowingSupplier.get(ThrowingSupplier.java:58) ~[spring-core-6.1.4.jar:6.1.4]
	at org.springframework.util.function.ThrowingSupplier.get(ThrowingSupplier.java:46) ~[spring-core-6.1.4.jar:6.1.4]
	at org.springframework.boot.SpringApplication.withHook(SpringApplication.java:1454) ~[spring-boot-3.2.3.jar:3.2.3]
	at org.springframework.boot.test.context.SpringBootContextLoader$ContextLoaderHook.run(SpringBootContextLoader.java:553) ~[spring-boot-test-3.2.3.jar:3.2.3]
	at org.springframework.boot.test.context.SpringBootContextLoader.loadContext(SpringBootContextLoader.java:137) ~[spring-boot-test-3.2.3.jar:3.2.3]
	at org.springframework.boot.test.context.SpringBootContextLoader.loadContext(SpringBootContextLoader.java:108) ~[spring-boot-test-3.2.3.jar:3.2.3]
	at org.springframework.test.context.cache.DefaultCacheAwareContextLoaderDelegate.loadContextInternal(DefaultCacheAwareContextLoaderDelegate.java:225) ~[spring-test-6.1.4.jar:6.1.4]
	at org.springframework.test.context.cache.DefaultCacheAwareContextLoaderDelegate.loadContext(DefaultCacheAwareContextLoaderDelegate.java:152) ~[spring-test-6.1.4.jar:6.1.4]
	at org.springframework.test.context.support.DefaultTestContext.getApplicationContext(DefaultTestContext.java:130) ~[spring-test-6.1.4.jar:6.1.4]
	at org.springframework.test.context.web.ServletTestExecutionListener.setUpRequestContextIfNecessary(ServletTestExecutionListener.java:191) ~[spring-test-6.1.4.jar:6.1.4]
	at org.springframework.test.context.web.ServletTestExecutionListener.prepareTestInstance(ServletTestExecutionListener.java:130) ~[spring-test-6.1.4.jar:6.1.4]
	at org.springframework.test.context.TestContextManager.prepareTestInstance(TestContextManager.java:260) ~[spring-test-6.1.4.jar:6.1.4]
	at org.springframework.test.context.junit.jupiter.SpringExtension.postProcessTestInstance(SpringExtension.java:163) ~[spring-test-6.1.4.jar:6.1.4]
	at org.junit.jupiter.engine.descriptor.ClassBasedTestDescriptor.lambda$invokeTestInstancePostProcessors$10(ClassBasedTestDescriptor.java:378) ~[junit-jupiter-engine-5.10.2.jar:5.10.2]
	at org.junit.jupiter.engine.descriptor.ClassBasedTestDescriptor.executeAndMaskThrowable(ClassBasedTestDescriptor.java:383) ~[junit-jupiter-engine-5.10.2.jar:5.10.2]
	at org.junit.jupiter.engine.descriptor.ClassBasedTestDescriptor.lambda$invokeTestInstancePostProcessors$11(ClassBasedTestDescriptor.java:378) ~[junit-jupiter-engine-5.10.2.jar:5.10.2]
	at java.base/java.util.stream.ReferencePipeline$3$1.accept(ReferencePipeline.java:197) ~[na:na]
	at java.base/java.util.stream.ReferencePipeline$2$1.accept(ReferencePipeline.java:179) ~[na:na]
	at java.base/java.util.ArrayList$ArrayListSpliterator.forEachRemaining(ArrayList.java:1708) ~[na:na]
	at java.base/java.util.stream.AbstractPipeline.copyInto(AbstractPipeline.java:509) ~[na:na]
	at java.base/java.util.stream.AbstractPipeline.wrapAndCopyInto(AbstractPipeline.java:499) ~[na:na]
	at java.base/java.util.stream.StreamSpliterators$WrappingSpliterator.forEachRemaining(StreamSpliterators.java:310) ~[na:na]
	at java.base/java.util.stream.Streams$ConcatSpliterator.forEachRemaining(Streams.java:735) ~[na:na]
	at java.base/java.util.stream.Streams$ConcatSpliterator.forEachRemaining(Streams.java:734) ~[na:na]
	at java.base/java.util.stream.ReferencePipeline$Head.forEach(ReferencePipeline.java:762) ~[na:na]
	at org.junit.jupiter.engine.descriptor.ClassBasedTestDescriptor.invokeTestInstancePostProcessors(ClassBasedTestDescriptor.java:377) ~[junit-jupiter-engine-5.10.2.jar:5.10.2]
	at org.junit.jupiter.engine.descriptor.ClassBasedTestDescriptor.lambda$instantiateAndPostProcessTestInstance$6(ClassBasedTestDescriptor.java:290) ~[junit-jupiter-engine-5.10.2.jar:5.10.2]
	at org.junit.platform.engine.support.hierarchical.ThrowableCollector.execute(ThrowableCollector.java:73) ~[junit-platform-engine-1.10.2.jar:1.10.2]
	at org.junit.jupiter.engine.descriptor.ClassBasedTestDescriptor.instantiateAndPostProcessTestInstance(ClassBasedTestDescriptor.java:289) ~[junit-jupiter-engine-5.10.2.jar:5.10.2]
	at org.junit.jupiter.engine.descriptor.ClassBasedTestDescriptor.lambda$testInstancesProvider$4(ClassBasedTestDescriptor.java:279) ~[junit-jupiter-engine-5.10.2.jar:5.10.2]
	at java.base/java.util.Optional.orElseGet(Optional.java:364) ~[na:na]
	at org.junit.jupiter.engine.descriptor.ClassBasedTestDescriptor.lambda$testInstancesProvider$5(ClassBasedTestDescriptor.java:278) ~[junit-jupiter-engine-5.10.2.jar:5.10.2]
	at org.junit.jupiter.engine.execution.TestInstancesProvider.getTestInstances(TestInstancesProvider.java:31) ~[junit-jupiter-engine-5.10.2.jar:5.10.2]
	at org.junit.jupiter.engine.descriptor.TestMethodTestDescriptor.lambda$prepare$0(TestMethodTestDescriptor.java:106) ~[junit-jupiter-engine-5.10.2.jar:5.10.2]
	at org.junit.platform.engine.support.hierarchical.ThrowableCollector.execute(ThrowableCollector.java:73) ~[junit-platform-engine-1.10.2.jar:1.10.2]
	at org.junit.jupiter.engine.descriptor.TestMethodTestDescriptor.prepare(TestMethodTestDescriptor.java:105) ~[junit-jupiter-engine-5.10.2.jar:5.10.2]
	at org.junit.jupiter.engine.descriptor.TestMethodTestDescriptor.prepare(TestMethodTestDescriptor.java:69) ~[junit-jupiter-engine-5.10.2.jar:5.10.2]
	at org.junit.platform.engine.support.hierarchical.NodeTestTask.lambda$prepare$2(NodeTestTask.java:123) ~[junit-platform-engine-1.10.2.jar:1.10.2]
	at org.junit.platform.engine.support.hierarchical.ThrowableCollector.execute(ThrowableCollector.java:73) ~[junit-platform-engine-1.10.2.jar:1.10.2]
	at org.junit.platform.engine.support.hierarchical.NodeTestTask.prepare(NodeTestTask.java:123) ~[junit-platform-engine-1.10.2.jar:1.10.2]
	at org.junit.platform.engine.support.hierarchical.NodeTestTask.execute(NodeTestTask.java:90) ~[junit-platform-engine-1.10.2.jar:1.10.2]
	at java.base/java.util.ArrayList.forEach(ArrayList.java:1596) ~[na:na]
	at org.junit.platform.engine.support.hierarchical.SameThreadHierarchicalTestExecutorService.invokeAll(SameThreadHierarchicalTestExecutorService.java:41) ~[junit-platform-engine-1.10.2.jar:1.10.2]
	at org.junit.platform.engine.support.hierarchical.NodeTestTask.lambda$executeRecursively$6(NodeTestTask.java:155) ~[junit-platform-engine-1.10.2.jar:1.10.2]
	at org.junit.platform.engine.support.hierarchical.ThrowableCollector.execute(ThrowableCollector.java:73) ~[junit-platform-engine-1.10.2.jar:1.10.2]
	at org.junit.platform.engine.support.hierarchical.NodeTestTask.lambda$executeRecursively$8(NodeTestTask.java:141) ~[junit-platform-engine-1.10.2.jar:1.10.2]
	at org.junit.platform.engine.support.hierarchical.Node.around(Node.java:137) ~[junit-platform-engine-1.10.2.jar:1.10.2]
	at org.junit.platform.engine.support.hierarchical.NodeTestTask.lambda$executeRecursively$9(NodeTestTask.java:139) ~[junit-platform-engine-1.10.2.jar:1.10.2]
	at org.junit.platform.engine.support.hierarchical.ThrowableCollector.execute(ThrowableCollector.java:73) ~[junit-platform-engine-1.10.2.jar:1.10.2]
	at org.junit.platform.engine.support.hierarchical.NodeTestTask.executeRecursively(NodeTestTask.java:138) ~[junit-platform-engine-1.10.2.jar:1.10.2]
	at org.junit.platform.engine.support.hierarchical.NodeTestTask.execute(NodeTestTask.java:95) ~[junit-platform-engine-1.10.2.jar:1.10.2]
	at java.base/java.util.ArrayList.forEach(ArrayList.java:1596) ~[na:na]
	at org.junit.platform.engine.support.hierarchical.SameThreadHierarchicalTestExecutorService.invokeAll(SameThreadHierarchicalTestExecutorService.java:41) ~[junit-platform-engine-1.10.2.jar:1.10.2]
	at org.junit.platform.engine.support.hierarchical.NodeTestTask.lambda$executeRecursively$6(NodeTestTask.java:155) ~[junit-platform-engine-1.10.2.jar:1.10.2]
	at org.junit.platform.engine.support.hierarchical.ThrowableCollector.execute(ThrowableCollector.java:73) ~[junit-platform-engine-1.10.2.jar:1.10.2]
	at org.junit.platform.engine.support.hierarchical.NodeTestTask.lambda$executeRecursively$8(NodeTestTask.java:141) ~[junit-platform-engine-1.10.2.jar:1.10.2]
	at org.junit.platform.engine.support.hierarchical.Node.around(Node.java:137) ~[junit-platform-engine-1.10.2.jar:1.10.2]
	at org.junit.platform.engine.support.hierarchical.NodeTestTask.lambda$executeRecursively$9(NodeTestTask.java:139) ~[junit-platform-engine-1.10.2.jar:1.10.2]
	at org.junit.platform.engine.support.hierarchical.ThrowableCollector.execute(ThrowableCollector.java:73) ~[junit-platform-engine-1.10.2.jar:1.10.2]
	at org.junit.platform.engine.support.hierarchical.NodeTestTask.executeRecursively(NodeTestTask.java:138) ~[junit-platform-engine-1.10.2.jar:1.10.2]
	at org.junit.platform.engine.support.hierarchical.NodeTestTask.execute(NodeTestTask.java:95) ~[junit-platform-engine-1.10.2.jar:1.10.2]
	at org.junit.platform.engine.support.hierarchical.SameThreadHierarchicalTestExecutorService.submit(SameThreadHierarchicalTestExecutorService.java:35) ~[junit-platform-engine-1.10.2.jar:1.10.2]
	at org.junit.platform.engine.support.hierarchical.HierarchicalTestExecutor.execute(HierarchicalTestExecutor.java:57) ~[junit-platform-engine-1.10.2.jar:1.10.2]
	at org.junit.platform.engine.support.hierarchical.HierarchicalTestEngine.execute(HierarchicalTestEngine.java:54) ~[junit-platform-engine-1.10.2.jar:1.10.2]
	at org.junit.platform.launcher.core.EngineExecutionOrchestrator.execute(EngineExecutionOrchestrator.java:198) ~[junit-platform-launcher-1.10.2.jar:1.10.2]
	at org.junit.platform.launcher.core.EngineExecutionOrchestrator.execute(EngineExecutionOrchestrator.java:169) ~[junit-platform-launcher-1.10.2.jar:1.10.2]
	at org.junit.platform.launcher.core.EngineExecutionOrchestrator.execute(EngineExecutionOrchestrator.java:93) ~[junit-platform-launcher-1.10.2.jar:1.10.2]
	at org.junit.platform.launcher.core.EngineExecutionOrchestrator.lambda$execute$0(EngineExecutionOrchestrator.java:58) ~[junit-platform-launcher-1.10.2.jar:1.10.2]
	at org.junit.platform.launcher.core.EngineExecutionOrchestrator.withInterceptedStreams(EngineExecutionOrchestrator.java:141) ~[junit-platform-launcher-1.10.2.jar:1.10.2]
	at org.junit.platform.launcher.core.EngineExecutionOrchestrator.execute(EngineExecutionOrchestrator.java:57) ~[junit-platform-launcher-1.10.2.jar:1.10.2]
	at org.junit.platform.launcher.core.DefaultLauncher.execute(DefaultLauncher.java:103) ~[junit-platform-launcher-1.10.2.jar:1.10.2]
	at org.junit.platform.launcher.core.DefaultLauncher.execute(DefaultLauncher.java:85) ~[junit-platform-launcher-1.10.2.jar:1.10.2]
	at org.junit.platform.launcher.core.DelegatingLauncher.execute(DelegatingLauncher.java:47) ~[junit-platform-launcher-1.10.2.jar:1.10.2]
	at org.apache.maven.surefire.junitplatform.LazyLauncher.execute(LazyLauncher.java:56) ~[surefire-junit-platform-3.1.2.jar:3.1.2]
	at org.apache.maven.surefire.junitplatform.JUnitPlatformProvider.execute(JUnitPlatformProvider.java:184) ~[surefire-junit-platform-3.1.2.jar:3.1.2]
	at org.apache.maven.surefire.junitplatform.JUnitPlatformProvider.invokeAllTests(JUnitPlatformProvider.java:148) ~[surefire-junit-platform-3.1.2.jar:3.1.2]
	at org.apache.maven.surefire.junitplatform.JUnitPlatformProvider.invoke(JUnitPlatformProvider.java:122) ~[surefire-junit-platform-3.1.2.jar:3.1.2]
	at org.apache.maven.surefire.booter.ForkedBooter.runSuitesInProcess(ForkedBooter.java:385) ~[surefire-booter-3.1.2.jar:3.1.2]
	at org.apache.maven.surefire.booter.ForkedBooter.execute(ForkedBooter.java:162) ~[surefire-booter-3.1.2.jar:3.1.2]
	at org.apache.maven.surefire.booter.ForkedBooter.run(ForkedBooter.java:507) ~[surefire-booter-3.1.2.jar:3.1.2]
	at org.apache.maven.surefire.booter.ForkedBooter.main(ForkedBooter.java:495) ~[surefire-booter-3.1.2.jar:3.1.2]

2024-05-12T12:06:04.556+03:00 DEBUG 34416 --- [           main] org.hibernate.orm.query.hql              : HQL : SELECT DISTINCT p FROM Post p LEFT JOIN FETCH p.likes LEFT JOIN FETCH p.comments order by p.createdAt desc
2024-05-12T12:06:04.573+03:00 DEBUG 34416 --- [           main] org.hibernate.orm.query.sqm.ast          : SqmStatement Tree :
    -> [select]
      -> [query-spec]
        -> [select(distinct)]
          -> [selection]
            -> [root] - `com.wellcare.wellcare.Models.Post(p)`
              -> [joins]
                -> [attribute] - `com.wellcare.wellcare.Models.Post(p).likes(1289061303552600)`
                    [fetched = true]
                <- [attribute] - `com.wellcare.wellcare.Models.Post(p).likes(1289061303552600)`
                -> [attribute] - `com.wellcare.wellcare.Models.Post(p).comments(1289061307801500)`
                    [fetched = true]
                <- [attribute] - `com.wellcare.wellcare.Models.Post(p).comments(1289061307801500)`
              <- [joins]
            <- [root] - `com.wellcare.wellcare.Models.Post(p)`
          <- [selection]
        <- [select(distinct)]
        -> [from]
          -> [root] - `com.wellcare.wellcare.Models.Post(p)`
            -> [joins]
              -> [attribute] - `com.wellcare.wellcare.Models.Post(p).likes(1289061303552600)`
                  [fetched = true]
              <- [attribute] - `com.wellcare.wellcare.Models.Post(p).likes(1289061303552600)`
              -> [attribute] - `com.wellcare.wellcare.Models.Post(p).comments(1289061307801500)`
                  [fetched = true]
              <- [attribute] - `com.wellcare.wellcare.Models.Post(p).comments(1289061307801500)`
            <- [joins]
          <- [root] - `com.wellcare.wellcare.Models.Post(p)`
        <- [from]
      <- [query-spec]
    <- [select]

2024-05-12T12:06:04.576+03:00 DEBUG 34416 --- [           main] org.hibernate.orm.query.hql              : HQL : SELECT count(DISTINCT p) FROM Post p LEFT JOIN p.likes LEFT JOIN p.comments
2024-05-12T12:06:04.576+03:00 DEBUG 34416 --- [           main] o.h.o.q.hql.reservedWordAsIdentifier     : Encountered use of reserved word as identifier : (
2024-05-12T12:06:04.580+03:00 DEBUG 34416 --- [           main] org.hibernate.orm.query.sqm.ast          : SqmStatement Tree :
    -> [select]
      -> [query-spec]
        -> [select]
          -> [selection]
          <- [selection]
        <- [select]
        -> [from]
          -> [root] - `com.wellcare.wellcare.Models.Post(p)`
            -> [joins]
              -> [attribute] - `com.wellcare.wellcare.Models.Post(p).likes(1289061316865300)`
                  [fetched = false]
              <- [attribute] - `com.wellcare.wellcare.Models.Post(p).likes(1289061316865300)`
              -> [attribute] - `com.wellcare.wellcare.Models.Post(p).comments(1289061316914000)`
                  [fetched = false]
              <- [attribute] - `com.wellcare.wellcare.Models.Post(p).comments(1289061316914000)`
            <- [joins]
          <- [root] - `com.wellcare.wellcare.Models.Post(p)`
        <- [from]
      <- [query-spec]
    <- [select]

2024-05-12T12:06:04.583+03:00 DEBUG 34416 --- [           main] cResourceLocalTransactionCoordinatorImpl : JDBC transaction marked for rollback-only (exception provided for stack trace)

java.lang.Exception: exception just for purpose of providing stack trace
	at org.hibernate.resource.transaction.backend.jdbc.internal.JdbcResourceLocalTransactionCoordinatorImpl$TransactionDriverControlImpl.markRollbackOnly(JdbcResourceLocalTransactionCoordinatorImpl.java:310) ~[hibernate-core-6.4.4.Final.jar:6.4.4.Final]
	at org.hibernate.internal.AbstractSharedSessionContract.buildNamedQuery(AbstractSharedSessionContract.java:1097) ~[hibernate-core-6.4.4.Final.jar:6.4.4.Final]
	at org.hibernate.internal.AbstractSharedSessionContract.createNamedQuery(AbstractSharedSessionContract.java:975) ~[hibernate-core-6.4.4.Final.jar:6.4.4.Final]
	at org.hibernate.internal.AbstractSharedSessionContract.createNamedQuery(AbstractSharedSessionContract.java:136) ~[hibernate-core-6.4.4.Final.jar:6.4.4.Final]
	at java.base/jdk.internal.reflect.DirectMethodHandleAccessor.invoke(DirectMethodHandleAccessor.java:103) ~[na:na]
	at java.base/java.lang.reflect.Method.invoke(Method.java:580) ~[na:na]
	at org.springframework.orm.jpa.ExtendedEntityManagerCreator$ExtendedEntityManagerInvocationHandler.invoke(ExtendedEntityManagerCreator.java:364) ~[spring-orm-6.1.4.jar:6.1.4]
	at jdk.proxy2/jdk.proxy2.$Proxy223.createNamedQuery(Unknown Source) ~[na:na]
	at org.springframework.data.jpa.repository.query.NamedQuery.hasNamedQuery(NamedQuery.java:113) ~[spring-data-jpa-3.2.3.jar:3.2.3]
	at org.springframework.data.jpa.repository.query.JpaQueryLookupStrategy$DeclaredQueryLookupStrategy.getCountQuery(JpaQueryLookupStrategy.java:204) ~[spring-data-jpa-3.2.3.jar:3.2.3]
	at org.springframework.data.jpa.repository.query.JpaQueryLookupStrategy$DeclaredQueryLookupStrategy.resolveQuery(JpaQueryLookupStrategy.java:171) ~[spring-data-jpa-3.2.3.jar:3.2.3]
	at org.springframework.data.jpa.repository.query.JpaQueryLookupStrategy$CreateIfNotFoundQueryLookupStrategy.resolveQuery(JpaQueryLookupStrategy.java:252) ~[spring-data-jpa-3.2.3.jar:3.2.3]
	at org.springframework.data.jpa.repository.query.JpaQueryLookupStrategy$AbstractQueryLookupStrategy.resolveQuery(JpaQueryLookupStrategy.java:95) ~[spring-data-jpa-3.2.3.jar:3.2.3]
	at org.springframework.data.repository.core.support.QueryExecutorMethodInterceptor.lookupQuery(QueryExecutorMethodInterceptor.java:111) ~[spring-data-commons-3.2.3.jar:3.2.3]
	at org.springframework.data.repository.core.support.QueryExecutorMethodInterceptor.mapMethodsToQuery(QueryExecutorMethodInterceptor.java:99) ~[spring-data-commons-3.2.3.jar:3.2.3]
	at org.springframework.data.repository.core.support.QueryExecutorMethodInterceptor.lambda$new$0(QueryExecutorMethodInterceptor.java:88) ~[spring-data-commons-3.2.3.jar:3.2.3]
	at java.base/java.util.Optional.map(Optional.java:260) ~[na:na]
	at org.springframework.data.repository.core.support.QueryExecutorMethodInterceptor.<init>(QueryExecutorMethodInterceptor.java:88) ~[spring-data-commons-3.2.3.jar:3.2.3]
	at org.springframework.data.repository.core.support.RepositoryFactorySupport.getRepository(RepositoryFactorySupport.java:357) ~[spring-data-commons-3.2.3.jar:3.2.3]
	at org.springframework.data.repository.core.support.RepositoryFactoryBeanSupport.lambda$afterPropertiesSet$5(RepositoryFactoryBeanSupport.java:279) ~[spring-data-commons-3.2.3.jar:3.2.3]
	at org.springframework.data.util.Lazy.getNullable(Lazy.java:135) ~[spring-data-commons-3.2.3.jar:3.2.3]
	at org.springframework.data.util.Lazy.get(Lazy.java:113) ~[spring-data-commons-3.2.3.jar:3.2.3]
	at org.springframework.data.repository.core.support.RepositoryFactoryBeanSupport.afterPropertiesSet(RepositoryFactoryBeanSupport.java:285) ~[spring-data-commons-3.2.3.jar:3.2.3]
	at org.springframework.data.jpa.repository.support.JpaRepositoryFactoryBean.afterPropertiesSet(JpaRepositoryFactoryBean.java:132) ~[spring-data-jpa-3.2.3.jar:3.2.3]
	at org.springframework.beans.factory.support.AbstractAutowireCapableBeanFactory.invokeInitMethods(AbstractAutowireCapableBeanFactory.java:1833) ~[spring-beans-6.1.4.jar:6.1.4]
	at org.springframework.beans.factory.support.AbstractAutowireCapableBeanFactory.initializeBean(AbstractAutowireCapableBeanFactory.java:1782) ~[spring-beans-6.1.4.jar:6.1.4]
	at org.springframework.beans.factory.support.AbstractAutowireCapableBeanFactory.doCreateBean(AbstractAutowireCapableBeanFactory.java:600) ~[spring-beans-6.1.4.jar:6.1.4]
	at org.springframework.beans.factory.support.AbstractAutowireCapableBeanFactory.createBean(AbstractAutowireCapableBeanFactory.java:522) ~[spring-beans-6.1.4.jar:6.1.4]
	at org.springframework.beans.factory.support.AbstractBeanFactory.lambda$doGetBean$0(AbstractBeanFactory.java:325) ~[spring-beans-6.1.4.jar:6.1.4]
	at org.springframework.beans.factory.support.DefaultSingletonBeanRegistry.getSingleton(DefaultSingletonBeanRegistry.java:234) ~[spring-beans-6.1.4.jar:6.1.4]
	at org.springframework.beans.factory.support.AbstractBeanFactory.doGetBean(AbstractBeanFactory.java:323) ~[spring-beans-6.1.4.jar:6.1.4]
	at org.springframework.beans.factory.support.AbstractBeanFactory.getBean(AbstractBeanFactory.java:199) ~[spring-beans-6.1.4.jar:6.1.4]
	at org.springframework.beans.factory.config.DependencyDescriptor.resolveCandidate(DependencyDescriptor.java:254) ~[spring-beans-6.1.4.jar:6.1.4]
	at org.springframework.beans.factory.support.DefaultListableBeanFactory.doResolveDependency(DefaultListableBeanFactory.java:1443) ~[spring-beans-6.1.4.jar:6.1.4]
	at org.springframework.beans.factory.support.DefaultListableBeanFactory.resolveDependency(DefaultListableBeanFactory.java:1353) ~[spring-beans-6.1.4.jar:6.1.4]
	at org.springframework.beans.factory.annotation.AutowiredAnnotationBeanPostProcessor$AutowiredFieldElement.resolveFieldValue(AutowiredAnnotationBeanPostProcessor.java:784) ~[spring-beans-6.1.4.jar:6.1.4]
	at org.springframework.beans.factory.annotation.AutowiredAnnotationBeanPostProcessor$AutowiredFieldElement.inject(AutowiredAnnotationBeanPostProcessor.java:767) ~[spring-beans-6.1.4.jar:6.1.4]
	at org.springframework.beans.factory.annotation.InjectionMetadata.inject(InjectionMetadata.java:145) ~[spring-beans-6.1.4.jar:6.1.4]
	at org.springframework.beans.factory.annotation.AutowiredAnnotationBeanPostProcessor.postProcessProperties(AutowiredAnnotationBeanPostProcessor.java:508) ~[spring-beans-6.1.4.jar:6.1.4]
	at org.springframework.beans.factory.support.AbstractAutowireCapableBeanFactory.populateBean(AbstractAutowireCapableBeanFactory.java:1419) ~[spring-beans-6.1.4.jar:6.1.4]
	at org.springframework.beans.factory.support.AbstractAutowireCapableBeanFactory.doCreateBean(AbstractAutowireCapableBeanFactory.java:599) ~[spring-beans-6.1.4.jar:6.1.4]
	at org.springframework.beans.factory.support.AbstractAutowireCapableBeanFactory.createBean(AbstractAutowireCapableBeanFactory.java:522) ~[spring-beans-6.1.4.jar:6.1.4]
	at org.springframework.beans.factory.support.AbstractBeanFactory.lambda$doGetBean$0(AbstractBeanFactory.java:325) ~[spring-beans-6.1.4.jar:6.1.4]
	at org.springframework.beans.factory.support.DefaultSingletonBeanRegistry.getSingleton(DefaultSingletonBeanRegistry.java:234) ~[spring-beans-6.1.4.jar:6.1.4]
	at org.springframework.beans.factory.support.AbstractBeanFactory.doGetBean(AbstractBeanFactory.java:323) ~[spring-beans-6.1.4.jar:6.1.4]
	at org.springframework.beans.factory.support.AbstractBeanFactory.getBean(AbstractBeanFactory.java:199) ~[spring-beans-6.1.4.jar:6.1.4]
	at org.springframework.beans.factory.support.DefaultListableBeanFactory.preInstantiateSingletons(DefaultListableBeanFactory.java:975) ~[spring-beans-6.1.4.jar:6.1.4]
	at org.springframework.context.support.AbstractApplicationContext.finishBeanFactoryInitialization(AbstractApplicationContext.java:959) ~[spring-context-6.1.4.jar:6.1.4]
	at org.springframework.context.support.AbstractApplicationContext.refresh(AbstractApplicationContext.java:624) ~[spring-context-6.1.4.jar:6.1.4]
	at org.springframework.boot.SpringApplication.refresh(SpringApplication.java:754) ~[spring-boot-3.2.3.jar:3.2.3]
	at org.springframework.boot.SpringApplication.refreshContext(SpringApplication.java:456) ~[spring-boot-3.2.3.jar:3.2.3]
	at org.springframework.boot.SpringApplication.run(SpringApplication.java:334) ~[spring-boot-3.2.3.jar:3.2.3]
	at org.springframework.boot.test.context.SpringBootContextLoader.lambda$loadContext$3(SpringBootContextLoader.java:137) ~[spring-boot-test-3.2.3.jar:3.2.3]
	at org.springframework.util.function.ThrowingSupplier.get(ThrowingSupplier.java:58) ~[spring-core-6.1.4.jar:6.1.4]
	at org.springframework.util.function.ThrowingSupplier.get(ThrowingSupplier.java:46) ~[spring-core-6.1.4.jar:6.1.4]
	at org.springframework.boot.SpringApplication.withHook(SpringApplication.java:1454) ~[spring-boot-3.2.3.jar:3.2.3]
	at org.springframework.boot.test.context.SpringBootContextLoader$ContextLoaderHook.run(SpringBootContextLoader.java:553) ~[spring-boot-test-3.2.3.jar:3.2.3]
	at org.springframework.boot.test.context.SpringBootContextLoader.loadContext(SpringBootContextLoader.java:137) ~[spring-boot-test-3.2.3.jar:3.2.3]
	at org.springframework.boot.test.context.SpringBootContextLoader.loadContext(SpringBootContextLoader.java:108) ~[spring-boot-test-3.2.3.jar:3.2.3]
	at org.springframework.test.context.cache.DefaultCacheAwareContextLoaderDelegate.loadContextInternal(DefaultCacheAwareContextLoaderDelegate.java:225) ~[spring-test-6.1.4.jar:6.1.4]
	at org.springframework.test.context.cache.DefaultCacheAwareContextLoaderDelegate.loadContext(DefaultCacheAwareContextLoaderDelegate.java:152) ~[spring-test-6.1.4.jar:6.1.4]
	at org.springframework.test.context.support.DefaultTestContext.getApplicationContext(DefaultTestContext.java:130) ~[spring-test-6.1.4.jar:6.1.4]
	at org.springframework.test.context.web.ServletTestExecutionListener.setUpRequestContextIfNecessary(ServletTestExecutionListener.java:191) ~[spring-test-6.1.4.jar:6.1.4]
	at org.springframework.test.context.web.ServletTestExecutionListener.prepareTestInstance(ServletTestExecutionListener.java:130) ~[spring-test-6.1.4.jar:6.1.4]
	at org.springframework.test.context.TestContextManager.prepareTestInstance(TestContextManager.java:260) ~[spring-test-6.1.4.jar:6.1.4]
	at org.springframework.test.context.junit.jupiter.SpringExtension.postProcessTestInstance(SpringExtension.java:163) ~[spring-test-6.1.4.jar:6.1.4]
	at org.junit.jupiter.engine.descriptor.ClassBasedTestDescriptor.lambda$invokeTestInstancePostProcessors$10(ClassBasedTestDescriptor.java:378) ~[junit-jupiter-engine-5.10.2.jar:5.10.2]
	at org.junit.jupiter.engine.descriptor.ClassBasedTestDescriptor.executeAndMaskThrowable(ClassBasedTestDescriptor.java:383) ~[junit-jupiter-engine-5.10.2.jar:5.10.2]
	at org.junit.jupiter.engine.descriptor.ClassBasedTestDescriptor.lambda$invokeTestInstancePostProcessors$11(ClassBasedTestDescriptor.java:378) ~[junit-jupiter-engine-5.10.2.jar:5.10.2]
	at java.base/java.util.stream.ReferencePipeline$3$1.accept(ReferencePipeline.java:197) ~[na:na]
	at java.base/java.util.stream.ReferencePipeline$2$1.accept(ReferencePipeline.java:179) ~[na:na]
	at java.base/java.util.ArrayList$ArrayListSpliterator.forEachRemaining(ArrayList.java:1708) ~[na:na]
	at java.base/java.util.stream.AbstractPipeline.copyInto(AbstractPipeline.java:509) ~[na:na]
	at java.base/java.util.stream.AbstractPipeline.wrapAndCopyInto(AbstractPipeline.java:499) ~[na:na]
	at java.base/java.util.stream.StreamSpliterators$WrappingSpliterator.forEachRemaining(StreamSpliterators.java:310) ~[na:na]
	at java.base/java.util.stream.Streams$ConcatSpliterator.forEachRemaining(Streams.java:735) ~[na:na]
	at java.base/java.util.stream.Streams$ConcatSpliterator.forEachRemaining(Streams.java:734) ~[na:na]
	at java.base/java.util.stream.ReferencePipeline$Head.forEach(ReferencePipeline.java:762) ~[na:na]
	at org.junit.jupiter.engine.descriptor.ClassBasedTestDescriptor.invokeTestInstancePostProcessors(ClassBasedTestDescriptor.java:377) ~[junit-jupiter-engine-5.10.2.jar:5.10.2]
	at org.junit.jupiter.engine.descriptor.ClassBasedTestDescriptor.lambda$instantiateAndPostProcessTestInstance$6(ClassBasedTestDescriptor.java:290) ~[junit-jupiter-engine-5.10.2.jar:5.10.2]
	at org.junit.platform.engine.support.hierarchical.ThrowableCollector.execute(ThrowableCollector.java:73) ~[junit-platform-engine-1.10.2.jar:1.10.2]
	at org.junit.jupiter.engine.descriptor.ClassBasedTestDescriptor.instantiateAndPostProcessTestInstance(ClassBasedTestDescriptor.java:289) ~[junit-jupiter-engine-5.10.2.jar:5.10.2]
	at org.junit.jupiter.engine.descriptor.ClassBasedTestDescriptor.lambda$testInstancesProvider$4(ClassBasedTestDescriptor.java:279) ~[junit-jupiter-engine-5.10.2.jar:5.10.2]
	at java.base/java.util.Optional.orElseGet(Optional.java:364) ~[na:na]
	at org.junit.jupiter.engine.descriptor.ClassBasedTestDescriptor.lambda$testInstancesProvider$5(ClassBasedTestDescriptor.java:278) ~[junit-jupiter-engine-5.10.2.jar:5.10.2]
	at org.junit.jupiter.engine.execution.TestInstancesProvider.getTestInstances(TestInstancesProvider.java:31) ~[junit-jupiter-engine-5.10.2.jar:5.10.2]
	at org.junit.jupiter.engine.descriptor.TestMethodTestDescriptor.lambda$prepare$0(TestMethodTestDescriptor.java:106) ~[junit-jupiter-engine-5.10.2.jar:5.10.2]
	at org.junit.platform.engine.support.hierarchical.ThrowableCollector.execute(ThrowableCollector.java:73) ~[junit-platform-engine-1.10.2.jar:1.10.2]
	at org.junit.jupiter.engine.descriptor.TestMethodTestDescriptor.prepare(TestMethodTestDescriptor.java:105) ~[junit-jupiter-engine-5.10.2.jar:5.10.2]
	at org.junit.jupiter.engine.descriptor.TestMethodTestDescriptor.prepare(TestMethodTestDescriptor.java:69) ~[junit-jupiter-engine-5.10.2.jar:5.10.2]
	at org.junit.platform.engine.support.hierarchical.NodeTestTask.lambda$prepare$2(NodeTestTask.java:123) ~[junit-platform-engine-1.10.2.jar:1.10.2]
	at org.junit.platform.engine.support.hierarchical.ThrowableCollector.execute(ThrowableCollector.java:73) ~[junit-platform-engine-1.10.2.jar:1.10.2]
	at org.junit.platform.engine.support.hierarchical.NodeTestTask.prepare(NodeTestTask.java:123) ~[junit-platform-engine-1.10.2.jar:1.10.2]
	at org.junit.platform.engine.support.hierarchical.NodeTestTask.execute(NodeTestTask.java:90) ~[junit-platform-engine-1.10.2.jar:1.10.2]
	at java.base/java.util.ArrayList.forEach(ArrayList.java:1596) ~[na:na]
	at org.junit.platform.engine.support.hierarchical.SameThreadHierarchicalTestExecutorService.invokeAll(SameThreadHierarchicalTestExecutorService.java:41) ~[junit-platform-engine-1.10.2.jar:1.10.2]
	at org.junit.platform.engine.support.hierarchical.NodeTestTask.lambda$executeRecursively$6(NodeTestTask.java:155) ~[junit-platform-engine-1.10.2.jar:1.10.2]
	at org.junit.platform.engine.support.hierarchical.ThrowableCollector.execute(ThrowableCollector.java:73) ~[junit-platform-engine-1.10.2.jar:1.10.2]
	at org.junit.platform.engine.support.hierarchical.NodeTestTask.lambda$executeRecursively$8(NodeTestTask.java:141) ~[junit-platform-engine-1.10.2.jar:1.10.2]
	at org.junit.platform.engine.support.hierarchical.Node.around(Node.java:137) ~[junit-platform-engine-1.10.2.jar:1.10.2]
	at org.junit.platform.engine.support.hierarchical.NodeTestTask.lambda$executeRecursively$9(NodeTestTask.java:139) ~[junit-platform-engine-1.10.2.jar:1.10.2]
	at org.junit.platform.engine.support.hierarchical.ThrowableCollector.execute(ThrowableCollector.java:73) ~[junit-platform-engine-1.10.2.jar:1.10.2]
	at org.junit.platform.engine.support.hierarchical.NodeTestTask.executeRecursively(NodeTestTask.java:138) ~[junit-platform-engine-1.10.2.jar:1.10.2]
	at org.junit.platform.engine.support.hierarchical.NodeTestTask.execute(NodeTestTask.java:95) ~[junit-platform-engine-1.10.2.jar:1.10.2]
	at java.base/java.util.ArrayList.forEach(ArrayList.java:1596) ~[na:na]
	at org.junit.platform.engine.support.hierarchical.SameThreadHierarchicalTestExecutorService.invokeAll(SameThreadHierarchicalTestExecutorService.java:41) ~[junit-platform-engine-1.10.2.jar:1.10.2]
	at org.junit.platform.engine.support.hierarchical.NodeTestTask.lambda$executeRecursively$6(NodeTestTask.java:155) ~[junit-platform-engine-1.10.2.jar:1.10.2]
	at org.junit.platform.engine.support.hierarchical.ThrowableCollector.execute(ThrowableCollector.java:73) ~[junit-platform-engine-1.10.2.jar:1.10.2]
	at org.junit.platform.engine.support.hierarchical.NodeTestTask.lambda$executeRecursively$8(NodeTestTask.java:141) ~[junit-platform-engine-1.10.2.jar:1.10.2]
	at org.junit.platform.engine.support.hierarchical.Node.around(Node.java:137) ~[junit-platform-engine-1.10.2.jar:1.10.2]
	at org.junit.platform.engine.support.hierarchical.NodeTestTask.lambda$executeRecursively$9(NodeTestTask.java:139) ~[junit-platform-engine-1.10.2.jar:1.10.2]
	at org.junit.platform.engine.support.hierarchical.ThrowableCollector.execute(ThrowableCollector.java:73) ~[junit-platform-engine-1.10.2.jar:1.10.2]
	at org.junit.platform.engine.support.hierarchical.NodeTestTask.executeRecursively(NodeTestTask.java:138) ~[junit-platform-engine-1.10.2.jar:1.10.2]
	at org.junit.platform.engine.support.hierarchical.NodeTestTask.execute(NodeTestTask.java:95) ~[junit-platform-engine-1.10.2.jar:1.10.2]
	at org.junit.platform.engine.support.hierarchical.SameThreadHierarchicalTestExecutorService.submit(SameThreadHierarchicalTestExecutorService.java:35) ~[junit-platform-engine-1.10.2.jar:1.10.2]
	at org.junit.platform.engine.support.hierarchical.HierarchicalTestExecutor.execute(HierarchicalTestExecutor.java:57) ~[junit-platform-engine-1.10.2.jar:1.10.2]
	at org.junit.platform.engine.support.hierarchical.HierarchicalTestEngine.execute(HierarchicalTestEngine.java:54) ~[junit-platform-engine-1.10.2.jar:1.10.2]
	at org.junit.platform.launcher.core.EngineExecutionOrchestrator.execute(EngineExecutionOrchestrator.java:198) ~[junit-platform-launcher-1.10.2.jar:1.10.2]
	at org.junit.platform.launcher.core.EngineExecutionOrchestrator.execute(EngineExecutionOrchestrator.java:169) ~[junit-platform-launcher-1.10.2.jar:1.10.2]
	at org.junit.platform.launcher.core.EngineExecutionOrchestrator.execute(EngineExecutionOrchestrator.java:93) ~[junit-platform-launcher-1.10.2.jar:1.10.2]
	at org.junit.platform.launcher.core.EngineExecutionOrchestrator.lambda$execute$0(EngineExecutionOrchestrator.java:58) ~[junit-platform-launcher-1.10.2.jar:1.10.2]
	at org.junit.platform.launcher.core.EngineExecutionOrchestrator.withInterceptedStreams(EngineExecutionOrchestrator.java:141) ~[junit-platform-launcher-1.10.2.jar:1.10.2]
	at org.junit.platform.launcher.core.EngineExecutionOrchestrator.execute(EngineExecutionOrchestrator.java:57) ~[junit-platform-launcher-1.10.2.jar:1.10.2]
	at org.junit.platform.launcher.core.DefaultLauncher.execute(DefaultLauncher.java:103) ~[junit-platform-launcher-1.10.2.jar:1.10.2]
	at org.junit.platform.launcher.core.DefaultLauncher.execute(DefaultLauncher.java:85) ~[junit-platform-launcher-1.10.2.jar:1.10.2]
	at org.junit.platform.launcher.core.DelegatingLauncher.execute(DelegatingLauncher.java:47) ~[junit-platform-launcher-1.10.2.jar:1.10.2]
	at org.apache.maven.surefire.junitplatform.LazyLauncher.execute(LazyLauncher.java:56) ~[surefire-junit-platform-3.1.2.jar:3.1.2]
	at org.apache.maven.surefire.junitplatform.JUnitPlatformProvider.execute(JUnitPlatformProvider.java:184) ~[surefire-junit-platform-3.1.2.jar:3.1.2]
	at org.apache.maven.surefire.junitplatform.JUnitPlatformProvider.invokeAllTests(JUnitPlatformProvider.java:148) ~[surefire-junit-platform-3.1.2.jar:3.1.2]
	at org.apache.maven.surefire.junitplatform.JUnitPlatformProvider.invoke(JUnitPlatformProvider.java:122) ~[surefire-junit-platform-3.1.2.jar:3.1.2]
	at org.apache.maven.surefire.booter.ForkedBooter.runSuitesInProcess(ForkedBooter.java:385) ~[surefire-booter-3.1.2.jar:3.1.2]
	at org.apache.maven.surefire.booter.ForkedBooter.execute(ForkedBooter.java:162) ~[surefire-booter-3.1.2.jar:3.1.2]
	at org.apache.maven.surefire.booter.ForkedBooter.run(ForkedBooter.java:507) ~[surefire-booter-3.1.2.jar:3.1.2]
	at org.apache.maven.surefire.booter.ForkedBooter.main(ForkedBooter.java:495) ~[surefire-booter-3.1.2.jar:3.1.2]

2024-05-12T12:06:04.584+03:00 DEBUG 34416 --- [           main] org.hibernate.orm.query.hql              : HQL : select p from Post p where p.user.id = :userId order by p.createdAt desc
2024-05-12T12:06:04.585+03:00 DEBUG 34416 --- [           main] o.h.o.q.hql.reservedWordAsIdentifier     : Encountered use of reserved word as identifier : =
2024-05-12T12:06:04.585+03:00 DEBUG 34416 --- [           main] org.hibernate.orm.query.sqm.creation     : Applying inferable type to SqmExpression [SqmNamedParameter(userId)] : null -> SqmBasicValuedSimplePath(com.wellcare.wellcare.Models.Post(p).user.id)
2024-05-12T12:06:04.585+03:00 DEBUG 34416 --- [           main] org.hibernate.orm.query.sqm.ast          : SqmStatement Tree :
    -> [select]
      -> [query-spec]
        -> [select]
          -> [selection]
            -> [root] - `com.wellcare.wellcare.Models.Post(p)`
            <- [root] - `com.wellcare.wellcare.Models.Post(p)`
          <- [selection]
        <- [select]
        -> [from]
          -> [root] - `com.wellcare.wellcare.Models.Post(p)`
          <- [root] - `com.wellcare.wellcare.Models.Post(p)`
        <- [from]
        -> [where]
          -> [EQUAL]
              -> [basic-path] - `com.wellcare.wellcare.Models.Post(p).user.id`
              :userId
          <- [EQUAL]
        <- [where]
      <- [query-spec]
    <- [select]

2024-05-12T12:06:04.586+03:00 DEBUG 34416 --- [           main] org.hibernate.orm.query.hql              : HQL : select count(p) from Post p where p.user.id = :userId
2024-05-12T12:06:04.586+03:00 DEBUG 34416 --- [           main] o.h.o.q.hql.reservedWordAsIdentifier     : Encountered use of reserved word as identifier : (
2024-05-12T12:06:04.586+03:00 DEBUG 34416 --- [           main] o.h.o.q.hql.reservedWordAsIdentifier     : Encountered use of reserved word as identifier : =
2024-05-12T12:06:04.586+03:00 DEBUG 34416 --- [           main] org.hibernate.orm.query.sqm.creation     : Applying inferable type to SqmExpression [SqmNamedParameter(userId)] : null -> SqmBasicValuedSimplePath(com.wellcare.wellcare.Models.Post(p).user.id)
2024-05-12T12:06:04.586+03:00 DEBUG 34416 --- [           main] org.hibernate.orm.query.sqm.ast          : SqmStatement Tree :
    -> [select]
      -> [query-spec]
        -> [select]
          -> [selection]
          <- [selection]
        <- [select]
        -> [from]
          -> [root] - `com.wellcare.wellcare.Models.Post(p)`
          <- [root] - `com.wellcare.wellcare.Models.Post(p)`
        <- [from]
        -> [where]
          -> [EQUAL]
              -> [basic-path] - `com.wellcare.wellcare.Models.Post(p).user.id`
              :userId
          <- [EQUAL]
        <- [where]
      <- [query-spec]
    <- [select]

2024-05-12T12:06:04.587+03:00 DEBUG 34416 --- [           main] cResourceLocalTransactionCoordinatorImpl : JDBC transaction marked for rollback-only (exception provided for stack trace)

java.lang.Exception: exception just for purpose of providing stack trace
	at org.hibernate.resource.transaction.backend.jdbc.internal.JdbcResourceLocalTransactionCoordinatorImpl$TransactionDriverControlImpl.markRollbackOnly(JdbcResourceLocalTransactionCoordinatorImpl.java:310) ~[hibernate-core-6.4.4.Final.jar:6.4.4.Final]
	at org.hibernate.internal.AbstractSharedSessionContract.buildNamedQuery(AbstractSharedSessionContract.java:1097) ~[hibernate-core-6.4.4.Final.jar:6.4.4.Final]
	at org.hibernate.internal.AbstractSharedSessionContract.createNamedQuery(AbstractSharedSessionContract.java:975) ~[hibernate-core-6.4.4.Final.jar:6.4.4.Final]
	at org.hibernate.internal.AbstractSharedSessionContract.createNamedQuery(AbstractSharedSessionContract.java:136) ~[hibernate-core-6.4.4.Final.jar:6.4.4.Final]
	at java.base/jdk.internal.reflect.DirectMethodHandleAccessor.invoke(DirectMethodHandleAccessor.java:103) ~[na:na]
	at java.base/java.lang.reflect.Method.invoke(Method.java:580) ~[na:na]
	at org.springframework.orm.jpa.ExtendedEntityManagerCreator$ExtendedEntityManagerInvocationHandler.invoke(ExtendedEntityManagerCreator.java:364) ~[spring-orm-6.1.4.jar:6.1.4]
	at jdk.proxy2/jdk.proxy2.$Proxy223.createNamedQuery(Unknown Source) ~[na:na]
	at org.springframework.data.jpa.repository.query.NamedQuery.hasNamedQuery(NamedQuery.java:113) ~[spring-data-jpa-3.2.3.jar:3.2.3]
	at org.springframework.data.jpa.repository.query.JpaQueryLookupStrategy$DeclaredQueryLookupStrategy.getCountQuery(JpaQueryLookupStrategy.java:204) ~[spring-data-jpa-3.2.3.jar:3.2.3]
	at org.springframework.data.jpa.repository.query.JpaQueryLookupStrategy$DeclaredQueryLookupStrategy.resolveQuery(JpaQueryLookupStrategy.java:171) ~[spring-data-jpa-3.2.3.jar:3.2.3]
	at org.springframework.data.jpa.repository.query.JpaQueryLookupStrategy$CreateIfNotFoundQueryLookupStrategy.resolveQuery(JpaQueryLookupStrategy.java:252) ~[spring-data-jpa-3.2.3.jar:3.2.3]
	at org.springframework.data.jpa.repository.query.JpaQueryLookupStrategy$AbstractQueryLookupStrategy.resolveQuery(JpaQueryLookupStrategy.java:95) ~[spring-data-jpa-3.2.3.jar:3.2.3]
	at org.springframework.data.repository.core.support.QueryExecutorMethodInterceptor.lookupQuery(QueryExecutorMethodInterceptor.java:111) ~[spring-data-commons-3.2.3.jar:3.2.3]
	at org.springframework.data.repository.core.support.QueryExecutorMethodInterceptor.mapMethodsToQuery(QueryExecutorMethodInterceptor.java:99) ~[spring-data-commons-3.2.3.jar:3.2.3]
	at org.springframework.data.repository.core.support.QueryExecutorMethodInterceptor.lambda$new$0(QueryExecutorMethodInterceptor.java:88) ~[spring-data-commons-3.2.3.jar:3.2.3]
	at java.base/java.util.Optional.map(Optional.java:260) ~[na:na]
	at org.springframework.data.repository.core.support.QueryExecutorMethodInterceptor.<init>(QueryExecutorMethodInterceptor.java:88) ~[spring-data-commons-3.2.3.jar:3.2.3]
	at org.springframework.data.repository.core.support.RepositoryFactorySupport.getRepository(RepositoryFactorySupport.java:357) ~[spring-data-commons-3.2.3.jar:3.2.3]
	at org.springframework.data.repository.core.support.RepositoryFactoryBeanSupport.lambda$afterPropertiesSet$5(RepositoryFactoryBeanSupport.java:279) ~[spring-data-commons-3.2.3.jar:3.2.3]
	at org.springframework.data.util.Lazy.getNullable(Lazy.java:135) ~[spring-data-commons-3.2.3.jar:3.2.3]
	at org.springframework.data.util.Lazy.get(Lazy.java:113) ~[spring-data-commons-3.2.3.jar:3.2.3]
	at org.springframework.data.repository.core.support.RepositoryFactoryBeanSupport.afterPropertiesSet(RepositoryFactoryBeanSupport.java:285) ~[spring-data-commons-3.2.3.jar:3.2.3]
	at org.springframework.data.jpa.repository.support.JpaRepositoryFactoryBean.afterPropertiesSet(JpaRepositoryFactoryBean.java:132) ~[spring-data-jpa-3.2.3.jar:3.2.3]
	at org.springframework.beans.factory.support.AbstractAutowireCapableBeanFactory.invokeInitMethods(AbstractAutowireCapableBeanFactory.java:1833) ~[spring-beans-6.1.4.jar:6.1.4]
	at org.springframework.beans.factory.support.AbstractAutowireCapableBeanFactory.initializeBean(AbstractAutowireCapableBeanFactory.java:1782) ~[spring-beans-6.1.4.jar:6.1.4]
	at org.springframework.beans.factory.support.AbstractAutowireCapableBeanFactory.doCreateBean(AbstractAutowireCapableBeanFactory.java:600) ~[spring-beans-6.1.4.jar:6.1.4]
	at org.springframework.beans.factory.support.AbstractAutowireCapableBeanFactory.createBean(AbstractAutowireCapableBeanFactory.java:522) ~[spring-beans-6.1.4.jar:6.1.4]
	at org.springframework.beans.factory.support.AbstractBeanFactory.lambda$doGetBean$0(AbstractBeanFactory.java:325) ~[spring-beans-6.1.4.jar:6.1.4]
	at org.springframework.beans.factory.support.DefaultSingletonBeanRegistry.getSingleton(DefaultSingletonBeanRegistry.java:234) ~[spring-beans-6.1.4.jar:6.1.4]
	at org.springframework.beans.factory.support.AbstractBeanFactory.doGetBean(AbstractBeanFactory.java:323) ~[spring-beans-6.1.4.jar:6.1.4]
	at org.springframework.beans.factory.support.AbstractBeanFactory.getBean(AbstractBeanFactory.java:199) ~[spring-beans-6.1.4.jar:6.1.4]
	at org.springframework.beans.factory.config.DependencyDescriptor.resolveCandidate(DependencyDescriptor.java:254) ~[spring-beans-6.1.4.jar:6.1.4]
	at org.springframework.beans.factory.support.DefaultListableBeanFactory.doResolveDependency(DefaultListableBeanFactory.java:1443) ~[spring-beans-6.1.4.jar:6.1.4]
	at org.springframework.beans.factory.support.DefaultListableBeanFactory.resolveDependency(DefaultListableBeanFactory.java:1353) ~[spring-beans-6.1.4.jar:6.1.4]
	at org.springframework.beans.factory.annotation.AutowiredAnnotationBeanPostProcessor$AutowiredFieldElement.resolveFieldValue(AutowiredAnnotationBeanPostProcessor.java:784) ~[spring-beans-6.1.4.jar:6.1.4]
	at org.springframework.beans.factory.annotation.AutowiredAnnotationBeanPostProcessor$AutowiredFieldElement.inject(AutowiredAnnotationBeanPostProcessor.java:767) ~[spring-beans-6.1.4.jar:6.1.4]
	at org.springframework.beans.factory.annotation.InjectionMetadata.inject(InjectionMetadata.java:145) ~[spring-beans-6.1.4.jar:6.1.4]
	at org.springframework.beans.factory.annotation.AutowiredAnnotationBeanPostProcessor.postProcessProperties(AutowiredAnnotationBeanPostProcessor.java:508) ~[spring-beans-6.1.4.jar:6.1.4]
	at org.springframework.beans.factory.support.AbstractAutowireCapableBeanFactory.populateBean(AbstractAutowireCapableBeanFactory.java:1419) ~[spring-beans-6.1.4.jar:6.1.4]
	at org.springframework.beans.factory.support.AbstractAutowireCapableBeanFactory.doCreateBean(AbstractAutowireCapableBeanFactory.java:599) ~[spring-beans-6.1.4.jar:6.1.4]
	at org.springframework.beans.factory.support.AbstractAutowireCapableBeanFactory.createBean(AbstractAutowireCapableBeanFactory.java:522) ~[spring-beans-6.1.4.jar:6.1.4]
	at org.springframework.beans.factory.support.AbstractBeanFactory.lambda$doGetBean$0(AbstractBeanFactory.java:325) ~[spring-beans-6.1.4.jar:6.1.4]
	at org.springframework.beans.factory.support.DefaultSingletonBeanRegistry.getSingleton(DefaultSingletonBeanRegistry.java:234) ~[spring-beans-6.1.4.jar:6.1.4]
	at org.springframework.beans.factory.support.AbstractBeanFactory.doGetBean(AbstractBeanFactory.java:323) ~[spring-beans-6.1.4.jar:6.1.4]
	at org.springframework.beans.factory.support.AbstractBeanFactory.getBean(AbstractBeanFactory.java:199) ~[spring-beans-6.1.4.jar:6.1.4]
	at org.springframework.beans.factory.support.DefaultListableBeanFactory.preInstantiateSingletons(DefaultListableBeanFactory.java:975) ~[spring-beans-6.1.4.jar:6.1.4]
	at org.springframework.context.support.AbstractApplicationContext.finishBeanFactoryInitialization(AbstractApplicationContext.java:959) ~[spring-context-6.1.4.jar:6.1.4]
	at org.springframework.context.support.AbstractApplicationContext.refresh(AbstractApplicationContext.java:624) ~[spring-context-6.1.4.jar:6.1.4]
	at org.springframework.boot.SpringApplication.refresh(SpringApplication.java:754) ~[spring-boot-3.2.3.jar:3.2.3]
	at org.springframework.boot.SpringApplication.refreshContext(SpringApplication.java:456) ~[spring-boot-3.2.3.jar:3.2.3]
	at org.springframework.boot.SpringApplication.run(SpringApplication.java:334) ~[spring-boot-3.2.3.jar:3.2.3]
	at org.springframework.boot.test.context.SpringBootContextLoader.lambda$loadContext$3(SpringBootContextLoader.java:137) ~[spring-boot-test-3.2.3.jar:3.2.3]
	at org.springframework.util.function.ThrowingSupplier.get(ThrowingSupplier.java:58) ~[spring-core-6.1.4.jar:6.1.4]
	at org.springframework.util.function.ThrowingSupplier.get(ThrowingSupplier.java:46) ~[spring-core-6.1.4.jar:6.1.4]
	at org.springframework.boot.SpringApplication.withHook(SpringApplication.java:1454) ~[spring-boot-3.2.3.jar:3.2.3]
	at org.springframework.boot.test.context.SpringBootContextLoader$ContextLoaderHook.run(SpringBootContextLoader.java:553) ~[spring-boot-test-3.2.3.jar:3.2.3]
	at org.springframework.boot.test.context.SpringBootContextLoader.loadContext(SpringBootContextLoader.java:137) ~[spring-boot-test-3.2.3.jar:3.2.3]
	at org.springframework.boot.test.context.SpringBootContextLoader.loadContext(SpringBootContextLoader.java:108) ~[spring-boot-test-3.2.3.jar:3.2.3]
	at org.springframework.test.context.cache.DefaultCacheAwareContextLoaderDelegate.loadContextInternal(DefaultCacheAwareContextLoaderDelegate.java:225) ~[spring-test-6.1.4.jar:6.1.4]
	at org.springframework.test.context.cache.DefaultCacheAwareContextLoaderDelegate.loadContext(DefaultCacheAwareContextLoaderDelegate.java:152) ~[spring-test-6.1.4.jar:6.1.4]
	at org.springframework.test.context.support.DefaultTestContext.getApplicationContext(DefaultTestContext.java:130) ~[spring-test-6.1.4.jar:6.1.4]
	at org.springframework.test.context.web.ServletTestExecutionListener.setUpRequestContextIfNecessary(ServletTestExecutionListener.java:191) ~[spring-test-6.1.4.jar:6.1.4]
	at org.springframework.test.context.web.ServletTestExecutionListener.prepareTestInstance(ServletTestExecutionListener.java:130) ~[spring-test-6.1.4.jar:6.1.4]
	at org.springframework.test.context.TestContextManager.prepareTestInstance(TestContextManager.java:260) ~[spring-test-6.1.4.jar:6.1.4]
	at org.springframework.test.context.junit.jupiter.SpringExtension.postProcessTestInstance(SpringExtension.java:163) ~[spring-test-6.1.4.jar:6.1.4]
	at org.junit.jupiter.engine.descriptor.ClassBasedTestDescriptor.lambda$invokeTestInstancePostProcessors$10(ClassBasedTestDescriptor.java:378) ~[junit-jupiter-engine-5.10.2.jar:5.10.2]
	at org.junit.jupiter.engine.descriptor.ClassBasedTestDescriptor.executeAndMaskThrowable(ClassBasedTestDescriptor.java:383) ~[junit-jupiter-engine-5.10.2.jar:5.10.2]
	at org.junit.jupiter.engine.descriptor.ClassBasedTestDescriptor.lambda$invokeTestInstancePostProcessors$11(ClassBasedTestDescriptor.java:378) ~[junit-jupiter-engine-5.10.2.jar:5.10.2]
	at java.base/java.util.stream.ReferencePipeline$3$1.accept(ReferencePipeline.java:197) ~[na:na]
	at java.base/java.util.stream.ReferencePipeline$2$1.accept(ReferencePipeline.java:179) ~[na:na]
	at java.base/java.util.ArrayList$ArrayListSpliterator.forEachRemaining(ArrayList.java:1708) ~[na:na]
	at java.base/java.util.stream.AbstractPipeline.copyInto(AbstractPipeline.java:509) ~[na:na]
	at java.base/java.util.stream.AbstractPipeline.wrapAndCopyInto(AbstractPipeline.java:499) ~[na:na]
	at java.base/java.util.stream.StreamSpliterators$WrappingSpliterator.forEachRemaining(StreamSpliterators.java:310) ~[na:na]
	at java.base/java.util.stream.Streams$ConcatSpliterator.forEachRemaining(Streams.java:735) ~[na:na]
	at java.base/java.util.stream.Streams$ConcatSpliterator.forEachRemaining(Streams.java:734) ~[na:na]
	at java.base/java.util.stream.ReferencePipeline$Head.forEach(ReferencePipeline.java:762) ~[na:na]
	at org.junit.jupiter.engine.descriptor.ClassBasedTestDescriptor.invokeTestInstancePostProcessors(ClassBasedTestDescriptor.java:377) ~[junit-jupiter-engine-5.10.2.jar:5.10.2]
	at org.junit.jupiter.engine.descriptor.ClassBasedTestDescriptor.lambda$instantiateAndPostProcessTestInstance$6(ClassBasedTestDescriptor.java:290) ~[junit-jupiter-engine-5.10.2.jar:5.10.2]
	at org.junit.platform.engine.support.hierarchical.ThrowableCollector.execute(ThrowableCollector.java:73) ~[junit-platform-engine-1.10.2.jar:1.10.2]
	at org.junit.jupiter.engine.descriptor.ClassBasedTestDescriptor.instantiateAndPostProcessTestInstance(ClassBasedTestDescriptor.java:289) ~[junit-jupiter-engine-5.10.2.jar:5.10.2]
	at org.junit.jupiter.engine.descriptor.ClassBasedTestDescriptor.lambda$testInstancesProvider$4(ClassBasedTestDescriptor.java:279) ~[junit-jupiter-engine-5.10.2.jar:5.10.2]
	at java.base/java.util.Optional.orElseGet(Optional.java:364) ~[na:na]
	at org.junit.jupiter.engine.descriptor.ClassBasedTestDescriptor.lambda$testInstancesProvider$5(ClassBasedTestDescriptor.java:278) ~[junit-jupiter-engine-5.10.2.jar:5.10.2]
	at org.junit.jupiter.engine.execution.TestInstancesProvider.getTestInstances(TestInstancesProvider.java:31) ~[junit-jupiter-engine-5.10.2.jar:5.10.2]
	at org.junit.jupiter.engine.descriptor.TestMethodTestDescriptor.lambda$prepare$0(TestMethodTestDescriptor.java:106) ~[junit-jupiter-engine-5.10.2.jar:5.10.2]
	at org.junit.platform.engine.support.hierarchical.ThrowableCollector.execute(ThrowableCollector.java:73) ~[junit-platform-engine-1.10.2.jar:1.10.2]
	at org.junit.jupiter.engine.descriptor.TestMethodTestDescriptor.prepare(TestMethodTestDescriptor.java:105) ~[junit-jupiter-engine-5.10.2.jar:5.10.2]
	at org.junit.jupiter.engine.descriptor.TestMethodTestDescriptor.prepare(TestMethodTestDescriptor.java:69) ~[junit-jupiter-engine-5.10.2.jar:5.10.2]
	at org.junit.platform.engine.support.hierarchical.NodeTestTask.lambda$prepare$2(NodeTestTask.java:123) ~[junit-platform-engine-1.10.2.jar:1.10.2]
	at org.junit.platform.engine.support.hierarchical.ThrowableCollector.execute(ThrowableCollector.java:73) ~[junit-platform-engine-1.10.2.jar:1.10.2]
	at org.junit.platform.engine.support.hierarchical.NodeTestTask.prepare(NodeTestTask.java:123) ~[junit-platform-engine-1.10.2.jar:1.10.2]
	at org.junit.platform.engine.support.hierarchical.NodeTestTask.execute(NodeTestTask.java:90) ~[junit-platform-engine-1.10.2.jar:1.10.2]
	at java.base/java.util.ArrayList.forEach(ArrayList.java:1596) ~[na:na]
	at org.junit.platform.engine.support.hierarchical.SameThreadHierarchicalTestExecutorService.invokeAll(SameThreadHierarchicalTestExecutorService.java:41) ~[junit-platform-engine-1.10.2.jar:1.10.2]
	at org.junit.platform.engine.support.hierarchical.NodeTestTask.lambda$executeRecursively$6(NodeTestTask.java:155) ~[junit-platform-engine-1.10.2.jar:1.10.2]
	at org.junit.platform.engine.support.hierarchical.ThrowableCollector.execute(ThrowableCollector.java:73) ~[junit-platform-engine-1.10.2.jar:1.10.2]
	at org.junit.platform.engine.support.hierarchical.NodeTestTask.lambda$executeRecursively$8(NodeTestTask.java:141) ~[junit-platform-engine-1.10.2.jar:1.10.2]
	at org.junit.platform.engine.support.hierarchical.Node.around(Node.java:137) ~[junit-platform-engine-1.10.2.jar:1.10.2]
	at org.junit.platform.engine.support.hierarchical.NodeTestTask.lambda$executeRecursively$9(NodeTestTask.java:139) ~[junit-platform-engine-1.10.2.jar:1.10.2]
	at org.junit.platform.engine.support.hierarchical.ThrowableCollector.execute(ThrowableCollector.java:73) ~[junit-platform-engine-1.10.2.jar:1.10.2]
	at org.junit.platform.engine.support.hierarchical.NodeTestTask.executeRecursively(NodeTestTask.java:138) ~[junit-platform-engine-1.10.2.jar:1.10.2]
	at org.junit.platform.engine.support.hierarchical.NodeTestTask.execute(NodeTestTask.java:95) ~[junit-platform-engine-1.10.2.jar:1.10.2]
	at java.base/java.util.ArrayList.forEach(ArrayList.java:1596) ~[na:na]
	at org.junit.platform.engine.support.hierarchical.SameThreadHierarchicalTestExecutorService.invokeAll(SameThreadHierarchicalTestExecutorService.java:41) ~[junit-platform-engine-1.10.2.jar:1.10.2]
	at org.junit.platform.engine.support.hierarchical.NodeTestTask.lambda$executeRecursively$6(NodeTestTask.java:155) ~[junit-platform-engine-1.10.2.jar:1.10.2]
	at org.junit.platform.engine.support.hierarchical.ThrowableCollector.execute(ThrowableCollector.java:73) ~[junit-platform-engine-1.10.2.jar:1.10.2]
	at org.junit.platform.engine.support.hierarchical.NodeTestTask.lambda$executeRecursively$8(NodeTestTask.java:141) ~[junit-platform-engine-1.10.2.jar:1.10.2]
	at org.junit.platform.engine.support.hierarchical.Node.around(Node.java:137) ~[junit-platform-engine-1.10.2.jar:1.10.2]
	at org.junit.platform.engine.support.hierarchical.NodeTestTask.lambda$executeRecursively$9(NodeTestTask.java:139) ~[junit-platform-engine-1.10.2.jar:1.10.2]
	at org.junit.platform.engine.support.hierarchical.ThrowableCollector.execute(ThrowableCollector.java:73) ~[junit-platform-engine-1.10.2.jar:1.10.2]
	at org.junit.platform.engine.support.hierarchical.NodeTestTask.executeRecursively(NodeTestTask.java:138) ~[junit-platform-engine-1.10.2.jar:1.10.2]
	at org.junit.platform.engine.support.hierarchical.NodeTestTask.execute(NodeTestTask.java:95) ~[junit-platform-engine-1.10.2.jar:1.10.2]
	at org.junit.platform.engine.support.hierarchical.SameThreadHierarchicalTestExecutorService.submit(SameThreadHierarchicalTestExecutorService.java:35) ~[junit-platform-engine-1.10.2.jar:1.10.2]
	at org.junit.platform.engine.support.hierarchical.HierarchicalTestExecutor.execute(HierarchicalTestExecutor.java:57) ~[junit-platform-engine-1.10.2.jar:1.10.2]
	at org.junit.platform.engine.support.hierarchical.HierarchicalTestEngine.execute(HierarchicalTestEngine.java:54) ~[junit-platform-engine-1.10.2.jar:1.10.2]
	at org.junit.platform.launcher.core.EngineExecutionOrchestrator.execute(EngineExecutionOrchestrator.java:198) ~[junit-platform-launcher-1.10.2.jar:1.10.2]
	at org.junit.platform.launcher.core.EngineExecutionOrchestrator.execute(EngineExecutionOrchestrator.java:169) ~[junit-platform-launcher-1.10.2.jar:1.10.2]
	at org.junit.platform.launcher.core.EngineExecutionOrchestrator.execute(EngineExecutionOrchestrator.java:93) ~[junit-platform-launcher-1.10.2.jar:1.10.2]
	at org.junit.platform.launcher.core.EngineExecutionOrchestrator.lambda$execute$0(EngineExecutionOrchestrator.java:58) ~[junit-platform-launcher-1.10.2.jar:1.10.2]
	at org.junit.platform.launcher.core.EngineExecutionOrchestrator.withInterceptedStreams(EngineExecutionOrchestrator.java:141) ~[junit-platform-launcher-1.10.2.jar:1.10.2]
	at org.junit.platform.launcher.core.EngineExecutionOrchestrator.execute(EngineExecutionOrchestrator.java:57) ~[junit-platform-launcher-1.10.2.jar:1.10.2]
	at org.junit.platform.launcher.core.DefaultLauncher.execute(DefaultLauncher.java:103) ~[junit-platform-launcher-1.10.2.jar:1.10.2]
	at org.junit.platform.launcher.core.DefaultLauncher.execute(DefaultLauncher.java:85) ~[junit-platform-launcher-1.10.2.jar:1.10.2]
	at org.junit.platform.launcher.core.DelegatingLauncher.execute(DelegatingLauncher.java:47) ~[junit-platform-launcher-1.10.2.jar:1.10.2]
	at org.apache.maven.surefire.junitplatform.LazyLauncher.execute(LazyLauncher.java:56) ~[surefire-junit-platform-3.1.2.jar:3.1.2]
	at org.apache.maven.surefire.junitplatform.JUnitPlatformProvider.execute(JUnitPlatformProvider.java:184) ~[surefire-junit-platform-3.1.2.jar:3.1.2]
	at org.apache.maven.surefire.junitplatform.JUnitPlatformProvider.invokeAllTests(JUnitPlatformProvider.java:148) ~[surefire-junit-platform-3.1.2.jar:3.1.2]
	at org.apache.maven.surefire.junitplatform.JUnitPlatformProvider.invoke(JUnitPlatformProvider.java:122) ~[surefire-junit-platform-3.1.2.jar:3.1.2]
	at org.apache.maven.surefire.booter.ForkedBooter.runSuitesInProcess(ForkedBooter.java:385) ~[surefire-booter-3.1.2.jar:3.1.2]
	at org.apache.maven.surefire.booter.ForkedBooter.execute(ForkedBooter.java:162) ~[surefire-booter-3.1.2.jar:3.1.2]
	at org.apache.maven.surefire.booter.ForkedBooter.run(ForkedBooter.java:507) ~[surefire-booter-3.1.2.jar:3.1.2]
	at org.apache.maven.surefire.booter.ForkedBooter.main(ForkedBooter.java:495) ~[surefire-booter-3.1.2.jar:3.1.2]

2024-05-12T12:06:04.590+03:00 DEBUG 34416 --- [           main] org.hibernate.orm.query.hql              : HQL : SELECT p FROM Post p WHERE p.user IN :users ORDER BY p.createdAt DESC
2024-05-12T12:06:04.590+03:00 DEBUG 34416 --- [           main] org.hibernate.orm.query.sqm.creation     : Applying inferable type to SqmExpression [SqmNamedParameter(users)] : null -> com.wellcare.wellcare.Models.Post#user(MANY_TO_ONE)
2024-05-12T12:06:04.590+03:00 DEBUG 34416 --- [           main] org.hibernate.orm.query.sqm.ast          : SqmStatement Tree :
    -> [select]
      -> [query-spec]
        -> [select]
          -> [selection]
            -> [root] - `com.wellcare.wellcare.Models.Post(p)`
            <- [root] - `com.wellcare.wellcare.Models.Post(p)`
          <- [selection]
        <- [select]
        -> [from]
          -> [root] - `com.wellcare.wellcare.Models.Post(p)`
          <- [root] - `com.wellcare.wellcare.Models.Post(p)`
        <- [from]
        -> [where]
        <- [where]
      <- [query-spec]
    <- [select]

2024-05-12T12:06:04.593+03:00 DEBUG 34416 --- [           main] cResourceLocalTransactionCoordinatorImpl : JDBC transaction marked for rollback-only (exception provided for stack trace)

java.lang.Exception: exception just for purpose of providing stack trace
	at org.hibernate.resource.transaction.backend.jdbc.internal.JdbcResourceLocalTransactionCoordinatorImpl$TransactionDriverControlImpl.markRollbackOnly(JdbcResourceLocalTransactionCoordinatorImpl.java:310) ~[hibernate-core-6.4.4.Final.jar:6.4.4.Final]
	at org.hibernate.internal.AbstractSharedSessionContract.buildNamedQuery(AbstractSharedSessionContract.java:1097) ~[hibernate-core-6.4.4.Final.jar:6.4.4.Final]
	at org.hibernate.internal.AbstractSharedSessionContract.createNamedQuery(AbstractSharedSessionContract.java:975) ~[hibernate-core-6.4.4.Final.jar:6.4.4.Final]
	at org.hibernate.internal.AbstractSharedSessionContract.createNamedQuery(AbstractSharedSessionContract.java:136) ~[hibernate-core-6.4.4.Final.jar:6.4.4.Final]
	at java.base/jdk.internal.reflect.DirectMethodHandleAccessor.invoke(DirectMethodHandleAccessor.java:103) ~[na:na]
	at java.base/java.lang.reflect.Method.invoke(Method.java:580) ~[na:na]
	at org.springframework.orm.jpa.ExtendedEntityManagerCreator$ExtendedEntityManagerInvocationHandler.invoke(ExtendedEntityManagerCreator.java:364) ~[spring-orm-6.1.4.jar:6.1.4]
	at jdk.proxy2/jdk.proxy2.$Proxy223.createNamedQuery(Unknown Source) ~[na:na]
	at org.springframework.data.jpa.repository.query.NamedQuery.hasNamedQuery(NamedQuery.java:113) ~[spring-data-jpa-3.2.3.jar:3.2.3]
	at org.springframework.data.jpa.repository.query.JpaQueryLookupStrategy$DeclaredQueryLookupStrategy.getCountQuery(JpaQueryLookupStrategy.java:204) ~[spring-data-jpa-3.2.3.jar:3.2.3]
	at org.springframework.data.jpa.repository.query.JpaQueryLookupStrategy$DeclaredQueryLookupStrategy.resolveQuery(JpaQueryLookupStrategy.java:171) ~[spring-data-jpa-3.2.3.jar:3.2.3]
	at org.springframework.data.jpa.repository.query.JpaQueryLookupStrategy$CreateIfNotFoundQueryLookupStrategy.resolveQuery(JpaQueryLookupStrategy.java:252) ~[spring-data-jpa-3.2.3.jar:3.2.3]
	at org.springframework.data.jpa.repository.query.JpaQueryLookupStrategy$AbstractQueryLookupStrategy.resolveQuery(JpaQueryLookupStrategy.java:95) ~[spring-data-jpa-3.2.3.jar:3.2.3]
	at org.springframework.data.repository.core.support.QueryExecutorMethodInterceptor.lookupQuery(QueryExecutorMethodInterceptor.java:111) ~[spring-data-commons-3.2.3.jar:3.2.3]
	at org.springframework.data.repository.core.support.QueryExecutorMethodInterceptor.mapMethodsToQuery(QueryExecutorMethodInterceptor.java:99) ~[spring-data-commons-3.2.3.jar:3.2.3]
	at org.springframework.data.repository.core.support.QueryExecutorMethodInterceptor.lambda$new$0(QueryExecutorMethodInterceptor.java:88) ~[spring-data-commons-3.2.3.jar:3.2.3]
	at java.base/java.util.Optional.map(Optional.java:260) ~[na:na]
	at org.springframework.data.repository.core.support.QueryExecutorMethodInterceptor.<init>(QueryExecutorMethodInterceptor.java:88) ~[spring-data-commons-3.2.3.jar:3.2.3]
	at org.springframework.data.repository.core.support.RepositoryFactorySupport.getRepository(RepositoryFactorySupport.java:357) ~[spring-data-commons-3.2.3.jar:3.2.3]
	at org.springframework.data.repository.core.support.RepositoryFactoryBeanSupport.lambda$afterPropertiesSet$5(RepositoryFactoryBeanSupport.java:279) ~[spring-data-commons-3.2.3.jar:3.2.3]
	at org.springframework.data.util.Lazy.getNullable(Lazy.java:135) ~[spring-data-commons-3.2.3.jar:3.2.3]
	at org.springframework.data.util.Lazy.get(Lazy.java:113) ~[spring-data-commons-3.2.3.jar:3.2.3]
	at org.springframework.data.repository.core.support.RepositoryFactoryBeanSupport.afterPropertiesSet(RepositoryFactoryBeanSupport.java:285) ~[spring-data-commons-3.2.3.jar:3.2.3]
	at org.springframework.data.jpa.repository.support.JpaRepositoryFactoryBean.afterPropertiesSet(JpaRepositoryFactoryBean.java:132) ~[spring-data-jpa-3.2.3.jar:3.2.3]
	at org.springframework.beans.factory.support.AbstractAutowireCapableBeanFactory.invokeInitMethods(AbstractAutowireCapableBeanFactory.java:1833) ~[spring-beans-6.1.4.jar:6.1.4]
	at org.springframework.beans.factory.support.AbstractAutowireCapableBeanFactory.initializeBean(AbstractAutowireCapableBeanFactory.java:1782) ~[spring-beans-6.1.4.jar:6.1.4]
	at org.springframework.beans.factory.support.AbstractAutowireCapableBeanFactory.doCreateBean(AbstractAutowireCapableBeanFactory.java:600) ~[spring-beans-6.1.4.jar:6.1.4]
	at org.springframework.beans.factory.support.AbstractAutowireCapableBeanFactory.createBean(AbstractAutowireCapableBeanFactory.java:522) ~[spring-beans-6.1.4.jar:6.1.4]
	at org.springframework.beans.factory.support.AbstractBeanFactory.lambda$doGetBean$0(AbstractBeanFactory.java:325) ~[spring-beans-6.1.4.jar:6.1.4]
	at org.springframework.beans.factory.support.DefaultSingletonBeanRegistry.getSingleton(DefaultSingletonBeanRegistry.java:234) ~[spring-beans-6.1.4.jar:6.1.4]
	at org.springframework.beans.factory.support.AbstractBeanFactory.doGetBean(AbstractBeanFactory.java:323) ~[spring-beans-6.1.4.jar:6.1.4]
	at org.springframework.beans.factory.support.AbstractBeanFactory.getBean(AbstractBeanFactory.java:199) ~[spring-beans-6.1.4.jar:6.1.4]
	at org.springframework.beans.factory.config.DependencyDescriptor.resolveCandidate(DependencyDescriptor.java:254) ~[spring-beans-6.1.4.jar:6.1.4]
	at org.springframework.beans.factory.support.DefaultListableBeanFactory.doResolveDependency(DefaultListableBeanFactory.java:1443) ~[spring-beans-6.1.4.jar:6.1.4]
	at org.springframework.beans.factory.support.DefaultListableBeanFactory.resolveDependency(DefaultListableBeanFactory.java:1353) ~[spring-beans-6.1.4.jar:6.1.4]
	at org.springframework.beans.factory.annotation.AutowiredAnnotationBeanPostProcessor$AutowiredFieldElement.resolveFieldValue(AutowiredAnnotationBeanPostProcessor.java:784) ~[spring-beans-6.1.4.jar:6.1.4]
	at org.springframework.beans.factory.annotation.AutowiredAnnotationBeanPostProcessor$AutowiredFieldElement.inject(AutowiredAnnotationBeanPostProcessor.java:767) ~[spring-beans-6.1.4.jar:6.1.4]
	at org.springframework.beans.factory.annotation.InjectionMetadata.inject(InjectionMetadata.java:145) ~[spring-beans-6.1.4.jar:6.1.4]
	at org.springframework.beans.factory.annotation.AutowiredAnnotationBeanPostProcessor.postProcessProperties(AutowiredAnnotationBeanPostProcessor.java:508) ~[spring-beans-6.1.4.jar:6.1.4]
	at org.springframework.beans.factory.support.AbstractAutowireCapableBeanFactory.populateBean(AbstractAutowireCapableBeanFactory.java:1419) ~[spring-beans-6.1.4.jar:6.1.4]
	at org.springframework.beans.factory.support.AbstractAutowireCapableBeanFactory.doCreateBean(AbstractAutowireCapableBeanFactory.java:599) ~[spring-beans-6.1.4.jar:6.1.4]
	at org.springframework.beans.factory.support.AbstractAutowireCapableBeanFactory.createBean(AbstractAutowireCapableBeanFactory.java:522) ~[spring-beans-6.1.4.jar:6.1.4]
	at org.springframework.beans.factory.support.AbstractBeanFactory.lambda$doGetBean$0(AbstractBeanFactory.java:325) ~[spring-beans-6.1.4.jar:6.1.4]
	at org.springframework.beans.factory.support.DefaultSingletonBeanRegistry.getSingleton(DefaultSingletonBeanRegistry.java:234) ~[spring-beans-6.1.4.jar:6.1.4]
	at org.springframework.beans.factory.support.AbstractBeanFactory.doGetBean(AbstractBeanFactory.java:323) ~[spring-beans-6.1.4.jar:6.1.4]
	at org.springframework.beans.factory.support.AbstractBeanFactory.getBean(AbstractBeanFactory.java:199) ~[spring-beans-6.1.4.jar:6.1.4]
	at org.springframework.beans.factory.support.DefaultListableBeanFactory.preInstantiateSingletons(DefaultListableBeanFactory.java:975) ~[spring-beans-6.1.4.jar:6.1.4]
	at org.springframework.context.support.AbstractApplicationContext.finishBeanFactoryInitialization(AbstractApplicationContext.java:959) ~[spring-context-6.1.4.jar:6.1.4]
	at org.springframework.context.support.AbstractApplicationContext.refresh(AbstractApplicationContext.java:624) ~[spring-context-6.1.4.jar:6.1.4]
	at org.springframework.boot.SpringApplication.refresh(SpringApplication.java:754) ~[spring-boot-3.2.3.jar:3.2.3]
	at org.springframework.boot.SpringApplication.refreshContext(SpringApplication.java:456) ~[spring-boot-3.2.3.jar:3.2.3]
	at org.springframework.boot.SpringApplication.run(SpringApplication.java:334) ~[spring-boot-3.2.3.jar:3.2.3]
	at org.springframework.boot.test.context.SpringBootContextLoader.lambda$loadContext$3(SpringBootContextLoader.java:137) ~[spring-boot-test-3.2.3.jar:3.2.3]
	at org.springframework.util.function.ThrowingSupplier.get(ThrowingSupplier.java:58) ~[spring-core-6.1.4.jar:6.1.4]
	at org.springframework.util.function.ThrowingSupplier.get(ThrowingSupplier.java:46) ~[spring-core-6.1.4.jar:6.1.4]
	at org.springframework.boot.SpringApplication.withHook(SpringApplication.java:1454) ~[spring-boot-3.2.3.jar:3.2.3]
	at org.springframework.boot.test.context.SpringBootContextLoader$ContextLoaderHook.run(SpringBootContextLoader.java:553) ~[spring-boot-test-3.2.3.jar:3.2.3]
	at org.springframework.boot.test.context.SpringBootContextLoader.loadContext(SpringBootContextLoader.java:137) ~[spring-boot-test-3.2.3.jar:3.2.3]
	at org.springframework.boot.test.context.SpringBootContextLoader.loadContext(SpringBootContextLoader.java:108) ~[spring-boot-test-3.2.3.jar:3.2.3]
	at org.springframework.test.context.cache.DefaultCacheAwareContextLoaderDelegate.loadContextInternal(DefaultCacheAwareContextLoaderDelegate.java:225) ~[spring-test-6.1.4.jar:6.1.4]
	at org.springframework.test.context.cache.DefaultCacheAwareContextLoaderDelegate.loadContext(DefaultCacheAwareContextLoaderDelegate.java:152) ~[spring-test-6.1.4.jar:6.1.4]
	at org.springframework.test.context.support.DefaultTestContext.getApplicationContext(DefaultTestContext.java:130) ~[spring-test-6.1.4.jar:6.1.4]
	at org.springframework.test.context.web.ServletTestExecutionListener.setUpRequestContextIfNecessary(ServletTestExecutionListener.java:191) ~[spring-test-6.1.4.jar:6.1.4]
	at org.springframework.test.context.web.ServletTestExecutionListener.prepareTestInstance(ServletTestExecutionListener.java:130) ~[spring-test-6.1.4.jar:6.1.4]
	at org.springframework.test.context.TestContextManager.prepareTestInstance(TestContextManager.java:260) ~[spring-test-6.1.4.jar:6.1.4]
	at org.springframework.test.context.junit.jupiter.SpringExtension.postProcessTestInstance(SpringExtension.java:163) ~[spring-test-6.1.4.jar:6.1.4]
	at org.junit.jupiter.engine.descriptor.ClassBasedTestDescriptor.lambda$invokeTestInstancePostProcessors$10(ClassBasedTestDescriptor.java:378) ~[junit-jupiter-engine-5.10.2.jar:5.10.2]
	at org.junit.jupiter.engine.descriptor.ClassBasedTestDescriptor.executeAndMaskThrowable(ClassBasedTestDescriptor.java:383) ~[junit-jupiter-engine-5.10.2.jar:5.10.2]
	at org.junit.jupiter.engine.descriptor.ClassBasedTestDescriptor.lambda$invokeTestInstancePostProcessors$11(ClassBasedTestDescriptor.java:378) ~[junit-jupiter-engine-5.10.2.jar:5.10.2]
	at java.base/java.util.stream.ReferencePipeline$3$1.accept(ReferencePipeline.java:197) ~[na:na]
	at java.base/java.util.stream.ReferencePipeline$2$1.accept(ReferencePipeline.java:179) ~[na:na]
	at java.base/java.util.ArrayList$ArrayListSpliterator.forEachRemaining(ArrayList.java:1708) ~[na:na]
	at java.base/java.util.stream.AbstractPipeline.copyInto(AbstractPipeline.java:509) ~[na:na]
	at java.base/java.util.stream.AbstractPipeline.wrapAndCopyInto(AbstractPipeline.java:499) ~[na:na]
	at java.base/java.util.stream.StreamSpliterators$WrappingSpliterator.forEachRemaining(StreamSpliterators.java:310) ~[na:na]
	at java.base/java.util.stream.Streams$ConcatSpliterator.forEachRemaining(Streams.java:735) ~[na:na]
	at java.base/java.util.stream.Streams$ConcatSpliterator.forEachRemaining(Streams.java:734) ~[na:na]
	at java.base/java.util.stream.ReferencePipeline$Head.forEach(ReferencePipeline.java:762) ~[na:na]
	at org.junit.jupiter.engine.descriptor.ClassBasedTestDescriptor.invokeTestInstancePostProcessors(ClassBasedTestDescriptor.java:377) ~[junit-jupiter-engine-5.10.2.jar:5.10.2]
	at org.junit.jupiter.engine.descriptor.ClassBasedTestDescriptor.lambda$instantiateAndPostProcessTestInstance$6(ClassBasedTestDescriptor.java:290) ~[junit-jupiter-engine-5.10.2.jar:5.10.2]
	at org.junit.platform.engine.support.hierarchical.ThrowableCollector.execute(ThrowableCollector.java:73) ~[junit-platform-engine-1.10.2.jar:1.10.2]
	at org.junit.jupiter.engine.descriptor.ClassBasedTestDescriptor.instantiateAndPostProcessTestInstance(ClassBasedTestDescriptor.java:289) ~[junit-jupiter-engine-5.10.2.jar:5.10.2]
	at org.junit.jupiter.engine.descriptor.ClassBasedTestDescriptor.lambda$testInstancesProvider$4(ClassBasedTestDescriptor.java:279) ~[junit-jupiter-engine-5.10.2.jar:5.10.2]
	at java.base/java.util.Optional.orElseGet(Optional.java:364) ~[na:na]
	at org.junit.jupiter.engine.descriptor.ClassBasedTestDescriptor.lambda$testInstancesProvider$5(ClassBasedTestDescriptor.java:278) ~[junit-jupiter-engine-5.10.2.jar:5.10.2]
	at org.junit.jupiter.engine.execution.TestInstancesProvider.getTestInstances(TestInstancesProvider.java:31) ~[junit-jupiter-engine-5.10.2.jar:5.10.2]
	at org.junit.jupiter.engine.descriptor.TestMethodTestDescriptor.lambda$prepare$0(TestMethodTestDescriptor.java:106) ~[junit-jupiter-engine-5.10.2.jar:5.10.2]
	at org.junit.platform.engine.support.hierarchical.ThrowableCollector.execute(ThrowableCollector.java:73) ~[junit-platform-engine-1.10.2.jar:1.10.2]
	at org.junit.jupiter.engine.descriptor.TestMethodTestDescriptor.prepare(TestMethodTestDescriptor.java:105) ~[junit-jupiter-engine-5.10.2.jar:5.10.2]
	at org.junit.jupiter.engine.descriptor.TestMethodTestDescriptor.prepare(TestMethodTestDescriptor.java:69) ~[junit-jupiter-engine-5.10.2.jar:5.10.2]
	at org.junit.platform.engine.support.hierarchical.NodeTestTask.lambda$prepare$2(NodeTestTask.java:123) ~[junit-platform-engine-1.10.2.jar:1.10.2]
	at org.junit.platform.engine.support.hierarchical.ThrowableCollector.execute(ThrowableCollector.java:73) ~[junit-platform-engine-1.10.2.jar:1.10.2]
	at org.junit.platform.engine.support.hierarchical.NodeTestTask.prepare(NodeTestTask.java:123) ~[junit-platform-engine-1.10.2.jar:1.10.2]
	at org.junit.platform.engine.support.hierarchical.NodeTestTask.execute(NodeTestTask.java:90) ~[junit-platform-engine-1.10.2.jar:1.10.2]
	at java.base/java.util.ArrayList.forEach(ArrayList.java:1596) ~[na:na]
	at org.junit.platform.engine.support.hierarchical.SameThreadHierarchicalTestExecutorService.invokeAll(SameThreadHierarchicalTestExecutorService.java:41) ~[junit-platform-engine-1.10.2.jar:1.10.2]
	at org.junit.platform.engine.support.hierarchical.NodeTestTask.lambda$executeRecursively$6(NodeTestTask.java:155) ~[junit-platform-engine-1.10.2.jar:1.10.2]
	at org.junit.platform.engine.support.hierarchical.ThrowableCollector.execute(ThrowableCollector.java:73) ~[junit-platform-engine-1.10.2.jar:1.10.2]
	at org.junit.platform.engine.support.hierarchical.NodeTestTask.lambda$executeRecursively$8(NodeTestTask.java:141) ~[junit-platform-engine-1.10.2.jar:1.10.2]
	at org.junit.platform.engine.support.hierarchical.Node.around(Node.java:137) ~[junit-platform-engine-1.10.2.jar:1.10.2]
	at org.junit.platform.engine.support.hierarchical.NodeTestTask.lambda$executeRecursively$9(NodeTestTask.java:139) ~[junit-platform-engine-1.10.2.jar:1.10.2]
	at org.junit.platform.engine.support.hierarchical.ThrowableCollector.execute(ThrowableCollector.java:73) ~[junit-platform-engine-1.10.2.jar:1.10.2]
	at org.junit.platform.engine.support.hierarchical.NodeTestTask.executeRecursively(NodeTestTask.java:138) ~[junit-platform-engine-1.10.2.jar:1.10.2]
	at org.junit.platform.engine.support.hierarchical.NodeTestTask.execute(NodeTestTask.java:95) ~[junit-platform-engine-1.10.2.jar:1.10.2]
	at java.base/java.util.ArrayList.forEach(ArrayList.java:1596) ~[na:na]
	at org.junit.platform.engine.support.hierarchical.SameThreadHierarchicalTestExecutorService.invokeAll(SameThreadHierarchicalTestExecutorService.java:41) ~[junit-platform-engine-1.10.2.jar:1.10.2]
	at org.junit.platform.engine.support.hierarchical.NodeTestTask.lambda$executeRecursively$6(NodeTestTask.java:155) ~[junit-platform-engine-1.10.2.jar:1.10.2]
	at org.junit.platform.engine.support.hierarchical.ThrowableCollector.execute(ThrowableCollector.java:73) ~[junit-platform-engine-1.10.2.jar:1.10.2]
	at org.junit.platform.engine.support.hierarchical.NodeTestTask.lambda$executeRecursively$8(NodeTestTask.java:141) ~[junit-platform-engine-1.10.2.jar:1.10.2]
	at org.junit.platform.engine.support.hierarchical.Node.around(Node.java:137) ~[junit-platform-engine-1.10.2.jar:1.10.2]
	at org.junit.platform.engine.support.hierarchical.NodeTestTask.lambda$executeRecursively$9(NodeTestTask.java:139) ~[junit-platform-engine-1.10.2.jar:1.10.2]
	at org.junit.platform.engine.support.hierarchical.ThrowableCollector.execute(ThrowableCollector.java:73) ~[junit-platform-engine-1.10.2.jar:1.10.2]
	at org.junit.platform.engine.support.hierarchical.NodeTestTask.executeRecursively(NodeTestTask.java:138) ~[junit-platform-engine-1.10.2.jar:1.10.2]
	at org.junit.platform.engine.support.hierarchical.NodeTestTask.execute(NodeTestTask.java:95) ~[junit-platform-engine-1.10.2.jar:1.10.2]
	at org.junit.platform.engine.support.hierarchical.SameThreadHierarchicalTestExecutorService.submit(SameThreadHierarchicalTestExecutorService.java:35) ~[junit-platform-engine-1.10.2.jar:1.10.2]
	at org.junit.platform.engine.support.hierarchical.HierarchicalTestExecutor.execute(HierarchicalTestExecutor.java:57) ~[junit-platform-engine-1.10.2.jar:1.10.2]
	at org.junit.platform.engine.support.hierarchical.HierarchicalTestEngine.execute(HierarchicalTestEngine.java:54) ~[junit-platform-engine-1.10.2.jar:1.10.2]
	at org.junit.platform.launcher.core.EngineExecutionOrchestrator.execute(EngineExecutionOrchestrator.java:198) ~[junit-platform-launcher-1.10.2.jar:1.10.2]
	at org.junit.platform.launcher.core.EngineExecutionOrchestrator.execute(EngineExecutionOrchestrator.java:169) ~[junit-platform-launcher-1.10.2.jar:1.10.2]
	at org.junit.platform.launcher.core.EngineExecutionOrchestrator.execute(EngineExecutionOrchestrator.java:93) ~[junit-platform-launcher-1.10.2.jar:1.10.2]
	at org.junit.platform.launcher.core.EngineExecutionOrchestrator.lambda$execute$0(EngineExecutionOrchestrator.java:58) ~[junit-platform-launcher-1.10.2.jar:1.10.2]
	at org.junit.platform.launcher.core.EngineExecutionOrchestrator.withInterceptedStreams(EngineExecutionOrchestrator.java:141) ~[junit-platform-launcher-1.10.2.jar:1.10.2]
	at org.junit.platform.launcher.core.EngineExecutionOrchestrator.execute(EngineExecutionOrchestrator.java:57) ~[junit-platform-launcher-1.10.2.jar:1.10.2]
	at org.junit.platform.launcher.core.DefaultLauncher.execute(DefaultLauncher.java:103) ~[junit-platform-launcher-1.10.2.jar:1.10.2]
	at org.junit.platform.launcher.core.DefaultLauncher.execute(DefaultLauncher.java:85) ~[junit-platform-launcher-1.10.2.jar:1.10.2]
	at org.junit.platform.launcher.core.DelegatingLauncher.execute(DelegatingLauncher.java:47) ~[junit-platform-launcher-1.10.2.jar:1.10.2]
	at org.apache.maven.surefire.junitplatform.LazyLauncher.execute(LazyLauncher.java:56) ~[surefire-junit-platform-3.1.2.jar:3.1.2]
	at org.apache.maven.surefire.junitplatform.JUnitPlatformProvider.execute(JUnitPlatformProvider.java:184) ~[surefire-junit-platform-3.1.2.jar:3.1.2]
	at org.apache.maven.surefire.junitplatform.JUnitPlatformProvider.invokeAllTests(JUnitPlatformProvider.java:148) ~[surefire-junit-platform-3.1.2.jar:3.1.2]
	at org.apache.maven.surefire.junitplatform.JUnitPlatformProvider.invoke(JUnitPlatformProvider.java:122) ~[surefire-junit-platform-3.1.2.jar:3.1.2]
	at org.apache.maven.surefire.booter.ForkedBooter.runSuitesInProcess(ForkedBooter.java:385) ~[surefire-booter-3.1.2.jar:3.1.2]
	at org.apache.maven.surefire.booter.ForkedBooter.execute(ForkedBooter.java:162) ~[surefire-booter-3.1.2.jar:3.1.2]
	at org.apache.maven.surefire.booter.ForkedBooter.run(ForkedBooter.java:507) ~[surefire-booter-3.1.2.jar:3.1.2]
	at org.apache.maven.surefire.booter.ForkedBooter.main(ForkedBooter.java:495) ~[surefire-booter-3.1.2.jar:3.1.2]

2024-05-12T12:06:04.594+03:00 DEBUG 34416 --- [           main] org.hibernate.orm.query.hql              : HQL : SELECT p FROM Post p WHERE p.user.id IN :userIds order by p.createdAt desc
2024-05-12T12:06:04.594+03:00 DEBUG 34416 --- [           main] o.h.o.q.hql.reservedWordAsIdentifier     : Encountered use of reserved word as identifier : IN
2024-05-12T12:06:04.597+03:00 DEBUG 34416 --- [           main] org.hibernate.orm.query.sqm.creation     : Applying inferable type to SqmExpression [SqmNamedParameter(userIds)] : null -> SqmBasicValuedSimplePath(com.wellcare.wellcare.Models.Post(p).user.id)
2024-05-12T12:06:04.597+03:00 DEBUG 34416 --- [           main] org.hibernate.orm.query.sqm.ast          : SqmStatement Tree :
    -> [select]
      -> [query-spec]
        -> [select]
          -> [selection]
            -> [root] - `com.wellcare.wellcare.Models.Post(p)`
            <- [root] - `com.wellcare.wellcare.Models.Post(p)`
          <- [selection]
        <- [select]
        -> [from]
          -> [root] - `com.wellcare.wellcare.Models.Post(p)`
          <- [root] - `com.wellcare.wellcare.Models.Post(p)`
        <- [from]
        -> [where]
        <- [where]
      <- [query-spec]
    <- [select]

2024-05-12T12:06:04.598+03:00 DEBUG 34416 --- [           main] org.hibernate.orm.query.hql              : HQL : SELECT count(p) FROM Post p WHERE p.user.id IN :userIds
2024-05-12T12:06:04.599+03:00 DEBUG 34416 --- [           main] o.h.o.q.hql.reservedWordAsIdentifier     : Encountered use of reserved word as identifier : (
2024-05-12T12:06:04.599+03:00 DEBUG 34416 --- [           main] o.h.o.q.hql.reservedWordAsIdentifier     : Encountered use of reserved word as identifier : IN
2024-05-12T12:06:04.599+03:00 DEBUG 34416 --- [           main] org.hibernate.orm.query.sqm.creation     : Applying inferable type to SqmExpression [SqmNamedParameter(userIds)] : null -> SqmBasicValuedSimplePath(com.wellcare.wellcare.Models.Post(p).user.id)
2024-05-12T12:06:04.599+03:00 DEBUG 34416 --- [           main] org.hibernate.orm.query.sqm.ast          : SqmStatement Tree :
    -> [select]
      -> [query-spec]
        -> [select]
          -> [selection]
          <- [selection]
        <- [select]
        -> [from]
          -> [root] - `com.wellcare.wellcare.Models.Post(p)`
          <- [root] - `com.wellcare.wellcare.Models.Post(p)`
        <- [from]
        -> [where]
        <- [where]
      <- [query-spec]
    <- [select]

2024-05-12T12:06:04.601+03:00 DEBUG 34416 --- [           main] cResourceLocalTransactionCoordinatorImpl : JDBC transaction marked for rollback-only (exception provided for stack trace)

java.lang.Exception: exception just for purpose of providing stack trace
	at org.hibernate.resource.transaction.backend.jdbc.internal.JdbcResourceLocalTransactionCoordinatorImpl$TransactionDriverControlImpl.markRollbackOnly(JdbcResourceLocalTransactionCoordinatorImpl.java:310) ~[hibernate-core-6.4.4.Final.jar:6.4.4.Final]
	at org.hibernate.internal.AbstractSharedSessionContract.buildNamedQuery(AbstractSharedSessionContract.java:1097) ~[hibernate-core-6.4.4.Final.jar:6.4.4.Final]
	at org.hibernate.internal.AbstractSharedSessionContract.createNamedQuery(AbstractSharedSessionContract.java:975) ~[hibernate-core-6.4.4.Final.jar:6.4.4.Final]
	at org.hibernate.internal.AbstractSharedSessionContract.createNamedQuery(AbstractSharedSessionContract.java:136) ~[hibernate-core-6.4.4.Final.jar:6.4.4.Final]
	at java.base/jdk.internal.reflect.DirectMethodHandleAccessor.invoke(DirectMethodHandleAccessor.java:103) ~[na:na]
	at java.base/java.lang.reflect.Method.invoke(Method.java:580) ~[na:na]
	at org.springframework.orm.jpa.ExtendedEntityManagerCreator$ExtendedEntityManagerInvocationHandler.invoke(ExtendedEntityManagerCreator.java:364) ~[spring-orm-6.1.4.jar:6.1.4]
	at jdk.proxy2/jdk.proxy2.$Proxy223.createNamedQuery(Unknown Source) ~[na:na]
	at org.springframework.data.jpa.repository.query.NamedQuery.hasNamedQuery(NamedQuery.java:113) ~[spring-data-jpa-3.2.3.jar:3.2.3]
	at org.springframework.data.jpa.repository.query.JpaQueryLookupStrategy$DeclaredQueryLookupStrategy.getCountQuery(JpaQueryLookupStrategy.java:204) ~[spring-data-jpa-3.2.3.jar:3.2.3]
	at org.springframework.data.jpa.repository.query.JpaQueryLookupStrategy$DeclaredQueryLookupStrategy.resolveQuery(JpaQueryLookupStrategy.java:171) ~[spring-data-jpa-3.2.3.jar:3.2.3]
	at org.springframework.data.jpa.repository.query.JpaQueryLookupStrategy$CreateIfNotFoundQueryLookupStrategy.resolveQuery(JpaQueryLookupStrategy.java:252) ~[spring-data-jpa-3.2.3.jar:3.2.3]
	at org.springframework.data.jpa.repository.query.JpaQueryLookupStrategy$AbstractQueryLookupStrategy.resolveQuery(JpaQueryLookupStrategy.java:95) ~[spring-data-jpa-3.2.3.jar:3.2.3]
	at org.springframework.data.repository.core.support.QueryExecutorMethodInterceptor.lookupQuery(QueryExecutorMethodInterceptor.java:111) ~[spring-data-commons-3.2.3.jar:3.2.3]
	at org.springframework.data.repository.core.support.QueryExecutorMethodInterceptor.mapMethodsToQuery(QueryExecutorMethodInterceptor.java:99) ~[spring-data-commons-3.2.3.jar:3.2.3]
	at org.springframework.data.repository.core.support.QueryExecutorMethodInterceptor.lambda$new$0(QueryExecutorMethodInterceptor.java:88) ~[spring-data-commons-3.2.3.jar:3.2.3]
	at java.base/java.util.Optional.map(Optional.java:260) ~[na:na]
	at org.springframework.data.repository.core.support.QueryExecutorMethodInterceptor.<init>(QueryExecutorMethodInterceptor.java:88) ~[spring-data-commons-3.2.3.jar:3.2.3]
	at org.springframework.data.repository.core.support.RepositoryFactorySupport.getRepository(RepositoryFactorySupport.java:357) ~[spring-data-commons-3.2.3.jar:3.2.3]
	at org.springframework.data.repository.core.support.RepositoryFactoryBeanSupport.lambda$afterPropertiesSet$5(RepositoryFactoryBeanSupport.java:279) ~[spring-data-commons-3.2.3.jar:3.2.3]
	at org.springframework.data.util.Lazy.getNullable(Lazy.java:135) ~[spring-data-commons-3.2.3.jar:3.2.3]
	at org.springframework.data.util.Lazy.get(Lazy.java:113) ~[spring-data-commons-3.2.3.jar:3.2.3]
	at org.springframework.data.repository.core.support.RepositoryFactoryBeanSupport.afterPropertiesSet(RepositoryFactoryBeanSupport.java:285) ~[spring-data-commons-3.2.3.jar:3.2.3]
	at org.springframework.data.jpa.repository.support.JpaRepositoryFactoryBean.afterPropertiesSet(JpaRepositoryFactoryBean.java:132) ~[spring-data-jpa-3.2.3.jar:3.2.3]
	at org.springframework.beans.factory.support.AbstractAutowireCapableBeanFactory.invokeInitMethods(AbstractAutowireCapableBeanFactory.java:1833) ~[spring-beans-6.1.4.jar:6.1.4]
	at org.springframework.beans.factory.support.AbstractAutowireCapableBeanFactory.initializeBean(AbstractAutowireCapableBeanFactory.java:1782) ~[spring-beans-6.1.4.jar:6.1.4]
	at org.springframework.beans.factory.support.AbstractAutowireCapableBeanFactory.doCreateBean(AbstractAutowireCapableBeanFactory.java:600) ~[spring-beans-6.1.4.jar:6.1.4]
	at org.springframework.beans.factory.support.AbstractAutowireCapableBeanFactory.createBean(AbstractAutowireCapableBeanFactory.java:522) ~[spring-beans-6.1.4.jar:6.1.4]
	at org.springframework.beans.factory.support.AbstractBeanFactory.lambda$doGetBean$0(AbstractBeanFactory.java:325) ~[spring-beans-6.1.4.jar:6.1.4]
	at org.springframework.beans.factory.support.DefaultSingletonBeanRegistry.getSingleton(DefaultSingletonBeanRegistry.java:234) ~[spring-beans-6.1.4.jar:6.1.4]
	at org.springframework.beans.factory.support.AbstractBeanFactory.doGetBean(AbstractBeanFactory.java:323) ~[spring-beans-6.1.4.jar:6.1.4]
	at org.springframework.beans.factory.support.AbstractBeanFactory.getBean(AbstractBeanFactory.java:199) ~[spring-beans-6.1.4.jar:6.1.4]
	at org.springframework.beans.factory.config.DependencyDescriptor.resolveCandidate(DependencyDescriptor.java:254) ~[spring-beans-6.1.4.jar:6.1.4]
	at org.springframework.beans.factory.support.DefaultListableBeanFactory.doResolveDependency(DefaultListableBeanFactory.java:1443) ~[spring-beans-6.1.4.jar:6.1.4]
	at org.springframework.beans.factory.support.DefaultListableBeanFactory.resolveDependency(DefaultListableBeanFactory.java:1353) ~[spring-beans-6.1.4.jar:6.1.4]
	at org.springframework.beans.factory.annotation.AutowiredAnnotationBeanPostProcessor$AutowiredFieldElement.resolveFieldValue(AutowiredAnnotationBeanPostProcessor.java:784) ~[spring-beans-6.1.4.jar:6.1.4]
	at org.springframework.beans.factory.annotation.AutowiredAnnotationBeanPostProcessor$AutowiredFieldElement.inject(AutowiredAnnotationBeanPostProcessor.java:767) ~[spring-beans-6.1.4.jar:6.1.4]
	at org.springframework.beans.factory.annotation.InjectionMetadata.inject(InjectionMetadata.java:145) ~[spring-beans-6.1.4.jar:6.1.4]
	at org.springframework.beans.factory.annotation.AutowiredAnnotationBeanPostProcessor.postProcessProperties(AutowiredAnnotationBeanPostProcessor.java:508) ~[spring-beans-6.1.4.jar:6.1.4]
	at org.springframework.beans.factory.support.AbstractAutowireCapableBeanFactory.populateBean(AbstractAutowireCapableBeanFactory.java:1419) ~[spring-beans-6.1.4.jar:6.1.4]
	at org.springframework.beans.factory.support.AbstractAutowireCapableBeanFactory.doCreateBean(AbstractAutowireCapableBeanFactory.java:599) ~[spring-beans-6.1.4.jar:6.1.4]
	at org.springframework.beans.factory.support.AbstractAutowireCapableBeanFactory.createBean(AbstractAutowireCapableBeanFactory.java:522) ~[spring-beans-6.1.4.jar:6.1.4]
	at org.springframework.beans.factory.support.AbstractBeanFactory.lambda$doGetBean$0(AbstractBeanFactory.java:325) ~[spring-beans-6.1.4.jar:6.1.4]
	at org.springframework.beans.factory.support.DefaultSingletonBeanRegistry.getSingleton(DefaultSingletonBeanRegistry.java:234) ~[spring-beans-6.1.4.jar:6.1.4]
	at org.springframework.beans.factory.support.AbstractBeanFactory.doGetBean(AbstractBeanFactory.java:323) ~[spring-beans-6.1.4.jar:6.1.4]
	at org.springframework.beans.factory.support.AbstractBeanFactory.getBean(AbstractBeanFactory.java:199) ~[spring-beans-6.1.4.jar:6.1.4]
	at org.springframework.beans.factory.support.DefaultListableBeanFactory.preInstantiateSingletons(DefaultListableBeanFactory.java:975) ~[spring-beans-6.1.4.jar:6.1.4]
	at org.springframework.context.support.AbstractApplicationContext.finishBeanFactoryInitialization(AbstractApplicationContext.java:959) ~[spring-context-6.1.4.jar:6.1.4]
	at org.springframework.context.support.AbstractApplicationContext.refresh(AbstractApplicationContext.java:624) ~[spring-context-6.1.4.jar:6.1.4]
	at org.springframework.boot.SpringApplication.refresh(SpringApplication.java:754) ~[spring-boot-3.2.3.jar:3.2.3]
	at org.springframework.boot.SpringApplication.refreshContext(SpringApplication.java:456) ~[spring-boot-3.2.3.jar:3.2.3]
	at org.springframework.boot.SpringApplication.run(SpringApplication.java:334) ~[spring-boot-3.2.3.jar:3.2.3]
	at org.springframework.boot.test.context.SpringBootContextLoader.lambda$loadContext$3(SpringBootContextLoader.java:137) ~[spring-boot-test-3.2.3.jar:3.2.3]
	at org.springframework.util.function.ThrowingSupplier.get(ThrowingSupplier.java:58) ~[spring-core-6.1.4.jar:6.1.4]
	at org.springframework.util.function.ThrowingSupplier.get(ThrowingSupplier.java:46) ~[spring-core-6.1.4.jar:6.1.4]
	at org.springframework.boot.SpringApplication.withHook(SpringApplication.java:1454) ~[spring-boot-3.2.3.jar:3.2.3]
	at org.springframework.boot.test.context.SpringBootContextLoader$ContextLoaderHook.run(SpringBootContextLoader.java:553) ~[spring-boot-test-3.2.3.jar:3.2.3]
	at org.springframework.boot.test.context.SpringBootContextLoader.loadContext(SpringBootContextLoader.java:137) ~[spring-boot-test-3.2.3.jar:3.2.3]
	at org.springframework.boot.test.context.SpringBootContextLoader.loadContext(SpringBootContextLoader.java:108) ~[spring-boot-test-3.2.3.jar:3.2.3]
	at org.springframework.test.context.cache.DefaultCacheAwareContextLoaderDelegate.loadContextInternal(DefaultCacheAwareContextLoaderDelegate.java:225) ~[spring-test-6.1.4.jar:6.1.4]
	at org.springframework.test.context.cache.DefaultCacheAwareContextLoaderDelegate.loadContext(DefaultCacheAwareContextLoaderDelegate.java:152) ~[spring-test-6.1.4.jar:6.1.4]
	at org.springframework.test.context.support.DefaultTestContext.getApplicationContext(DefaultTestContext.java:130) ~[spring-test-6.1.4.jar:6.1.4]
	at org.springframework.test.context.web.ServletTestExecutionListener.setUpRequestContextIfNecessary(ServletTestExecutionListener.java:191) ~[spring-test-6.1.4.jar:6.1.4]
	at org.springframework.test.context.web.ServletTestExecutionListener.prepareTestInstance(ServletTestExecutionListener.java:130) ~[spring-test-6.1.4.jar:6.1.4]
	at org.springframework.test.context.TestContextManager.prepareTestInstance(TestContextManager.java:260) ~[spring-test-6.1.4.jar:6.1.4]
	at org.springframework.test.context.junit.jupiter.SpringExtension.postProcessTestInstance(SpringExtension.java:163) ~[spring-test-6.1.4.jar:6.1.4]
	at org.junit.jupiter.engine.descriptor.ClassBasedTestDescriptor.lambda$invokeTestInstancePostProcessors$10(ClassBasedTestDescriptor.java:378) ~[junit-jupiter-engine-5.10.2.jar:5.10.2]
	at org.junit.jupiter.engine.descriptor.ClassBasedTestDescriptor.executeAndMaskThrowable(ClassBasedTestDescriptor.java:383) ~[junit-jupiter-engine-5.10.2.jar:5.10.2]
	at org.junit.jupiter.engine.descriptor.ClassBasedTestDescriptor.lambda$invokeTestInstancePostProcessors$11(ClassBasedTestDescriptor.java:378) ~[junit-jupiter-engine-5.10.2.jar:5.10.2]
	at java.base/java.util.stream.ReferencePipeline$3$1.accept(ReferencePipeline.java:197) ~[na:na]
	at java.base/java.util.stream.ReferencePipeline$2$1.accept(ReferencePipeline.java:179) ~[na:na]
	at java.base/java.util.ArrayList$ArrayListSpliterator.forEachRemaining(ArrayList.java:1708) ~[na:na]
	at java.base/java.util.stream.AbstractPipeline.copyInto(AbstractPipeline.java:509) ~[na:na]
	at java.base/java.util.stream.AbstractPipeline.wrapAndCopyInto(AbstractPipeline.java:499) ~[na:na]
	at java.base/java.util.stream.StreamSpliterators$WrappingSpliterator.forEachRemaining(StreamSpliterators.java:310) ~[na:na]
	at java.base/java.util.stream.Streams$ConcatSpliterator.forEachRemaining(Streams.java:735) ~[na:na]
	at java.base/java.util.stream.Streams$ConcatSpliterator.forEachRemaining(Streams.java:734) ~[na:na]
	at java.base/java.util.stream.ReferencePipeline$Head.forEach(ReferencePipeline.java:762) ~[na:na]
	at org.junit.jupiter.engine.descriptor.ClassBasedTestDescriptor.invokeTestInstancePostProcessors(ClassBasedTestDescriptor.java:377) ~[junit-jupiter-engine-5.10.2.jar:5.10.2]
	at org.junit.jupiter.engine.descriptor.ClassBasedTestDescriptor.lambda$instantiateAndPostProcessTestInstance$6(ClassBasedTestDescriptor.java:290) ~[junit-jupiter-engine-5.10.2.jar:5.10.2]
	at org.junit.platform.engine.support.hierarchical.ThrowableCollector.execute(ThrowableCollector.java:73) ~[junit-platform-engine-1.10.2.jar:1.10.2]
	at org.junit.jupiter.engine.descriptor.ClassBasedTestDescriptor.instantiateAndPostProcessTestInstance(ClassBasedTestDescriptor.java:289) ~[junit-jupiter-engine-5.10.2.jar:5.10.2]
	at org.junit.jupiter.engine.descriptor.ClassBasedTestDescriptor.lambda$testInstancesProvider$4(ClassBasedTestDescriptor.java:279) ~[junit-jupiter-engine-5.10.2.jar:5.10.2]
	at java.base/java.util.Optional.orElseGet(Optional.java:364) ~[na:na]
	at org.junit.jupiter.engine.descriptor.ClassBasedTestDescriptor.lambda$testInstancesProvider$5(ClassBasedTestDescriptor.java:278) ~[junit-jupiter-engine-5.10.2.jar:5.10.2]
	at org.junit.jupiter.engine.execution.TestInstancesProvider.getTestInstances(TestInstancesProvider.java:31) ~[junit-jupiter-engine-5.10.2.jar:5.10.2]
	at org.junit.jupiter.engine.descriptor.TestMethodTestDescriptor.lambda$prepare$0(TestMethodTestDescriptor.java:106) ~[junit-jupiter-engine-5.10.2.jar:5.10.2]
	at org.junit.platform.engine.support.hierarchical.ThrowableCollector.execute(ThrowableCollector.java:73) ~[junit-platform-engine-1.10.2.jar:1.10.2]
	at org.junit.jupiter.engine.descriptor.TestMethodTestDescriptor.prepare(TestMethodTestDescriptor.java:105) ~[junit-jupiter-engine-5.10.2.jar:5.10.2]
	at org.junit.jupiter.engine.descriptor.TestMethodTestDescriptor.prepare(TestMethodTestDescriptor.java:69) ~[junit-jupiter-engine-5.10.2.jar:5.10.2]
	at org.junit.platform.engine.support.hierarchical.NodeTestTask.lambda$prepare$2(NodeTestTask.java:123) ~[junit-platform-engine-1.10.2.jar:1.10.2]
	at org.junit.platform.engine.support.hierarchical.ThrowableCollector.execute(ThrowableCollector.java:73) ~[junit-platform-engine-1.10.2.jar:1.10.2]
	at org.junit.platform.engine.support.hierarchical.NodeTestTask.prepare(NodeTestTask.java:123) ~[junit-platform-engine-1.10.2.jar:1.10.2]
	at org.junit.platform.engine.support.hierarchical.NodeTestTask.execute(NodeTestTask.java:90) ~[junit-platform-engine-1.10.2.jar:1.10.2]
	at java.base/java.util.ArrayList.forEach(ArrayList.java:1596) ~[na:na]
	at org.junit.platform.engine.support.hierarchical.SameThreadHierarchicalTestExecutorService.invokeAll(SameThreadHierarchicalTestExecutorService.java:41) ~[junit-platform-engine-1.10.2.jar:1.10.2]
	at org.junit.platform.engine.support.hierarchical.NodeTestTask.lambda$executeRecursively$6(NodeTestTask.java:155) ~[junit-platform-engine-1.10.2.jar:1.10.2]
	at org.junit.platform.engine.support.hierarchical.ThrowableCollector.execute(ThrowableCollector.java:73) ~[junit-platform-engine-1.10.2.jar:1.10.2]
	at org.junit.platform.engine.support.hierarchical.NodeTestTask.lambda$executeRecursively$8(NodeTestTask.java:141) ~[junit-platform-engine-1.10.2.jar:1.10.2]
	at org.junit.platform.engine.support.hierarchical.Node.around(Node.java:137) ~[junit-platform-engine-1.10.2.jar:1.10.2]
	at org.junit.platform.engine.support.hierarchical.NodeTestTask.lambda$executeRecursively$9(NodeTestTask.java:139) ~[junit-platform-engine-1.10.2.jar:1.10.2]
	at org.junit.platform.engine.support.hierarchical.ThrowableCollector.execute(ThrowableCollector.java:73) ~[junit-platform-engine-1.10.2.jar:1.10.2]
	at org.junit.platform.engine.support.hierarchical.NodeTestTask.executeRecursively(NodeTestTask.java:138) ~[junit-platform-engine-1.10.2.jar:1.10.2]
	at org.junit.platform.engine.support.hierarchical.NodeTestTask.execute(NodeTestTask.java:95) ~[junit-platform-engine-1.10.2.jar:1.10.2]
	at java.base/java.util.ArrayList.forEach(ArrayList.java:1596) ~[na:na]
	at org.junit.platform.engine.support.hierarchical.SameThreadHierarchicalTestExecutorService.invokeAll(SameThreadHierarchicalTestExecutorService.java:41) ~[junit-platform-engine-1.10.2.jar:1.10.2]
	at org.junit.platform.engine.support.hierarchical.NodeTestTask.lambda$executeRecursively$6(NodeTestTask.java:155) ~[junit-platform-engine-1.10.2.jar:1.10.2]
	at org.junit.platform.engine.support.hierarchical.ThrowableCollector.execute(ThrowableCollector.java:73) ~[junit-platform-engine-1.10.2.jar:1.10.2]
	at org.junit.platform.engine.support.hierarchical.NodeTestTask.lambda$executeRecursively$8(NodeTestTask.java:141) ~[junit-platform-engine-1.10.2.jar:1.10.2]
	at org.junit.platform.engine.support.hierarchical.Node.around(Node.java:137) ~[junit-platform-engine-1.10.2.jar:1.10.2]
	at org.junit.platform.engine.support.hierarchical.NodeTestTask.lambda$executeRecursively$9(NodeTestTask.java:139) ~[junit-platform-engine-1.10.2.jar:1.10.2]
	at org.junit.platform.engine.support.hierarchical.ThrowableCollector.execute(ThrowableCollector.java:73) ~[junit-platform-engine-1.10.2.jar:1.10.2]
	at org.junit.platform.engine.support.hierarchical.NodeTestTask.executeRecursively(NodeTestTask.java:138) ~[junit-platform-engine-1.10.2.jar:1.10.2]
	at org.junit.platform.engine.support.hierarchical.NodeTestTask.execute(NodeTestTask.java:95) ~[junit-platform-engine-1.10.2.jar:1.10.2]
	at org.junit.platform.engine.support.hierarchical.SameThreadHierarchicalTestExecutorService.submit(SameThreadHierarchicalTestExecutorService.java:35) ~[junit-platform-engine-1.10.2.jar:1.10.2]
	at org.junit.platform.engine.support.hierarchical.HierarchicalTestExecutor.execute(HierarchicalTestExecutor.java:57) ~[junit-platform-engine-1.10.2.jar:1.10.2]
	at org.junit.platform.engine.support.hierarchical.HierarchicalTestEngine.execute(HierarchicalTestEngine.java:54) ~[junit-platform-engine-1.10.2.jar:1.10.2]
	at org.junit.platform.launcher.core.EngineExecutionOrchestrator.execute(EngineExecutionOrchestrator.java:198) ~[junit-platform-launcher-1.10.2.jar:1.10.2]
	at org.junit.platform.launcher.core.EngineExecutionOrchestrator.execute(EngineExecutionOrchestrator.java:169) ~[junit-platform-launcher-1.10.2.jar:1.10.2]
	at org.junit.platform.launcher.core.EngineExecutionOrchestrator.execute(EngineExecutionOrchestrator.java:93) ~[junit-platform-launcher-1.10.2.jar:1.10.2]
	at org.junit.platform.launcher.core.EngineExecutionOrchestrator.lambda$execute$0(EngineExecutionOrchestrator.java:58) ~[junit-platform-launcher-1.10.2.jar:1.10.2]
	at org.junit.platform.launcher.core.EngineExecutionOrchestrator.withInterceptedStreams(EngineExecutionOrchestrator.java:141) ~[junit-platform-launcher-1.10.2.jar:1.10.2]
	at org.junit.platform.launcher.core.EngineExecutionOrchestrator.execute(EngineExecutionOrchestrator.java:57) ~[junit-platform-launcher-1.10.2.jar:1.10.2]
	at org.junit.platform.launcher.core.DefaultLauncher.execute(DefaultLauncher.java:103) ~[junit-platform-launcher-1.10.2.jar:1.10.2]
	at org.junit.platform.launcher.core.DefaultLauncher.execute(DefaultLauncher.java:85) ~[junit-platform-launcher-1.10.2.jar:1.10.2]
	at org.junit.platform.launcher.core.DelegatingLauncher.execute(DelegatingLauncher.java:47) ~[junit-platform-launcher-1.10.2.jar:1.10.2]
	at org.apache.maven.surefire.junitplatform.LazyLauncher.execute(LazyLauncher.java:56) ~[surefire-junit-platform-3.1.2.jar:3.1.2]
	at org.apache.maven.surefire.junitplatform.JUnitPlatformProvider.execute(JUnitPlatformProvider.java:184) ~[surefire-junit-platform-3.1.2.jar:3.1.2]
	at org.apache.maven.surefire.junitplatform.JUnitPlatformProvider.invokeAllTests(JUnitPlatformProvider.java:148) ~[surefire-junit-platform-3.1.2.jar:3.1.2]
	at org.apache.maven.surefire.junitplatform.JUnitPlatformProvider.invoke(JUnitPlatformProvider.java:122) ~[surefire-junit-platform-3.1.2.jar:3.1.2]
	at org.apache.maven.surefire.booter.ForkedBooter.runSuitesInProcess(ForkedBooter.java:385) ~[surefire-booter-3.1.2.jar:3.1.2]
	at org.apache.maven.surefire.booter.ForkedBooter.execute(ForkedBooter.java:162) ~[surefire-booter-3.1.2.jar:3.1.2]
	at org.apache.maven.surefire.booter.ForkedBooter.run(ForkedBooter.java:507) ~[surefire-booter-3.1.2.jar:3.1.2]
	at org.apache.maven.surefire.booter.ForkedBooter.main(ForkedBooter.java:495) ~[surefire-booter-3.1.2.jar:3.1.2]

2024-05-12T12:06:04.603+03:00 DEBUG 34416 --- [           main] org.hibernate.orm.query.hql              : HQL : DELETE FROM Post p WHERE p.id = :postId
2024-05-12T12:06:04.603+03:00 DEBUG 34416 --- [           main] o.h.o.q.hql.reservedWordAsIdentifier     : Encountered use of reserved word as identifier : =
2024-05-12T12:06:04.603+03:00 DEBUG 34416 --- [           main] org.hibernate.orm.query.sqm.creation     : Applying inferable type to SqmExpression [SqmNamedParameter(postId)] : null -> SqmBasicValuedSimplePath(com.wellcare.wellcare.Models.Post(p).id)
2024-05-12T12:06:04.603+03:00 DEBUG 34416 --- [           main] org.hibernate.orm.query.sqm.ast          : SqmStatement Tree :
    -> [delete]
      [target = com.wellcare.wellcare.Models.Post(p)]
      -> [where]
        -> [EQUAL]
            -> [basic-path] - `com.wellcare.wellcare.Models.Post(p).id`
            :postId
        <- [EQUAL]
      <- [where]
    <- [delete]

2024-05-12T12:06:04.607+03:00 DEBUG 34416 --- [           main] cResourceLocalTransactionCoordinatorImpl : JDBC transaction marked for rollback-only (exception provided for stack trace)

java.lang.Exception: exception just for purpose of providing stack trace
	at org.hibernate.resource.transaction.backend.jdbc.internal.JdbcResourceLocalTransactionCoordinatorImpl$TransactionDriverControlImpl.markRollbackOnly(JdbcResourceLocalTransactionCoordinatorImpl.java:310) ~[hibernate-core-6.4.4.Final.jar:6.4.4.Final]
	at org.hibernate.internal.AbstractSharedSessionContract.buildNamedQuery(AbstractSharedSessionContract.java:1097) ~[hibernate-core-6.4.4.Final.jar:6.4.4.Final]
	at org.hibernate.internal.AbstractSharedSessionContract.createNamedQuery(AbstractSharedSessionContract.java:975) ~[hibernate-core-6.4.4.Final.jar:6.4.4.Final]
	at org.hibernate.internal.AbstractSharedSessionContract.createNamedQuery(AbstractSharedSessionContract.java:136) ~[hibernate-core-6.4.4.Final.jar:6.4.4.Final]
	at java.base/jdk.internal.reflect.DirectMethodHandleAccessor.invoke(DirectMethodHandleAccessor.java:103) ~[na:na]
	at java.base/java.lang.reflect.Method.invoke(Method.java:580) ~[na:na]
	at org.springframework.orm.jpa.ExtendedEntityManagerCreator$ExtendedEntityManagerInvocationHandler.invoke(ExtendedEntityManagerCreator.java:364) ~[spring-orm-6.1.4.jar:6.1.4]
	at jdk.proxy2/jdk.proxy2.$Proxy223.createNamedQuery(Unknown Source) ~[na:na]
	at org.springframework.data.jpa.repository.query.NamedQuery.hasNamedQuery(NamedQuery.java:113) ~[spring-data-jpa-3.2.3.jar:3.2.3]
	at org.springframework.data.jpa.repository.query.JpaQueryLookupStrategy$DeclaredQueryLookupStrategy.getCountQuery(JpaQueryLookupStrategy.java:204) ~[spring-data-jpa-3.2.3.jar:3.2.3]
	at org.springframework.data.jpa.repository.query.JpaQueryLookupStrategy$DeclaredQueryLookupStrategy.resolveQuery(JpaQueryLookupStrategy.java:171) ~[spring-data-jpa-3.2.3.jar:3.2.3]
	at org.springframework.data.jpa.repository.query.JpaQueryLookupStrategy$CreateIfNotFoundQueryLookupStrategy.resolveQuery(JpaQueryLookupStrategy.java:252) ~[spring-data-jpa-3.2.3.jar:3.2.3]
	at org.springframework.data.jpa.repository.query.JpaQueryLookupStrategy$AbstractQueryLookupStrategy.resolveQuery(JpaQueryLookupStrategy.java:95) ~[spring-data-jpa-3.2.3.jar:3.2.3]
	at org.springframework.data.repository.core.support.QueryExecutorMethodInterceptor.lookupQuery(QueryExecutorMethodInterceptor.java:111) ~[spring-data-commons-3.2.3.jar:3.2.3]
	at org.springframework.data.repository.core.support.QueryExecutorMethodInterceptor.mapMethodsToQuery(QueryExecutorMethodInterceptor.java:99) ~[spring-data-commons-3.2.3.jar:3.2.3]
	at org.springframework.data.repository.core.support.QueryExecutorMethodInterceptor.lambda$new$0(QueryExecutorMethodInterceptor.java:88) ~[spring-data-commons-3.2.3.jar:3.2.3]
	at java.base/java.util.Optional.map(Optional.java:260) ~[na:na]
	at org.springframework.data.repository.core.support.QueryExecutorMethodInterceptor.<init>(QueryExecutorMethodInterceptor.java:88) ~[spring-data-commons-3.2.3.jar:3.2.3]
	at org.springframework.data.repository.core.support.RepositoryFactorySupport.getRepository(RepositoryFactorySupport.java:357) ~[spring-data-commons-3.2.3.jar:3.2.3]
	at org.springframework.data.repository.core.support.RepositoryFactoryBeanSupport.lambda$afterPropertiesSet$5(RepositoryFactoryBeanSupport.java:279) ~[spring-data-commons-3.2.3.jar:3.2.3]
	at org.springframework.data.util.Lazy.getNullable(Lazy.java:135) ~[spring-data-commons-3.2.3.jar:3.2.3]
	at org.springframework.data.util.Lazy.get(Lazy.java:113) ~[spring-data-commons-3.2.3.jar:3.2.3]
	at org.springframework.data.repository.core.support.RepositoryFactoryBeanSupport.afterPropertiesSet(RepositoryFactoryBeanSupport.java:285) ~[spring-data-commons-3.2.3.jar:3.2.3]
	at org.springframework.data.jpa.repository.support.JpaRepositoryFactoryBean.afterPropertiesSet(JpaRepositoryFactoryBean.java:132) ~[spring-data-jpa-3.2.3.jar:3.2.3]
	at org.springframework.beans.factory.support.AbstractAutowireCapableBeanFactory.invokeInitMethods(AbstractAutowireCapableBeanFactory.java:1833) ~[spring-beans-6.1.4.jar:6.1.4]
	at org.springframework.beans.factory.support.AbstractAutowireCapableBeanFactory.initializeBean(AbstractAutowireCapableBeanFactory.java:1782) ~[spring-beans-6.1.4.jar:6.1.4]
	at org.springframework.beans.factory.support.AbstractAutowireCapableBeanFactory.doCreateBean(AbstractAutowireCapableBeanFactory.java:600) ~[spring-beans-6.1.4.jar:6.1.4]
	at org.springframework.beans.factory.support.AbstractAutowireCapableBeanFactory.createBean(AbstractAutowireCapableBeanFactory.java:522) ~[spring-beans-6.1.4.jar:6.1.4]
	at org.springframework.beans.factory.support.AbstractBeanFactory.lambda$doGetBean$0(AbstractBeanFactory.java:325) ~[spring-beans-6.1.4.jar:6.1.4]
	at org.springframework.beans.factory.support.DefaultSingletonBeanRegistry.getSingleton(DefaultSingletonBeanRegistry.java:234) ~[spring-beans-6.1.4.jar:6.1.4]
	at org.springframework.beans.factory.support.AbstractBeanFactory.doGetBean(AbstractBeanFactory.java:323) ~[spring-beans-6.1.4.jar:6.1.4]
	at org.springframework.beans.factory.support.AbstractBeanFactory.getBean(AbstractBeanFactory.java:199) ~[spring-beans-6.1.4.jar:6.1.4]
	at org.springframework.beans.factory.config.DependencyDescriptor.resolveCandidate(DependencyDescriptor.java:254) ~[spring-beans-6.1.4.jar:6.1.4]
	at org.springframework.beans.factory.support.DefaultListableBeanFactory.doResolveDependency(DefaultListableBeanFactory.java:1443) ~[spring-beans-6.1.4.jar:6.1.4]
	at org.springframework.beans.factory.support.DefaultListableBeanFactory.resolveDependency(DefaultListableBeanFactory.java:1353) ~[spring-beans-6.1.4.jar:6.1.4]
	at org.springframework.beans.factory.annotation.AutowiredAnnotationBeanPostProcessor$AutowiredFieldElement.resolveFieldValue(AutowiredAnnotationBeanPostProcessor.java:784) ~[spring-beans-6.1.4.jar:6.1.4]
	at org.springframework.beans.factory.annotation.AutowiredAnnotationBeanPostProcessor$AutowiredFieldElement.inject(AutowiredAnnotationBeanPostProcessor.java:767) ~[spring-beans-6.1.4.jar:6.1.4]
	at org.springframework.beans.factory.annotation.InjectionMetadata.inject(InjectionMetadata.java:145) ~[spring-beans-6.1.4.jar:6.1.4]
	at org.springframework.beans.factory.annotation.AutowiredAnnotationBeanPostProcessor.postProcessProperties(AutowiredAnnotationBeanPostProcessor.java:508) ~[spring-beans-6.1.4.jar:6.1.4]
	at org.springframework.beans.factory.support.AbstractAutowireCapableBeanFactory.populateBean(AbstractAutowireCapableBeanFactory.java:1419) ~[spring-beans-6.1.4.jar:6.1.4]
	at org.springframework.beans.factory.support.AbstractAutowireCapableBeanFactory.doCreateBean(AbstractAutowireCapableBeanFactory.java:599) ~[spring-beans-6.1.4.jar:6.1.4]
	at org.springframework.beans.factory.support.AbstractAutowireCapableBeanFactory.createBean(AbstractAutowireCapableBeanFactory.java:522) ~[spring-beans-6.1.4.jar:6.1.4]
	at org.springframework.beans.factory.support.AbstractBeanFactory.lambda$doGetBean$0(AbstractBeanFactory.java:325) ~[spring-beans-6.1.4.jar:6.1.4]
	at org.springframework.beans.factory.support.DefaultSingletonBeanRegistry.getSingleton(DefaultSingletonBeanRegistry.java:234) ~[spring-beans-6.1.4.jar:6.1.4]
	at org.springframework.beans.factory.support.AbstractBeanFactory.doGetBean(AbstractBeanFactory.java:323) ~[spring-beans-6.1.4.jar:6.1.4]
	at org.springframework.beans.factory.support.AbstractBeanFactory.getBean(AbstractBeanFactory.java:199) ~[spring-beans-6.1.4.jar:6.1.4]
	at org.springframework.beans.factory.support.DefaultListableBeanFactory.preInstantiateSingletons(DefaultListableBeanFactory.java:975) ~[spring-beans-6.1.4.jar:6.1.4]
	at org.springframework.context.support.AbstractApplicationContext.finishBeanFactoryInitialization(AbstractApplicationContext.java:959) ~[spring-context-6.1.4.jar:6.1.4]
	at org.springframework.context.support.AbstractApplicationContext.refresh(AbstractApplicationContext.java:624) ~[spring-context-6.1.4.jar:6.1.4]
	at org.springframework.boot.SpringApplication.refresh(SpringApplication.java:754) ~[spring-boot-3.2.3.jar:3.2.3]
	at org.springframework.boot.SpringApplication.refreshContext(SpringApplication.java:456) ~[spring-boot-3.2.3.jar:3.2.3]
	at org.springframework.boot.SpringApplication.run(SpringApplication.java:334) ~[spring-boot-3.2.3.jar:3.2.3]
	at org.springframework.boot.test.context.SpringBootContextLoader.lambda$loadContext$3(SpringBootContextLoader.java:137) ~[spring-boot-test-3.2.3.jar:3.2.3]
	at org.springframework.util.function.ThrowingSupplier.get(ThrowingSupplier.java:58) ~[spring-core-6.1.4.jar:6.1.4]
	at org.springframework.util.function.ThrowingSupplier.get(ThrowingSupplier.java:46) ~[spring-core-6.1.4.jar:6.1.4]
	at org.springframework.boot.SpringApplication.withHook(SpringApplication.java:1454) ~[spring-boot-3.2.3.jar:3.2.3]
	at org.springframework.boot.test.context.SpringBootContextLoader$ContextLoaderHook.run(SpringBootContextLoader.java:553) ~[spring-boot-test-3.2.3.jar:3.2.3]
	at org.springframework.boot.test.context.SpringBootContextLoader.loadContext(SpringBootContextLoader.java:137) ~[spring-boot-test-3.2.3.jar:3.2.3]
	at org.springframework.boot.test.context.SpringBootContextLoader.loadContext(SpringBootContextLoader.java:108) ~[spring-boot-test-3.2.3.jar:3.2.3]
	at org.springframework.test.context.cache.DefaultCacheAwareContextLoaderDelegate.loadContextInternal(DefaultCacheAwareContextLoaderDelegate.java:225) ~[spring-test-6.1.4.jar:6.1.4]
	at org.springframework.test.context.cache.DefaultCacheAwareContextLoaderDelegate.loadContext(DefaultCacheAwareContextLoaderDelegate.java:152) ~[spring-test-6.1.4.jar:6.1.4]
	at org.springframework.test.context.support.DefaultTestContext.getApplicationContext(DefaultTestContext.java:130) ~[spring-test-6.1.4.jar:6.1.4]
	at org.springframework.test.context.web.ServletTestExecutionListener.setUpRequestContextIfNecessary(ServletTestExecutionListener.java:191) ~[spring-test-6.1.4.jar:6.1.4]
	at org.springframework.test.context.web.ServletTestExecutionListener.prepareTestInstance(ServletTestExecutionListener.java:130) ~[spring-test-6.1.4.jar:6.1.4]
	at org.springframework.test.context.TestContextManager.prepareTestInstance(TestContextManager.java:260) ~[spring-test-6.1.4.jar:6.1.4]
	at org.springframework.test.context.junit.jupiter.SpringExtension.postProcessTestInstance(SpringExtension.java:163) ~[spring-test-6.1.4.jar:6.1.4]
	at org.junit.jupiter.engine.descriptor.ClassBasedTestDescriptor.lambda$invokeTestInstancePostProcessors$10(ClassBasedTestDescriptor.java:378) ~[junit-jupiter-engine-5.10.2.jar:5.10.2]
	at org.junit.jupiter.engine.descriptor.ClassBasedTestDescriptor.executeAndMaskThrowable(ClassBasedTestDescriptor.java:383) ~[junit-jupiter-engine-5.10.2.jar:5.10.2]
	at org.junit.jupiter.engine.descriptor.ClassBasedTestDescriptor.lambda$invokeTestInstancePostProcessors$11(ClassBasedTestDescriptor.java:378) ~[junit-jupiter-engine-5.10.2.jar:5.10.2]
	at java.base/java.util.stream.ReferencePipeline$3$1.accept(ReferencePipeline.java:197) ~[na:na]
	at java.base/java.util.stream.ReferencePipeline$2$1.accept(ReferencePipeline.java:179) ~[na:na]
	at java.base/java.util.ArrayList$ArrayListSpliterator.forEachRemaining(ArrayList.java:1708) ~[na:na]
	at java.base/java.util.stream.AbstractPipeline.copyInto(AbstractPipeline.java:509) ~[na:na]
	at java.base/java.util.stream.AbstractPipeline.wrapAndCopyInto(AbstractPipeline.java:499) ~[na:na]
	at java.base/java.util.stream.StreamSpliterators$WrappingSpliterator.forEachRemaining(StreamSpliterators.java:310) ~[na:na]
	at java.base/java.util.stream.Streams$ConcatSpliterator.forEachRemaining(Streams.java:735) ~[na:na]
	at java.base/java.util.stream.Streams$ConcatSpliterator.forEachRemaining(Streams.java:734) ~[na:na]
	at java.base/java.util.stream.ReferencePipeline$Head.forEach(ReferencePipeline.java:762) ~[na:na]
	at org.junit.jupiter.engine.descriptor.ClassBasedTestDescriptor.invokeTestInstancePostProcessors(ClassBasedTestDescriptor.java:377) ~[junit-jupiter-engine-5.10.2.jar:5.10.2]
	at org.junit.jupiter.engine.descriptor.ClassBasedTestDescriptor.lambda$instantiateAndPostProcessTestInstance$6(ClassBasedTestDescriptor.java:290) ~[junit-jupiter-engine-5.10.2.jar:5.10.2]
	at org.junit.platform.engine.support.hierarchical.ThrowableCollector.execute(ThrowableCollector.java:73) ~[junit-platform-engine-1.10.2.jar:1.10.2]
	at org.junit.jupiter.engine.descriptor.ClassBasedTestDescriptor.instantiateAndPostProcessTestInstance(ClassBasedTestDescriptor.java:289) ~[junit-jupiter-engine-5.10.2.jar:5.10.2]
	at org.junit.jupiter.engine.descriptor.ClassBasedTestDescriptor.lambda$testInstancesProvider$4(ClassBasedTestDescriptor.java:279) ~[junit-jupiter-engine-5.10.2.jar:5.10.2]
	at java.base/java.util.Optional.orElseGet(Optional.java:364) ~[na:na]
	at org.junit.jupiter.engine.descriptor.ClassBasedTestDescriptor.lambda$testInstancesProvider$5(ClassBasedTestDescriptor.java:278) ~[junit-jupiter-engine-5.10.2.jar:5.10.2]
	at org.junit.jupiter.engine.execution.TestInstancesProvider.getTestInstances(TestInstancesProvider.java:31) ~[junit-jupiter-engine-5.10.2.jar:5.10.2]
	at org.junit.jupiter.engine.descriptor.TestMethodTestDescriptor.lambda$prepare$0(TestMethodTestDescriptor.java:106) ~[junit-jupiter-engine-5.10.2.jar:5.10.2]
	at org.junit.platform.engine.support.hierarchical.ThrowableCollector.execute(ThrowableCollector.java:73) ~[junit-platform-engine-1.10.2.jar:1.10.2]
	at org.junit.jupiter.engine.descriptor.TestMethodTestDescriptor.prepare(TestMethodTestDescriptor.java:105) ~[junit-jupiter-engine-5.10.2.jar:5.10.2]
	at org.junit.jupiter.engine.descriptor.TestMethodTestDescriptor.prepare(TestMethodTestDescriptor.java:69) ~[junit-jupiter-engine-5.10.2.jar:5.10.2]
	at org.junit.platform.engine.support.hierarchical.NodeTestTask.lambda$prepare$2(NodeTestTask.java:123) ~[junit-platform-engine-1.10.2.jar:1.10.2]
	at org.junit.platform.engine.support.hierarchical.ThrowableCollector.execute(ThrowableCollector.java:73) ~[junit-platform-engine-1.10.2.jar:1.10.2]
	at org.junit.platform.engine.support.hierarchical.NodeTestTask.prepare(NodeTestTask.java:123) ~[junit-platform-engine-1.10.2.jar:1.10.2]
	at org.junit.platform.engine.support.hierarchical.NodeTestTask.execute(NodeTestTask.java:90) ~[junit-platform-engine-1.10.2.jar:1.10.2]
	at java.base/java.util.ArrayList.forEach(ArrayList.java:1596) ~[na:na]
	at org.junit.platform.engine.support.hierarchical.SameThreadHierarchicalTestExecutorService.invokeAll(SameThreadHierarchicalTestExecutorService.java:41) ~[junit-platform-engine-1.10.2.jar:1.10.2]
	at org.junit.platform.engine.support.hierarchical.NodeTestTask.lambda$executeRecursively$6(NodeTestTask.java:155) ~[junit-platform-engine-1.10.2.jar:1.10.2]
	at org.junit.platform.engine.support.hierarchical.ThrowableCollector.execute(ThrowableCollector.java:73) ~[junit-platform-engine-1.10.2.jar:1.10.2]
	at org.junit.platform.engine.support.hierarchical.NodeTestTask.lambda$executeRecursively$8(NodeTestTask.java:141) ~[junit-platform-engine-1.10.2.jar:1.10.2]
	at org.junit.platform.engine.support.hierarchical.Node.around(Node.java:137) ~[junit-platform-engine-1.10.2.jar:1.10.2]
	at org.junit.platform.engine.support.hierarchical.NodeTestTask.lambda$executeRecursively$9(NodeTestTask.java:139) ~[junit-platform-engine-1.10.2.jar:1.10.2]
	at org.junit.platform.engine.support.hierarchical.ThrowableCollector.execute(ThrowableCollector.java:73) ~[junit-platform-engine-1.10.2.jar:1.10.2]
	at org.junit.platform.engine.support.hierarchical.NodeTestTask.executeRecursively(NodeTestTask.java:138) ~[junit-platform-engine-1.10.2.jar:1.10.2]
	at org.junit.platform.engine.support.hierarchical.NodeTestTask.execute(NodeTestTask.java:95) ~[junit-platform-engine-1.10.2.jar:1.10.2]
	at java.base/java.util.ArrayList.forEach(ArrayList.java:1596) ~[na:na]
	at org.junit.platform.engine.support.hierarchical.SameThreadHierarchicalTestExecutorService.invokeAll(SameThreadHierarchicalTestExecutorService.java:41) ~[junit-platform-engine-1.10.2.jar:1.10.2]
	at org.junit.platform.engine.support.hierarchical.NodeTestTask.lambda$executeRecursively$6(NodeTestTask.java:155) ~[junit-platform-engine-1.10.2.jar:1.10.2]
	at org.junit.platform.engine.support.hierarchical.ThrowableCollector.execute(ThrowableCollector.java:73) ~[junit-platform-engine-1.10.2.jar:1.10.2]
	at org.junit.platform.engine.support.hierarchical.NodeTestTask.lambda$executeRecursively$8(NodeTestTask.java:141) ~[junit-platform-engine-1.10.2.jar:1.10.2]
	at org.junit.platform.engine.support.hierarchical.Node.around(Node.java:137) ~[junit-platform-engine-1.10.2.jar:1.10.2]
	at org.junit.platform.engine.support.hierarchical.NodeTestTask.lambda$executeRecursively$9(NodeTestTask.java:139) ~[junit-platform-engine-1.10.2.jar:1.10.2]
	at org.junit.platform.engine.support.hierarchical.ThrowableCollector.execute(ThrowableCollector.java:73) ~[junit-platform-engine-1.10.2.jar:1.10.2]
	at org.junit.platform.engine.support.hierarchical.NodeTestTask.executeRecursively(NodeTestTask.java:138) ~[junit-platform-engine-1.10.2.jar:1.10.2]
	at org.junit.platform.engine.support.hierarchical.NodeTestTask.execute(NodeTestTask.java:95) ~[junit-platform-engine-1.10.2.jar:1.10.2]
	at org.junit.platform.engine.support.hierarchical.SameThreadHierarchicalTestExecutorService.submit(SameThreadHierarchicalTestExecutorService.java:35) ~[junit-platform-engine-1.10.2.jar:1.10.2]
	at org.junit.platform.engine.support.hierarchical.HierarchicalTestExecutor.execute(HierarchicalTestExecutor.java:57) ~[junit-platform-engine-1.10.2.jar:1.10.2]
	at org.junit.platform.engine.support.hierarchical.HierarchicalTestEngine.execute(HierarchicalTestEngine.java:54) ~[junit-platform-engine-1.10.2.jar:1.10.2]
	at org.junit.platform.launcher.core.EngineExecutionOrchestrator.execute(EngineExecutionOrchestrator.java:198) ~[junit-platform-launcher-1.10.2.jar:1.10.2]
	at org.junit.platform.launcher.core.EngineExecutionOrchestrator.execute(EngineExecutionOrchestrator.java:169) ~[junit-platform-launcher-1.10.2.jar:1.10.2]
	at org.junit.platform.launcher.core.EngineExecutionOrchestrator.execute(EngineExecutionOrchestrator.java:93) ~[junit-platform-launcher-1.10.2.jar:1.10.2]
	at org.junit.platform.launcher.core.EngineExecutionOrchestrator.lambda$execute$0(EngineExecutionOrchestrator.java:58) ~[junit-platform-launcher-1.10.2.jar:1.10.2]
	at org.junit.platform.launcher.core.EngineExecutionOrchestrator.withInterceptedStreams(EngineExecutionOrchestrator.java:141) ~[junit-platform-launcher-1.10.2.jar:1.10.2]
	at org.junit.platform.launcher.core.EngineExecutionOrchestrator.execute(EngineExecutionOrchestrator.java:57) ~[junit-platform-launcher-1.10.2.jar:1.10.2]
	at org.junit.platform.launcher.core.DefaultLauncher.execute(DefaultLauncher.java:103) ~[junit-platform-launcher-1.10.2.jar:1.10.2]
	at org.junit.platform.launcher.core.DefaultLauncher.execute(DefaultLauncher.java:85) ~[junit-platform-launcher-1.10.2.jar:1.10.2]
	at org.junit.platform.launcher.core.DelegatingLauncher.execute(DelegatingLauncher.java:47) ~[junit-platform-launcher-1.10.2.jar:1.10.2]
	at org.apache.maven.surefire.junitplatform.LazyLauncher.execute(LazyLauncher.java:56) ~[surefire-junit-platform-3.1.2.jar:3.1.2]
	at org.apache.maven.surefire.junitplatform.JUnitPlatformProvider.execute(JUnitPlatformProvider.java:184) ~[surefire-junit-platform-3.1.2.jar:3.1.2]
	at org.apache.maven.surefire.junitplatform.JUnitPlatformProvider.invokeAllTests(JUnitPlatformProvider.java:148) ~[surefire-junit-platform-3.1.2.jar:3.1.2]
	at org.apache.maven.surefire.junitplatform.JUnitPlatformProvider.invoke(JUnitPlatformProvider.java:122) ~[surefire-junit-platform-3.1.2.jar:3.1.2]
	at org.apache.maven.surefire.booter.ForkedBooter.runSuitesInProcess(ForkedBooter.java:385) ~[surefire-booter-3.1.2.jar:3.1.2]
	at org.apache.maven.surefire.booter.ForkedBooter.execute(ForkedBooter.java:162) ~[surefire-booter-3.1.2.jar:3.1.2]
	at org.apache.maven.surefire.booter.ForkedBooter.run(ForkedBooter.java:507) ~[surefire-booter-3.1.2.jar:3.1.2]
	at org.apache.maven.surefire.booter.ForkedBooter.main(ForkedBooter.java:495) ~[surefire-booter-3.1.2.jar:3.1.2]

2024-05-12T12:06:04.607+03:00 DEBUG 34416 --- [           main] org.hibernate.orm.query.hql              : HQL : SELECT p FROM Post p JOIN p.comments c WHERE c.id = :commentId
2024-05-12T12:06:04.607+03:00 DEBUG 34416 --- [           main] o.h.o.q.hql.reservedWordAsIdentifier     : Encountered use of reserved word as identifier : =
2024-05-12T12:06:04.607+03:00 DEBUG 34416 --- [           main] org.hibernate.orm.query.sqm.creation     : Applying inferable type to SqmExpression [SqmNamedParameter(commentId)] : null -> SqmBasicValuedSimplePath(com.wellcare.wellcare.Models.Post(p).comments(c).{element}.id)
2024-05-12T12:06:04.607+03:00 DEBUG 34416 --- [           main] org.hibernate.orm.query.sqm.ast          : SqmStatement Tree :
    -> [select]
      -> [query-spec]
        -> [select]
          -> [selection]
            -> [root] - `com.wellcare.wellcare.Models.Post(p)`
              -> [joins]
                -> [attribute] - `com.wellcare.wellcare.Models.Post(p).comments(c)`
                    [fetched = false]
                <- [attribute] - `com.wellcare.wellcare.Models.Post(p).comments(c)`
              <- [joins]
            <- [root] - `com.wellcare.wellcare.Models.Post(p)`
          <- [selection]
        <- [select]
        -> [from]
          -> [root] - `com.wellcare.wellcare.Models.Post(p)`
            -> [joins]
              -> [attribute] - `com.wellcare.wellcare.Models.Post(p).comments(c)`
                  [fetched = false]
              <- [attribute] - `com.wellcare.wellcare.Models.Post(p).comments(c)`
            <- [joins]
          <- [root] - `com.wellcare.wellcare.Models.Post(p)`
        <- [from]
        -> [where]
          -> [EQUAL]
              -> [basic-path] - `com.wellcare.wellcare.Models.Post(p).comments(c).{element}.id`
              :commentId
          <- [EQUAL]
        <- [where]
      <- [query-spec]
    <- [select]

2024-05-12T12:06:04.615+03:00 DEBUG 34416 --- [           main] cResourceLocalTransactionCoordinatorImpl : JDBC transaction marked for rollback-only (exception provided for stack trace)

java.lang.Exception: exception just for purpose of providing stack trace
	at org.hibernate.resource.transaction.backend.jdbc.internal.JdbcResourceLocalTransactionCoordinatorImpl$TransactionDriverControlImpl.markRollbackOnly(JdbcResourceLocalTransactionCoordinatorImpl.java:310) ~[hibernate-core-6.4.4.Final.jar:6.4.4.Final]
	at org.hibernate.internal.AbstractSharedSessionContract.buildNamedQuery(AbstractSharedSessionContract.java:1097) ~[hibernate-core-6.4.4.Final.jar:6.4.4.Final]
	at org.hibernate.internal.AbstractSharedSessionContract.createNamedQuery(AbstractSharedSessionContract.java:975) ~[hibernate-core-6.4.4.Final.jar:6.4.4.Final]
	at org.hibernate.internal.AbstractSharedSessionContract.createNamedQuery(AbstractSharedSessionContract.java:136) ~[hibernate-core-6.4.4.Final.jar:6.4.4.Final]
	at java.base/jdk.internal.reflect.DirectMethodHandleAccessor.invoke(DirectMethodHandleAccessor.java:103) ~[na:na]
	at java.base/java.lang.reflect.Method.invoke(Method.java:580) ~[na:na]
	at org.springframework.orm.jpa.ExtendedEntityManagerCreator$ExtendedEntityManagerInvocationHandler.invoke(ExtendedEntityManagerCreator.java:364) ~[spring-orm-6.1.4.jar:6.1.4]
	at jdk.proxy2/jdk.proxy2.$Proxy223.createNamedQuery(Unknown Source) ~[na:na]
	at org.springframework.data.jpa.repository.query.NamedQuery.hasNamedQuery(NamedQuery.java:113) ~[spring-data-jpa-3.2.3.jar:3.2.3]
	at org.springframework.data.jpa.repository.query.JpaQueryLookupStrategy$DeclaredQueryLookupStrategy.getCountQuery(JpaQueryLookupStrategy.java:204) ~[spring-data-jpa-3.2.3.jar:3.2.3]
	at org.springframework.data.jpa.repository.query.JpaQueryLookupStrategy$DeclaredQueryLookupStrategy.resolveQuery(JpaQueryLookupStrategy.java:171) ~[spring-data-jpa-3.2.3.jar:3.2.3]
	at org.springframework.data.jpa.repository.query.JpaQueryLookupStrategy$CreateIfNotFoundQueryLookupStrategy.resolveQuery(JpaQueryLookupStrategy.java:252) ~[spring-data-jpa-3.2.3.jar:3.2.3]
	at org.springframework.data.jpa.repository.query.JpaQueryLookupStrategy$AbstractQueryLookupStrategy.resolveQuery(JpaQueryLookupStrategy.java:95) ~[spring-data-jpa-3.2.3.jar:3.2.3]
	at org.springframework.data.repository.core.support.QueryExecutorMethodInterceptor.lookupQuery(QueryExecutorMethodInterceptor.java:111) ~[spring-data-commons-3.2.3.jar:3.2.3]
	at org.springframework.data.repository.core.support.QueryExecutorMethodInterceptor.mapMethodsToQuery(QueryExecutorMethodInterceptor.java:99) ~[spring-data-commons-3.2.3.jar:3.2.3]
	at org.springframework.data.repository.core.support.QueryExecutorMethodInterceptor.lambda$new$0(QueryExecutorMethodInterceptor.java:88) ~[spring-data-commons-3.2.3.jar:3.2.3]
	at java.base/java.util.Optional.map(Optional.java:260) ~[na:na]
	at org.springframework.data.repository.core.support.QueryExecutorMethodInterceptor.<init>(QueryExecutorMethodInterceptor.java:88) ~[spring-data-commons-3.2.3.jar:3.2.3]
	at org.springframework.data.repository.core.support.RepositoryFactorySupport.getRepository(RepositoryFactorySupport.java:357) ~[spring-data-commons-3.2.3.jar:3.2.3]
	at org.springframework.data.repository.core.support.RepositoryFactoryBeanSupport.lambda$afterPropertiesSet$5(RepositoryFactoryBeanSupport.java:279) ~[spring-data-commons-3.2.3.jar:3.2.3]
	at org.springframework.data.util.Lazy.getNullable(Lazy.java:135) ~[spring-data-commons-3.2.3.jar:3.2.3]
	at org.springframework.data.util.Lazy.get(Lazy.java:113) ~[spring-data-commons-3.2.3.jar:3.2.3]
	at org.springframework.data.repository.core.support.RepositoryFactoryBeanSupport.afterPropertiesSet(RepositoryFactoryBeanSupport.java:285) ~[spring-data-commons-3.2.3.jar:3.2.3]
	at org.springframework.data.jpa.repository.support.JpaRepositoryFactoryBean.afterPropertiesSet(JpaRepositoryFactoryBean.java:132) ~[spring-data-jpa-3.2.3.jar:3.2.3]
	at org.springframework.beans.factory.support.AbstractAutowireCapableBeanFactory.invokeInitMethods(AbstractAutowireCapableBeanFactory.java:1833) ~[spring-beans-6.1.4.jar:6.1.4]
	at org.springframework.beans.factory.support.AbstractAutowireCapableBeanFactory.initializeBean(AbstractAutowireCapableBeanFactory.java:1782) ~[spring-beans-6.1.4.jar:6.1.4]
	at org.springframework.beans.factory.support.AbstractAutowireCapableBeanFactory.doCreateBean(AbstractAutowireCapableBeanFactory.java:600) ~[spring-beans-6.1.4.jar:6.1.4]
	at org.springframework.beans.factory.support.AbstractAutowireCapableBeanFactory.createBean(AbstractAutowireCapableBeanFactory.java:522) ~[spring-beans-6.1.4.jar:6.1.4]
	at org.springframework.beans.factory.support.AbstractBeanFactory.lambda$doGetBean$0(AbstractBeanFactory.java:325) ~[spring-beans-6.1.4.jar:6.1.4]
	at org.springframework.beans.factory.support.DefaultSingletonBeanRegistry.getSingleton(DefaultSingletonBeanRegistry.java:234) ~[spring-beans-6.1.4.jar:6.1.4]
	at org.springframework.beans.factory.support.AbstractBeanFactory.doGetBean(AbstractBeanFactory.java:323) ~[spring-beans-6.1.4.jar:6.1.4]
	at org.springframework.beans.factory.support.AbstractBeanFactory.getBean(AbstractBeanFactory.java:199) ~[spring-beans-6.1.4.jar:6.1.4]
	at org.springframework.beans.factory.config.DependencyDescriptor.resolveCandidate(DependencyDescriptor.java:254) ~[spring-beans-6.1.4.jar:6.1.4]
	at org.springframework.beans.factory.support.DefaultListableBeanFactory.doResolveDependency(DefaultListableBeanFactory.java:1443) ~[spring-beans-6.1.4.jar:6.1.4]
	at org.springframework.beans.factory.support.DefaultListableBeanFactory.resolveDependency(DefaultListableBeanFactory.java:1353) ~[spring-beans-6.1.4.jar:6.1.4]
	at org.springframework.beans.factory.annotation.AutowiredAnnotationBeanPostProcessor$AutowiredFieldElement.resolveFieldValue(AutowiredAnnotationBeanPostProcessor.java:784) ~[spring-beans-6.1.4.jar:6.1.4]
	at org.springframework.beans.factory.annotation.AutowiredAnnotationBeanPostProcessor$AutowiredFieldElement.inject(AutowiredAnnotationBeanPostProcessor.java:767) ~[spring-beans-6.1.4.jar:6.1.4]
	at org.springframework.beans.factory.annotation.InjectionMetadata.inject(InjectionMetadata.java:145) ~[spring-beans-6.1.4.jar:6.1.4]
	at org.springframework.beans.factory.annotation.AutowiredAnnotationBeanPostProcessor.postProcessProperties(AutowiredAnnotationBeanPostProcessor.java:508) ~[spring-beans-6.1.4.jar:6.1.4]
	at org.springframework.beans.factory.support.AbstractAutowireCapableBeanFactory.populateBean(AbstractAutowireCapableBeanFactory.java:1419) ~[spring-beans-6.1.4.jar:6.1.4]
	at org.springframework.beans.factory.support.AbstractAutowireCapableBeanFactory.doCreateBean(AbstractAutowireCapableBeanFactory.java:599) ~[spring-beans-6.1.4.jar:6.1.4]
	at org.springframework.beans.factory.support.AbstractAutowireCapableBeanFactory.createBean(AbstractAutowireCapableBeanFactory.java:522) ~[spring-beans-6.1.4.jar:6.1.4]
	at org.springframework.beans.factory.support.AbstractBeanFactory.lambda$doGetBean$0(AbstractBeanFactory.java:325) ~[spring-beans-6.1.4.jar:6.1.4]
	at org.springframework.beans.factory.support.DefaultSingletonBeanRegistry.getSingleton(DefaultSingletonBeanRegistry.java:234) ~[spring-beans-6.1.4.jar:6.1.4]
	at org.springframework.beans.factory.support.AbstractBeanFactory.doGetBean(AbstractBeanFactory.java:323) ~[spring-beans-6.1.4.jar:6.1.4]
	at org.springframework.beans.factory.support.AbstractBeanFactory.getBean(AbstractBeanFactory.java:199) ~[spring-beans-6.1.4.jar:6.1.4]
	at org.springframework.beans.factory.support.DefaultListableBeanFactory.preInstantiateSingletons(DefaultListableBeanFactory.java:975) ~[spring-beans-6.1.4.jar:6.1.4]
	at org.springframework.context.support.AbstractApplicationContext.finishBeanFactoryInitialization(AbstractApplicationContext.java:959) ~[spring-context-6.1.4.jar:6.1.4]
	at org.springframework.context.support.AbstractApplicationContext.refresh(AbstractApplicationContext.java:624) ~[spring-context-6.1.4.jar:6.1.4]
	at org.springframework.boot.SpringApplication.refresh(SpringApplication.java:754) ~[spring-boot-3.2.3.jar:3.2.3]
	at org.springframework.boot.SpringApplication.refreshContext(SpringApplication.java:456) ~[spring-boot-3.2.3.jar:3.2.3]
	at org.springframework.boot.SpringApplication.run(SpringApplication.java:334) ~[spring-boot-3.2.3.jar:3.2.3]
	at org.springframework.boot.test.context.SpringBootContextLoader.lambda$loadContext$3(SpringBootContextLoader.java:137) ~[spring-boot-test-3.2.3.jar:3.2.3]
	at org.springframework.util.function.ThrowingSupplier.get(ThrowingSupplier.java:58) ~[spring-core-6.1.4.jar:6.1.4]
	at org.springframework.util.function.ThrowingSupplier.get(ThrowingSupplier.java:46) ~[spring-core-6.1.4.jar:6.1.4]
	at org.springframework.boot.SpringApplication.withHook(SpringApplication.java:1454) ~[spring-boot-3.2.3.jar:3.2.3]
	at org.springframework.boot.test.context.SpringBootContextLoader$ContextLoaderHook.run(SpringBootContextLoader.java:553) ~[spring-boot-test-3.2.3.jar:3.2.3]
	at org.springframework.boot.test.context.SpringBootContextLoader.loadContext(SpringBootContextLoader.java:137) ~[spring-boot-test-3.2.3.jar:3.2.3]
	at org.springframework.boot.test.context.SpringBootContextLoader.loadContext(SpringBootContextLoader.java:108) ~[spring-boot-test-3.2.3.jar:3.2.3]
	at org.springframework.test.context.cache.DefaultCacheAwareContextLoaderDelegate.loadContextInternal(DefaultCacheAwareContextLoaderDelegate.java:225) ~[spring-test-6.1.4.jar:6.1.4]
	at org.springframework.test.context.cache.DefaultCacheAwareContextLoaderDelegate.loadContext(DefaultCacheAwareContextLoaderDelegate.java:152) ~[spring-test-6.1.4.jar:6.1.4]
	at org.springframework.test.context.support.DefaultTestContext.getApplicationContext(DefaultTestContext.java:130) ~[spring-test-6.1.4.jar:6.1.4]
	at org.springframework.test.context.web.ServletTestExecutionListener.setUpRequestContextIfNecessary(ServletTestExecutionListener.java:191) ~[spring-test-6.1.4.jar:6.1.4]
	at org.springframework.test.context.web.ServletTestExecutionListener.prepareTestInstance(ServletTestExecutionListener.java:130) ~[spring-test-6.1.4.jar:6.1.4]
	at org.springframework.test.context.TestContextManager.prepareTestInstance(TestContextManager.java:260) ~[spring-test-6.1.4.jar:6.1.4]
	at org.springframework.test.context.junit.jupiter.SpringExtension.postProcessTestInstance(SpringExtension.java:163) ~[spring-test-6.1.4.jar:6.1.4]
	at org.junit.jupiter.engine.descriptor.ClassBasedTestDescriptor.lambda$invokeTestInstancePostProcessors$10(ClassBasedTestDescriptor.java:378) ~[junit-jupiter-engine-5.10.2.jar:5.10.2]
	at org.junit.jupiter.engine.descriptor.ClassBasedTestDescriptor.executeAndMaskThrowable(ClassBasedTestDescriptor.java:383) ~[junit-jupiter-engine-5.10.2.jar:5.10.2]
	at org.junit.jupiter.engine.descriptor.ClassBasedTestDescriptor.lambda$invokeTestInstancePostProcessors$11(ClassBasedTestDescriptor.java:378) ~[junit-jupiter-engine-5.10.2.jar:5.10.2]
	at java.base/java.util.stream.ReferencePipeline$3$1.accept(ReferencePipeline.java:197) ~[na:na]
	at java.base/java.util.stream.ReferencePipeline$2$1.accept(ReferencePipeline.java:179) ~[na:na]
	at java.base/java.util.ArrayList$ArrayListSpliterator.forEachRemaining(ArrayList.java:1708) ~[na:na]
	at java.base/java.util.stream.AbstractPipeline.copyInto(AbstractPipeline.java:509) ~[na:na]
	at java.base/java.util.stream.AbstractPipeline.wrapAndCopyInto(AbstractPipeline.java:499) ~[na:na]
	at java.base/java.util.stream.StreamSpliterators$WrappingSpliterator.forEachRemaining(StreamSpliterators.java:310) ~[na:na]
	at java.base/java.util.stream.Streams$ConcatSpliterator.forEachRemaining(Streams.java:735) ~[na:na]
	at java.base/java.util.stream.Streams$ConcatSpliterator.forEachRemaining(Streams.java:734) ~[na:na]
	at java.base/java.util.stream.ReferencePipeline$Head.forEach(ReferencePipeline.java:762) ~[na:na]
	at org.junit.jupiter.engine.descriptor.ClassBasedTestDescriptor.invokeTestInstancePostProcessors(ClassBasedTestDescriptor.java:377) ~[junit-jupiter-engine-5.10.2.jar:5.10.2]
	at org.junit.jupiter.engine.descriptor.ClassBasedTestDescriptor.lambda$instantiateAndPostProcessTestInstance$6(ClassBasedTestDescriptor.java:290) ~[junit-jupiter-engine-5.10.2.jar:5.10.2]
	at org.junit.platform.engine.support.hierarchical.ThrowableCollector.execute(ThrowableCollector.java:73) ~[junit-platform-engine-1.10.2.jar:1.10.2]
	at org.junit.jupiter.engine.descriptor.ClassBasedTestDescriptor.instantiateAndPostProcessTestInstance(ClassBasedTestDescriptor.java:289) ~[junit-jupiter-engine-5.10.2.jar:5.10.2]
	at org.junit.jupiter.engine.descriptor.ClassBasedTestDescriptor.lambda$testInstancesProvider$4(ClassBasedTestDescriptor.java:279) ~[junit-jupiter-engine-5.10.2.jar:5.10.2]
	at java.base/java.util.Optional.orElseGet(Optional.java:364) ~[na:na]
	at org.junit.jupiter.engine.descriptor.ClassBasedTestDescriptor.lambda$testInstancesProvider$5(ClassBasedTestDescriptor.java:278) ~[junit-jupiter-engine-5.10.2.jar:5.10.2]
	at org.junit.jupiter.engine.execution.TestInstancesProvider.getTestInstances(TestInstancesProvider.java:31) ~[junit-jupiter-engine-5.10.2.jar:5.10.2]
	at org.junit.jupiter.engine.descriptor.TestMethodTestDescriptor.lambda$prepare$0(TestMethodTestDescriptor.java:106) ~[junit-jupiter-engine-5.10.2.jar:5.10.2]
	at org.junit.platform.engine.support.hierarchical.ThrowableCollector.execute(ThrowableCollector.java:73) ~[junit-platform-engine-1.10.2.jar:1.10.2]
	at org.junit.jupiter.engine.descriptor.TestMethodTestDescriptor.prepare(TestMethodTestDescriptor.java:105) ~[junit-jupiter-engine-5.10.2.jar:5.10.2]
	at org.junit.jupiter.engine.descriptor.TestMethodTestDescriptor.prepare(TestMethodTestDescriptor.java:69) ~[junit-jupiter-engine-5.10.2.jar:5.10.2]
	at org.junit.platform.engine.support.hierarchical.NodeTestTask.lambda$prepare$2(NodeTestTask.java:123) ~[junit-platform-engine-1.10.2.jar:1.10.2]
	at org.junit.platform.engine.support.hierarchical.ThrowableCollector.execute(ThrowableCollector.java:73) ~[junit-platform-engine-1.10.2.jar:1.10.2]
	at org.junit.platform.engine.support.hierarchical.NodeTestTask.prepare(NodeTestTask.java:123) ~[junit-platform-engine-1.10.2.jar:1.10.2]
	at org.junit.platform.engine.support.hierarchical.NodeTestTask.execute(NodeTestTask.java:90) ~[junit-platform-engine-1.10.2.jar:1.10.2]
	at java.base/java.util.ArrayList.forEach(ArrayList.java:1596) ~[na:na]
	at org.junit.platform.engine.support.hierarchical.SameThreadHierarchicalTestExecutorService.invokeAll(SameThreadHierarchicalTestExecutorService.java:41) ~[junit-platform-engine-1.10.2.jar:1.10.2]
	at org.junit.platform.engine.support.hierarchical.NodeTestTask.lambda$executeRecursively$6(NodeTestTask.java:155) ~[junit-platform-engine-1.10.2.jar:1.10.2]
	at org.junit.platform.engine.support.hierarchical.ThrowableCollector.execute(ThrowableCollector.java:73) ~[junit-platform-engine-1.10.2.jar:1.10.2]
	at org.junit.platform.engine.support.hierarchical.NodeTestTask.lambda$executeRecursively$8(NodeTestTask.java:141) ~[junit-platform-engine-1.10.2.jar:1.10.2]
	at org.junit.platform.engine.support.hierarchical.Node.around(Node.java:137) ~[junit-platform-engine-1.10.2.jar:1.10.2]
	at org.junit.platform.engine.support.hierarchical.NodeTestTask.lambda$executeRecursively$9(NodeTestTask.java:139) ~[junit-platform-engine-1.10.2.jar:1.10.2]
	at org.junit.platform.engine.support.hierarchical.ThrowableCollector.execute(ThrowableCollector.java:73) ~[junit-platform-engine-1.10.2.jar:1.10.2]
	at org.junit.platform.engine.support.hierarchical.NodeTestTask.executeRecursively(NodeTestTask.java:138) ~[junit-platform-engine-1.10.2.jar:1.10.2]
	at org.junit.platform.engine.support.hierarchical.NodeTestTask.execute(NodeTestTask.java:95) ~[junit-platform-engine-1.10.2.jar:1.10.2]
	at java.base/java.util.ArrayList.forEach(ArrayList.java:1596) ~[na:na]
	at org.junit.platform.engine.support.hierarchical.SameThreadHierarchicalTestExecutorService.invokeAll(SameThreadHierarchicalTestExecutorService.java:41) ~[junit-platform-engine-1.10.2.jar:1.10.2]
	at org.junit.platform.engine.support.hierarchical.NodeTestTask.lambda$executeRecursively$6(NodeTestTask.java:155) ~[junit-platform-engine-1.10.2.jar:1.10.2]
	at org.junit.platform.engine.support.hierarchical.ThrowableCollector.execute(ThrowableCollector.java:73) ~[junit-platform-engine-1.10.2.jar:1.10.2]
	at org.junit.platform.engine.support.hierarchical.NodeTestTask.lambda$executeRecursively$8(NodeTestTask.java:141) ~[junit-platform-engine-1.10.2.jar:1.10.2]
	at org.junit.platform.engine.support.hierarchical.Node.around(Node.java:137) ~[junit-platform-engine-1.10.2.jar:1.10.2]
	at org.junit.platform.engine.support.hierarchical.NodeTestTask.lambda$executeRecursively$9(NodeTestTask.java:139) ~[junit-platform-engine-1.10.2.jar:1.10.2]
	at org.junit.platform.engine.support.hierarchical.ThrowableCollector.execute(ThrowableCollector.java:73) ~[junit-platform-engine-1.10.2.jar:1.10.2]
	at org.junit.platform.engine.support.hierarchical.NodeTestTask.executeRecursively(NodeTestTask.java:138) ~[junit-platform-engine-1.10.2.jar:1.10.2]
	at org.junit.platform.engine.support.hierarchical.NodeTestTask.execute(NodeTestTask.java:95) ~[junit-platform-engine-1.10.2.jar:1.10.2]
	at org.junit.platform.engine.support.hierarchical.SameThreadHierarchicalTestExecutorService.submit(SameThreadHierarchicalTestExecutorService.java:35) ~[junit-platform-engine-1.10.2.jar:1.10.2]
	at org.junit.platform.engine.support.hierarchical.HierarchicalTestExecutor.execute(HierarchicalTestExecutor.java:57) ~[junit-platform-engine-1.10.2.jar:1.10.2]
	at org.junit.platform.engine.support.hierarchical.HierarchicalTestEngine.execute(HierarchicalTestEngine.java:54) ~[junit-platform-engine-1.10.2.jar:1.10.2]
	at org.junit.platform.launcher.core.EngineExecutionOrchestrator.execute(EngineExecutionOrchestrator.java:198) ~[junit-platform-launcher-1.10.2.jar:1.10.2]
	at org.junit.platform.launcher.core.EngineExecutionOrchestrator.execute(EngineExecutionOrchestrator.java:169) ~[junit-platform-launcher-1.10.2.jar:1.10.2]
	at org.junit.platform.launcher.core.EngineExecutionOrchestrator.execute(EngineExecutionOrchestrator.java:93) ~[junit-platform-launcher-1.10.2.jar:1.10.2]
	at org.junit.platform.launcher.core.EngineExecutionOrchestrator.lambda$execute$0(EngineExecutionOrchestrator.java:58) ~[junit-platform-launcher-1.10.2.jar:1.10.2]
	at org.junit.platform.launcher.core.EngineExecutionOrchestrator.withInterceptedStreams(EngineExecutionOrchestrator.java:141) ~[junit-platform-launcher-1.10.2.jar:1.10.2]
	at org.junit.platform.launcher.core.EngineExecutionOrchestrator.execute(EngineExecutionOrchestrator.java:57) ~[junit-platform-launcher-1.10.2.jar:1.10.2]
	at org.junit.platform.launcher.core.DefaultLauncher.execute(DefaultLauncher.java:103) ~[junit-platform-launcher-1.10.2.jar:1.10.2]
	at org.junit.platform.launcher.core.DefaultLauncher.execute(DefaultLauncher.java:85) ~[junit-platform-launcher-1.10.2.jar:1.10.2]
	at org.junit.platform.launcher.core.DelegatingLauncher.execute(DelegatingLauncher.java:47) ~[junit-platform-launcher-1.10.2.jar:1.10.2]
	at org.apache.maven.surefire.junitplatform.LazyLauncher.execute(LazyLauncher.java:56) ~[surefire-junit-platform-3.1.2.jar:3.1.2]
	at org.apache.maven.surefire.junitplatform.JUnitPlatformProvider.execute(JUnitPlatformProvider.java:184) ~[surefire-junit-platform-3.1.2.jar:3.1.2]
	at org.apache.maven.surefire.junitplatform.JUnitPlatformProvider.invokeAllTests(JUnitPlatformProvider.java:148) ~[surefire-junit-platform-3.1.2.jar:3.1.2]
	at org.apache.maven.surefire.junitplatform.JUnitPlatformProvider.invoke(JUnitPlatformProvider.java:122) ~[surefire-junit-platform-3.1.2.jar:3.1.2]
	at org.apache.maven.surefire.booter.ForkedBooter.runSuitesInProcess(ForkedBooter.java:385) ~[surefire-booter-3.1.2.jar:3.1.2]
	at org.apache.maven.surefire.booter.ForkedBooter.execute(ForkedBooter.java:162) ~[surefire-booter-3.1.2.jar:3.1.2]
	at org.apache.maven.surefire.booter.ForkedBooter.run(ForkedBooter.java:507) ~[surefire-booter-3.1.2.jar:3.1.2]
	at org.apache.maven.surefire.booter.ForkedBooter.main(ForkedBooter.java:495) ~[surefire-booter-3.1.2.jar:3.1.2]

2024-05-12T12:06:04.615+03:00 DEBUG 34416 --- [           main] org.hibernate.orm.query.hql              : HQL : SELECT p FROM Post p JOIN User u WHERE u.role = :role ORDER BY p.createdAt DESC
2024-05-12T12:06:04.615+03:00 DEBUG 34416 --- [           main] org.hibernate.orm.query.hql              : Unable to resolve unqualified attribute [User] in local from-clause
2024-05-12T12:06:04.621+03:00 DEBUG 34416 --- [           main] org.hibernate.orm.query.sqm.creation     : Applying inferable type to SqmExpression [SqmNamedParameter(role)] : null -> SqmBasicValuedSimplePath(com.wellcare.wellcare.Models.User(u).role)
2024-05-12T12:06:04.621+03:00 DEBUG 34416 --- [           main] org.hibernate.orm.query.sqm.ast          : SqmStatement Tree :
    -> [select]
      -> [query-spec]
        -> [select]
          -> [selection]
            -> [root] - `com.wellcare.wellcare.Models.Post(p)`
              -> [joins]
                -> [entity] - `com.wellcare.wellcare.Models.User(u)`
                <- [entity] - `com.wellcare.wellcare.Models.User(u)`
              <- [joins]
            <- [root] - `com.wellcare.wellcare.Models.Post(p)`
          <- [selection]
        <- [select]
        -> [from]
          -> [root] - `com.wellcare.wellcare.Models.Post(p)`
            -> [joins]
              -> [entity] - `com.wellcare.wellcare.Models.User(u)`
              <- [entity] - `com.wellcare.wellcare.Models.User(u)`
            <- [joins]
          <- [root] - `com.wellcare.wellcare.Models.Post(p)`
        <- [from]
        -> [where]
          -> [EQUAL]
              -> [basic-path] - `com.wellcare.wellcare.Models.User(u).role`
              :role
          <- [EQUAL]
        <- [where]
      <- [query-spec]
    <- [select]

2024-05-12T12:06:04.648+03:00 DEBUG 34416 --- [           main] cResourceLocalTransactionCoordinatorImpl : JDBC transaction marked for rollback-only (exception provided for stack trace)

java.lang.Exception: exception just for purpose of providing stack trace
	at org.hibernate.resource.transaction.backend.jdbc.internal.JdbcResourceLocalTransactionCoordinatorImpl$TransactionDriverControlImpl.markRollbackOnly(JdbcResourceLocalTransactionCoordinatorImpl.java:310) ~[hibernate-core-6.4.4.Final.jar:6.4.4.Final]
	at org.hibernate.internal.AbstractSharedSessionContract.buildNamedQuery(AbstractSharedSessionContract.java:1097) ~[hibernate-core-6.4.4.Final.jar:6.4.4.Final]
	at org.hibernate.internal.AbstractSharedSessionContract.createNamedQuery(AbstractSharedSessionContract.java:975) ~[hibernate-core-6.4.4.Final.jar:6.4.4.Final]
	at org.hibernate.internal.AbstractSharedSessionContract.createNamedQuery(AbstractSharedSessionContract.java:136) ~[hibernate-core-6.4.4.Final.jar:6.4.4.Final]
	at java.base/jdk.internal.reflect.DirectMethodHandleAccessor.invoke(DirectMethodHandleAccessor.java:103) ~[na:na]
	at java.base/java.lang.reflect.Method.invoke(Method.java:580) ~[na:na]
	at org.springframework.orm.jpa.ExtendedEntityManagerCreator$ExtendedEntityManagerInvocationHandler.invoke(ExtendedEntityManagerCreator.java:364) ~[spring-orm-6.1.4.jar:6.1.4]
	at jdk.proxy2/jdk.proxy2.$Proxy223.createNamedQuery(Unknown Source) ~[na:na]
	at org.springframework.data.jpa.repository.query.NamedQuery.hasNamedQuery(NamedQuery.java:113) ~[spring-data-jpa-3.2.3.jar:3.2.3]
	at org.springframework.data.jpa.repository.query.JpaQueryLookupStrategy$DeclaredQueryLookupStrategy.getCountQuery(JpaQueryLookupStrategy.java:204) ~[spring-data-jpa-3.2.3.jar:3.2.3]
	at org.springframework.data.jpa.repository.query.JpaQueryLookupStrategy$DeclaredQueryLookupStrategy.resolveQuery(JpaQueryLookupStrategy.java:171) ~[spring-data-jpa-3.2.3.jar:3.2.3]
	at org.springframework.data.jpa.repository.query.JpaQueryLookupStrategy$CreateIfNotFoundQueryLookupStrategy.resolveQuery(JpaQueryLookupStrategy.java:252) ~[spring-data-jpa-3.2.3.jar:3.2.3]
	at org.springframework.data.jpa.repository.query.JpaQueryLookupStrategy$AbstractQueryLookupStrategy.resolveQuery(JpaQueryLookupStrategy.java:95) ~[spring-data-jpa-3.2.3.jar:3.2.3]
	at org.springframework.data.repository.core.support.QueryExecutorMethodInterceptor.lookupQuery(QueryExecutorMethodInterceptor.java:111) ~[spring-data-commons-3.2.3.jar:3.2.3]
	at org.springframework.data.repository.core.support.QueryExecutorMethodInterceptor.mapMethodsToQuery(QueryExecutorMethodInterceptor.java:99) ~[spring-data-commons-3.2.3.jar:3.2.3]
	at org.springframework.data.repository.core.support.QueryExecutorMethodInterceptor.lambda$new$0(QueryExecutorMethodInterceptor.java:88) ~[spring-data-commons-3.2.3.jar:3.2.3]
	at java.base/java.util.Optional.map(Optional.java:260) ~[na:na]
	at org.springframework.data.repository.core.support.QueryExecutorMethodInterceptor.<init>(QueryExecutorMethodInterceptor.java:88) ~[spring-data-commons-3.2.3.jar:3.2.3]
	at org.springframework.data.repository.core.support.RepositoryFactorySupport.getRepository(RepositoryFactorySupport.java:357) ~[spring-data-commons-3.2.3.jar:3.2.3]
	at org.springframework.data.repository.core.support.RepositoryFactoryBeanSupport.lambda$afterPropertiesSet$5(RepositoryFactoryBeanSupport.java:279) ~[spring-data-commons-3.2.3.jar:3.2.3]
	at org.springframework.data.util.Lazy.getNullable(Lazy.java:135) ~[spring-data-commons-3.2.3.jar:3.2.3]
	at org.springframework.data.util.Lazy.get(Lazy.java:113) ~[spring-data-commons-3.2.3.jar:3.2.3]
	at org.springframework.data.repository.core.support.RepositoryFactoryBeanSupport.afterPropertiesSet(RepositoryFactoryBeanSupport.java:285) ~[spring-data-commons-3.2.3.jar:3.2.3]
	at org.springframework.data.jpa.repository.support.JpaRepositoryFactoryBean.afterPropertiesSet(JpaRepositoryFactoryBean.java:132) ~[spring-data-jpa-3.2.3.jar:3.2.3]
	at org.springframework.beans.factory.support.AbstractAutowireCapableBeanFactory.invokeInitMethods(AbstractAutowireCapableBeanFactory.java:1833) ~[spring-beans-6.1.4.jar:6.1.4]
	at org.springframework.beans.factory.support.AbstractAutowireCapableBeanFactory.initializeBean(AbstractAutowireCapableBeanFactory.java:1782) ~[spring-beans-6.1.4.jar:6.1.4]
	at org.springframework.beans.factory.support.AbstractAutowireCapableBeanFactory.doCreateBean(AbstractAutowireCapableBeanFactory.java:600) ~[spring-beans-6.1.4.jar:6.1.4]
	at org.springframework.beans.factory.support.AbstractAutowireCapableBeanFactory.createBean(AbstractAutowireCapableBeanFactory.java:522) ~[spring-beans-6.1.4.jar:6.1.4]
	at org.springframework.beans.factory.support.AbstractBeanFactory.lambda$doGetBean$0(AbstractBeanFactory.java:325) ~[spring-beans-6.1.4.jar:6.1.4]
	at org.springframework.beans.factory.support.DefaultSingletonBeanRegistry.getSingleton(DefaultSingletonBeanRegistry.java:234) ~[spring-beans-6.1.4.jar:6.1.4]
	at org.springframework.beans.factory.support.AbstractBeanFactory.doGetBean(AbstractBeanFactory.java:323) ~[spring-beans-6.1.4.jar:6.1.4]
	at org.springframework.beans.factory.support.AbstractBeanFactory.getBean(AbstractBeanFactory.java:199) ~[spring-beans-6.1.4.jar:6.1.4]
	at org.springframework.beans.factory.config.DependencyDescriptor.resolveCandidate(DependencyDescriptor.java:254) ~[spring-beans-6.1.4.jar:6.1.4]
	at org.springframework.beans.factory.support.DefaultListableBeanFactory.doResolveDependency(DefaultListableBeanFactory.java:1443) ~[spring-beans-6.1.4.jar:6.1.4]
	at org.springframework.beans.factory.support.DefaultListableBeanFactory.resolveDependency(DefaultListableBeanFactory.java:1353) ~[spring-beans-6.1.4.jar:6.1.4]
	at org.springframework.beans.factory.annotation.AutowiredAnnotationBeanPostProcessor$AutowiredFieldElement.resolveFieldValue(AutowiredAnnotationBeanPostProcessor.java:784) ~[spring-beans-6.1.4.jar:6.1.4]
	at org.springframework.beans.factory.annotation.AutowiredAnnotationBeanPostProcessor$AutowiredFieldElement.inject(AutowiredAnnotationBeanPostProcessor.java:767) ~[spring-beans-6.1.4.jar:6.1.4]
	at org.springframework.beans.factory.annotation.InjectionMetadata.inject(InjectionMetadata.java:145) ~[spring-beans-6.1.4.jar:6.1.4]
	at org.springframework.beans.factory.annotation.AutowiredAnnotationBeanPostProcessor.postProcessProperties(AutowiredAnnotationBeanPostProcessor.java:508) ~[spring-beans-6.1.4.jar:6.1.4]
	at org.springframework.beans.factory.support.AbstractAutowireCapableBeanFactory.populateBean(AbstractAutowireCapableBeanFactory.java:1419) ~[spring-beans-6.1.4.jar:6.1.4]
	at org.springframework.beans.factory.support.AbstractAutowireCapableBeanFactory.doCreateBean(AbstractAutowireCapableBeanFactory.java:599) ~[spring-beans-6.1.4.jar:6.1.4]
	at org.springframework.beans.factory.support.AbstractAutowireCapableBeanFactory.createBean(AbstractAutowireCapableBeanFactory.java:522) ~[spring-beans-6.1.4.jar:6.1.4]
	at org.springframework.beans.factory.support.AbstractBeanFactory.lambda$doGetBean$0(AbstractBeanFactory.java:325) ~[spring-beans-6.1.4.jar:6.1.4]
	at org.springframework.beans.factory.support.DefaultSingletonBeanRegistry.getSingleton(DefaultSingletonBeanRegistry.java:234) ~[spring-beans-6.1.4.jar:6.1.4]
	at org.springframework.beans.factory.support.AbstractBeanFactory.doGetBean(AbstractBeanFactory.java:323) ~[spring-beans-6.1.4.jar:6.1.4]
	at org.springframework.beans.factory.support.AbstractBeanFactory.getBean(AbstractBeanFactory.java:199) ~[spring-beans-6.1.4.jar:6.1.4]
	at org.springframework.beans.factory.support.DefaultListableBeanFactory.preInstantiateSingletons(DefaultListableBeanFactory.java:975) ~[spring-beans-6.1.4.jar:6.1.4]
	at org.springframework.context.support.AbstractApplicationContext.finishBeanFactoryInitialization(AbstractApplicationContext.java:959) ~[spring-context-6.1.4.jar:6.1.4]
	at org.springframework.context.support.AbstractApplicationContext.refresh(AbstractApplicationContext.java:624) ~[spring-context-6.1.4.jar:6.1.4]
	at org.springframework.boot.SpringApplication.refresh(SpringApplication.java:754) ~[spring-boot-3.2.3.jar:3.2.3]
	at org.springframework.boot.SpringApplication.refreshContext(SpringApplication.java:456) ~[spring-boot-3.2.3.jar:3.2.3]
	at org.springframework.boot.SpringApplication.run(SpringApplication.java:334) ~[spring-boot-3.2.3.jar:3.2.3]
	at org.springframework.boot.test.context.SpringBootContextLoader.lambda$loadContext$3(SpringBootContextLoader.java:137) ~[spring-boot-test-3.2.3.jar:3.2.3]
	at org.springframework.util.function.ThrowingSupplier.get(ThrowingSupplier.java:58) ~[spring-core-6.1.4.jar:6.1.4]
	at org.springframework.util.function.ThrowingSupplier.get(ThrowingSupplier.java:46) ~[spring-core-6.1.4.jar:6.1.4]
	at org.springframework.boot.SpringApplication.withHook(SpringApplication.java:1454) ~[spring-boot-3.2.3.jar:3.2.3]
	at org.springframework.boot.test.context.SpringBootContextLoader$ContextLoaderHook.run(SpringBootContextLoader.java:553) ~[spring-boot-test-3.2.3.jar:3.2.3]
	at org.springframework.boot.test.context.SpringBootContextLoader.loadContext(SpringBootContextLoader.java:137) ~[spring-boot-test-3.2.3.jar:3.2.3]
	at org.springframework.boot.test.context.SpringBootContextLoader.loadContext(SpringBootContextLoader.java:108) ~[spring-boot-test-3.2.3.jar:3.2.3]
	at org.springframework.test.context.cache.DefaultCacheAwareContextLoaderDelegate.loadContextInternal(DefaultCacheAwareContextLoaderDelegate.java:225) ~[spring-test-6.1.4.jar:6.1.4]
	at org.springframework.test.context.cache.DefaultCacheAwareContextLoaderDelegate.loadContext(DefaultCacheAwareContextLoaderDelegate.java:152) ~[spring-test-6.1.4.jar:6.1.4]
	at org.springframework.test.context.support.DefaultTestContext.getApplicationContext(DefaultTestContext.java:130) ~[spring-test-6.1.4.jar:6.1.4]
	at org.springframework.test.context.web.ServletTestExecutionListener.setUpRequestContextIfNecessary(ServletTestExecutionListener.java:191) ~[spring-test-6.1.4.jar:6.1.4]
	at org.springframework.test.context.web.ServletTestExecutionListener.prepareTestInstance(ServletTestExecutionListener.java:130) ~[spring-test-6.1.4.jar:6.1.4]
	at org.springframework.test.context.TestContextManager.prepareTestInstance(TestContextManager.java:260) ~[spring-test-6.1.4.jar:6.1.4]
	at org.springframework.test.context.junit.jupiter.SpringExtension.postProcessTestInstance(SpringExtension.java:163) ~[spring-test-6.1.4.jar:6.1.4]
	at org.junit.jupiter.engine.descriptor.ClassBasedTestDescriptor.lambda$invokeTestInstancePostProcessors$10(ClassBasedTestDescriptor.java:378) ~[junit-jupiter-engine-5.10.2.jar:5.10.2]
	at org.junit.jupiter.engine.descriptor.ClassBasedTestDescriptor.executeAndMaskThrowable(ClassBasedTestDescriptor.java:383) ~[junit-jupiter-engine-5.10.2.jar:5.10.2]
	at org.junit.jupiter.engine.descriptor.ClassBasedTestDescriptor.lambda$invokeTestInstancePostProcessors$11(ClassBasedTestDescriptor.java:378) ~[junit-jupiter-engine-5.10.2.jar:5.10.2]
	at java.base/java.util.stream.ReferencePipeline$3$1.accept(ReferencePipeline.java:197) ~[na:na]
	at java.base/java.util.stream.ReferencePipeline$2$1.accept(ReferencePipeline.java:179) ~[na:na]
	at java.base/java.util.ArrayList$ArrayListSpliterator.forEachRemaining(ArrayList.java:1708) ~[na:na]
	at java.base/java.util.stream.AbstractPipeline.copyInto(AbstractPipeline.java:509) ~[na:na]
	at java.base/java.util.stream.AbstractPipeline.wrapAndCopyInto(AbstractPipeline.java:499) ~[na:na]
	at java.base/java.util.stream.StreamSpliterators$WrappingSpliterator.forEachRemaining(StreamSpliterators.java:310) ~[na:na]
	at java.base/java.util.stream.Streams$ConcatSpliterator.forEachRemaining(Streams.java:735) ~[na:na]
	at java.base/java.util.stream.Streams$ConcatSpliterator.forEachRemaining(Streams.java:734) ~[na:na]
	at java.base/java.util.stream.ReferencePipeline$Head.forEach(ReferencePipeline.java:762) ~[na:na]
	at org.junit.jupiter.engine.descriptor.ClassBasedTestDescriptor.invokeTestInstancePostProcessors(ClassBasedTestDescriptor.java:377) ~[junit-jupiter-engine-5.10.2.jar:5.10.2]
	at org.junit.jupiter.engine.descriptor.ClassBasedTestDescriptor.lambda$instantiateAndPostProcessTestInstance$6(ClassBasedTestDescriptor.java:290) ~[junit-jupiter-engine-5.10.2.jar:5.10.2]
	at org.junit.platform.engine.support.hierarchical.ThrowableCollector.execute(ThrowableCollector.java:73) ~[junit-platform-engine-1.10.2.jar:1.10.2]
	at org.junit.jupiter.engine.descriptor.ClassBasedTestDescriptor.instantiateAndPostProcessTestInstance(ClassBasedTestDescriptor.java:289) ~[junit-jupiter-engine-5.10.2.jar:5.10.2]
	at org.junit.jupiter.engine.descriptor.ClassBasedTestDescriptor.lambda$testInstancesProvider$4(ClassBasedTestDescriptor.java:279) ~[junit-jupiter-engine-5.10.2.jar:5.10.2]
	at java.base/java.util.Optional.orElseGet(Optional.java:364) ~[na:na]
	at org.junit.jupiter.engine.descriptor.ClassBasedTestDescriptor.lambda$testInstancesProvider$5(ClassBasedTestDescriptor.java:278) ~[junit-jupiter-engine-5.10.2.jar:5.10.2]
	at org.junit.jupiter.engine.execution.TestInstancesProvider.getTestInstances(TestInstancesProvider.java:31) ~[junit-jupiter-engine-5.10.2.jar:5.10.2]
	at org.junit.jupiter.engine.descriptor.TestMethodTestDescriptor.lambda$prepare$0(TestMethodTestDescriptor.java:106) ~[junit-jupiter-engine-5.10.2.jar:5.10.2]
	at org.junit.platform.engine.support.hierarchical.ThrowableCollector.execute(ThrowableCollector.java:73) ~[junit-platform-engine-1.10.2.jar:1.10.2]
	at org.junit.jupiter.engine.descriptor.TestMethodTestDescriptor.prepare(TestMethodTestDescriptor.java:105) ~[junit-jupiter-engine-5.10.2.jar:5.10.2]
	at org.junit.jupiter.engine.descriptor.TestMethodTestDescriptor.prepare(TestMethodTestDescriptor.java:69) ~[junit-jupiter-engine-5.10.2.jar:5.10.2]
	at org.junit.platform.engine.support.hierarchical.NodeTestTask.lambda$prepare$2(NodeTestTask.java:123) ~[junit-platform-engine-1.10.2.jar:1.10.2]
	at org.junit.platform.engine.support.hierarchical.ThrowableCollector.execute(ThrowableCollector.java:73) ~[junit-platform-engine-1.10.2.jar:1.10.2]
	at org.junit.platform.engine.support.hierarchical.NodeTestTask.prepare(NodeTestTask.java:123) ~[junit-platform-engine-1.10.2.jar:1.10.2]
	at org.junit.platform.engine.support.hierarchical.NodeTestTask.execute(NodeTestTask.java:90) ~[junit-platform-engine-1.10.2.jar:1.10.2]
	at java.base/java.util.ArrayList.forEach(ArrayList.java:1596) ~[na:na]
	at org.junit.platform.engine.support.hierarchical.SameThreadHierarchicalTestExecutorService.invokeAll(SameThreadHierarchicalTestExecutorService.java:41) ~[junit-platform-engine-1.10.2.jar:1.10.2]
	at org.junit.platform.engine.support.hierarchical.NodeTestTask.lambda$executeRecursively$6(NodeTestTask.java:155) ~[junit-platform-engine-1.10.2.jar:1.10.2]
	at org.junit.platform.engine.support.hierarchical.ThrowableCollector.execute(ThrowableCollector.java:73) ~[junit-platform-engine-1.10.2.jar:1.10.2]
	at org.junit.platform.engine.support.hierarchical.NodeTestTask.lambda$executeRecursively$8(NodeTestTask.java:141) ~[junit-platform-engine-1.10.2.jar:1.10.2]
	at org.junit.platform.engine.support.hierarchical.Node.around(Node.java:137) ~[junit-platform-engine-1.10.2.jar:1.10.2]
	at org.junit.platform.engine.support.hierarchical.NodeTestTask.lambda$executeRecursively$9(NodeTestTask.java:139) ~[junit-platform-engine-1.10.2.jar:1.10.2]
	at org.junit.platform.engine.support.hierarchical.ThrowableCollector.execute(ThrowableCollector.java:73) ~[junit-platform-engine-1.10.2.jar:1.10.2]
	at org.junit.platform.engine.support.hierarchical.NodeTestTask.executeRecursively(NodeTestTask.java:138) ~[junit-platform-engine-1.10.2.jar:1.10.2]
	at org.junit.platform.engine.support.hierarchical.NodeTestTask.execute(NodeTestTask.java:95) ~[junit-platform-engine-1.10.2.jar:1.10.2]
	at java.base/java.util.ArrayList.forEach(ArrayList.java:1596) ~[na:na]
	at org.junit.platform.engine.support.hierarchical.SameThreadHierarchicalTestExecutorService.invokeAll(SameThreadHierarchicalTestExecutorService.java:41) ~[junit-platform-engine-1.10.2.jar:1.10.2]
	at org.junit.platform.engine.support.hierarchical.NodeTestTask.lambda$executeRecursively$6(NodeTestTask.java:155) ~[junit-platform-engine-1.10.2.jar:1.10.2]
	at org.junit.platform.engine.support.hierarchical.ThrowableCollector.execute(ThrowableCollector.java:73) ~[junit-platform-engine-1.10.2.jar:1.10.2]
	at org.junit.platform.engine.support.hierarchical.NodeTestTask.lambda$executeRecursively$8(NodeTestTask.java:141) ~[junit-platform-engine-1.10.2.jar:1.10.2]
	at org.junit.platform.engine.support.hierarchical.Node.around(Node.java:137) ~[junit-platform-engine-1.10.2.jar:1.10.2]
	at org.junit.platform.engine.support.hierarchical.NodeTestTask.lambda$executeRecursively$9(NodeTestTask.java:139) ~[junit-platform-engine-1.10.2.jar:1.10.2]
	at org.junit.platform.engine.support.hierarchical.ThrowableCollector.execute(ThrowableCollector.java:73) ~[junit-platform-engine-1.10.2.jar:1.10.2]
	at org.junit.platform.engine.support.hierarchical.NodeTestTask.executeRecursively(NodeTestTask.java:138) ~[junit-platform-engine-1.10.2.jar:1.10.2]
	at org.junit.platform.engine.support.hierarchical.NodeTestTask.execute(NodeTestTask.java:95) ~[junit-platform-engine-1.10.2.jar:1.10.2]
	at org.junit.platform.engine.support.hierarchical.SameThreadHierarchicalTestExecutorService.submit(SameThreadHierarchicalTestExecutorService.java:35) ~[junit-platform-engine-1.10.2.jar:1.10.2]
	at org.junit.platform.engine.support.hierarchical.HierarchicalTestExecutor.execute(HierarchicalTestExecutor.java:57) ~[junit-platform-engine-1.10.2.jar:1.10.2]
	at org.junit.platform.engine.support.hierarchical.HierarchicalTestEngine.execute(HierarchicalTestEngine.java:54) ~[junit-platform-engine-1.10.2.jar:1.10.2]
	at org.junit.platform.launcher.core.EngineExecutionOrchestrator.execute(EngineExecutionOrchestrator.java:198) ~[junit-platform-launcher-1.10.2.jar:1.10.2]
	at org.junit.platform.launcher.core.EngineExecutionOrchestrator.execute(EngineExecutionOrchestrator.java:169) ~[junit-platform-launcher-1.10.2.jar:1.10.2]
	at org.junit.platform.launcher.core.EngineExecutionOrchestrator.execute(EngineExecutionOrchestrator.java:93) ~[junit-platform-launcher-1.10.2.jar:1.10.2]
	at org.junit.platform.launcher.core.EngineExecutionOrchestrator.lambda$execute$0(EngineExecutionOrchestrator.java:58) ~[junit-platform-launcher-1.10.2.jar:1.10.2]
	at org.junit.platform.launcher.core.EngineExecutionOrchestrator.withInterceptedStreams(EngineExecutionOrchestrator.java:141) ~[junit-platform-launcher-1.10.2.jar:1.10.2]
	at org.junit.platform.launcher.core.EngineExecutionOrchestrator.execute(EngineExecutionOrchestrator.java:57) ~[junit-platform-launcher-1.10.2.jar:1.10.2]
	at org.junit.platform.launcher.core.DefaultLauncher.execute(DefaultLauncher.java:103) ~[junit-platform-launcher-1.10.2.jar:1.10.2]
	at org.junit.platform.launcher.core.DefaultLauncher.execute(DefaultLauncher.java:85) ~[junit-platform-launcher-1.10.2.jar:1.10.2]
	at org.junit.platform.launcher.core.DelegatingLauncher.execute(DelegatingLauncher.java:47) ~[junit-platform-launcher-1.10.2.jar:1.10.2]
	at org.apache.maven.surefire.junitplatform.LazyLauncher.execute(LazyLauncher.java:56) ~[surefire-junit-platform-3.1.2.jar:3.1.2]
	at org.apache.maven.surefire.junitplatform.JUnitPlatformProvider.execute(JUnitPlatformProvider.java:184) ~[surefire-junit-platform-3.1.2.jar:3.1.2]
	at org.apache.maven.surefire.junitplatform.JUnitPlatformProvider.invokeAllTests(JUnitPlatformProvider.java:148) ~[surefire-junit-platform-3.1.2.jar:3.1.2]
	at org.apache.maven.surefire.junitplatform.JUnitPlatformProvider.invoke(JUnitPlatformProvider.java:122) ~[surefire-junit-platform-3.1.2.jar:3.1.2]
	at org.apache.maven.surefire.booter.ForkedBooter.runSuitesInProcess(ForkedBooter.java:385) ~[surefire-booter-3.1.2.jar:3.1.2]
	at org.apache.maven.surefire.booter.ForkedBooter.execute(ForkedBooter.java:162) ~[surefire-booter-3.1.2.jar:3.1.2]
	at org.apache.maven.surefire.booter.ForkedBooter.run(ForkedBooter.java:507) ~[surefire-booter-3.1.2.jar:3.1.2]
	at org.apache.maven.surefire.booter.ForkedBooter.main(ForkedBooter.java:495) ~[surefire-booter-3.1.2.jar:3.1.2]

2024-05-12T12:06:04.649+03:00 DEBUG 34416 --- [           main] org.hibernate.orm.query.hql              : HQL : SELECT c FROM Comment c WHERE c.id IN (SELECT cm.id FROM Post p JOIN p.comments cm WHERE p = ?1)
2024-05-12T12:06:04.655+03:00 DEBUG 34416 --- [           main] o.h.o.q.hql.reservedWordAsIdentifier     : Encountered use of reserved word as identifier : IN
2024-05-12T12:06:04.656+03:00 DEBUG 34416 --- [           main] o.h.o.q.hql.reservedWordAsIdentifier     : Encountered use of reserved word as identifier : FROM
2024-05-12T12:06:04.663+03:00 DEBUG 34416 --- [           main] org.hibernate.orm.query.sqm.creation     : Applying inferable type to SqmExpression [SqmPositionalParameter(1)] : null -> Post
2024-05-12T12:06:04.663+03:00 DEBUG 34416 --- [           main] org.hibernate.orm.query.sqm.ast          : SqmStatement Tree :
    -> [select]
      -> [query-spec]
        -> [select]
          -> [selection]
            -> [root] - `com.wellcare.wellcare.Models.Comment(c)`
            <- [root] - `com.wellcare.wellcare.Models.Comment(c)`
          <- [selection]
        <- [select]
        -> [from]
          -> [root] - `com.wellcare.wellcare.Models.Comment(c)`
          <- [root] - `com.wellcare.wellcare.Models.Comment(c)`
        <- [from]
        -> [where]
        <- [where]
      <- [query-spec]
    <- [select]

2024-05-12T12:06:04.845+03:00  INFO 34416 --- [           main] o.s.b.a.e.web.EndpointLinksResolver      : Exposing 1 endpoint(s) beneath base path '/actuator'
2024-05-12T12:06:04.861+03:00  INFO 34416 --- [           main] o.s.s.web.DefaultSecurityFilterChain     : Will secure any request with [org.springframework.security.web.session.DisableEncodeUrlFilter@1d51a5d7, org.springframework.security.web.context.request.async.WebAsyncManagerIntegrationFilter@77ba85e9, org.springframework.security.web.context.SecurityContextHolderFilter@615c851f, org.springframework.security.web.header.HeaderWriterFilter@6ec2e728, org.springframework.web.filter.CorsFilter@7bcb44e4, org.springframework.security.web.authentication.logout.LogoutFilter@5f305cca, authenticationJwtTokenFilter bean, org.springframework.security.web.savedrequest.RequestCacheAwareFilter@6dff6ce, org.springframework.security.web.servletapi.SecurityContextHolderAwareRequestFilter@5cd0cc5b, org.springframework.security.web.authentication.AnonymousAuthenticationFilter@4131dfd9, org.springframework.security.web.access.ExceptionTranslationFilter@7b9b0006, org.springframework.security.web.access.intercept.AuthorizationFilter@4e9492b6]
2024-05-12T12:06:04.893+03:00 DEBUG 34416 --- [           main] .h.v.m.ResourceBundleMessageInterpolator : Loaded expression factory via original TCCL
2024-05-12T12:06:04.893+03:00 DEBUG 34416 --- [           main] o.h.v.i.e.AbstractConfigurationImpl      : Setting custom MessageInterpolator of type org.springframework.validation.beanvalidation.LocaleContextMessageInterpolator
2024-05-12T12:06:04.893+03:00 DEBUG 34416 --- [           main] o.h.v.i.e.AbstractConfigurationImpl      : Setting custom ConstraintValidatorFactory of type org.springframework.validation.beanvalidation.SpringConstraintValidatorFactory
2024-05-12T12:06:04.898+03:00 DEBUG 34416 --- [           main] o.h.v.i.xml.config.ValidationXmlParser   : Trying to load META-INF/validation.xml for XML based Validator configuration.
2024-05-12T12:06:04.898+03:00 DEBUG 34416 --- [           main] o.h.v.i.xml.config.ResourceLoaderHelper  : Trying to load META-INF/validation.xml via user class loader
2024-05-12T12:06:04.898+03:00 DEBUG 34416 --- [           main] o.h.v.i.xml.config.ResourceLoaderHelper  : Trying to load META-INF/validation.xml via TCCL
2024-05-12T12:06:04.898+03:00 DEBUG 34416 --- [           main] o.h.v.i.xml.config.ResourceLoaderHelper  : Trying to load META-INF/validation.xml via Hibernate Validator's class loader
2024-05-12T12:06:04.898+03:00 DEBUG 34416 --- [           main] o.h.v.i.xml.config.ValidationXmlParser   : No META-INF/validation.xml found. Using annotation based configuration only.
2024-05-12T12:06:04.898+03:00 DEBUG 34416 --- [           main] o.h.v.i.e.resolver.TraversableResolvers  : Found jakarta.persistence.Persistence on classpath containing 'getPersistenceUtil'. Assuming JPA 2 environment. Trying to instantiate JPA aware TraversableResolver
2024-05-12T12:06:04.898+03:00 DEBUG 34416 --- [           main] o.h.v.i.e.resolver.TraversableResolvers  : Instantiated JPA aware TraversableResolver of type org.hibernate.validator.internal.engine.resolver.JPATraversableResolver.
2024-05-12T12:06:04.900+03:00 DEBUG 34416 --- [           main] .i.e.ValidatorFactoryConfigurationHelper : HV000252: Using org.hibernate.validator.internal.engine.DefaultPropertyNodeNameProvider as property node name provider.
2024-05-12T12:06:04.900+03:00 DEBUG 34416 --- [           main] .i.e.ValidatorFactoryConfigurationHelper : HV000234: Using org.springframework.validation.beanvalidation.LocaleContextMessageInterpolator as ValidatorFactory-scoped message interpolator.
2024-05-12T12:06:04.900+03:00 DEBUG 34416 --- [           main] .i.e.ValidatorFactoryConfigurationHelper : HV000234: Using org.hibernate.validator.internal.engine.resolver.JPATraversableResolver as ValidatorFactory-scoped traversable resolver.
2024-05-12T12:06:04.900+03:00 DEBUG 34416 --- [           main] .i.e.ValidatorFactoryConfigurationHelper : HV000234: Using org.hibernate.validator.internal.util.ExecutableParameterNameProvider as ValidatorFactory-scoped parameter name provider.
2024-05-12T12:06:04.900+03:00 DEBUG 34416 --- [           main] .i.e.ValidatorFactoryConfigurationHelper : HV000234: Using org.hibernate.validator.internal.engine.DefaultClockProvider as ValidatorFactory-scoped clock provider.
2024-05-12T12:06:04.900+03:00 DEBUG 34416 --- [           main] .i.e.ValidatorFactoryConfigurationHelper : HV000234: Using org.hibernate.validator.internal.engine.scripting.DefaultScriptEvaluatorFactory as ValidatorFactory-scoped script evaluator factory.
2024-05-12T12:06:05.038+03:00  INFO 34416 --- [           main] o.s.b.t.m.w.SpringBootMockServletContext : Initializing Spring TestDispatcherServlet ''
2024-05-12T12:06:05.038+03:00  INFO 34416 --- [           main] o.s.t.web.servlet.TestDispatcherServlet  : Initializing Servlet ''
2024-05-12T12:06:05.038+03:00  INFO 34416 --- [           main] o.s.t.web.servlet.TestDispatcherServlet  : Completed initialization in 0 ms
2024-05-12T12:06:05.060+03:00  INFO 34416 --- [           main] c.w.wellcare.MessageControllerTest       : Started MessageControllerTest in 1.594 seconds (process running for 11.535)
]]></system-out>
  </testcase>
  <testcase name="testSendMessageInvalidUser" classname="com.wellcare.wellcare.MessageControllerTest" time="0.0"/>
  <testcase name="testGetUnreadMessages" classname="com.wellcare.wellcare.MessageControllerTest" time="0.015"/>
  <testcase name="testGetUnreadMessagesNoData" classname="com.wellcare.wellcare.MessageControllerTest" time="0.015"/>
  <testcase name="testGetRecentConversationsNoData" classname="com.wellcare.wellcare.MessageControllerTest" time="0.0"/>
  <testcase name="testGetMessagesWithUser" classname="com.wellcare.wellcare.MessageControllerTest" time="0.019"/>
  <testcase name="testSendMessage" classname="com.wellcare.wellcare.MessageControllerTest" time="0.005"/>
  <testcase name="testGetRecentConversations" classname="com.wellcare.wellcare.MessageControllerTest" time="0.014"/>
  <testcase name="testUpdateMessage" classname="com.wellcare.wellcare.MessageControllerTest" time="0.007"/>
</testsuite>